[2024-04-14T18:53:58.407+0000] {processor.py:161} INFO - Started process (PID=70) to work on /home/airflow/.local/lib/python3.12/site-packages/airflow/example_dags/example_complex.py
[2024-04-14T18:53:58.409+0000] {processor.py:830} INFO - Processing file /home/airflow/.local/lib/python3.12/site-packages/airflow/example_dags/example_complex.py for tasks to queue
[2024-04-14T18:53:58.410+0000] {logging_mixin.py:188} INFO - [2024-04-14T18:53:58.410+0000] {dagbag.py:540} INFO - Filling up the DagBag from /home/airflow/.local/lib/python3.12/site-packages/airflow/example_dags/example_complex.py
[2024-04-14T18:53:58.422+0000] {processor.py:840} INFO - DAG(s) 'example_complex' retrieved from /home/airflow/.local/lib/python3.12/site-packages/airflow/example_dags/example_complex.py
[2024-04-14T18:53:58.719+0000] {logging_mixin.py:188} INFO - [2024-04-14T18:53:58.718+0000] {override.py:1829} INFO - Created Permission View: can edit on DAG:example_complex
[2024-04-14T18:53:58.735+0000] {logging_mixin.py:188} INFO - [2024-04-14T18:53:58.735+0000] {override.py:1829} INFO - Created Permission View: can delete on DAG:example_complex
[2024-04-14T18:53:58.743+0000] {logging_mixin.py:188} INFO - [2024-04-14T18:53:58.743+0000] {override.py:1829} INFO - Created Permission View: can read on DAG:example_complex
[2024-04-14T18:53:58.744+0000] {logging_mixin.py:188} INFO - [2024-04-14T18:53:58.744+0000] {dag.py:3096} INFO - Sync 1 DAGs
[2024-04-14T18:53:58.771+0000] {logging_mixin.py:188} INFO - [2024-04-14T18:53:58.771+0000] {dag.py:3118} INFO - Creating ORM DAG for example_complex
[2024-04-14T18:53:58.773+0000] {logging_mixin.py:188} INFO - [2024-04-14T18:53:58.773+0000] {dag.py:3954} INFO - Setting next_dagrun for example_complex to None, run_after=None
[2024-04-14T18:53:58.811+0000] {processor.py:183} INFO - Processing /home/airflow/.local/lib/python3.12/site-packages/airflow/example_dags/example_complex.py took 0.410 seconds
[2024-04-14T18:54:29.499+0000] {processor.py:161} INFO - Started process (PID=130) to work on /home/airflow/.local/lib/python3.12/site-packages/airflow/example_dags/example_complex.py
[2024-04-14T18:54:29.503+0000] {processor.py:830} INFO - Processing file /home/airflow/.local/lib/python3.12/site-packages/airflow/example_dags/example_complex.py for tasks to queue
[2024-04-14T18:54:29.509+0000] {logging_mixin.py:188} INFO - [2024-04-14T18:54:29.508+0000] {dagbag.py:540} INFO - Filling up the DagBag from /home/airflow/.local/lib/python3.12/site-packages/airflow/example_dags/example_complex.py
[2024-04-14T18:54:29.523+0000] {processor.py:840} INFO - DAG(s) 'example_complex' retrieved from /home/airflow/.local/lib/python3.12/site-packages/airflow/example_dags/example_complex.py
[2024-04-14T18:54:29.563+0000] {logging_mixin.py:188} INFO - [2024-04-14T18:54:29.562+0000] {dag.py:3096} INFO - Sync 1 DAGs
[2024-04-14T18:54:29.577+0000] {logging_mixin.py:188} INFO - [2024-04-14T18:54:29.577+0000] {dag.py:3954} INFO - Setting next_dagrun for example_complex to None, run_after=None
[2024-04-14T18:54:29.601+0000] {processor.py:183} INFO - Processing /home/airflow/.local/lib/python3.12/site-packages/airflow/example_dags/example_complex.py took 0.131 seconds
[2024-04-14T18:55:00.250+0000] {processor.py:161} INFO - Started process (PID=190) to work on /home/airflow/.local/lib/python3.12/site-packages/airflow/example_dags/example_complex.py
[2024-04-14T18:55:00.251+0000] {processor.py:830} INFO - Processing file /home/airflow/.local/lib/python3.12/site-packages/airflow/example_dags/example_complex.py for tasks to queue
[2024-04-14T18:55:00.252+0000] {logging_mixin.py:188} INFO - [2024-04-14T18:55:00.252+0000] {dagbag.py:540} INFO - Filling up the DagBag from /home/airflow/.local/lib/python3.12/site-packages/airflow/example_dags/example_complex.py
[2024-04-14T18:55:00.265+0000] {processor.py:840} INFO - DAG(s) 'example_complex' retrieved from /home/airflow/.local/lib/python3.12/site-packages/airflow/example_dags/example_complex.py
[2024-04-14T18:55:00.295+0000] {logging_mixin.py:188} INFO - [2024-04-14T18:55:00.295+0000] {dag.py:3096} INFO - Sync 1 DAGs
[2024-04-14T18:55:00.308+0000] {logging_mixin.py:188} INFO - [2024-04-14T18:55:00.307+0000] {dag.py:3954} INFO - Setting next_dagrun for example_complex to None, run_after=None
[2024-04-14T18:55:00.329+0000] {processor.py:183} INFO - Processing /home/airflow/.local/lib/python3.12/site-packages/airflow/example_dags/example_complex.py took 0.085 seconds
[2024-04-14T18:55:30.574+0000] {processor.py:161} INFO - Started process (PID=250) to work on /home/airflow/.local/lib/python3.12/site-packages/airflow/example_dags/example_complex.py
[2024-04-14T18:55:30.576+0000] {processor.py:830} INFO - Processing file /home/airflow/.local/lib/python3.12/site-packages/airflow/example_dags/example_complex.py for tasks to queue
[2024-04-14T18:55:30.581+0000] {logging_mixin.py:188} INFO - [2024-04-14T18:55:30.580+0000] {dagbag.py:540} INFO - Filling up the DagBag from /home/airflow/.local/lib/python3.12/site-packages/airflow/example_dags/example_complex.py
[2024-04-14T18:55:30.618+0000] {processor.py:840} INFO - DAG(s) 'example_complex' retrieved from /home/airflow/.local/lib/python3.12/site-packages/airflow/example_dags/example_complex.py
[2024-04-14T18:55:30.723+0000] {logging_mixin.py:188} INFO - [2024-04-14T18:55:30.723+0000] {dag.py:3096} INFO - Sync 1 DAGs
[2024-04-14T18:55:30.774+0000] {logging_mixin.py:188} INFO - [2024-04-14T18:55:30.773+0000] {dag.py:3954} INFO - Setting next_dagrun for example_complex to None, run_after=None
[2024-04-14T18:55:30.871+0000] {processor.py:183} INFO - Processing /home/airflow/.local/lib/python3.12/site-packages/airflow/example_dags/example_complex.py took 0.313 seconds
[2024-04-14T18:56:04.724+0000] {processor.py:161} INFO - Started process (PID=310) to work on /home/airflow/.local/lib/python3.12/site-packages/airflow/example_dags/example_complex.py
[2024-04-14T18:56:04.730+0000] {processor.py:830} INFO - Processing file /home/airflow/.local/lib/python3.12/site-packages/airflow/example_dags/example_complex.py for tasks to queue
[2024-04-14T18:56:04.736+0000] {logging_mixin.py:188} INFO - [2024-04-14T18:56:04.735+0000] {dagbag.py:540} INFO - Filling up the DagBag from /home/airflow/.local/lib/python3.12/site-packages/airflow/example_dags/example_complex.py
[2024-04-14T18:56:04.788+0000] {processor.py:840} INFO - DAG(s) 'example_complex' retrieved from /home/airflow/.local/lib/python3.12/site-packages/airflow/example_dags/example_complex.py
[2024-04-14T18:56:05.082+0000] {logging_mixin.py:188} INFO - [2024-04-14T18:56:05.082+0000] {dag.py:3096} INFO - Sync 1 DAGs
[2024-04-14T18:56:05.197+0000] {logging_mixin.py:188} INFO - [2024-04-14T18:56:05.196+0000] {dag.py:3954} INFO - Setting next_dagrun for example_complex to None, run_after=None
[2024-04-14T18:56:05.350+0000] {processor.py:183} INFO - Processing /home/airflow/.local/lib/python3.12/site-packages/airflow/example_dags/example_complex.py took 0.638 seconds
[2024-04-14T18:56:35.654+0000] {processor.py:161} INFO - Started process (PID=371) to work on /home/airflow/.local/lib/python3.12/site-packages/airflow/example_dags/example_complex.py
[2024-04-14T18:56:35.656+0000] {processor.py:830} INFO - Processing file /home/airflow/.local/lib/python3.12/site-packages/airflow/example_dags/example_complex.py for tasks to queue
[2024-04-14T18:56:35.660+0000] {logging_mixin.py:188} INFO - [2024-04-14T18:56:35.660+0000] {dagbag.py:540} INFO - Filling up the DagBag from /home/airflow/.local/lib/python3.12/site-packages/airflow/example_dags/example_complex.py
[2024-04-14T18:56:35.678+0000] {processor.py:840} INFO - DAG(s) 'example_complex' retrieved from /home/airflow/.local/lib/python3.12/site-packages/airflow/example_dags/example_complex.py
[2024-04-14T18:56:35.724+0000] {logging_mixin.py:188} INFO - [2024-04-14T18:56:35.724+0000] {dag.py:3096} INFO - Sync 1 DAGs
[2024-04-14T18:56:35.746+0000] {logging_mixin.py:188} INFO - [2024-04-14T18:56:35.745+0000] {dag.py:3954} INFO - Setting next_dagrun for example_complex to None, run_after=None
[2024-04-14T18:56:35.787+0000] {processor.py:183} INFO - Processing /home/airflow/.local/lib/python3.12/site-packages/airflow/example_dags/example_complex.py took 0.140 seconds
[2024-04-14T18:57:06.761+0000] {processor.py:161} INFO - Started process (PID=431) to work on /home/airflow/.local/lib/python3.12/site-packages/airflow/example_dags/example_complex.py
[2024-04-14T18:57:06.771+0000] {processor.py:830} INFO - Processing file /home/airflow/.local/lib/python3.12/site-packages/airflow/example_dags/example_complex.py for tasks to queue
[2024-04-14T18:57:06.793+0000] {logging_mixin.py:188} INFO - [2024-04-14T18:57:06.790+0000] {dagbag.py:540} INFO - Filling up the DagBag from /home/airflow/.local/lib/python3.12/site-packages/airflow/example_dags/example_complex.py
[2024-04-14T18:57:06.862+0000] {processor.py:840} INFO - DAG(s) 'example_complex' retrieved from /home/airflow/.local/lib/python3.12/site-packages/airflow/example_dags/example_complex.py
[2024-04-14T18:57:06.988+0000] {logging_mixin.py:188} INFO - [2024-04-14T18:57:06.987+0000] {dag.py:3096} INFO - Sync 1 DAGs
[2024-04-14T18:57:07.065+0000] {logging_mixin.py:188} INFO - [2024-04-14T18:57:07.065+0000] {dag.py:3954} INFO - Setting next_dagrun for example_complex to None, run_after=None
[2024-04-14T18:57:07.130+0000] {processor.py:183} INFO - Processing /home/airflow/.local/lib/python3.12/site-packages/airflow/example_dags/example_complex.py took 0.439 seconds
[2024-04-14T18:57:38.046+0000] {processor.py:161} INFO - Started process (PID=491) to work on /home/airflow/.local/lib/python3.12/site-packages/airflow/example_dags/example_complex.py
[2024-04-14T18:57:38.049+0000] {processor.py:830} INFO - Processing file /home/airflow/.local/lib/python3.12/site-packages/airflow/example_dags/example_complex.py for tasks to queue
[2024-04-14T18:57:38.053+0000] {logging_mixin.py:188} INFO - [2024-04-14T18:57:38.050+0000] {dagbag.py:540} INFO - Filling up the DagBag from /home/airflow/.local/lib/python3.12/site-packages/airflow/example_dags/example_complex.py
[2024-04-14T18:57:38.078+0000] {processor.py:840} INFO - DAG(s) 'example_complex' retrieved from /home/airflow/.local/lib/python3.12/site-packages/airflow/example_dags/example_complex.py
[2024-04-14T18:57:38.138+0000] {logging_mixin.py:188} INFO - [2024-04-14T18:57:38.137+0000] {dag.py:3096} INFO - Sync 1 DAGs
[2024-04-14T18:57:38.165+0000] {logging_mixin.py:188} INFO - [2024-04-14T18:57:38.164+0000] {dag.py:3954} INFO - Setting next_dagrun for example_complex to None, run_after=None
[2024-04-14T18:57:38.202+0000] {processor.py:183} INFO - Processing /home/airflow/.local/lib/python3.12/site-packages/airflow/example_dags/example_complex.py took 0.167 seconds
[2024-04-14T18:58:08.617+0000] {processor.py:161} INFO - Started process (PID=552) to work on /home/airflow/.local/lib/python3.12/site-packages/airflow/example_dags/example_complex.py
[2024-04-14T18:58:08.618+0000] {processor.py:830} INFO - Processing file /home/airflow/.local/lib/python3.12/site-packages/airflow/example_dags/example_complex.py for tasks to queue
[2024-04-14T18:58:08.620+0000] {logging_mixin.py:188} INFO - [2024-04-14T18:58:08.619+0000] {dagbag.py:540} INFO - Filling up the DagBag from /home/airflow/.local/lib/python3.12/site-packages/airflow/example_dags/example_complex.py
[2024-04-14T18:58:08.630+0000] {processor.py:840} INFO - DAG(s) 'example_complex' retrieved from /home/airflow/.local/lib/python3.12/site-packages/airflow/example_dags/example_complex.py
[2024-04-14T18:58:08.661+0000] {logging_mixin.py:188} INFO - [2024-04-14T18:58:08.660+0000] {dag.py:3096} INFO - Sync 1 DAGs
[2024-04-14T18:58:08.673+0000] {logging_mixin.py:188} INFO - [2024-04-14T18:58:08.673+0000] {dag.py:3954} INFO - Setting next_dagrun for example_complex to None, run_after=None
[2024-04-14T18:58:08.698+0000] {processor.py:183} INFO - Processing /home/airflow/.local/lib/python3.12/site-packages/airflow/example_dags/example_complex.py took 0.087 seconds
[2024-04-14T18:58:39.364+0000] {processor.py:161} INFO - Started process (PID=612) to work on /home/airflow/.local/lib/python3.12/site-packages/airflow/example_dags/example_complex.py
[2024-04-14T18:58:39.365+0000] {processor.py:830} INFO - Processing file /home/airflow/.local/lib/python3.12/site-packages/airflow/example_dags/example_complex.py for tasks to queue
[2024-04-14T18:58:39.366+0000] {logging_mixin.py:188} INFO - [2024-04-14T18:58:39.366+0000] {dagbag.py:540} INFO - Filling up the DagBag from /home/airflow/.local/lib/python3.12/site-packages/airflow/example_dags/example_complex.py
[2024-04-14T18:58:39.378+0000] {processor.py:840} INFO - DAG(s) 'example_complex' retrieved from /home/airflow/.local/lib/python3.12/site-packages/airflow/example_dags/example_complex.py
[2024-04-14T18:58:39.409+0000] {logging_mixin.py:188} INFO - [2024-04-14T18:58:39.409+0000] {dag.py:3096} INFO - Sync 1 DAGs
[2024-04-14T18:58:39.422+0000] {logging_mixin.py:188} INFO - [2024-04-14T18:58:39.422+0000] {dag.py:3954} INFO - Setting next_dagrun for example_complex to None, run_after=None
[2024-04-14T18:58:39.442+0000] {processor.py:183} INFO - Processing /home/airflow/.local/lib/python3.12/site-packages/airflow/example_dags/example_complex.py took 0.084 seconds
[2024-04-14T18:59:09.591+0000] {processor.py:161} INFO - Started process (PID=672) to work on /home/airflow/.local/lib/python3.12/site-packages/airflow/example_dags/example_complex.py
[2024-04-14T18:59:09.593+0000] {processor.py:830} INFO - Processing file /home/airflow/.local/lib/python3.12/site-packages/airflow/example_dags/example_complex.py for tasks to queue
[2024-04-14T18:59:09.595+0000] {logging_mixin.py:188} INFO - [2024-04-14T18:59:09.594+0000] {dagbag.py:540} INFO - Filling up the DagBag from /home/airflow/.local/lib/python3.12/site-packages/airflow/example_dags/example_complex.py
[2024-04-14T18:59:09.607+0000] {processor.py:840} INFO - DAG(s) 'example_complex' retrieved from /home/airflow/.local/lib/python3.12/site-packages/airflow/example_dags/example_complex.py
[2024-04-14T18:59:09.655+0000] {logging_mixin.py:188} INFO - [2024-04-14T18:59:09.655+0000] {dag.py:3096} INFO - Sync 1 DAGs
[2024-04-14T18:59:09.668+0000] {logging_mixin.py:188} INFO - [2024-04-14T18:59:09.668+0000] {dag.py:3954} INFO - Setting next_dagrun for example_complex to None, run_after=None
[2024-04-14T18:59:09.690+0000] {processor.py:183} INFO - Processing /home/airflow/.local/lib/python3.12/site-packages/airflow/example_dags/example_complex.py took 0.103 seconds
[2024-04-14T18:59:39.823+0000] {processor.py:161} INFO - Started process (PID=739) to work on /home/airflow/.local/lib/python3.12/site-packages/airflow/example_dags/example_complex.py
[2024-04-14T18:59:39.824+0000] {processor.py:830} INFO - Processing file /home/airflow/.local/lib/python3.12/site-packages/airflow/example_dags/example_complex.py for tasks to queue
[2024-04-14T18:59:39.826+0000] {logging_mixin.py:188} INFO - [2024-04-14T18:59:39.826+0000] {dagbag.py:540} INFO - Filling up the DagBag from /home/airflow/.local/lib/python3.12/site-packages/airflow/example_dags/example_complex.py
[2024-04-14T18:59:39.837+0000] {processor.py:840} INFO - DAG(s) 'example_complex' retrieved from /home/airflow/.local/lib/python3.12/site-packages/airflow/example_dags/example_complex.py
[2024-04-14T18:59:39.876+0000] {logging_mixin.py:188} INFO - [2024-04-14T18:59:39.876+0000] {dag.py:3096} INFO - Sync 1 DAGs
[2024-04-14T18:59:39.898+0000] {logging_mixin.py:188} INFO - [2024-04-14T18:59:39.898+0000] {dag.py:3954} INFO - Setting next_dagrun for example_complex to None, run_after=None
[2024-04-14T18:59:39.926+0000] {processor.py:183} INFO - Processing /home/airflow/.local/lib/python3.12/site-packages/airflow/example_dags/example_complex.py took 0.108 seconds
[2024-04-14T19:00:09.989+0000] {processor.py:161} INFO - Started process (PID=799) to work on /home/airflow/.local/lib/python3.12/site-packages/airflow/example_dags/example_complex.py
[2024-04-14T19:00:09.990+0000] {processor.py:830} INFO - Processing file /home/airflow/.local/lib/python3.12/site-packages/airflow/example_dags/example_complex.py for tasks to queue
[2024-04-14T19:00:09.991+0000] {logging_mixin.py:188} INFO - [2024-04-14T19:00:09.991+0000] {dagbag.py:540} INFO - Filling up the DagBag from /home/airflow/.local/lib/python3.12/site-packages/airflow/example_dags/example_complex.py
[2024-04-14T19:00:10.000+0000] {processor.py:840} INFO - DAG(s) 'example_complex' retrieved from /home/airflow/.local/lib/python3.12/site-packages/airflow/example_dags/example_complex.py
[2024-04-14T19:00:10.028+0000] {logging_mixin.py:188} INFO - [2024-04-14T19:00:10.027+0000] {dag.py:3096} INFO - Sync 1 DAGs
[2024-04-14T19:00:10.038+0000] {logging_mixin.py:188} INFO - [2024-04-14T19:00:10.038+0000] {dag.py:3954} INFO - Setting next_dagrun for example_complex to None, run_after=None
[2024-04-14T19:00:10.057+0000] {processor.py:183} INFO - Processing /home/airflow/.local/lib/python3.12/site-packages/airflow/example_dags/example_complex.py took 0.074 seconds
[2024-04-14T19:00:40.155+0000] {processor.py:161} INFO - Started process (PID=859) to work on /home/airflow/.local/lib/python3.12/site-packages/airflow/example_dags/example_complex.py
[2024-04-14T19:00:40.156+0000] {processor.py:830} INFO - Processing file /home/airflow/.local/lib/python3.12/site-packages/airflow/example_dags/example_complex.py for tasks to queue
[2024-04-14T19:00:40.157+0000] {logging_mixin.py:188} INFO - [2024-04-14T19:00:40.157+0000] {dagbag.py:540} INFO - Filling up the DagBag from /home/airflow/.local/lib/python3.12/site-packages/airflow/example_dags/example_complex.py
[2024-04-14T19:00:40.166+0000] {processor.py:840} INFO - DAG(s) 'example_complex' retrieved from /home/airflow/.local/lib/python3.12/site-packages/airflow/example_dags/example_complex.py
[2024-04-14T19:00:40.192+0000] {logging_mixin.py:188} INFO - [2024-04-14T19:00:40.192+0000] {dag.py:3096} INFO - Sync 1 DAGs
[2024-04-14T19:00:40.204+0000] {logging_mixin.py:188} INFO - [2024-04-14T19:00:40.204+0000] {dag.py:3954} INFO - Setting next_dagrun for example_complex to None, run_after=None
[2024-04-14T19:00:40.224+0000] {processor.py:183} INFO - Processing /home/airflow/.local/lib/python3.12/site-packages/airflow/example_dags/example_complex.py took 0.073 seconds
[2024-04-14T19:01:10.759+0000] {processor.py:161} INFO - Started process (PID=923) to work on /home/airflow/.local/lib/python3.12/site-packages/airflow/example_dags/example_complex.py
[2024-04-14T19:01:10.760+0000] {processor.py:830} INFO - Processing file /home/airflow/.local/lib/python3.12/site-packages/airflow/example_dags/example_complex.py for tasks to queue
[2024-04-14T19:01:10.762+0000] {logging_mixin.py:188} INFO - [2024-04-14T19:01:10.761+0000] {dagbag.py:540} INFO - Filling up the DagBag from /home/airflow/.local/lib/python3.12/site-packages/airflow/example_dags/example_complex.py
[2024-04-14T19:01:10.770+0000] {processor.py:840} INFO - DAG(s) 'example_complex' retrieved from /home/airflow/.local/lib/python3.12/site-packages/airflow/example_dags/example_complex.py
[2024-04-14T19:01:10.797+0000] {logging_mixin.py:188} INFO - [2024-04-14T19:01:10.797+0000] {dag.py:3096} INFO - Sync 1 DAGs
[2024-04-14T19:01:10.808+0000] {logging_mixin.py:188} INFO - [2024-04-14T19:01:10.808+0000] {dag.py:3954} INFO - Setting next_dagrun for example_complex to None, run_after=None
[2024-04-14T19:01:10.837+0000] {processor.py:183} INFO - Processing /home/airflow/.local/lib/python3.12/site-packages/airflow/example_dags/example_complex.py took 0.082 seconds
[2024-04-14T19:01:40.948+0000] {processor.py:161} INFO - Started process (PID=983) to work on /home/airflow/.local/lib/python3.12/site-packages/airflow/example_dags/example_complex.py
[2024-04-14T19:01:40.948+0000] {processor.py:830} INFO - Processing file /home/airflow/.local/lib/python3.12/site-packages/airflow/example_dags/example_complex.py for tasks to queue
[2024-04-14T19:01:40.950+0000] {logging_mixin.py:188} INFO - [2024-04-14T19:01:40.950+0000] {dagbag.py:540} INFO - Filling up the DagBag from /home/airflow/.local/lib/python3.12/site-packages/airflow/example_dags/example_complex.py
[2024-04-14T19:01:40.959+0000] {processor.py:840} INFO - DAG(s) 'example_complex' retrieved from /home/airflow/.local/lib/python3.12/site-packages/airflow/example_dags/example_complex.py
[2024-04-14T19:01:40.987+0000] {logging_mixin.py:188} INFO - [2024-04-14T19:01:40.986+0000] {dag.py:3096} INFO - Sync 1 DAGs
[2024-04-14T19:01:40.998+0000] {logging_mixin.py:188} INFO - [2024-04-14T19:01:40.998+0000] {dag.py:3954} INFO - Setting next_dagrun for example_complex to None, run_after=None
[2024-04-14T19:01:41.019+0000] {processor.py:183} INFO - Processing /home/airflow/.local/lib/python3.12/site-packages/airflow/example_dags/example_complex.py took 0.076 seconds
[2024-04-14T19:02:11.584+0000] {processor.py:161} INFO - Started process (PID=1043) to work on /home/airflow/.local/lib/python3.12/site-packages/airflow/example_dags/example_complex.py
[2024-04-14T19:02:11.585+0000] {processor.py:830} INFO - Processing file /home/airflow/.local/lib/python3.12/site-packages/airflow/example_dags/example_complex.py for tasks to queue
[2024-04-14T19:02:11.587+0000] {logging_mixin.py:188} INFO - [2024-04-14T19:02:11.586+0000] {dagbag.py:540} INFO - Filling up the DagBag from /home/airflow/.local/lib/python3.12/site-packages/airflow/example_dags/example_complex.py
[2024-04-14T19:02:11.595+0000] {processor.py:840} INFO - DAG(s) 'example_complex' retrieved from /home/airflow/.local/lib/python3.12/site-packages/airflow/example_dags/example_complex.py
[2024-04-14T19:02:11.621+0000] {logging_mixin.py:188} INFO - [2024-04-14T19:02:11.621+0000] {dag.py:3096} INFO - Sync 1 DAGs
[2024-04-14T19:02:11.632+0000] {logging_mixin.py:188} INFO - [2024-04-14T19:02:11.631+0000] {dag.py:3954} INFO - Setting next_dagrun for example_complex to None, run_after=None
[2024-04-14T19:02:11.651+0000] {processor.py:183} INFO - Processing /home/airflow/.local/lib/python3.12/site-packages/airflow/example_dags/example_complex.py took 0.071 seconds
[2024-04-14T19:02:42.246+0000] {processor.py:161} INFO - Started process (PID=1103) to work on /home/airflow/.local/lib/python3.12/site-packages/airflow/example_dags/example_complex.py
[2024-04-14T19:02:42.247+0000] {processor.py:830} INFO - Processing file /home/airflow/.local/lib/python3.12/site-packages/airflow/example_dags/example_complex.py for tasks to queue
[2024-04-14T19:02:42.248+0000] {logging_mixin.py:188} INFO - [2024-04-14T19:02:42.248+0000] {dagbag.py:540} INFO - Filling up the DagBag from /home/airflow/.local/lib/python3.12/site-packages/airflow/example_dags/example_complex.py
[2024-04-14T19:02:42.257+0000] {processor.py:840} INFO - DAG(s) 'example_complex' retrieved from /home/airflow/.local/lib/python3.12/site-packages/airflow/example_dags/example_complex.py
[2024-04-14T19:02:42.289+0000] {logging_mixin.py:188} INFO - [2024-04-14T19:02:42.289+0000] {dag.py:3096} INFO - Sync 1 DAGs
[2024-04-14T19:02:42.301+0000] {logging_mixin.py:188} INFO - [2024-04-14T19:02:42.301+0000] {dag.py:3954} INFO - Setting next_dagrun for example_complex to None, run_after=None
[2024-04-14T19:02:42.322+0000] {processor.py:183} INFO - Processing /home/airflow/.local/lib/python3.12/site-packages/airflow/example_dags/example_complex.py took 0.080 seconds
[2024-04-14T19:03:12.905+0000] {processor.py:161} INFO - Started process (PID=1163) to work on /home/airflow/.local/lib/python3.12/site-packages/airflow/example_dags/example_complex.py
[2024-04-14T19:03:12.906+0000] {processor.py:830} INFO - Processing file /home/airflow/.local/lib/python3.12/site-packages/airflow/example_dags/example_complex.py for tasks to queue
[2024-04-14T19:03:12.907+0000] {logging_mixin.py:188} INFO - [2024-04-14T19:03:12.907+0000] {dagbag.py:540} INFO - Filling up the DagBag from /home/airflow/.local/lib/python3.12/site-packages/airflow/example_dags/example_complex.py
[2024-04-14T19:03:12.916+0000] {processor.py:840} INFO - DAG(s) 'example_complex' retrieved from /home/airflow/.local/lib/python3.12/site-packages/airflow/example_dags/example_complex.py
[2024-04-14T19:03:12.945+0000] {logging_mixin.py:188} INFO - [2024-04-14T19:03:12.945+0000] {dag.py:3096} INFO - Sync 1 DAGs
[2024-04-14T19:03:12.959+0000] {logging_mixin.py:188} INFO - [2024-04-14T19:03:12.958+0000] {dag.py:3954} INFO - Setting next_dagrun for example_complex to None, run_after=None
[2024-04-14T19:03:12.992+0000] {processor.py:183} INFO - Processing /home/airflow/.local/lib/python3.12/site-packages/airflow/example_dags/example_complex.py took 0.092 seconds
[2024-04-14T19:03:43.757+0000] {processor.py:161} INFO - Started process (PID=1224) to work on /home/airflow/.local/lib/python3.12/site-packages/airflow/example_dags/example_complex.py
[2024-04-14T19:03:43.758+0000] {processor.py:830} INFO - Processing file /home/airflow/.local/lib/python3.12/site-packages/airflow/example_dags/example_complex.py for tasks to queue
[2024-04-14T19:03:43.760+0000] {logging_mixin.py:188} INFO - [2024-04-14T19:03:43.760+0000] {dagbag.py:540} INFO - Filling up the DagBag from /home/airflow/.local/lib/python3.12/site-packages/airflow/example_dags/example_complex.py
[2024-04-14T19:03:43.773+0000] {processor.py:840} INFO - DAG(s) 'example_complex' retrieved from /home/airflow/.local/lib/python3.12/site-packages/airflow/example_dags/example_complex.py
[2024-04-14T19:03:43.815+0000] {logging_mixin.py:188} INFO - [2024-04-14T19:03:43.815+0000] {dag.py:3096} INFO - Sync 1 DAGs
[2024-04-14T19:03:43.834+0000] {logging_mixin.py:188} INFO - [2024-04-14T19:03:43.834+0000] {dag.py:3954} INFO - Setting next_dagrun for example_complex to None, run_after=None
[2024-04-14T19:03:43.859+0000] {processor.py:183} INFO - Processing /home/airflow/.local/lib/python3.12/site-packages/airflow/example_dags/example_complex.py took 0.109 seconds
[2024-04-14T19:04:14.383+0000] {processor.py:161} INFO - Started process (PID=1284) to work on /home/airflow/.local/lib/python3.12/site-packages/airflow/example_dags/example_complex.py
[2024-04-14T19:04:14.384+0000] {processor.py:830} INFO - Processing file /home/airflow/.local/lib/python3.12/site-packages/airflow/example_dags/example_complex.py for tasks to queue
[2024-04-14T19:04:14.386+0000] {logging_mixin.py:188} INFO - [2024-04-14T19:04:14.385+0000] {dagbag.py:540} INFO - Filling up the DagBag from /home/airflow/.local/lib/python3.12/site-packages/airflow/example_dags/example_complex.py
[2024-04-14T19:04:14.396+0000] {processor.py:840} INFO - DAG(s) 'example_complex' retrieved from /home/airflow/.local/lib/python3.12/site-packages/airflow/example_dags/example_complex.py
[2024-04-14T19:04:14.425+0000] {logging_mixin.py:188} INFO - [2024-04-14T19:04:14.424+0000] {dag.py:3096} INFO - Sync 1 DAGs
[2024-04-14T19:04:14.437+0000] {logging_mixin.py:188} INFO - [2024-04-14T19:04:14.437+0000] {dag.py:3954} INFO - Setting next_dagrun for example_complex to None, run_after=None
[2024-04-14T19:04:14.457+0000] {processor.py:183} INFO - Processing /home/airflow/.local/lib/python3.12/site-packages/airflow/example_dags/example_complex.py took 0.079 seconds
[2024-04-14T19:04:44.689+0000] {processor.py:161} INFO - Started process (PID=1344) to work on /home/airflow/.local/lib/python3.12/site-packages/airflow/example_dags/example_complex.py
[2024-04-14T19:04:44.690+0000] {processor.py:830} INFO - Processing file /home/airflow/.local/lib/python3.12/site-packages/airflow/example_dags/example_complex.py for tasks to queue
[2024-04-14T19:04:44.691+0000] {logging_mixin.py:188} INFO - [2024-04-14T19:04:44.691+0000] {dagbag.py:540} INFO - Filling up the DagBag from /home/airflow/.local/lib/python3.12/site-packages/airflow/example_dags/example_complex.py
[2024-04-14T19:04:44.700+0000] {processor.py:840} INFO - DAG(s) 'example_complex' retrieved from /home/airflow/.local/lib/python3.12/site-packages/airflow/example_dags/example_complex.py
[2024-04-14T19:04:44.728+0000] {logging_mixin.py:188} INFO - [2024-04-14T19:04:44.728+0000] {dag.py:3096} INFO - Sync 1 DAGs
[2024-04-14T19:04:44.739+0000] {logging_mixin.py:188} INFO - [2024-04-14T19:04:44.739+0000] {dag.py:3954} INFO - Setting next_dagrun for example_complex to None, run_after=None
[2024-04-14T19:04:44.765+0000] {processor.py:183} INFO - Processing /home/airflow/.local/lib/python3.12/site-packages/airflow/example_dags/example_complex.py took 0.081 seconds
[2024-04-14T19:05:15.223+0000] {processor.py:161} INFO - Started process (PID=1404) to work on /home/airflow/.local/lib/python3.12/site-packages/airflow/example_dags/example_complex.py
[2024-04-14T19:05:15.224+0000] {processor.py:830} INFO - Processing file /home/airflow/.local/lib/python3.12/site-packages/airflow/example_dags/example_complex.py for tasks to queue
[2024-04-14T19:05:15.226+0000] {logging_mixin.py:188} INFO - [2024-04-14T19:05:15.226+0000] {dagbag.py:540} INFO - Filling up the DagBag from /home/airflow/.local/lib/python3.12/site-packages/airflow/example_dags/example_complex.py
[2024-04-14T19:05:15.235+0000] {processor.py:840} INFO - DAG(s) 'example_complex' retrieved from /home/airflow/.local/lib/python3.12/site-packages/airflow/example_dags/example_complex.py
[2024-04-14T19:05:15.262+0000] {logging_mixin.py:188} INFO - [2024-04-14T19:05:15.262+0000] {dag.py:3096} INFO - Sync 1 DAGs
[2024-04-14T19:05:15.273+0000] {logging_mixin.py:188} INFO - [2024-04-14T19:05:15.273+0000] {dag.py:3954} INFO - Setting next_dagrun for example_complex to None, run_after=None
[2024-04-14T19:05:15.294+0000] {processor.py:183} INFO - Processing /home/airflow/.local/lib/python3.12/site-packages/airflow/example_dags/example_complex.py took 0.077 seconds
[2024-04-14T19:05:45.886+0000] {processor.py:161} INFO - Started process (PID=1464) to work on /home/airflow/.local/lib/python3.12/site-packages/airflow/example_dags/example_complex.py
[2024-04-14T19:05:45.887+0000] {processor.py:830} INFO - Processing file /home/airflow/.local/lib/python3.12/site-packages/airflow/example_dags/example_complex.py for tasks to queue
[2024-04-14T19:05:45.889+0000] {logging_mixin.py:188} INFO - [2024-04-14T19:05:45.888+0000] {dagbag.py:540} INFO - Filling up the DagBag from /home/airflow/.local/lib/python3.12/site-packages/airflow/example_dags/example_complex.py
[2024-04-14T19:05:45.897+0000] {processor.py:840} INFO - DAG(s) 'example_complex' retrieved from /home/airflow/.local/lib/python3.12/site-packages/airflow/example_dags/example_complex.py
[2024-04-14T19:05:46.089+0000] {logging_mixin.py:188} INFO - [2024-04-14T19:05:46.089+0000] {dag.py:3096} INFO - Sync 1 DAGs
[2024-04-14T19:05:46.099+0000] {logging_mixin.py:188} INFO - [2024-04-14T19:05:46.098+0000] {dag.py:3954} INFO - Setting next_dagrun for example_complex to None, run_after=None
[2024-04-14T19:05:46.118+0000] {processor.py:183} INFO - Processing /home/airflow/.local/lib/python3.12/site-packages/airflow/example_dags/example_complex.py took 0.237 seconds
[2024-04-14T19:06:17.023+0000] {processor.py:161} INFO - Started process (PID=1524) to work on /home/airflow/.local/lib/python3.12/site-packages/airflow/example_dags/example_complex.py
[2024-04-14T19:06:17.024+0000] {processor.py:830} INFO - Processing file /home/airflow/.local/lib/python3.12/site-packages/airflow/example_dags/example_complex.py for tasks to queue
[2024-04-14T19:06:17.026+0000] {logging_mixin.py:188} INFO - [2024-04-14T19:06:17.026+0000] {dagbag.py:540} INFO - Filling up the DagBag from /home/airflow/.local/lib/python3.12/site-packages/airflow/example_dags/example_complex.py
[2024-04-14T19:06:17.035+0000] {processor.py:840} INFO - DAG(s) 'example_complex' retrieved from /home/airflow/.local/lib/python3.12/site-packages/airflow/example_dags/example_complex.py
[2024-04-14T19:06:17.066+0000] {logging_mixin.py:188} INFO - [2024-04-14T19:06:17.066+0000] {dag.py:3096} INFO - Sync 1 DAGs
[2024-04-14T19:06:17.078+0000] {logging_mixin.py:188} INFO - [2024-04-14T19:06:17.078+0000] {dag.py:3954} INFO - Setting next_dagrun for example_complex to None, run_after=None
[2024-04-14T19:06:17.097+0000] {processor.py:183} INFO - Processing /home/airflow/.local/lib/python3.12/site-packages/airflow/example_dags/example_complex.py took 0.080 seconds
[2024-04-14T19:06:47.719+0000] {processor.py:161} INFO - Started process (PID=1584) to work on /home/airflow/.local/lib/python3.12/site-packages/airflow/example_dags/example_complex.py
[2024-04-14T19:06:47.719+0000] {processor.py:830} INFO - Processing file /home/airflow/.local/lib/python3.12/site-packages/airflow/example_dags/example_complex.py for tasks to queue
[2024-04-14T19:06:47.721+0000] {logging_mixin.py:188} INFO - [2024-04-14T19:06:47.721+0000] {dagbag.py:540} INFO - Filling up the DagBag from /home/airflow/.local/lib/python3.12/site-packages/airflow/example_dags/example_complex.py
[2024-04-14T19:06:47.729+0000] {processor.py:840} INFO - DAG(s) 'example_complex' retrieved from /home/airflow/.local/lib/python3.12/site-packages/airflow/example_dags/example_complex.py
[2024-04-14T19:06:47.756+0000] {logging_mixin.py:188} INFO - [2024-04-14T19:06:47.756+0000] {dag.py:3096} INFO - Sync 1 DAGs
[2024-04-14T19:06:47.768+0000] {logging_mixin.py:188} INFO - [2024-04-14T19:06:47.767+0000] {dag.py:3954} INFO - Setting next_dagrun for example_complex to None, run_after=None
[2024-04-14T19:06:47.793+0000] {processor.py:183} INFO - Processing /home/airflow/.local/lib/python3.12/site-packages/airflow/example_dags/example_complex.py took 0.079 seconds
[2024-04-14T19:07:18.090+0000] {processor.py:161} INFO - Started process (PID=1644) to work on /home/airflow/.local/lib/python3.12/site-packages/airflow/example_dags/example_complex.py
[2024-04-14T19:07:18.091+0000] {processor.py:830} INFO - Processing file /home/airflow/.local/lib/python3.12/site-packages/airflow/example_dags/example_complex.py for tasks to queue
[2024-04-14T19:07:18.092+0000] {logging_mixin.py:188} INFO - [2024-04-14T19:07:18.092+0000] {dagbag.py:540} INFO - Filling up the DagBag from /home/airflow/.local/lib/python3.12/site-packages/airflow/example_dags/example_complex.py
[2024-04-14T19:07:18.101+0000] {processor.py:840} INFO - DAG(s) 'example_complex' retrieved from /home/airflow/.local/lib/python3.12/site-packages/airflow/example_dags/example_complex.py
[2024-04-14T19:07:18.127+0000] {logging_mixin.py:188} INFO - [2024-04-14T19:07:18.127+0000] {dag.py:3096} INFO - Sync 1 DAGs
[2024-04-14T19:07:18.138+0000] {logging_mixin.py:188} INFO - [2024-04-14T19:07:18.138+0000] {dag.py:3954} INFO - Setting next_dagrun for example_complex to None, run_after=None
[2024-04-14T19:07:18.157+0000] {processor.py:183} INFO - Processing /home/airflow/.local/lib/python3.12/site-packages/airflow/example_dags/example_complex.py took 0.072 seconds
[2024-04-14T19:07:48.891+0000] {processor.py:161} INFO - Started process (PID=1706) to work on /home/airflow/.local/lib/python3.12/site-packages/airflow/example_dags/example_complex.py
[2024-04-14T19:07:48.892+0000] {processor.py:830} INFO - Processing file /home/airflow/.local/lib/python3.12/site-packages/airflow/example_dags/example_complex.py for tasks to queue
[2024-04-14T19:07:48.894+0000] {logging_mixin.py:188} INFO - [2024-04-14T19:07:48.894+0000] {dagbag.py:540} INFO - Filling up the DagBag from /home/airflow/.local/lib/python3.12/site-packages/airflow/example_dags/example_complex.py
[2024-04-14T19:07:48.903+0000] {processor.py:840} INFO - DAG(s) 'example_complex' retrieved from /home/airflow/.local/lib/python3.12/site-packages/airflow/example_dags/example_complex.py
[2024-04-14T19:07:48.931+0000] {logging_mixin.py:188} INFO - [2024-04-14T19:07:48.930+0000] {dag.py:3096} INFO - Sync 1 DAGs
[2024-04-14T19:07:48.943+0000] {logging_mixin.py:188} INFO - [2024-04-14T19:07:48.943+0000] {dag.py:3954} INFO - Setting next_dagrun for example_complex to None, run_after=None
[2024-04-14T19:07:48.968+0000] {processor.py:183} INFO - Processing /home/airflow/.local/lib/python3.12/site-packages/airflow/example_dags/example_complex.py took 0.081 seconds
[2024-04-14T19:08:19.056+0000] {processor.py:161} INFO - Started process (PID=1768) to work on /home/airflow/.local/lib/python3.12/site-packages/airflow/example_dags/example_complex.py
[2024-04-14T19:08:19.057+0000] {processor.py:830} INFO - Processing file /home/airflow/.local/lib/python3.12/site-packages/airflow/example_dags/example_complex.py for tasks to queue
[2024-04-14T19:08:19.059+0000] {logging_mixin.py:188} INFO - [2024-04-14T19:08:19.058+0000] {dagbag.py:540} INFO - Filling up the DagBag from /home/airflow/.local/lib/python3.12/site-packages/airflow/example_dags/example_complex.py
[2024-04-14T19:08:19.067+0000] {processor.py:840} INFO - DAG(s) 'example_complex' retrieved from /home/airflow/.local/lib/python3.12/site-packages/airflow/example_dags/example_complex.py
[2024-04-14T19:08:19.093+0000] {logging_mixin.py:188} INFO - [2024-04-14T19:08:19.093+0000] {dag.py:3096} INFO - Sync 1 DAGs
[2024-04-14T19:08:19.104+0000] {logging_mixin.py:188} INFO - [2024-04-14T19:08:19.103+0000] {dag.py:3954} INFO - Setting next_dagrun for example_complex to None, run_after=None
[2024-04-14T19:08:19.125+0000] {processor.py:183} INFO - Processing /home/airflow/.local/lib/python3.12/site-packages/airflow/example_dags/example_complex.py took 0.073 seconds
[2024-04-14T19:08:49.432+0000] {processor.py:161} INFO - Started process (PID=1828) to work on /home/airflow/.local/lib/python3.12/site-packages/airflow/example_dags/example_complex.py
[2024-04-14T19:08:49.434+0000] {processor.py:830} INFO - Processing file /home/airflow/.local/lib/python3.12/site-packages/airflow/example_dags/example_complex.py for tasks to queue
[2024-04-14T19:08:49.436+0000] {logging_mixin.py:188} INFO - [2024-04-14T19:08:49.435+0000] {dagbag.py:540} INFO - Filling up the DagBag from /home/airflow/.local/lib/python3.12/site-packages/airflow/example_dags/example_complex.py
[2024-04-14T19:08:49.447+0000] {processor.py:840} INFO - DAG(s) 'example_complex' retrieved from /home/airflow/.local/lib/python3.12/site-packages/airflow/example_dags/example_complex.py
[2024-04-14T19:08:49.482+0000] {logging_mixin.py:188} INFO - [2024-04-14T19:08:49.482+0000] {dag.py:3096} INFO - Sync 1 DAGs
[2024-04-14T19:08:49.495+0000] {logging_mixin.py:188} INFO - [2024-04-14T19:08:49.494+0000] {dag.py:3954} INFO - Setting next_dagrun for example_complex to None, run_after=None
[2024-04-14T19:08:49.517+0000] {processor.py:183} INFO - Processing /home/airflow/.local/lib/python3.12/site-packages/airflow/example_dags/example_complex.py took 0.091 seconds
[2024-04-14T19:09:19.644+0000] {processor.py:161} INFO - Started process (PID=1890) to work on /home/airflow/.local/lib/python3.12/site-packages/airflow/example_dags/example_complex.py
[2024-04-14T19:09:19.645+0000] {processor.py:830} INFO - Processing file /home/airflow/.local/lib/python3.12/site-packages/airflow/example_dags/example_complex.py for tasks to queue
[2024-04-14T19:09:19.647+0000] {logging_mixin.py:188} INFO - [2024-04-14T19:09:19.646+0000] {dagbag.py:540} INFO - Filling up the DagBag from /home/airflow/.local/lib/python3.12/site-packages/airflow/example_dags/example_complex.py
[2024-04-14T19:09:19.655+0000] {processor.py:840} INFO - DAG(s) 'example_complex' retrieved from /home/airflow/.local/lib/python3.12/site-packages/airflow/example_dags/example_complex.py
[2024-04-14T19:09:19.682+0000] {logging_mixin.py:188} INFO - [2024-04-14T19:09:19.682+0000] {dag.py:3096} INFO - Sync 1 DAGs
[2024-04-14T19:09:19.693+0000] {logging_mixin.py:188} INFO - [2024-04-14T19:09:19.693+0000] {dag.py:3954} INFO - Setting next_dagrun for example_complex to None, run_after=None
[2024-04-14T19:09:19.712+0000] {processor.py:183} INFO - Processing /home/airflow/.local/lib/python3.12/site-packages/airflow/example_dags/example_complex.py took 0.072 seconds
[2024-04-14T19:09:50.034+0000] {processor.py:161} INFO - Started process (PID=1950) to work on /home/airflow/.local/lib/python3.12/site-packages/airflow/example_dags/example_complex.py
[2024-04-14T19:09:50.035+0000] {processor.py:830} INFO - Processing file /home/airflow/.local/lib/python3.12/site-packages/airflow/example_dags/example_complex.py for tasks to queue
[2024-04-14T19:09:50.036+0000] {logging_mixin.py:188} INFO - [2024-04-14T19:09:50.036+0000] {dagbag.py:540} INFO - Filling up the DagBag from /home/airflow/.local/lib/python3.12/site-packages/airflow/example_dags/example_complex.py
[2024-04-14T19:09:50.044+0000] {processor.py:840} INFO - DAG(s) 'example_complex' retrieved from /home/airflow/.local/lib/python3.12/site-packages/airflow/example_dags/example_complex.py
[2024-04-14T19:09:50.070+0000] {logging_mixin.py:188} INFO - [2024-04-14T19:09:50.070+0000] {dag.py:3096} INFO - Sync 1 DAGs
[2024-04-14T19:09:50.081+0000] {logging_mixin.py:188} INFO - [2024-04-14T19:09:50.081+0000] {dag.py:3954} INFO - Setting next_dagrun for example_complex to None, run_after=None
[2024-04-14T19:09:50.111+0000] {processor.py:183} INFO - Processing /home/airflow/.local/lib/python3.12/site-packages/airflow/example_dags/example_complex.py took 0.082 seconds
[2024-04-14T19:10:20.155+0000] {processor.py:161} INFO - Started process (PID=2014) to work on /home/airflow/.local/lib/python3.12/site-packages/airflow/example_dags/example_complex.py
[2024-04-14T19:10:20.156+0000] {processor.py:830} INFO - Processing file /home/airflow/.local/lib/python3.12/site-packages/airflow/example_dags/example_complex.py for tasks to queue
[2024-04-14T19:10:20.157+0000] {logging_mixin.py:188} INFO - [2024-04-14T19:10:20.157+0000] {dagbag.py:540} INFO - Filling up the DagBag from /home/airflow/.local/lib/python3.12/site-packages/airflow/example_dags/example_complex.py
[2024-04-14T19:10:20.165+0000] {processor.py:840} INFO - DAG(s) 'example_complex' retrieved from /home/airflow/.local/lib/python3.12/site-packages/airflow/example_dags/example_complex.py
[2024-04-14T19:10:20.191+0000] {logging_mixin.py:188} INFO - [2024-04-14T19:10:20.191+0000] {dag.py:3096} INFO - Sync 1 DAGs
[2024-04-14T19:10:20.201+0000] {logging_mixin.py:188} INFO - [2024-04-14T19:10:20.201+0000] {dag.py:3954} INFO - Setting next_dagrun for example_complex to None, run_after=None
[2024-04-14T19:10:20.218+0000] {processor.py:183} INFO - Processing /home/airflow/.local/lib/python3.12/site-packages/airflow/example_dags/example_complex.py took 0.068 seconds
[2024-04-14T19:10:50.448+0000] {processor.py:161} INFO - Started process (PID=2074) to work on /home/airflow/.local/lib/python3.12/site-packages/airflow/example_dags/example_complex.py
[2024-04-14T19:10:50.450+0000] {processor.py:830} INFO - Processing file /home/airflow/.local/lib/python3.12/site-packages/airflow/example_dags/example_complex.py for tasks to queue
[2024-04-14T19:10:50.452+0000] {logging_mixin.py:188} INFO - [2024-04-14T19:10:50.452+0000] {dagbag.py:540} INFO - Filling up the DagBag from /home/airflow/.local/lib/python3.12/site-packages/airflow/example_dags/example_complex.py
[2024-04-14T19:10:50.462+0000] {processor.py:840} INFO - DAG(s) 'example_complex' retrieved from /home/airflow/.local/lib/python3.12/site-packages/airflow/example_dags/example_complex.py
[2024-04-14T19:10:50.495+0000] {logging_mixin.py:188} INFO - [2024-04-14T19:10:50.495+0000] {dag.py:3096} INFO - Sync 1 DAGs
[2024-04-14T19:10:50.507+0000] {logging_mixin.py:188} INFO - [2024-04-14T19:10:50.507+0000] {dag.py:3954} INFO - Setting next_dagrun for example_complex to None, run_after=None
[2024-04-14T19:10:50.526+0000] {processor.py:183} INFO - Processing /home/airflow/.local/lib/python3.12/site-packages/airflow/example_dags/example_complex.py took 0.086 seconds
[2024-04-14T19:11:20.605+0000] {processor.py:161} INFO - Started process (PID=2134) to work on /home/airflow/.local/lib/python3.12/site-packages/airflow/example_dags/example_complex.py
[2024-04-14T19:11:20.606+0000] {processor.py:830} INFO - Processing file /home/airflow/.local/lib/python3.12/site-packages/airflow/example_dags/example_complex.py for tasks to queue
[2024-04-14T19:11:20.608+0000] {logging_mixin.py:188} INFO - [2024-04-14T19:11:20.607+0000] {dagbag.py:540} INFO - Filling up the DagBag from /home/airflow/.local/lib/python3.12/site-packages/airflow/example_dags/example_complex.py
[2024-04-14T19:11:20.616+0000] {processor.py:840} INFO - DAG(s) 'example_complex' retrieved from /home/airflow/.local/lib/python3.12/site-packages/airflow/example_dags/example_complex.py
[2024-04-14T19:11:20.643+0000] {logging_mixin.py:188} INFO - [2024-04-14T19:11:20.643+0000] {dag.py:3096} INFO - Sync 1 DAGs
[2024-04-14T19:11:20.655+0000] {logging_mixin.py:188} INFO - [2024-04-14T19:11:20.655+0000] {dag.py:3954} INFO - Setting next_dagrun for example_complex to None, run_after=None
[2024-04-14T19:11:20.682+0000] {processor.py:183} INFO - Processing /home/airflow/.local/lib/python3.12/site-packages/airflow/example_dags/example_complex.py took 0.081 seconds
[2024-04-14T19:11:50.795+0000] {processor.py:161} INFO - Started process (PID=2198) to work on /home/airflow/.local/lib/python3.12/site-packages/airflow/example_dags/example_complex.py
[2024-04-14T19:11:50.796+0000] {processor.py:830} INFO - Processing file /home/airflow/.local/lib/python3.12/site-packages/airflow/example_dags/example_complex.py for tasks to queue
[2024-04-14T19:11:50.801+0000] {logging_mixin.py:188} INFO - [2024-04-14T19:11:50.800+0000] {dagbag.py:540} INFO - Filling up the DagBag from /home/airflow/.local/lib/python3.12/site-packages/airflow/example_dags/example_complex.py
[2024-04-14T19:11:50.811+0000] {processor.py:840} INFO - DAG(s) 'example_complex' retrieved from /home/airflow/.local/lib/python3.12/site-packages/airflow/example_dags/example_complex.py
[2024-04-14T19:11:50.846+0000] {logging_mixin.py:188} INFO - [2024-04-14T19:11:50.846+0000] {dag.py:3096} INFO - Sync 1 DAGs
[2024-04-14T19:11:50.858+0000] {logging_mixin.py:188} INFO - [2024-04-14T19:11:50.858+0000] {dag.py:3954} INFO - Setting next_dagrun for example_complex to None, run_after=None
[2024-04-14T19:11:50.876+0000] {processor.py:183} INFO - Processing /home/airflow/.local/lib/python3.12/site-packages/airflow/example_dags/example_complex.py took 0.089 seconds
[2024-04-14T19:12:21.408+0000] {processor.py:161} INFO - Started process (PID=2256) to work on /home/airflow/.local/lib/python3.12/site-packages/airflow/example_dags/example_complex.py
[2024-04-14T19:12:21.409+0000] {processor.py:830} INFO - Processing file /home/airflow/.local/lib/python3.12/site-packages/airflow/example_dags/example_complex.py for tasks to queue
[2024-04-14T19:12:21.410+0000] {logging_mixin.py:188} INFO - [2024-04-14T19:12:21.410+0000] {dagbag.py:540} INFO - Filling up the DagBag from /home/airflow/.local/lib/python3.12/site-packages/airflow/example_dags/example_complex.py
[2024-04-14T19:12:21.418+0000] {processor.py:840} INFO - DAG(s) 'example_complex' retrieved from /home/airflow/.local/lib/python3.12/site-packages/airflow/example_dags/example_complex.py
[2024-04-14T19:12:21.444+0000] {logging_mixin.py:188} INFO - [2024-04-14T19:12:21.444+0000] {dag.py:3096} INFO - Sync 1 DAGs
[2024-04-14T19:12:21.454+0000] {logging_mixin.py:188} INFO - [2024-04-14T19:12:21.454+0000] {dag.py:3954} INFO - Setting next_dagrun for example_complex to None, run_after=None
[2024-04-14T19:12:21.474+0000] {processor.py:183} INFO - Processing /home/airflow/.local/lib/python3.12/site-packages/airflow/example_dags/example_complex.py took 0.070 seconds
[2024-04-14T19:12:51.784+0000] {processor.py:161} INFO - Started process (PID=2322) to work on /home/airflow/.local/lib/python3.12/site-packages/airflow/example_dags/example_complex.py
[2024-04-14T19:12:51.785+0000] {processor.py:830} INFO - Processing file /home/airflow/.local/lib/python3.12/site-packages/airflow/example_dags/example_complex.py for tasks to queue
[2024-04-14T19:12:51.787+0000] {logging_mixin.py:188} INFO - [2024-04-14T19:12:51.786+0000] {dagbag.py:540} INFO - Filling up the DagBag from /home/airflow/.local/lib/python3.12/site-packages/airflow/example_dags/example_complex.py
[2024-04-14T19:12:51.796+0000] {processor.py:840} INFO - DAG(s) 'example_complex' retrieved from /home/airflow/.local/lib/python3.12/site-packages/airflow/example_dags/example_complex.py
[2024-04-14T19:12:51.826+0000] {logging_mixin.py:188} INFO - [2024-04-14T19:12:51.825+0000] {dag.py:3096} INFO - Sync 1 DAGs
[2024-04-14T19:12:51.836+0000] {logging_mixin.py:188} INFO - [2024-04-14T19:12:51.836+0000] {dag.py:3954} INFO - Setting next_dagrun for example_complex to None, run_after=None
[2024-04-14T19:12:51.854+0000] {processor.py:183} INFO - Processing /home/airflow/.local/lib/python3.12/site-packages/airflow/example_dags/example_complex.py took 0.075 seconds
[2024-04-14T19:13:22.086+0000] {processor.py:161} INFO - Started process (PID=2384) to work on /home/airflow/.local/lib/python3.12/site-packages/airflow/example_dags/example_complex.py
[2024-04-14T19:13:22.087+0000] {processor.py:830} INFO - Processing file /home/airflow/.local/lib/python3.12/site-packages/airflow/example_dags/example_complex.py for tasks to queue
[2024-04-14T19:13:22.088+0000] {logging_mixin.py:188} INFO - [2024-04-14T19:13:22.088+0000] {dagbag.py:540} INFO - Filling up the DagBag from /home/airflow/.local/lib/python3.12/site-packages/airflow/example_dags/example_complex.py
[2024-04-14T19:13:22.097+0000] {processor.py:840} INFO - DAG(s) 'example_complex' retrieved from /home/airflow/.local/lib/python3.12/site-packages/airflow/example_dags/example_complex.py
[2024-04-14T19:13:22.129+0000] {logging_mixin.py:188} INFO - [2024-04-14T19:13:22.129+0000] {dag.py:3096} INFO - Sync 1 DAGs
[2024-04-14T19:13:22.141+0000] {logging_mixin.py:188} INFO - [2024-04-14T19:13:22.140+0000] {dag.py:3954} INFO - Setting next_dagrun for example_complex to None, run_after=None
[2024-04-14T19:13:22.165+0000] {processor.py:183} INFO - Processing /home/airflow/.local/lib/python3.12/site-packages/airflow/example_dags/example_complex.py took 0.084 seconds
[2024-04-14T19:13:52.667+0000] {processor.py:161} INFO - Started process (PID=2444) to work on /home/airflow/.local/lib/python3.12/site-packages/airflow/example_dags/example_complex.py
[2024-04-14T19:13:52.667+0000] {processor.py:830} INFO - Processing file /home/airflow/.local/lib/python3.12/site-packages/airflow/example_dags/example_complex.py for tasks to queue
[2024-04-14T19:13:52.669+0000] {logging_mixin.py:188} INFO - [2024-04-14T19:13:52.669+0000] {dagbag.py:540} INFO - Filling up the DagBag from /home/airflow/.local/lib/python3.12/site-packages/airflow/example_dags/example_complex.py
[2024-04-14T19:13:52.677+0000] {processor.py:840} INFO - DAG(s) 'example_complex' retrieved from /home/airflow/.local/lib/python3.12/site-packages/airflow/example_dags/example_complex.py
[2024-04-14T19:13:52.703+0000] {logging_mixin.py:188} INFO - [2024-04-14T19:13:52.703+0000] {dag.py:3096} INFO - Sync 1 DAGs
[2024-04-14T19:13:52.714+0000] {logging_mixin.py:188} INFO - [2024-04-14T19:13:52.714+0000] {dag.py:3954} INFO - Setting next_dagrun for example_complex to None, run_after=None
[2024-04-14T19:13:52.732+0000] {processor.py:183} INFO - Processing /home/airflow/.local/lib/python3.12/site-packages/airflow/example_dags/example_complex.py took 0.070 seconds
[2024-04-14T19:14:23.038+0000] {processor.py:161} INFO - Started process (PID=2504) to work on /home/airflow/.local/lib/python3.12/site-packages/airflow/example_dags/example_complex.py
[2024-04-14T19:14:23.038+0000] {processor.py:830} INFO - Processing file /home/airflow/.local/lib/python3.12/site-packages/airflow/example_dags/example_complex.py for tasks to queue
[2024-04-14T19:14:23.040+0000] {logging_mixin.py:188} INFO - [2024-04-14T19:14:23.039+0000] {dagbag.py:540} INFO - Filling up the DagBag from /home/airflow/.local/lib/python3.12/site-packages/airflow/example_dags/example_complex.py
[2024-04-14T19:14:23.048+0000] {processor.py:840} INFO - DAG(s) 'example_complex' retrieved from /home/airflow/.local/lib/python3.12/site-packages/airflow/example_dags/example_complex.py
[2024-04-14T19:14:23.073+0000] {logging_mixin.py:188} INFO - [2024-04-14T19:14:23.073+0000] {dag.py:3096} INFO - Sync 1 DAGs
[2024-04-14T19:14:23.084+0000] {logging_mixin.py:188} INFO - [2024-04-14T19:14:23.084+0000] {dag.py:3954} INFO - Setting next_dagrun for example_complex to None, run_after=None
[2024-04-14T19:14:23.102+0000] {processor.py:183} INFO - Processing /home/airflow/.local/lib/python3.12/site-packages/airflow/example_dags/example_complex.py took 0.069 seconds
[2024-04-14T19:14:53.541+0000] {processor.py:161} INFO - Started process (PID=2566) to work on /home/airflow/.local/lib/python3.12/site-packages/airflow/example_dags/example_complex.py
[2024-04-14T19:14:53.542+0000] {processor.py:830} INFO - Processing file /home/airflow/.local/lib/python3.12/site-packages/airflow/example_dags/example_complex.py for tasks to queue
[2024-04-14T19:14:53.544+0000] {logging_mixin.py:188} INFO - [2024-04-14T19:14:53.544+0000] {dagbag.py:540} INFO - Filling up the DagBag from /home/airflow/.local/lib/python3.12/site-packages/airflow/example_dags/example_complex.py
[2024-04-14T19:14:53.553+0000] {processor.py:840} INFO - DAG(s) 'example_complex' retrieved from /home/airflow/.local/lib/python3.12/site-packages/airflow/example_dags/example_complex.py
[2024-04-14T19:14:53.582+0000] {logging_mixin.py:188} INFO - [2024-04-14T19:14:53.582+0000] {dag.py:3096} INFO - Sync 1 DAGs
[2024-04-14T19:14:53.594+0000] {logging_mixin.py:188} INFO - [2024-04-14T19:14:53.593+0000] {dag.py:3954} INFO - Setting next_dagrun for example_complex to None, run_after=None
[2024-04-14T19:14:53.613+0000] {processor.py:183} INFO - Processing /home/airflow/.local/lib/python3.12/site-packages/airflow/example_dags/example_complex.py took 0.076 seconds
[2024-04-14T19:15:23.791+0000] {processor.py:161} INFO - Started process (PID=2626) to work on /home/airflow/.local/lib/python3.12/site-packages/airflow/example_dags/example_complex.py
[2024-04-14T19:15:23.792+0000] {processor.py:830} INFO - Processing file /home/airflow/.local/lib/python3.12/site-packages/airflow/example_dags/example_complex.py for tasks to queue
[2024-04-14T19:15:23.793+0000] {logging_mixin.py:188} INFO - [2024-04-14T19:15:23.793+0000] {dagbag.py:540} INFO - Filling up the DagBag from /home/airflow/.local/lib/python3.12/site-packages/airflow/example_dags/example_complex.py
[2024-04-14T19:15:23.801+0000] {processor.py:840} INFO - DAG(s) 'example_complex' retrieved from /home/airflow/.local/lib/python3.12/site-packages/airflow/example_dags/example_complex.py
[2024-04-14T19:15:23.827+0000] {logging_mixin.py:188} INFO - [2024-04-14T19:15:23.827+0000] {dag.py:3096} INFO - Sync 1 DAGs
[2024-04-14T19:15:23.838+0000] {logging_mixin.py:188} INFO - [2024-04-14T19:15:23.838+0000] {dag.py:3954} INFO - Setting next_dagrun for example_complex to None, run_after=None
[2024-04-14T19:15:23.857+0000] {processor.py:183} INFO - Processing /home/airflow/.local/lib/python3.12/site-packages/airflow/example_dags/example_complex.py took 0.070 seconds
[2024-04-14T19:15:54.170+0000] {processor.py:161} INFO - Started process (PID=2686) to work on /home/airflow/.local/lib/python3.12/site-packages/airflow/example_dags/example_complex.py
[2024-04-14T19:15:54.170+0000] {processor.py:830} INFO - Processing file /home/airflow/.local/lib/python3.12/site-packages/airflow/example_dags/example_complex.py for tasks to queue
[2024-04-14T19:15:54.172+0000] {logging_mixin.py:188} INFO - [2024-04-14T19:15:54.171+0000] {dagbag.py:540} INFO - Filling up the DagBag from /home/airflow/.local/lib/python3.12/site-packages/airflow/example_dags/example_complex.py
[2024-04-14T19:15:54.180+0000] {processor.py:840} INFO - DAG(s) 'example_complex' retrieved from /home/airflow/.local/lib/python3.12/site-packages/airflow/example_dags/example_complex.py
[2024-04-14T19:15:54.206+0000] {logging_mixin.py:188} INFO - [2024-04-14T19:15:54.206+0000] {dag.py:3096} INFO - Sync 1 DAGs
[2024-04-14T19:15:54.216+0000] {logging_mixin.py:188} INFO - [2024-04-14T19:15:54.216+0000] {dag.py:3954} INFO - Setting next_dagrun for example_complex to None, run_after=None
[2024-04-14T19:15:54.234+0000] {processor.py:183} INFO - Processing /home/airflow/.local/lib/python3.12/site-packages/airflow/example_dags/example_complex.py took 0.069 seconds
[2024-04-14T19:16:24.443+0000] {processor.py:161} INFO - Started process (PID=2746) to work on /home/airflow/.local/lib/python3.12/site-packages/airflow/example_dags/example_complex.py
[2024-04-14T19:16:24.444+0000] {processor.py:830} INFO - Processing file /home/airflow/.local/lib/python3.12/site-packages/airflow/example_dags/example_complex.py for tasks to queue
[2024-04-14T19:16:24.445+0000] {logging_mixin.py:188} INFO - [2024-04-14T19:16:24.445+0000] {dagbag.py:540} INFO - Filling up the DagBag from /home/airflow/.local/lib/python3.12/site-packages/airflow/example_dags/example_complex.py
[2024-04-14T19:16:24.453+0000] {processor.py:840} INFO - DAG(s) 'example_complex' retrieved from /home/airflow/.local/lib/python3.12/site-packages/airflow/example_dags/example_complex.py
[2024-04-14T19:16:24.481+0000] {logging_mixin.py:188} INFO - [2024-04-14T19:16:24.481+0000] {dag.py:3096} INFO - Sync 1 DAGs
[2024-04-14T19:16:24.491+0000] {logging_mixin.py:188} INFO - [2024-04-14T19:16:24.491+0000] {dag.py:3954} INFO - Setting next_dagrun for example_complex to None, run_after=None
[2024-04-14T19:16:24.510+0000] {processor.py:183} INFO - Processing /home/airflow/.local/lib/python3.12/site-packages/airflow/example_dags/example_complex.py took 0.072 seconds
[2024-04-14T19:16:54.929+0000] {processor.py:161} INFO - Started process (PID=2806) to work on /home/airflow/.local/lib/python3.12/site-packages/airflow/example_dags/example_complex.py
[2024-04-14T19:16:54.930+0000] {processor.py:830} INFO - Processing file /home/airflow/.local/lib/python3.12/site-packages/airflow/example_dags/example_complex.py for tasks to queue
[2024-04-14T19:16:54.931+0000] {logging_mixin.py:188} INFO - [2024-04-14T19:16:54.931+0000] {dagbag.py:540} INFO - Filling up the DagBag from /home/airflow/.local/lib/python3.12/site-packages/airflow/example_dags/example_complex.py
[2024-04-14T19:16:54.940+0000] {processor.py:840} INFO - DAG(s) 'example_complex' retrieved from /home/airflow/.local/lib/python3.12/site-packages/airflow/example_dags/example_complex.py
[2024-04-14T19:16:54.968+0000] {logging_mixin.py:188} INFO - [2024-04-14T19:16:54.968+0000] {dag.py:3096} INFO - Sync 1 DAGs
[2024-04-14T19:16:54.978+0000] {logging_mixin.py:188} INFO - [2024-04-14T19:16:54.978+0000] {dag.py:3954} INFO - Setting next_dagrun for example_complex to None, run_after=None
[2024-04-14T19:16:54.996+0000] {processor.py:183} INFO - Processing /home/airflow/.local/lib/python3.12/site-packages/airflow/example_dags/example_complex.py took 0.072 seconds
[2024-04-14T19:17:25.441+0000] {processor.py:161} INFO - Started process (PID=2866) to work on /home/airflow/.local/lib/python3.12/site-packages/airflow/example_dags/example_complex.py
[2024-04-14T19:17:25.442+0000] {processor.py:830} INFO - Processing file /home/airflow/.local/lib/python3.12/site-packages/airflow/example_dags/example_complex.py for tasks to queue
[2024-04-14T19:17:25.443+0000] {logging_mixin.py:188} INFO - [2024-04-14T19:17:25.443+0000] {dagbag.py:540} INFO - Filling up the DagBag from /home/airflow/.local/lib/python3.12/site-packages/airflow/example_dags/example_complex.py
[2024-04-14T19:17:25.453+0000] {processor.py:840} INFO - DAG(s) 'example_complex' retrieved from /home/airflow/.local/lib/python3.12/site-packages/airflow/example_dags/example_complex.py
[2024-04-14T19:17:25.484+0000] {logging_mixin.py:188} INFO - [2024-04-14T19:17:25.483+0000] {dag.py:3096} INFO - Sync 1 DAGs
[2024-04-14T19:17:25.495+0000] {logging_mixin.py:188} INFO - [2024-04-14T19:17:25.495+0000] {dag.py:3954} INFO - Setting next_dagrun for example_complex to None, run_after=None
[2024-04-14T19:17:25.519+0000] {processor.py:183} INFO - Processing /home/airflow/.local/lib/python3.12/site-packages/airflow/example_dags/example_complex.py took 0.084 seconds
[2024-04-14T19:17:55.941+0000] {processor.py:161} INFO - Started process (PID=2927) to work on /home/airflow/.local/lib/python3.12/site-packages/airflow/example_dags/example_complex.py
[2024-04-14T19:17:55.941+0000] {processor.py:830} INFO - Processing file /home/airflow/.local/lib/python3.12/site-packages/airflow/example_dags/example_complex.py for tasks to queue
[2024-04-14T19:17:55.943+0000] {logging_mixin.py:188} INFO - [2024-04-14T19:17:55.943+0000] {dagbag.py:540} INFO - Filling up the DagBag from /home/airflow/.local/lib/python3.12/site-packages/airflow/example_dags/example_complex.py
[2024-04-14T19:17:55.951+0000] {processor.py:840} INFO - DAG(s) 'example_complex' retrieved from /home/airflow/.local/lib/python3.12/site-packages/airflow/example_dags/example_complex.py
[2024-04-14T19:17:55.978+0000] {logging_mixin.py:188} INFO - [2024-04-14T19:17:55.978+0000] {dag.py:3096} INFO - Sync 1 DAGs
[2024-04-14T19:17:55.990+0000] {logging_mixin.py:188} INFO - [2024-04-14T19:17:55.990+0000] {dag.py:3954} INFO - Setting next_dagrun for example_complex to None, run_after=None
[2024-04-14T19:17:56.012+0000] {processor.py:183} INFO - Processing /home/airflow/.local/lib/python3.12/site-packages/airflow/example_dags/example_complex.py took 0.075 seconds
[2024-04-14T19:18:26.257+0000] {processor.py:161} INFO - Started process (PID=2990) to work on /home/airflow/.local/lib/python3.12/site-packages/airflow/example_dags/example_complex.py
[2024-04-14T19:18:26.258+0000] {processor.py:830} INFO - Processing file /home/airflow/.local/lib/python3.12/site-packages/airflow/example_dags/example_complex.py for tasks to queue
[2024-04-14T19:18:26.260+0000] {logging_mixin.py:188} INFO - [2024-04-14T19:18:26.259+0000] {dagbag.py:540} INFO - Filling up the DagBag from /home/airflow/.local/lib/python3.12/site-packages/airflow/example_dags/example_complex.py
[2024-04-14T19:18:26.268+0000] {processor.py:840} INFO - DAG(s) 'example_complex' retrieved from /home/airflow/.local/lib/python3.12/site-packages/airflow/example_dags/example_complex.py
[2024-04-14T19:18:26.296+0000] {logging_mixin.py:188} INFO - [2024-04-14T19:18:26.295+0000] {dag.py:3096} INFO - Sync 1 DAGs
[2024-04-14T19:18:26.306+0000] {logging_mixin.py:188} INFO - [2024-04-14T19:18:26.306+0000] {dag.py:3954} INFO - Setting next_dagrun for example_complex to None, run_after=None
[2024-04-14T19:18:26.326+0000] {processor.py:183} INFO - Processing /home/airflow/.local/lib/python3.12/site-packages/airflow/example_dags/example_complex.py took 0.073 seconds
[2024-04-14T19:18:56.810+0000] {processor.py:161} INFO - Started process (PID=3051) to work on /home/airflow/.local/lib/python3.12/site-packages/airflow/example_dags/example_complex.py
[2024-04-14T19:18:56.811+0000] {processor.py:830} INFO - Processing file /home/airflow/.local/lib/python3.12/site-packages/airflow/example_dags/example_complex.py for tasks to queue
[2024-04-14T19:18:56.812+0000] {logging_mixin.py:188} INFO - [2024-04-14T19:18:56.812+0000] {dagbag.py:540} INFO - Filling up the DagBag from /home/airflow/.local/lib/python3.12/site-packages/airflow/example_dags/example_complex.py
[2024-04-14T19:18:56.820+0000] {processor.py:840} INFO - DAG(s) 'example_complex' retrieved from /home/airflow/.local/lib/python3.12/site-packages/airflow/example_dags/example_complex.py
[2024-04-14T19:18:56.846+0000] {logging_mixin.py:188} INFO - [2024-04-14T19:18:56.846+0000] {dag.py:3096} INFO - Sync 1 DAGs
[2024-04-14T19:18:56.857+0000] {logging_mixin.py:188} INFO - [2024-04-14T19:18:56.857+0000] {dag.py:3954} INFO - Setting next_dagrun for example_complex to None, run_after=None
[2024-04-14T19:18:56.875+0000] {processor.py:183} INFO - Processing /home/airflow/.local/lib/python3.12/site-packages/airflow/example_dags/example_complex.py took 0.069 seconds
[2024-04-14T19:19:27.737+0000] {processor.py:161} INFO - Started process (PID=3111) to work on /home/airflow/.local/lib/python3.12/site-packages/airflow/example_dags/example_complex.py
[2024-04-14T19:19:27.738+0000] {processor.py:830} INFO - Processing file /home/airflow/.local/lib/python3.12/site-packages/airflow/example_dags/example_complex.py for tasks to queue
[2024-04-14T19:19:27.740+0000] {logging_mixin.py:188} INFO - [2024-04-14T19:19:27.739+0000] {dagbag.py:540} INFO - Filling up the DagBag from /home/airflow/.local/lib/python3.12/site-packages/airflow/example_dags/example_complex.py
[2024-04-14T19:19:27.749+0000] {processor.py:840} INFO - DAG(s) 'example_complex' retrieved from /home/airflow/.local/lib/python3.12/site-packages/airflow/example_dags/example_complex.py
[2024-04-14T19:19:27.778+0000] {logging_mixin.py:188} INFO - [2024-04-14T19:19:27.778+0000] {dag.py:3096} INFO - Sync 1 DAGs
[2024-04-14T19:19:27.791+0000] {logging_mixin.py:188} INFO - [2024-04-14T19:19:27.790+0000] {dag.py:3954} INFO - Setting next_dagrun for example_complex to None, run_after=None
[2024-04-14T19:19:27.808+0000] {processor.py:183} INFO - Processing /home/airflow/.local/lib/python3.12/site-packages/airflow/example_dags/example_complex.py took 0.077 seconds
[2024-04-14T19:19:58.200+0000] {processor.py:161} INFO - Started process (PID=3171) to work on /home/airflow/.local/lib/python3.12/site-packages/airflow/example_dags/example_complex.py
[2024-04-14T19:19:58.200+0000] {processor.py:830} INFO - Processing file /home/airflow/.local/lib/python3.12/site-packages/airflow/example_dags/example_complex.py for tasks to queue
[2024-04-14T19:19:58.202+0000] {logging_mixin.py:188} INFO - [2024-04-14T19:19:58.201+0000] {dagbag.py:540} INFO - Filling up the DagBag from /home/airflow/.local/lib/python3.12/site-packages/airflow/example_dags/example_complex.py
[2024-04-14T19:19:58.209+0000] {processor.py:840} INFO - DAG(s) 'example_complex' retrieved from /home/airflow/.local/lib/python3.12/site-packages/airflow/example_dags/example_complex.py
[2024-04-14T19:19:58.236+0000] {logging_mixin.py:188} INFO - [2024-04-14T19:19:58.236+0000] {dag.py:3096} INFO - Sync 1 DAGs
[2024-04-14T19:19:58.246+0000] {logging_mixin.py:188} INFO - [2024-04-14T19:19:58.246+0000] {dag.py:3954} INFO - Setting next_dagrun for example_complex to None, run_after=None
[2024-04-14T19:19:58.264+0000] {processor.py:183} INFO - Processing /home/airflow/.local/lib/python3.12/site-packages/airflow/example_dags/example_complex.py took 0.069 seconds
[2024-04-14T19:20:28.642+0000] {processor.py:161} INFO - Started process (PID=3231) to work on /home/airflow/.local/lib/python3.12/site-packages/airflow/example_dags/example_complex.py
[2024-04-14T19:20:28.643+0000] {processor.py:830} INFO - Processing file /home/airflow/.local/lib/python3.12/site-packages/airflow/example_dags/example_complex.py for tasks to queue
[2024-04-14T19:20:28.646+0000] {logging_mixin.py:188} INFO - [2024-04-14T19:20:28.645+0000] {dagbag.py:540} INFO - Filling up the DagBag from /home/airflow/.local/lib/python3.12/site-packages/airflow/example_dags/example_complex.py
[2024-04-14T19:20:28.656+0000] {processor.py:840} INFO - DAG(s) 'example_complex' retrieved from /home/airflow/.local/lib/python3.12/site-packages/airflow/example_dags/example_complex.py
[2024-04-14T19:20:28.688+0000] {logging_mixin.py:188} INFO - [2024-04-14T19:20:28.687+0000] {dag.py:3096} INFO - Sync 1 DAGs
[2024-04-14T19:20:28.700+0000] {logging_mixin.py:188} INFO - [2024-04-14T19:20:28.700+0000] {dag.py:3954} INFO - Setting next_dagrun for example_complex to None, run_after=None
[2024-04-14T19:20:28.723+0000] {processor.py:183} INFO - Processing /home/airflow/.local/lib/python3.12/site-packages/airflow/example_dags/example_complex.py took 0.087 seconds
[2024-04-14T19:20:59.423+0000] {processor.py:161} INFO - Started process (PID=3291) to work on /home/airflow/.local/lib/python3.12/site-packages/airflow/example_dags/example_complex.py
[2024-04-14T19:20:59.424+0000] {processor.py:830} INFO - Processing file /home/airflow/.local/lib/python3.12/site-packages/airflow/example_dags/example_complex.py for tasks to queue
[2024-04-14T19:20:59.425+0000] {logging_mixin.py:188} INFO - [2024-04-14T19:20:59.425+0000] {dagbag.py:540} INFO - Filling up the DagBag from /home/airflow/.local/lib/python3.12/site-packages/airflow/example_dags/example_complex.py
[2024-04-14T19:20:59.436+0000] {processor.py:840} INFO - DAG(s) 'example_complex' retrieved from /home/airflow/.local/lib/python3.12/site-packages/airflow/example_dags/example_complex.py
[2024-04-14T19:20:59.470+0000] {logging_mixin.py:188} INFO - [2024-04-14T19:20:59.470+0000] {dag.py:3096} INFO - Sync 1 DAGs
[2024-04-14T19:20:59.486+0000] {logging_mixin.py:188} INFO - [2024-04-14T19:20:59.485+0000] {dag.py:3954} INFO - Setting next_dagrun for example_complex to None, run_after=None
[2024-04-14T19:20:59.511+0000] {processor.py:183} INFO - Processing /home/airflow/.local/lib/python3.12/site-packages/airflow/example_dags/example_complex.py took 0.094 seconds
