[2024-04-14T18:53:59.655+0000] {processor.py:161} INFO - Started process (PID=73) to work on /home/airflow/.local/lib/python3.12/site-packages/airflow/example_dags/example_latest_only_with_trigger.py
[2024-04-14T18:53:59.668+0000] {processor.py:830} INFO - Processing file /home/airflow/.local/lib/python3.12/site-packages/airflow/example_dags/example_latest_only_with_trigger.py for tasks to queue
[2024-04-14T18:53:59.745+0000] {logging_mixin.py:188} INFO - [2024-04-14T18:53:59.711+0000] {dagbag.py:540} INFO - Filling up the DagBag from /home/airflow/.local/lib/python3.12/site-packages/airflow/example_dags/example_latest_only_with_trigger.py
[2024-04-14T18:53:59.799+0000] {processor.py:840} INFO - DAG(s) 'latest_only_with_trigger' retrieved from /home/airflow/.local/lib/python3.12/site-packages/airflow/example_dags/example_latest_only_with_trigger.py
[2024-04-14T18:54:00.119+0000] {logging_mixin.py:188} INFO - [2024-04-14T18:54:00.116+0000] {override.py:1829} INFO - Created Permission View: can edit on DAG:latest_only_with_trigger
[2024-04-14T18:54:00.140+0000] {logging_mixin.py:188} INFO - [2024-04-14T18:54:00.140+0000] {override.py:1829} INFO - Created Permission View: can delete on DAG:latest_only_with_trigger
[2024-04-14T18:54:00.152+0000] {logging_mixin.py:188} INFO - [2024-04-14T18:54:00.152+0000] {override.py:1829} INFO - Created Permission View: can read on DAG:latest_only_with_trigger
[2024-04-14T18:54:00.153+0000] {logging_mixin.py:188} INFO - [2024-04-14T18:54:00.153+0000] {dag.py:3096} INFO - Sync 1 DAGs
[2024-04-14T18:54:00.185+0000] {logging_mixin.py:188} INFO - [2024-04-14T18:54:00.184+0000] {dag.py:3118} INFO - Creating ORM DAG for latest_only_with_trigger
[2024-04-14T18:54:00.216+0000] {logging_mixin.py:188} INFO - [2024-04-14T18:54:00.216+0000] {dag.py:3954} INFO - Setting next_dagrun for latest_only_with_trigger to 2024-04-14 12:00:00+00:00, run_after=2024-04-14 16:00:00+00:00
[2024-04-14T18:54:00.268+0000] {processor.py:183} INFO - Processing /home/airflow/.local/lib/python3.12/site-packages/airflow/example_dags/example_latest_only_with_trigger.py took 0.684 seconds
[2024-04-14T18:54:30.700+0000] {processor.py:161} INFO - Started process (PID=133) to work on /home/airflow/.local/lib/python3.12/site-packages/airflow/example_dags/example_latest_only_with_trigger.py
[2024-04-14T18:54:30.704+0000] {processor.py:830} INFO - Processing file /home/airflow/.local/lib/python3.12/site-packages/airflow/example_dags/example_latest_only_with_trigger.py for tasks to queue
[2024-04-14T18:54:30.710+0000] {logging_mixin.py:188} INFO - [2024-04-14T18:54:30.708+0000] {dagbag.py:540} INFO - Filling up the DagBag from /home/airflow/.local/lib/python3.12/site-packages/airflow/example_dags/example_latest_only_with_trigger.py
[2024-04-14T18:54:30.726+0000] {processor.py:840} INFO - DAG(s) 'latest_only_with_trigger' retrieved from /home/airflow/.local/lib/python3.12/site-packages/airflow/example_dags/example_latest_only_with_trigger.py
[2024-04-14T18:54:30.788+0000] {logging_mixin.py:188} INFO - [2024-04-14T18:54:30.787+0000] {dag.py:3096} INFO - Sync 1 DAGs
[2024-04-14T18:54:30.860+0000] {logging_mixin.py:188} INFO - [2024-04-14T18:54:30.859+0000] {dag.py:3954} INFO - Setting next_dagrun for latest_only_with_trigger to 2024-04-14 12:00:00+00:00, run_after=2024-04-14 16:00:00+00:00
[2024-04-14T18:54:30.915+0000] {processor.py:183} INFO - Processing /home/airflow/.local/lib/python3.12/site-packages/airflow/example_dags/example_latest_only_with_trigger.py took 0.237 seconds
[2024-04-14T18:55:01.399+0000] {processor.py:161} INFO - Started process (PID=193) to work on /home/airflow/.local/lib/python3.12/site-packages/airflow/example_dags/example_latest_only_with_trigger.py
[2024-04-14T18:55:01.400+0000] {processor.py:830} INFO - Processing file /home/airflow/.local/lib/python3.12/site-packages/airflow/example_dags/example_latest_only_with_trigger.py for tasks to queue
[2024-04-14T18:55:01.402+0000] {logging_mixin.py:188} INFO - [2024-04-14T18:55:01.402+0000] {dagbag.py:540} INFO - Filling up the DagBag from /home/airflow/.local/lib/python3.12/site-packages/airflow/example_dags/example_latest_only_with_trigger.py
[2024-04-14T18:55:01.409+0000] {processor.py:840} INFO - DAG(s) 'latest_only_with_trigger' retrieved from /home/airflow/.local/lib/python3.12/site-packages/airflow/example_dags/example_latest_only_with_trigger.py
[2024-04-14T18:55:01.432+0000] {logging_mixin.py:188} INFO - [2024-04-14T18:55:01.431+0000] {dag.py:3096} INFO - Sync 1 DAGs
[2024-04-14T18:55:01.454+0000] {logging_mixin.py:188} INFO - [2024-04-14T18:55:01.454+0000] {dag.py:3954} INFO - Setting next_dagrun for latest_only_with_trigger to 2024-04-14 12:00:00+00:00, run_after=2024-04-14 16:00:00+00:00
[2024-04-14T18:55:01.474+0000] {processor.py:183} INFO - Processing /home/airflow/.local/lib/python3.12/site-packages/airflow/example_dags/example_latest_only_with_trigger.py took 0.083 seconds
[2024-04-14T18:55:32.013+0000] {processor.py:161} INFO - Started process (PID=253) to work on /home/airflow/.local/lib/python3.12/site-packages/airflow/example_dags/example_latest_only_with_trigger.py
[2024-04-14T18:55:32.016+0000] {processor.py:830} INFO - Processing file /home/airflow/.local/lib/python3.12/site-packages/airflow/example_dags/example_latest_only_with_trigger.py for tasks to queue
[2024-04-14T18:55:32.020+0000] {logging_mixin.py:188} INFO - [2024-04-14T18:55:32.019+0000] {dagbag.py:540} INFO - Filling up the DagBag from /home/airflow/.local/lib/python3.12/site-packages/airflow/example_dags/example_latest_only_with_trigger.py
[2024-04-14T18:55:32.037+0000] {processor.py:840} INFO - DAG(s) 'latest_only_with_trigger' retrieved from /home/airflow/.local/lib/python3.12/site-packages/airflow/example_dags/example_latest_only_with_trigger.py
[2024-04-14T18:55:32.089+0000] {logging_mixin.py:188} INFO - [2024-04-14T18:55:32.088+0000] {dag.py:3096} INFO - Sync 1 DAGs
[2024-04-14T18:55:32.143+0000] {logging_mixin.py:188} INFO - [2024-04-14T18:55:32.143+0000] {dag.py:3954} INFO - Setting next_dagrun for latest_only_with_trigger to 2024-04-14 12:00:00+00:00, run_after=2024-04-14 16:00:00+00:00
[2024-04-14T18:55:32.193+0000] {processor.py:183} INFO - Processing /home/airflow/.local/lib/python3.12/site-packages/airflow/example_dags/example_latest_only_with_trigger.py took 0.196 seconds
[2024-04-14T18:56:05.682+0000] {processor.py:161} INFO - Started process (PID=313) to work on /home/airflow/.local/lib/python3.12/site-packages/airflow/example_dags/example_latest_only_with_trigger.py
[2024-04-14T18:56:05.684+0000] {processor.py:830} INFO - Processing file /home/airflow/.local/lib/python3.12/site-packages/airflow/example_dags/example_latest_only_with_trigger.py for tasks to queue
[2024-04-14T18:56:05.688+0000] {logging_mixin.py:188} INFO - [2024-04-14T18:56:05.687+0000] {dagbag.py:540} INFO - Filling up the DagBag from /home/airflow/.local/lib/python3.12/site-packages/airflow/example_dags/example_latest_only_with_trigger.py
[2024-04-14T18:56:05.701+0000] {processor.py:840} INFO - DAG(s) 'latest_only_with_trigger' retrieved from /home/airflow/.local/lib/python3.12/site-packages/airflow/example_dags/example_latest_only_with_trigger.py
[2024-04-14T18:56:05.766+0000] {logging_mixin.py:188} INFO - [2024-04-14T18:56:05.765+0000] {dag.py:3096} INFO - Sync 1 DAGs
[2024-04-14T18:56:05.847+0000] {logging_mixin.py:188} INFO - [2024-04-14T18:56:05.847+0000] {dag.py:3954} INFO - Setting next_dagrun for latest_only_with_trigger to 2024-04-14 12:00:00+00:00, run_after=2024-04-14 16:00:00+00:00
[2024-04-14T18:56:05.890+0000] {processor.py:183} INFO - Processing /home/airflow/.local/lib/python3.12/site-packages/airflow/example_dags/example_latest_only_with_trigger.py took 0.216 seconds
[2024-04-14T18:56:36.849+0000] {processor.py:161} INFO - Started process (PID=374) to work on /home/airflow/.local/lib/python3.12/site-packages/airflow/example_dags/example_latest_only_with_trigger.py
[2024-04-14T18:56:36.850+0000] {processor.py:830} INFO - Processing file /home/airflow/.local/lib/python3.12/site-packages/airflow/example_dags/example_latest_only_with_trigger.py for tasks to queue
[2024-04-14T18:56:36.852+0000] {logging_mixin.py:188} INFO - [2024-04-14T18:56:36.851+0000] {dagbag.py:540} INFO - Filling up the DagBag from /home/airflow/.local/lib/python3.12/site-packages/airflow/example_dags/example_latest_only_with_trigger.py
[2024-04-14T18:56:36.857+0000] {processor.py:840} INFO - DAG(s) 'latest_only_with_trigger' retrieved from /home/airflow/.local/lib/python3.12/site-packages/airflow/example_dags/example_latest_only_with_trigger.py
[2024-04-14T18:56:36.884+0000] {logging_mixin.py:188} INFO - [2024-04-14T18:56:36.883+0000] {dag.py:3096} INFO - Sync 1 DAGs
[2024-04-14T18:56:36.907+0000] {logging_mixin.py:188} INFO - [2024-04-14T18:56:36.907+0000] {dag.py:3954} INFO - Setting next_dagrun for latest_only_with_trigger to 2024-04-14 12:00:00+00:00, run_after=2024-04-14 16:00:00+00:00
[2024-04-14T18:56:36.934+0000] {processor.py:183} INFO - Processing /home/airflow/.local/lib/python3.12/site-packages/airflow/example_dags/example_latest_only_with_trigger.py took 0.092 seconds
[2024-04-14T18:57:07.412+0000] {processor.py:161} INFO - Started process (PID=434) to work on /home/airflow/.local/lib/python3.12/site-packages/airflow/example_dags/example_latest_only_with_trigger.py
[2024-04-14T18:57:07.413+0000] {processor.py:830} INFO - Processing file /home/airflow/.local/lib/python3.12/site-packages/airflow/example_dags/example_latest_only_with_trigger.py for tasks to queue
[2024-04-14T18:57:07.415+0000] {logging_mixin.py:188} INFO - [2024-04-14T18:57:07.414+0000] {dagbag.py:540} INFO - Filling up the DagBag from /home/airflow/.local/lib/python3.12/site-packages/airflow/example_dags/example_latest_only_with_trigger.py
[2024-04-14T18:57:07.420+0000] {processor.py:840} INFO - DAG(s) 'latest_only_with_trigger' retrieved from /home/airflow/.local/lib/python3.12/site-packages/airflow/example_dags/example_latest_only_with_trigger.py
[2024-04-14T18:57:07.440+0000] {logging_mixin.py:188} INFO - [2024-04-14T18:57:07.440+0000] {dag.py:3096} INFO - Sync 1 DAGs
[2024-04-14T18:57:07.461+0000] {logging_mixin.py:188} INFO - [2024-04-14T18:57:07.461+0000] {dag.py:3954} INFO - Setting next_dagrun for latest_only_with_trigger to 2024-04-14 12:00:00+00:00, run_after=2024-04-14 16:00:00+00:00
[2024-04-14T18:57:07.482+0000] {processor.py:183} INFO - Processing /home/airflow/.local/lib/python3.12/site-packages/airflow/example_dags/example_latest_only_with_trigger.py took 0.075 seconds
[2024-04-14T18:57:38.248+0000] {processor.py:161} INFO - Started process (PID=494) to work on /home/airflow/.local/lib/python3.12/site-packages/airflow/example_dags/example_latest_only_with_trigger.py
[2024-04-14T18:57:38.250+0000] {processor.py:830} INFO - Processing file /home/airflow/.local/lib/python3.12/site-packages/airflow/example_dags/example_latest_only_with_trigger.py for tasks to queue
[2024-04-14T18:57:38.251+0000] {logging_mixin.py:188} INFO - [2024-04-14T18:57:38.251+0000] {dagbag.py:540} INFO - Filling up the DagBag from /home/airflow/.local/lib/python3.12/site-packages/airflow/example_dags/example_latest_only_with_trigger.py
[2024-04-14T18:57:38.257+0000] {processor.py:840} INFO - DAG(s) 'latest_only_with_trigger' retrieved from /home/airflow/.local/lib/python3.12/site-packages/airflow/example_dags/example_latest_only_with_trigger.py
[2024-04-14T18:57:38.275+0000] {logging_mixin.py:188} INFO - [2024-04-14T18:57:38.275+0000] {dag.py:3096} INFO - Sync 1 DAGs
[2024-04-14T18:57:38.296+0000] {logging_mixin.py:188} INFO - [2024-04-14T18:57:38.296+0000] {dag.py:3954} INFO - Setting next_dagrun for latest_only_with_trigger to 2024-04-14 12:00:00+00:00, run_after=2024-04-14 16:00:00+00:00
[2024-04-14T18:57:38.316+0000] {processor.py:183} INFO - Processing /home/airflow/.local/lib/python3.12/site-packages/airflow/example_dags/example_latest_only_with_trigger.py took 0.072 seconds
[2024-04-14T18:58:08.834+0000] {processor.py:161} INFO - Started process (PID=555) to work on /home/airflow/.local/lib/python3.12/site-packages/airflow/example_dags/example_latest_only_with_trigger.py
[2024-04-14T18:58:08.835+0000] {processor.py:830} INFO - Processing file /home/airflow/.local/lib/python3.12/site-packages/airflow/example_dags/example_latest_only_with_trigger.py for tasks to queue
[2024-04-14T18:58:08.837+0000] {logging_mixin.py:188} INFO - [2024-04-14T18:58:08.836+0000] {dagbag.py:540} INFO - Filling up the DagBag from /home/airflow/.local/lib/python3.12/site-packages/airflow/example_dags/example_latest_only_with_trigger.py
[2024-04-14T18:58:08.842+0000] {processor.py:840} INFO - DAG(s) 'latest_only_with_trigger' retrieved from /home/airflow/.local/lib/python3.12/site-packages/airflow/example_dags/example_latest_only_with_trigger.py
[2024-04-14T18:58:08.864+0000] {logging_mixin.py:188} INFO - [2024-04-14T18:58:08.863+0000] {dag.py:3096} INFO - Sync 1 DAGs
[2024-04-14T18:58:08.888+0000] {logging_mixin.py:188} INFO - [2024-04-14T18:58:08.887+0000] {dag.py:3954} INFO - Setting next_dagrun for latest_only_with_trigger to 2024-04-14 12:00:00+00:00, run_after=2024-04-14 16:00:00+00:00
[2024-04-14T18:58:08.922+0000] {processor.py:183} INFO - Processing /home/airflow/.local/lib/python3.12/site-packages/airflow/example_dags/example_latest_only_with_trigger.py took 0.093 seconds
[2024-04-14T18:58:39.471+0000] {processor.py:161} INFO - Started process (PID=615) to work on /home/airflow/.local/lib/python3.12/site-packages/airflow/example_dags/example_latest_only_with_trigger.py
[2024-04-14T18:58:39.472+0000] {processor.py:830} INFO - Processing file /home/airflow/.local/lib/python3.12/site-packages/airflow/example_dags/example_latest_only_with_trigger.py for tasks to queue
[2024-04-14T18:58:39.474+0000] {logging_mixin.py:188} INFO - [2024-04-14T18:58:39.474+0000] {dagbag.py:540} INFO - Filling up the DagBag from /home/airflow/.local/lib/python3.12/site-packages/airflow/example_dags/example_latest_only_with_trigger.py
[2024-04-14T18:58:39.479+0000] {processor.py:840} INFO - DAG(s) 'latest_only_with_trigger' retrieved from /home/airflow/.local/lib/python3.12/site-packages/airflow/example_dags/example_latest_only_with_trigger.py
[2024-04-14T18:58:39.496+0000] {logging_mixin.py:188} INFO - [2024-04-14T18:58:39.496+0000] {dag.py:3096} INFO - Sync 1 DAGs
[2024-04-14T18:58:39.515+0000] {logging_mixin.py:188} INFO - [2024-04-14T18:58:39.515+0000] {dag.py:3954} INFO - Setting next_dagrun for latest_only_with_trigger to 2024-04-14 12:00:00+00:00, run_after=2024-04-14 16:00:00+00:00
[2024-04-14T18:58:39.535+0000] {processor.py:183} INFO - Processing /home/airflow/.local/lib/python3.12/site-packages/airflow/example_dags/example_latest_only_with_trigger.py took 0.069 seconds
[2024-04-14T18:59:09.807+0000] {processor.py:161} INFO - Started process (PID=675) to work on /home/airflow/.local/lib/python3.12/site-packages/airflow/example_dags/example_latest_only_with_trigger.py
[2024-04-14T18:59:09.808+0000] {processor.py:830} INFO - Processing file /home/airflow/.local/lib/python3.12/site-packages/airflow/example_dags/example_latest_only_with_trigger.py for tasks to queue
[2024-04-14T18:59:09.810+0000] {logging_mixin.py:188} INFO - [2024-04-14T18:59:09.810+0000] {dagbag.py:540} INFO - Filling up the DagBag from /home/airflow/.local/lib/python3.12/site-packages/airflow/example_dags/example_latest_only_with_trigger.py
[2024-04-14T18:59:09.815+0000] {processor.py:840} INFO - DAG(s) 'latest_only_with_trigger' retrieved from /home/airflow/.local/lib/python3.12/site-packages/airflow/example_dags/example_latest_only_with_trigger.py
[2024-04-14T18:59:09.833+0000] {logging_mixin.py:188} INFO - [2024-04-14T18:59:09.832+0000] {dag.py:3096} INFO - Sync 1 DAGs
[2024-04-14T18:59:09.852+0000] {logging_mixin.py:188} INFO - [2024-04-14T18:59:09.851+0000] {dag.py:3954} INFO - Setting next_dagrun for latest_only_with_trigger to 2024-04-14 12:00:00+00:00, run_after=2024-04-14 16:00:00+00:00
[2024-04-14T18:59:09.869+0000] {processor.py:183} INFO - Processing /home/airflow/.local/lib/python3.12/site-packages/airflow/example_dags/example_latest_only_with_trigger.py took 0.066 seconds
[2024-04-14T18:59:39.969+0000] {processor.py:161} INFO - Started process (PID=742) to work on /home/airflow/.local/lib/python3.12/site-packages/airflow/example_dags/example_latest_only_with_trigger.py
[2024-04-14T18:59:39.972+0000] {processor.py:830} INFO - Processing file /home/airflow/.local/lib/python3.12/site-packages/airflow/example_dags/example_latest_only_with_trigger.py for tasks to queue
[2024-04-14T18:59:39.974+0000] {logging_mixin.py:188} INFO - [2024-04-14T18:59:39.974+0000] {dagbag.py:540} INFO - Filling up the DagBag from /home/airflow/.local/lib/python3.12/site-packages/airflow/example_dags/example_latest_only_with_trigger.py
[2024-04-14T18:59:39.979+0000] {processor.py:840} INFO - DAG(s) 'latest_only_with_trigger' retrieved from /home/airflow/.local/lib/python3.12/site-packages/airflow/example_dags/example_latest_only_with_trigger.py
[2024-04-14T18:59:40.001+0000] {logging_mixin.py:188} INFO - [2024-04-14T18:59:40.001+0000] {dag.py:3096} INFO - Sync 1 DAGs
[2024-04-14T18:59:40.026+0000] {logging_mixin.py:188} INFO - [2024-04-14T18:59:40.025+0000] {dag.py:3954} INFO - Setting next_dagrun for latest_only_with_trigger to 2024-04-14 12:00:00+00:00, run_after=2024-04-14 16:00:00+00:00
[2024-04-14T18:59:40.048+0000] {processor.py:183} INFO - Processing /home/airflow/.local/lib/python3.12/site-packages/airflow/example_dags/example_latest_only_with_trigger.py took 0.084 seconds
[2024-04-14T19:00:10.173+0000] {processor.py:161} INFO - Started process (PID=802) to work on /home/airflow/.local/lib/python3.12/site-packages/airflow/example_dags/example_latest_only_with_trigger.py
[2024-04-14T19:00:10.174+0000] {processor.py:830} INFO - Processing file /home/airflow/.local/lib/python3.12/site-packages/airflow/example_dags/example_latest_only_with_trigger.py for tasks to queue
[2024-04-14T19:00:10.175+0000] {logging_mixin.py:188} INFO - [2024-04-14T19:00:10.175+0000] {dagbag.py:540} INFO - Filling up the DagBag from /home/airflow/.local/lib/python3.12/site-packages/airflow/example_dags/example_latest_only_with_trigger.py
[2024-04-14T19:00:10.180+0000] {processor.py:840} INFO - DAG(s) 'latest_only_with_trigger' retrieved from /home/airflow/.local/lib/python3.12/site-packages/airflow/example_dags/example_latest_only_with_trigger.py
[2024-04-14T19:00:10.198+0000] {logging_mixin.py:188} INFO - [2024-04-14T19:00:10.197+0000] {dag.py:3096} INFO - Sync 1 DAGs
[2024-04-14T19:00:10.216+0000] {logging_mixin.py:188} INFO - [2024-04-14T19:00:10.216+0000] {dag.py:3954} INFO - Setting next_dagrun for latest_only_with_trigger to 2024-04-14 12:00:00+00:00, run_after=2024-04-14 16:00:00+00:00
[2024-04-14T19:00:10.233+0000] {processor.py:183} INFO - Processing /home/airflow/.local/lib/python3.12/site-packages/airflow/example_dags/example_latest_only_with_trigger.py took 0.065 seconds
[2024-04-14T19:00:40.342+0000] {processor.py:161} INFO - Started process (PID=862) to work on /home/airflow/.local/lib/python3.12/site-packages/airflow/example_dags/example_latest_only_with_trigger.py
[2024-04-14T19:00:40.342+0000] {processor.py:830} INFO - Processing file /home/airflow/.local/lib/python3.12/site-packages/airflow/example_dags/example_latest_only_with_trigger.py for tasks to queue
[2024-04-14T19:00:40.344+0000] {logging_mixin.py:188} INFO - [2024-04-14T19:00:40.344+0000] {dagbag.py:540} INFO - Filling up the DagBag from /home/airflow/.local/lib/python3.12/site-packages/airflow/example_dags/example_latest_only_with_trigger.py
[2024-04-14T19:00:40.348+0000] {processor.py:840} INFO - DAG(s) 'latest_only_with_trigger' retrieved from /home/airflow/.local/lib/python3.12/site-packages/airflow/example_dags/example_latest_only_with_trigger.py
[2024-04-14T19:00:40.366+0000] {logging_mixin.py:188} INFO - [2024-04-14T19:00:40.365+0000] {dag.py:3096} INFO - Sync 1 DAGs
[2024-04-14T19:00:40.384+0000] {logging_mixin.py:188} INFO - [2024-04-14T19:00:40.384+0000] {dag.py:3954} INFO - Setting next_dagrun for latest_only_with_trigger to 2024-04-14 12:00:00+00:00, run_after=2024-04-14 16:00:00+00:00
[2024-04-14T19:00:40.402+0000] {processor.py:183} INFO - Processing /home/airflow/.local/lib/python3.12/site-packages/airflow/example_dags/example_latest_only_with_trigger.py took 0.065 seconds
[2024-04-14T19:01:10.955+0000] {processor.py:161} INFO - Started process (PID=926) to work on /home/airflow/.local/lib/python3.12/site-packages/airflow/example_dags/example_latest_only_with_trigger.py
[2024-04-14T19:01:10.956+0000] {processor.py:830} INFO - Processing file /home/airflow/.local/lib/python3.12/site-packages/airflow/example_dags/example_latest_only_with_trigger.py for tasks to queue
[2024-04-14T19:01:10.958+0000] {logging_mixin.py:188} INFO - [2024-04-14T19:01:10.957+0000] {dagbag.py:540} INFO - Filling up the DagBag from /home/airflow/.local/lib/python3.12/site-packages/airflow/example_dags/example_latest_only_with_trigger.py
[2024-04-14T19:01:10.962+0000] {processor.py:840} INFO - DAG(s) 'latest_only_with_trigger' retrieved from /home/airflow/.local/lib/python3.12/site-packages/airflow/example_dags/example_latest_only_with_trigger.py
[2024-04-14T19:01:10.980+0000] {logging_mixin.py:188} INFO - [2024-04-14T19:01:10.980+0000] {dag.py:3096} INFO - Sync 1 DAGs
[2024-04-14T19:01:10.998+0000] {logging_mixin.py:188} INFO - [2024-04-14T19:01:10.998+0000] {dag.py:3954} INFO - Setting next_dagrun for latest_only_with_trigger to 2024-04-14 12:00:00+00:00, run_after=2024-04-14 16:00:00+00:00
[2024-04-14T19:01:11.028+0000] {processor.py:183} INFO - Processing /home/airflow/.local/lib/python3.12/site-packages/airflow/example_dags/example_latest_only_with_trigger.py took 0.077 seconds
[2024-04-14T19:01:41.139+0000] {processor.py:161} INFO - Started process (PID=986) to work on /home/airflow/.local/lib/python3.12/site-packages/airflow/example_dags/example_latest_only_with_trigger.py
[2024-04-14T19:01:41.140+0000] {processor.py:830} INFO - Processing file /home/airflow/.local/lib/python3.12/site-packages/airflow/example_dags/example_latest_only_with_trigger.py for tasks to queue
[2024-04-14T19:01:41.141+0000] {logging_mixin.py:188} INFO - [2024-04-14T19:01:41.141+0000] {dagbag.py:540} INFO - Filling up the DagBag from /home/airflow/.local/lib/python3.12/site-packages/airflow/example_dags/example_latest_only_with_trigger.py
[2024-04-14T19:01:41.146+0000] {processor.py:840} INFO - DAG(s) 'latest_only_with_trigger' retrieved from /home/airflow/.local/lib/python3.12/site-packages/airflow/example_dags/example_latest_only_with_trigger.py
[2024-04-14T19:01:41.165+0000] {logging_mixin.py:188} INFO - [2024-04-14T19:01:41.164+0000] {dag.py:3096} INFO - Sync 1 DAGs
[2024-04-14T19:01:41.184+0000] {logging_mixin.py:188} INFO - [2024-04-14T19:01:41.184+0000] {dag.py:3954} INFO - Setting next_dagrun for latest_only_with_trigger to 2024-04-14 12:00:00+00:00, run_after=2024-04-14 16:00:00+00:00
[2024-04-14T19:01:41.205+0000] {processor.py:183} INFO - Processing /home/airflow/.local/lib/python3.12/site-packages/airflow/example_dags/example_latest_only_with_trigger.py took 0.071 seconds
[2024-04-14T19:02:11.764+0000] {processor.py:161} INFO - Started process (PID=1046) to work on /home/airflow/.local/lib/python3.12/site-packages/airflow/example_dags/example_latest_only_with_trigger.py
[2024-04-14T19:02:11.765+0000] {processor.py:830} INFO - Processing file /home/airflow/.local/lib/python3.12/site-packages/airflow/example_dags/example_latest_only_with_trigger.py for tasks to queue
[2024-04-14T19:02:11.766+0000] {logging_mixin.py:188} INFO - [2024-04-14T19:02:11.766+0000] {dagbag.py:540} INFO - Filling up the DagBag from /home/airflow/.local/lib/python3.12/site-packages/airflow/example_dags/example_latest_only_with_trigger.py
[2024-04-14T19:02:11.771+0000] {processor.py:840} INFO - DAG(s) 'latest_only_with_trigger' retrieved from /home/airflow/.local/lib/python3.12/site-packages/airflow/example_dags/example_latest_only_with_trigger.py
[2024-04-14T19:02:11.788+0000] {logging_mixin.py:188} INFO - [2024-04-14T19:02:11.788+0000] {dag.py:3096} INFO - Sync 1 DAGs
[2024-04-14T19:02:11.807+0000] {logging_mixin.py:188} INFO - [2024-04-14T19:02:11.806+0000] {dag.py:3954} INFO - Setting next_dagrun for latest_only_with_trigger to 2024-04-14 12:00:00+00:00, run_after=2024-04-14 16:00:00+00:00
[2024-04-14T19:02:11.823+0000] {processor.py:183} INFO - Processing /home/airflow/.local/lib/python3.12/site-packages/airflow/example_dags/example_latest_only_with_trigger.py took 0.064 seconds
[2024-04-14T19:02:42.437+0000] {processor.py:161} INFO - Started process (PID=1106) to work on /home/airflow/.local/lib/python3.12/site-packages/airflow/example_dags/example_latest_only_with_trigger.py
[2024-04-14T19:02:42.438+0000] {processor.py:830} INFO - Processing file /home/airflow/.local/lib/python3.12/site-packages/airflow/example_dags/example_latest_only_with_trigger.py for tasks to queue
[2024-04-14T19:02:42.439+0000] {logging_mixin.py:188} INFO - [2024-04-14T19:02:42.439+0000] {dagbag.py:540} INFO - Filling up the DagBag from /home/airflow/.local/lib/python3.12/site-packages/airflow/example_dags/example_latest_only_with_trigger.py
[2024-04-14T19:02:42.444+0000] {processor.py:840} INFO - DAG(s) 'latest_only_with_trigger' retrieved from /home/airflow/.local/lib/python3.12/site-packages/airflow/example_dags/example_latest_only_with_trigger.py
[2024-04-14T19:02:42.463+0000] {logging_mixin.py:188} INFO - [2024-04-14T19:02:42.462+0000] {dag.py:3096} INFO - Sync 1 DAGs
[2024-04-14T19:02:42.482+0000] {logging_mixin.py:188} INFO - [2024-04-14T19:02:42.482+0000] {dag.py:3954} INFO - Setting next_dagrun for latest_only_with_trigger to 2024-04-14 12:00:00+00:00, run_after=2024-04-14 16:00:00+00:00
[2024-04-14T19:02:42.499+0000] {processor.py:183} INFO - Processing /home/airflow/.local/lib/python3.12/site-packages/airflow/example_dags/example_latest_only_with_trigger.py took 0.068 seconds
[2024-04-14T19:03:13.120+0000] {processor.py:161} INFO - Started process (PID=1166) to work on /home/airflow/.local/lib/python3.12/site-packages/airflow/example_dags/example_latest_only_with_trigger.py
[2024-04-14T19:03:13.121+0000] {processor.py:830} INFO - Processing file /home/airflow/.local/lib/python3.12/site-packages/airflow/example_dags/example_latest_only_with_trigger.py for tasks to queue
[2024-04-14T19:03:13.123+0000] {logging_mixin.py:188} INFO - [2024-04-14T19:03:13.122+0000] {dagbag.py:540} INFO - Filling up the DagBag from /home/airflow/.local/lib/python3.12/site-packages/airflow/example_dags/example_latest_only_with_trigger.py
[2024-04-14T19:03:13.127+0000] {processor.py:840} INFO - DAG(s) 'latest_only_with_trigger' retrieved from /home/airflow/.local/lib/python3.12/site-packages/airflow/example_dags/example_latest_only_with_trigger.py
[2024-04-14T19:03:13.149+0000] {logging_mixin.py:188} INFO - [2024-04-14T19:03:13.149+0000] {dag.py:3096} INFO - Sync 1 DAGs
[2024-04-14T19:03:13.169+0000] {logging_mixin.py:188} INFO - [2024-04-14T19:03:13.169+0000] {dag.py:3954} INFO - Setting next_dagrun for latest_only_with_trigger to 2024-04-14 12:00:00+00:00, run_after=2024-04-14 16:00:00+00:00
[2024-04-14T19:03:13.188+0000] {processor.py:183} INFO - Processing /home/airflow/.local/lib/python3.12/site-packages/airflow/example_dags/example_latest_only_with_trigger.py took 0.073 seconds
[2024-04-14T19:03:43.997+0000] {processor.py:161} INFO - Started process (PID=1227) to work on /home/airflow/.local/lib/python3.12/site-packages/airflow/example_dags/example_latest_only_with_trigger.py
[2024-04-14T19:03:43.998+0000] {processor.py:830} INFO - Processing file /home/airflow/.local/lib/python3.12/site-packages/airflow/example_dags/example_latest_only_with_trigger.py for tasks to queue
[2024-04-14T19:03:44.000+0000] {logging_mixin.py:188} INFO - [2024-04-14T19:03:43.999+0000] {dagbag.py:540} INFO - Filling up the DagBag from /home/airflow/.local/lib/python3.12/site-packages/airflow/example_dags/example_latest_only_with_trigger.py
[2024-04-14T19:03:44.006+0000] {processor.py:840} INFO - DAG(s) 'latest_only_with_trigger' retrieved from /home/airflow/.local/lib/python3.12/site-packages/airflow/example_dags/example_latest_only_with_trigger.py
[2024-04-14T19:03:44.027+0000] {logging_mixin.py:188} INFO - [2024-04-14T19:03:44.026+0000] {dag.py:3096} INFO - Sync 1 DAGs
[2024-04-14T19:03:44.049+0000] {logging_mixin.py:188} INFO - [2024-04-14T19:03:44.049+0000] {dag.py:3954} INFO - Setting next_dagrun for latest_only_with_trigger to 2024-04-14 12:00:00+00:00, run_after=2024-04-14 16:00:00+00:00
[2024-04-14T19:03:44.234+0000] {processor.py:183} INFO - Processing /home/airflow/.local/lib/python3.12/site-packages/airflow/example_dags/example_latest_only_with_trigger.py took 0.242 seconds
[2024-04-14T19:04:14.575+0000] {processor.py:161} INFO - Started process (PID=1287) to work on /home/airflow/.local/lib/python3.12/site-packages/airflow/example_dags/example_latest_only_with_trigger.py
[2024-04-14T19:04:14.576+0000] {processor.py:830} INFO - Processing file /home/airflow/.local/lib/python3.12/site-packages/airflow/example_dags/example_latest_only_with_trigger.py for tasks to queue
[2024-04-14T19:04:14.578+0000] {logging_mixin.py:188} INFO - [2024-04-14T19:04:14.578+0000] {dagbag.py:540} INFO - Filling up the DagBag from /home/airflow/.local/lib/python3.12/site-packages/airflow/example_dags/example_latest_only_with_trigger.py
[2024-04-14T19:04:14.584+0000] {processor.py:840} INFO - DAG(s) 'latest_only_with_trigger' retrieved from /home/airflow/.local/lib/python3.12/site-packages/airflow/example_dags/example_latest_only_with_trigger.py
[2024-04-14T19:04:14.605+0000] {logging_mixin.py:188} INFO - [2024-04-14T19:04:14.604+0000] {dag.py:3096} INFO - Sync 1 DAGs
[2024-04-14T19:04:14.625+0000] {logging_mixin.py:188} INFO - [2024-04-14T19:04:14.624+0000] {dag.py:3954} INFO - Setting next_dagrun for latest_only_with_trigger to 2024-04-14 12:00:00+00:00, run_after=2024-04-14 16:00:00+00:00
[2024-04-14T19:04:14.644+0000] {processor.py:183} INFO - Processing /home/airflow/.local/lib/python3.12/site-packages/airflow/example_dags/example_latest_only_with_trigger.py took 0.073 seconds
[2024-04-14T19:04:44.800+0000] {processor.py:161} INFO - Started process (PID=1347) to work on /home/airflow/.local/lib/python3.12/site-packages/airflow/example_dags/example_latest_only_with_trigger.py
[2024-04-14T19:04:44.801+0000] {processor.py:830} INFO - Processing file /home/airflow/.local/lib/python3.12/site-packages/airflow/example_dags/example_latest_only_with_trigger.py for tasks to queue
[2024-04-14T19:04:44.802+0000] {logging_mixin.py:188} INFO - [2024-04-14T19:04:44.802+0000] {dagbag.py:540} INFO - Filling up the DagBag from /home/airflow/.local/lib/python3.12/site-packages/airflow/example_dags/example_latest_only_with_trigger.py
[2024-04-14T19:04:44.807+0000] {processor.py:840} INFO - DAG(s) 'latest_only_with_trigger' retrieved from /home/airflow/.local/lib/python3.12/site-packages/airflow/example_dags/example_latest_only_with_trigger.py
[2024-04-14T19:04:44.825+0000] {logging_mixin.py:188} INFO - [2024-04-14T19:04:44.825+0000] {dag.py:3096} INFO - Sync 1 DAGs
[2024-04-14T19:04:44.843+0000] {logging_mixin.py:188} INFO - [2024-04-14T19:04:44.843+0000] {dag.py:3954} INFO - Setting next_dagrun for latest_only_with_trigger to 2024-04-14 12:00:00+00:00, run_after=2024-04-14 16:00:00+00:00
[2024-04-14T19:04:44.863+0000] {processor.py:183} INFO - Processing /home/airflow/.local/lib/python3.12/site-packages/airflow/example_dags/example_latest_only_with_trigger.py took 0.067 seconds
[2024-04-14T19:05:15.325+0000] {processor.py:161} INFO - Started process (PID=1407) to work on /home/airflow/.local/lib/python3.12/site-packages/airflow/example_dags/example_latest_only_with_trigger.py
[2024-04-14T19:05:15.326+0000] {processor.py:830} INFO - Processing file /home/airflow/.local/lib/python3.12/site-packages/airflow/example_dags/example_latest_only_with_trigger.py for tasks to queue
[2024-04-14T19:05:15.327+0000] {logging_mixin.py:188} INFO - [2024-04-14T19:05:15.327+0000] {dagbag.py:540} INFO - Filling up the DagBag from /home/airflow/.local/lib/python3.12/site-packages/airflow/example_dags/example_latest_only_with_trigger.py
[2024-04-14T19:05:15.333+0000] {processor.py:840} INFO - DAG(s) 'latest_only_with_trigger' retrieved from /home/airflow/.local/lib/python3.12/site-packages/airflow/example_dags/example_latest_only_with_trigger.py
[2024-04-14T19:05:15.353+0000] {logging_mixin.py:188} INFO - [2024-04-14T19:05:15.353+0000] {dag.py:3096} INFO - Sync 1 DAGs
[2024-04-14T19:05:15.372+0000] {logging_mixin.py:188} INFO - [2024-04-14T19:05:15.372+0000] {dag.py:3954} INFO - Setting next_dagrun for latest_only_with_trigger to 2024-04-14 12:00:00+00:00, run_after=2024-04-14 16:00:00+00:00
[2024-04-14T19:05:15.391+0000] {processor.py:183} INFO - Processing /home/airflow/.local/lib/python3.12/site-packages/airflow/example_dags/example_latest_only_with_trigger.py took 0.071 seconds
[2024-04-14T19:05:46.376+0000] {processor.py:161} INFO - Started process (PID=1467) to work on /home/airflow/.local/lib/python3.12/site-packages/airflow/example_dags/example_latest_only_with_trigger.py
[2024-04-14T19:05:46.377+0000] {processor.py:830} INFO - Processing file /home/airflow/.local/lib/python3.12/site-packages/airflow/example_dags/example_latest_only_with_trigger.py for tasks to queue
[2024-04-14T19:05:46.378+0000] {logging_mixin.py:188} INFO - [2024-04-14T19:05:46.378+0000] {dagbag.py:540} INFO - Filling up the DagBag from /home/airflow/.local/lib/python3.12/site-packages/airflow/example_dags/example_latest_only_with_trigger.py
[2024-04-14T19:05:46.383+0000] {processor.py:840} INFO - DAG(s) 'latest_only_with_trigger' retrieved from /home/airflow/.local/lib/python3.12/site-packages/airflow/example_dags/example_latest_only_with_trigger.py
[2024-04-14T19:05:46.559+0000] {logging_mixin.py:188} INFO - [2024-04-14T19:05:46.559+0000] {dag.py:3096} INFO - Sync 1 DAGs
[2024-04-14T19:05:46.575+0000] {logging_mixin.py:188} INFO - [2024-04-14T19:05:46.575+0000] {dag.py:3954} INFO - Setting next_dagrun for latest_only_with_trigger to 2024-04-14 12:00:00+00:00, run_after=2024-04-14 16:00:00+00:00
[2024-04-14T19:05:46.592+0000] {processor.py:183} INFO - Processing /home/airflow/.local/lib/python3.12/site-packages/airflow/example_dags/example_latest_only_with_trigger.py took 0.220 seconds
[2024-04-14T19:06:17.219+0000] {processor.py:161} INFO - Started process (PID=1527) to work on /home/airflow/.local/lib/python3.12/site-packages/airflow/example_dags/example_latest_only_with_trigger.py
[2024-04-14T19:06:17.220+0000] {processor.py:830} INFO - Processing file /home/airflow/.local/lib/python3.12/site-packages/airflow/example_dags/example_latest_only_with_trigger.py for tasks to queue
[2024-04-14T19:06:17.222+0000] {logging_mixin.py:188} INFO - [2024-04-14T19:06:17.221+0000] {dagbag.py:540} INFO - Filling up the DagBag from /home/airflow/.local/lib/python3.12/site-packages/airflow/example_dags/example_latest_only_with_trigger.py
[2024-04-14T19:06:17.227+0000] {processor.py:840} INFO - DAG(s) 'latest_only_with_trigger' retrieved from /home/airflow/.local/lib/python3.12/site-packages/airflow/example_dags/example_latest_only_with_trigger.py
[2024-04-14T19:06:17.245+0000] {logging_mixin.py:188} INFO - [2024-04-14T19:06:17.245+0000] {dag.py:3096} INFO - Sync 1 DAGs
[2024-04-14T19:06:17.268+0000] {logging_mixin.py:188} INFO - [2024-04-14T19:06:17.267+0000] {dag.py:3954} INFO - Setting next_dagrun for latest_only_with_trigger to 2024-04-14 12:00:00+00:00, run_after=2024-04-14 16:00:00+00:00
[2024-04-14T19:06:17.289+0000] {processor.py:183} INFO - Processing /home/airflow/.local/lib/python3.12/site-packages/airflow/example_dags/example_latest_only_with_trigger.py took 0.076 seconds
[2024-04-14T19:06:47.826+0000] {processor.py:161} INFO - Started process (PID=1587) to work on /home/airflow/.local/lib/python3.12/site-packages/airflow/example_dags/example_latest_only_with_trigger.py
[2024-04-14T19:06:47.826+0000] {processor.py:830} INFO - Processing file /home/airflow/.local/lib/python3.12/site-packages/airflow/example_dags/example_latest_only_with_trigger.py for tasks to queue
[2024-04-14T19:06:47.828+0000] {logging_mixin.py:188} INFO - [2024-04-14T19:06:47.828+0000] {dagbag.py:540} INFO - Filling up the DagBag from /home/airflow/.local/lib/python3.12/site-packages/airflow/example_dags/example_latest_only_with_trigger.py
[2024-04-14T19:06:47.832+0000] {processor.py:840} INFO - DAG(s) 'latest_only_with_trigger' retrieved from /home/airflow/.local/lib/python3.12/site-packages/airflow/example_dags/example_latest_only_with_trigger.py
[2024-04-14T19:06:47.851+0000] {logging_mixin.py:188} INFO - [2024-04-14T19:06:47.851+0000] {dag.py:3096} INFO - Sync 1 DAGs
[2024-04-14T19:06:47.869+0000] {logging_mixin.py:188} INFO - [2024-04-14T19:06:47.869+0000] {dag.py:3954} INFO - Setting next_dagrun for latest_only_with_trigger to 2024-04-14 12:00:00+00:00, run_after=2024-04-14 16:00:00+00:00
[2024-04-14T19:06:47.891+0000] {processor.py:183} INFO - Processing /home/airflow/.local/lib/python3.12/site-packages/airflow/example_dags/example_latest_only_with_trigger.py took 0.070 seconds
[2024-04-14T19:07:18.290+0000] {processor.py:161} INFO - Started process (PID=1647) to work on /home/airflow/.local/lib/python3.12/site-packages/airflow/example_dags/example_latest_only_with_trigger.py
[2024-04-14T19:07:18.290+0000] {processor.py:830} INFO - Processing file /home/airflow/.local/lib/python3.12/site-packages/airflow/example_dags/example_latest_only_with_trigger.py for tasks to queue
[2024-04-14T19:07:18.292+0000] {logging_mixin.py:188} INFO - [2024-04-14T19:07:18.292+0000] {dagbag.py:540} INFO - Filling up the DagBag from /home/airflow/.local/lib/python3.12/site-packages/airflow/example_dags/example_latest_only_with_trigger.py
[2024-04-14T19:07:18.296+0000] {processor.py:840} INFO - DAG(s) 'latest_only_with_trigger' retrieved from /home/airflow/.local/lib/python3.12/site-packages/airflow/example_dags/example_latest_only_with_trigger.py
[2024-04-14T19:07:18.316+0000] {logging_mixin.py:188} INFO - [2024-04-14T19:07:18.316+0000] {dag.py:3096} INFO - Sync 1 DAGs
[2024-04-14T19:07:18.338+0000] {logging_mixin.py:188} INFO - [2024-04-14T19:07:18.337+0000] {dag.py:3954} INFO - Setting next_dagrun for latest_only_with_trigger to 2024-04-14 12:00:00+00:00, run_after=2024-04-14 16:00:00+00:00
[2024-04-14T19:07:18.362+0000] {processor.py:183} INFO - Processing /home/airflow/.local/lib/python3.12/site-packages/airflow/example_dags/example_latest_only_with_trigger.py took 0.077 seconds
[2024-04-14T19:07:49.007+0000] {processor.py:161} INFO - Started process (PID=1709) to work on /home/airflow/.local/lib/python3.12/site-packages/airflow/example_dags/example_latest_only_with_trigger.py
[2024-04-14T19:07:49.008+0000] {processor.py:830} INFO - Processing file /home/airflow/.local/lib/python3.12/site-packages/airflow/example_dags/example_latest_only_with_trigger.py for tasks to queue
[2024-04-14T19:07:49.009+0000] {logging_mixin.py:188} INFO - [2024-04-14T19:07:49.009+0000] {dagbag.py:540} INFO - Filling up the DagBag from /home/airflow/.local/lib/python3.12/site-packages/airflow/example_dags/example_latest_only_with_trigger.py
[2024-04-14T19:07:49.014+0000] {processor.py:840} INFO - DAG(s) 'latest_only_with_trigger' retrieved from /home/airflow/.local/lib/python3.12/site-packages/airflow/example_dags/example_latest_only_with_trigger.py
[2024-04-14T19:07:49.034+0000] {logging_mixin.py:188} INFO - [2024-04-14T19:07:49.033+0000] {dag.py:3096} INFO - Sync 1 DAGs
[2024-04-14T19:07:49.052+0000] {logging_mixin.py:188} INFO - [2024-04-14T19:07:49.052+0000] {dag.py:3954} INFO - Setting next_dagrun for latest_only_with_trigger to 2024-04-14 12:00:00+00:00, run_after=2024-04-14 16:00:00+00:00
[2024-04-14T19:07:49.071+0000] {processor.py:183} INFO - Processing /home/airflow/.local/lib/python3.12/site-packages/airflow/example_dags/example_latest_only_with_trigger.py took 0.069 seconds
[2024-04-14T19:08:19.266+0000] {processor.py:161} INFO - Started process (PID=1771) to work on /home/airflow/.local/lib/python3.12/site-packages/airflow/example_dags/example_latest_only_with_trigger.py
[2024-04-14T19:08:19.267+0000] {processor.py:830} INFO - Processing file /home/airflow/.local/lib/python3.12/site-packages/airflow/example_dags/example_latest_only_with_trigger.py for tasks to queue
[2024-04-14T19:08:19.269+0000] {logging_mixin.py:188} INFO - [2024-04-14T19:08:19.269+0000] {dagbag.py:540} INFO - Filling up the DagBag from /home/airflow/.local/lib/python3.12/site-packages/airflow/example_dags/example_latest_only_with_trigger.py
[2024-04-14T19:08:19.273+0000] {processor.py:840} INFO - DAG(s) 'latest_only_with_trigger' retrieved from /home/airflow/.local/lib/python3.12/site-packages/airflow/example_dags/example_latest_only_with_trigger.py
[2024-04-14T19:08:19.292+0000] {logging_mixin.py:188} INFO - [2024-04-14T19:08:19.292+0000] {dag.py:3096} INFO - Sync 1 DAGs
[2024-04-14T19:08:19.311+0000] {logging_mixin.py:188} INFO - [2024-04-14T19:08:19.311+0000] {dag.py:3954} INFO - Setting next_dagrun for latest_only_with_trigger to 2024-04-14 12:00:00+00:00, run_after=2024-04-14 16:00:00+00:00
[2024-04-14T19:08:19.328+0000] {processor.py:183} INFO - Processing /home/airflow/.local/lib/python3.12/site-packages/airflow/example_dags/example_latest_only_with_trigger.py took 0.068 seconds
[2024-04-14T19:08:49.646+0000] {processor.py:161} INFO - Started process (PID=1831) to work on /home/airflow/.local/lib/python3.12/site-packages/airflow/example_dags/example_latest_only_with_trigger.py
[2024-04-14T19:08:49.647+0000] {processor.py:830} INFO - Processing file /home/airflow/.local/lib/python3.12/site-packages/airflow/example_dags/example_latest_only_with_trigger.py for tasks to queue
[2024-04-14T19:08:49.649+0000] {logging_mixin.py:188} INFO - [2024-04-14T19:08:49.649+0000] {dagbag.py:540} INFO - Filling up the DagBag from /home/airflow/.local/lib/python3.12/site-packages/airflow/example_dags/example_latest_only_with_trigger.py
[2024-04-14T19:08:49.654+0000] {processor.py:840} INFO - DAG(s) 'latest_only_with_trigger' retrieved from /home/airflow/.local/lib/python3.12/site-packages/airflow/example_dags/example_latest_only_with_trigger.py
[2024-04-14T19:08:49.673+0000] {logging_mixin.py:188} INFO - [2024-04-14T19:08:49.673+0000] {dag.py:3096} INFO - Sync 1 DAGs
[2024-04-14T19:08:49.694+0000] {logging_mixin.py:188} INFO - [2024-04-14T19:08:49.694+0000] {dag.py:3954} INFO - Setting next_dagrun for latest_only_with_trigger to 2024-04-14 12:00:00+00:00, run_after=2024-04-14 16:00:00+00:00
[2024-04-14T19:08:49.720+0000] {processor.py:183} INFO - Processing /home/airflow/.local/lib/python3.12/site-packages/airflow/example_dags/example_latest_only_with_trigger.py took 0.079 seconds
[2024-04-14T19:09:19.825+0000] {processor.py:161} INFO - Started process (PID=1893) to work on /home/airflow/.local/lib/python3.12/site-packages/airflow/example_dags/example_latest_only_with_trigger.py
[2024-04-14T19:09:19.826+0000] {processor.py:830} INFO - Processing file /home/airflow/.local/lib/python3.12/site-packages/airflow/example_dags/example_latest_only_with_trigger.py for tasks to queue
[2024-04-14T19:09:19.828+0000] {logging_mixin.py:188} INFO - [2024-04-14T19:09:19.827+0000] {dagbag.py:540} INFO - Filling up the DagBag from /home/airflow/.local/lib/python3.12/site-packages/airflow/example_dags/example_latest_only_with_trigger.py
[2024-04-14T19:09:19.832+0000] {processor.py:840} INFO - DAG(s) 'latest_only_with_trigger' retrieved from /home/airflow/.local/lib/python3.12/site-packages/airflow/example_dags/example_latest_only_with_trigger.py
[2024-04-14T19:09:19.849+0000] {logging_mixin.py:188} INFO - [2024-04-14T19:09:19.849+0000] {dag.py:3096} INFO - Sync 1 DAGs
[2024-04-14T19:09:19.867+0000] {logging_mixin.py:188} INFO - [2024-04-14T19:09:19.866+0000] {dag.py:3954} INFO - Setting next_dagrun for latest_only_with_trigger to 2024-04-14 12:00:00+00:00, run_after=2024-04-14 16:00:00+00:00
[2024-04-14T19:09:19.882+0000] {processor.py:183} INFO - Processing /home/airflow/.local/lib/python3.12/site-packages/airflow/example_dags/example_latest_only_with_trigger.py took 0.062 seconds
[2024-04-14T19:09:50.140+0000] {processor.py:161} INFO - Started process (PID=1953) to work on /home/airflow/.local/lib/python3.12/site-packages/airflow/example_dags/example_latest_only_with_trigger.py
[2024-04-14T19:09:50.141+0000] {processor.py:830} INFO - Processing file /home/airflow/.local/lib/python3.12/site-packages/airflow/example_dags/example_latest_only_with_trigger.py for tasks to queue
[2024-04-14T19:09:50.142+0000] {logging_mixin.py:188} INFO - [2024-04-14T19:09:50.142+0000] {dagbag.py:540} INFO - Filling up the DagBag from /home/airflow/.local/lib/python3.12/site-packages/airflow/example_dags/example_latest_only_with_trigger.py
[2024-04-14T19:09:50.146+0000] {processor.py:840} INFO - DAG(s) 'latest_only_with_trigger' retrieved from /home/airflow/.local/lib/python3.12/site-packages/airflow/example_dags/example_latest_only_with_trigger.py
[2024-04-14T19:09:50.165+0000] {logging_mixin.py:188} INFO - [2024-04-14T19:09:50.164+0000] {dag.py:3096} INFO - Sync 1 DAGs
[2024-04-14T19:09:50.183+0000] {logging_mixin.py:188} INFO - [2024-04-14T19:09:50.182+0000] {dag.py:3954} INFO - Setting next_dagrun for latest_only_with_trigger to 2024-04-14 12:00:00+00:00, run_after=2024-04-14 16:00:00+00:00
[2024-04-14T19:09:50.203+0000] {processor.py:183} INFO - Processing /home/airflow/.local/lib/python3.12/site-packages/airflow/example_dags/example_latest_only_with_trigger.py took 0.067 seconds
[2024-04-14T19:10:20.251+0000] {processor.py:161} INFO - Started process (PID=2017) to work on /home/airflow/.local/lib/python3.12/site-packages/airflow/example_dags/example_latest_only_with_trigger.py
[2024-04-14T19:10:20.252+0000] {processor.py:830} INFO - Processing file /home/airflow/.local/lib/python3.12/site-packages/airflow/example_dags/example_latest_only_with_trigger.py for tasks to queue
[2024-04-14T19:10:20.253+0000] {logging_mixin.py:188} INFO - [2024-04-14T19:10:20.253+0000] {dagbag.py:540} INFO - Filling up the DagBag from /home/airflow/.local/lib/python3.12/site-packages/airflow/example_dags/example_latest_only_with_trigger.py
[2024-04-14T19:10:20.257+0000] {processor.py:840} INFO - DAG(s) 'latest_only_with_trigger' retrieved from /home/airflow/.local/lib/python3.12/site-packages/airflow/example_dags/example_latest_only_with_trigger.py
[2024-04-14T19:10:20.275+0000] {logging_mixin.py:188} INFO - [2024-04-14T19:10:20.274+0000] {dag.py:3096} INFO - Sync 1 DAGs
[2024-04-14T19:10:20.292+0000] {logging_mixin.py:188} INFO - [2024-04-14T19:10:20.292+0000] {dag.py:3954} INFO - Setting next_dagrun for latest_only_with_trigger to 2024-04-14 12:00:00+00:00, run_after=2024-04-14 16:00:00+00:00
[2024-04-14T19:10:20.308+0000] {processor.py:183} INFO - Processing /home/airflow/.local/lib/python3.12/site-packages/airflow/example_dags/example_latest_only_with_trigger.py took 0.061 seconds
[2024-04-14T19:10:50.640+0000] {processor.py:161} INFO - Started process (PID=2077) to work on /home/airflow/.local/lib/python3.12/site-packages/airflow/example_dags/example_latest_only_with_trigger.py
[2024-04-14T19:10:50.641+0000] {processor.py:830} INFO - Processing file /home/airflow/.local/lib/python3.12/site-packages/airflow/example_dags/example_latest_only_with_trigger.py for tasks to queue
[2024-04-14T19:10:50.643+0000] {logging_mixin.py:188} INFO - [2024-04-14T19:10:50.643+0000] {dagbag.py:540} INFO - Filling up the DagBag from /home/airflow/.local/lib/python3.12/site-packages/airflow/example_dags/example_latest_only_with_trigger.py
[2024-04-14T19:10:50.647+0000] {processor.py:840} INFO - DAG(s) 'latest_only_with_trigger' retrieved from /home/airflow/.local/lib/python3.12/site-packages/airflow/example_dags/example_latest_only_with_trigger.py
[2024-04-14T19:10:50.668+0000] {logging_mixin.py:188} INFO - [2024-04-14T19:10:50.668+0000] {dag.py:3096} INFO - Sync 1 DAGs
[2024-04-14T19:10:50.689+0000] {logging_mixin.py:188} INFO - [2024-04-14T19:10:50.688+0000] {dag.py:3954} INFO - Setting next_dagrun for latest_only_with_trigger to 2024-04-14 12:00:00+00:00, run_after=2024-04-14 16:00:00+00:00
[2024-04-14T19:10:50.708+0000] {processor.py:183} INFO - Processing /home/airflow/.local/lib/python3.12/site-packages/airflow/example_dags/example_latest_only_with_trigger.py took 0.073 seconds
[2024-04-14T19:11:20.807+0000] {processor.py:161} INFO - Started process (PID=2137) to work on /home/airflow/.local/lib/python3.12/site-packages/airflow/example_dags/example_latest_only_with_trigger.py
[2024-04-14T19:11:20.808+0000] {processor.py:830} INFO - Processing file /home/airflow/.local/lib/python3.12/site-packages/airflow/example_dags/example_latest_only_with_trigger.py for tasks to queue
[2024-04-14T19:11:20.809+0000] {logging_mixin.py:188} INFO - [2024-04-14T19:11:20.809+0000] {dagbag.py:540} INFO - Filling up the DagBag from /home/airflow/.local/lib/python3.12/site-packages/airflow/example_dags/example_latest_only_with_trigger.py
[2024-04-14T19:11:20.814+0000] {processor.py:840} INFO - DAG(s) 'latest_only_with_trigger' retrieved from /home/airflow/.local/lib/python3.12/site-packages/airflow/example_dags/example_latest_only_with_trigger.py
[2024-04-14T19:11:20.833+0000] {logging_mixin.py:188} INFO - [2024-04-14T19:11:20.832+0000] {dag.py:3096} INFO - Sync 1 DAGs
[2024-04-14T19:11:20.851+0000] {logging_mixin.py:188} INFO - [2024-04-14T19:11:20.851+0000] {dag.py:3954} INFO - Setting next_dagrun for latest_only_with_trigger to 2024-04-14 12:00:00+00:00, run_after=2024-04-14 16:00:00+00:00
[2024-04-14T19:11:20.871+0000] {processor.py:183} INFO - Processing /home/airflow/.local/lib/python3.12/site-packages/airflow/example_dags/example_latest_only_with_trigger.py took 0.068 seconds
[2024-04-14T19:11:51.029+0000] {processor.py:161} INFO - Started process (PID=2201) to work on /home/airflow/.local/lib/python3.12/site-packages/airflow/example_dags/example_latest_only_with_trigger.py
[2024-04-14T19:11:51.030+0000] {processor.py:830} INFO - Processing file /home/airflow/.local/lib/python3.12/site-packages/airflow/example_dags/example_latest_only_with_trigger.py for tasks to queue
[2024-04-14T19:11:51.031+0000] {logging_mixin.py:188} INFO - [2024-04-14T19:11:51.031+0000] {dagbag.py:540} INFO - Filling up the DagBag from /home/airflow/.local/lib/python3.12/site-packages/airflow/example_dags/example_latest_only_with_trigger.py
[2024-04-14T19:11:51.036+0000] {processor.py:840} INFO - DAG(s) 'latest_only_with_trigger' retrieved from /home/airflow/.local/lib/python3.12/site-packages/airflow/example_dags/example_latest_only_with_trigger.py
[2024-04-14T19:11:51.053+0000] {logging_mixin.py:188} INFO - [2024-04-14T19:11:51.053+0000] {dag.py:3096} INFO - Sync 1 DAGs
[2024-04-14T19:11:51.070+0000] {logging_mixin.py:188} INFO - [2024-04-14T19:11:51.070+0000] {dag.py:3954} INFO - Setting next_dagrun for latest_only_with_trigger to 2024-04-14 12:00:00+00:00, run_after=2024-04-14 16:00:00+00:00
[2024-04-14T19:11:51.087+0000] {processor.py:183} INFO - Processing /home/airflow/.local/lib/python3.12/site-packages/airflow/example_dags/example_latest_only_with_trigger.py took 0.063 seconds
[2024-04-14T19:12:21.577+0000] {processor.py:161} INFO - Started process (PID=2259) to work on /home/airflow/.local/lib/python3.12/site-packages/airflow/example_dags/example_latest_only_with_trigger.py
[2024-04-14T19:12:21.578+0000] {processor.py:830} INFO - Processing file /home/airflow/.local/lib/python3.12/site-packages/airflow/example_dags/example_latest_only_with_trigger.py for tasks to queue
[2024-04-14T19:12:21.579+0000] {logging_mixin.py:188} INFO - [2024-04-14T19:12:21.579+0000] {dagbag.py:540} INFO - Filling up the DagBag from /home/airflow/.local/lib/python3.12/site-packages/airflow/example_dags/example_latest_only_with_trigger.py
[2024-04-14T19:12:21.583+0000] {processor.py:840} INFO - DAG(s) 'latest_only_with_trigger' retrieved from /home/airflow/.local/lib/python3.12/site-packages/airflow/example_dags/example_latest_only_with_trigger.py
[2024-04-14T19:12:21.601+0000] {logging_mixin.py:188} INFO - [2024-04-14T19:12:21.600+0000] {dag.py:3096} INFO - Sync 1 DAGs
[2024-04-14T19:12:21.619+0000] {logging_mixin.py:188} INFO - [2024-04-14T19:12:21.618+0000] {dag.py:3954} INFO - Setting next_dagrun for latest_only_with_trigger to 2024-04-14 12:00:00+00:00, run_after=2024-04-14 16:00:00+00:00
[2024-04-14T19:12:21.662+0000] {processor.py:183} INFO - Processing /home/airflow/.local/lib/python3.12/site-packages/airflow/example_dags/example_latest_only_with_trigger.py took 0.091 seconds
[2024-04-14T19:12:51.990+0000] {processor.py:161} INFO - Started process (PID=2325) to work on /home/airflow/.local/lib/python3.12/site-packages/airflow/example_dags/example_latest_only_with_trigger.py
[2024-04-14T19:12:51.991+0000] {processor.py:830} INFO - Processing file /home/airflow/.local/lib/python3.12/site-packages/airflow/example_dags/example_latest_only_with_trigger.py for tasks to queue
[2024-04-14T19:12:51.993+0000] {logging_mixin.py:188} INFO - [2024-04-14T19:12:51.993+0000] {dagbag.py:540} INFO - Filling up the DagBag from /home/airflow/.local/lib/python3.12/site-packages/airflow/example_dags/example_latest_only_with_trigger.py
[2024-04-14T19:12:52.000+0000] {processor.py:840} INFO - DAG(s) 'latest_only_with_trigger' retrieved from /home/airflow/.local/lib/python3.12/site-packages/airflow/example_dags/example_latest_only_with_trigger.py
[2024-04-14T19:12:52.020+0000] {logging_mixin.py:188} INFO - [2024-04-14T19:12:52.020+0000] {dag.py:3096} INFO - Sync 1 DAGs
[2024-04-14T19:12:52.040+0000] {logging_mixin.py:188} INFO - [2024-04-14T19:12:52.039+0000] {dag.py:3954} INFO - Setting next_dagrun for latest_only_with_trigger to 2024-04-14 12:00:00+00:00, run_after=2024-04-14 16:00:00+00:00
[2024-04-14T19:12:52.057+0000] {processor.py:183} INFO - Processing /home/airflow/.local/lib/python3.12/site-packages/airflow/example_dags/example_latest_only_with_trigger.py took 0.072 seconds
[2024-04-14T19:13:22.286+0000] {processor.py:161} INFO - Started process (PID=2387) to work on /home/airflow/.local/lib/python3.12/site-packages/airflow/example_dags/example_latest_only_with_trigger.py
[2024-04-14T19:13:22.287+0000] {processor.py:830} INFO - Processing file /home/airflow/.local/lib/python3.12/site-packages/airflow/example_dags/example_latest_only_with_trigger.py for tasks to queue
[2024-04-14T19:13:22.289+0000] {logging_mixin.py:188} INFO - [2024-04-14T19:13:22.288+0000] {dagbag.py:540} INFO - Filling up the DagBag from /home/airflow/.local/lib/python3.12/site-packages/airflow/example_dags/example_latest_only_with_trigger.py
[2024-04-14T19:13:22.293+0000] {processor.py:840} INFO - DAG(s) 'latest_only_with_trigger' retrieved from /home/airflow/.local/lib/python3.12/site-packages/airflow/example_dags/example_latest_only_with_trigger.py
[2024-04-14T19:13:22.310+0000] {logging_mixin.py:188} INFO - [2024-04-14T19:13:22.310+0000] {dag.py:3096} INFO - Sync 1 DAGs
[2024-04-14T19:13:22.330+0000] {logging_mixin.py:188} INFO - [2024-04-14T19:13:22.330+0000] {dag.py:3954} INFO - Setting next_dagrun for latest_only_with_trigger to 2024-04-14 12:00:00+00:00, run_after=2024-04-14 16:00:00+00:00
[2024-04-14T19:13:22.350+0000] {processor.py:183} INFO - Processing /home/airflow/.local/lib/python3.12/site-packages/airflow/example_dags/example_latest_only_with_trigger.py took 0.068 seconds
[2024-04-14T19:13:52.834+0000] {processor.py:161} INFO - Started process (PID=2447) to work on /home/airflow/.local/lib/python3.12/site-packages/airflow/example_dags/example_latest_only_with_trigger.py
[2024-04-14T19:13:52.835+0000] {processor.py:830} INFO - Processing file /home/airflow/.local/lib/python3.12/site-packages/airflow/example_dags/example_latest_only_with_trigger.py for tasks to queue
[2024-04-14T19:13:52.836+0000] {logging_mixin.py:188} INFO - [2024-04-14T19:13:52.836+0000] {dagbag.py:540} INFO - Filling up the DagBag from /home/airflow/.local/lib/python3.12/site-packages/airflow/example_dags/example_latest_only_with_trigger.py
[2024-04-14T19:13:52.841+0000] {processor.py:840} INFO - DAG(s) 'latest_only_with_trigger' retrieved from /home/airflow/.local/lib/python3.12/site-packages/airflow/example_dags/example_latest_only_with_trigger.py
[2024-04-14T19:13:52.859+0000] {logging_mixin.py:188} INFO - [2024-04-14T19:13:52.858+0000] {dag.py:3096} INFO - Sync 1 DAGs
[2024-04-14T19:13:52.877+0000] {logging_mixin.py:188} INFO - [2024-04-14T19:13:52.877+0000] {dag.py:3954} INFO - Setting next_dagrun for latest_only_with_trigger to 2024-04-14 12:00:00+00:00, run_after=2024-04-14 16:00:00+00:00
[2024-04-14T19:13:52.894+0000] {processor.py:183} INFO - Processing /home/airflow/.local/lib/python3.12/site-packages/airflow/example_dags/example_latest_only_with_trigger.py took 0.063 seconds
[2024-04-14T19:14:23.205+0000] {processor.py:161} INFO - Started process (PID=2507) to work on /home/airflow/.local/lib/python3.12/site-packages/airflow/example_dags/example_latest_only_with_trigger.py
[2024-04-14T19:14:23.205+0000] {processor.py:830} INFO - Processing file /home/airflow/.local/lib/python3.12/site-packages/airflow/example_dags/example_latest_only_with_trigger.py for tasks to queue
[2024-04-14T19:14:23.207+0000] {logging_mixin.py:188} INFO - [2024-04-14T19:14:23.206+0000] {dagbag.py:540} INFO - Filling up the DagBag from /home/airflow/.local/lib/python3.12/site-packages/airflow/example_dags/example_latest_only_with_trigger.py
[2024-04-14T19:14:23.211+0000] {processor.py:840} INFO - DAG(s) 'latest_only_with_trigger' retrieved from /home/airflow/.local/lib/python3.12/site-packages/airflow/example_dags/example_latest_only_with_trigger.py
[2024-04-14T19:14:23.228+0000] {logging_mixin.py:188} INFO - [2024-04-14T19:14:23.228+0000] {dag.py:3096} INFO - Sync 1 DAGs
[2024-04-14T19:14:23.245+0000] {logging_mixin.py:188} INFO - [2024-04-14T19:14:23.245+0000] {dag.py:3954} INFO - Setting next_dagrun for latest_only_with_trigger to 2024-04-14 12:00:00+00:00, run_after=2024-04-14 16:00:00+00:00
[2024-04-14T19:14:23.262+0000] {processor.py:183} INFO - Processing /home/airflow/.local/lib/python3.12/site-packages/airflow/example_dags/example_latest_only_with_trigger.py took 0.062 seconds
[2024-04-14T19:14:53.722+0000] {processor.py:161} INFO - Started process (PID=2569) to work on /home/airflow/.local/lib/python3.12/site-packages/airflow/example_dags/example_latest_only_with_trigger.py
[2024-04-14T19:14:53.723+0000] {processor.py:830} INFO - Processing file /home/airflow/.local/lib/python3.12/site-packages/airflow/example_dags/example_latest_only_with_trigger.py for tasks to queue
[2024-04-14T19:14:53.724+0000] {logging_mixin.py:188} INFO - [2024-04-14T19:14:53.724+0000] {dagbag.py:540} INFO - Filling up the DagBag from /home/airflow/.local/lib/python3.12/site-packages/airflow/example_dags/example_latest_only_with_trigger.py
[2024-04-14T19:14:53.729+0000] {processor.py:840} INFO - DAG(s) 'latest_only_with_trigger' retrieved from /home/airflow/.local/lib/python3.12/site-packages/airflow/example_dags/example_latest_only_with_trigger.py
[2024-04-14T19:14:53.748+0000] {logging_mixin.py:188} INFO - [2024-04-14T19:14:53.747+0000] {dag.py:3096} INFO - Sync 1 DAGs
[2024-04-14T19:14:53.766+0000] {logging_mixin.py:188} INFO - [2024-04-14T19:14:53.766+0000] {dag.py:3954} INFO - Setting next_dagrun for latest_only_with_trigger to 2024-04-14 12:00:00+00:00, run_after=2024-04-14 16:00:00+00:00
[2024-04-14T19:14:53.783+0000] {processor.py:183} INFO - Processing /home/airflow/.local/lib/python3.12/site-packages/airflow/example_dags/example_latest_only_with_trigger.py took 0.066 seconds
[2024-04-14T19:15:23.988+0000] {processor.py:161} INFO - Started process (PID=2629) to work on /home/airflow/.local/lib/python3.12/site-packages/airflow/example_dags/example_latest_only_with_trigger.py
[2024-04-14T19:15:23.989+0000] {processor.py:830} INFO - Processing file /home/airflow/.local/lib/python3.12/site-packages/airflow/example_dags/example_latest_only_with_trigger.py for tasks to queue
[2024-04-14T19:15:23.991+0000] {logging_mixin.py:188} INFO - [2024-04-14T19:15:23.990+0000] {dagbag.py:540} INFO - Filling up the DagBag from /home/airflow/.local/lib/python3.12/site-packages/airflow/example_dags/example_latest_only_with_trigger.py
[2024-04-14T19:15:23.995+0000] {processor.py:840} INFO - DAG(s) 'latest_only_with_trigger' retrieved from /home/airflow/.local/lib/python3.12/site-packages/airflow/example_dags/example_latest_only_with_trigger.py
[2024-04-14T19:15:24.015+0000] {logging_mixin.py:188} INFO - [2024-04-14T19:15:24.015+0000] {dag.py:3096} INFO - Sync 1 DAGs
[2024-04-14T19:15:24.036+0000] {logging_mixin.py:188} INFO - [2024-04-14T19:15:24.036+0000] {dag.py:3954} INFO - Setting next_dagrun for latest_only_with_trigger to 2024-04-14 12:00:00+00:00, run_after=2024-04-14 16:00:00+00:00
[2024-04-14T19:15:24.054+0000] {processor.py:183} INFO - Processing /home/airflow/.local/lib/python3.12/site-packages/airflow/example_dags/example_latest_only_with_trigger.py took 0.071 seconds
[2024-04-14T19:15:54.338+0000] {processor.py:161} INFO - Started process (PID=2689) to work on /home/airflow/.local/lib/python3.12/site-packages/airflow/example_dags/example_latest_only_with_trigger.py
[2024-04-14T19:15:54.339+0000] {processor.py:830} INFO - Processing file /home/airflow/.local/lib/python3.12/site-packages/airflow/example_dags/example_latest_only_with_trigger.py for tasks to queue
[2024-04-14T19:15:54.340+0000] {logging_mixin.py:188} INFO - [2024-04-14T19:15:54.340+0000] {dagbag.py:540} INFO - Filling up the DagBag from /home/airflow/.local/lib/python3.12/site-packages/airflow/example_dags/example_latest_only_with_trigger.py
[2024-04-14T19:15:54.345+0000] {processor.py:840} INFO - DAG(s) 'latest_only_with_trigger' retrieved from /home/airflow/.local/lib/python3.12/site-packages/airflow/example_dags/example_latest_only_with_trigger.py
[2024-04-14T19:15:54.363+0000] {logging_mixin.py:188} INFO - [2024-04-14T19:15:54.363+0000] {dag.py:3096} INFO - Sync 1 DAGs
[2024-04-14T19:15:54.382+0000] {logging_mixin.py:188} INFO - [2024-04-14T19:15:54.382+0000] {dag.py:3954} INFO - Setting next_dagrun for latest_only_with_trigger to 2024-04-14 12:00:00+00:00, run_after=2024-04-14 16:00:00+00:00
[2024-04-14T19:15:54.398+0000] {processor.py:183} INFO - Processing /home/airflow/.local/lib/python3.12/site-packages/airflow/example_dags/example_latest_only_with_trigger.py took 0.065 seconds
[2024-04-14T19:16:24.609+0000] {processor.py:161} INFO - Started process (PID=2749) to work on /home/airflow/.local/lib/python3.12/site-packages/airflow/example_dags/example_latest_only_with_trigger.py
[2024-04-14T19:16:24.610+0000] {processor.py:830} INFO - Processing file /home/airflow/.local/lib/python3.12/site-packages/airflow/example_dags/example_latest_only_with_trigger.py for tasks to queue
[2024-04-14T19:16:24.612+0000] {logging_mixin.py:188} INFO - [2024-04-14T19:16:24.611+0000] {dagbag.py:540} INFO - Filling up the DagBag from /home/airflow/.local/lib/python3.12/site-packages/airflow/example_dags/example_latest_only_with_trigger.py
[2024-04-14T19:16:24.616+0000] {processor.py:840} INFO - DAG(s) 'latest_only_with_trigger' retrieved from /home/airflow/.local/lib/python3.12/site-packages/airflow/example_dags/example_latest_only_with_trigger.py
[2024-04-14T19:16:24.634+0000] {logging_mixin.py:188} INFO - [2024-04-14T19:16:24.634+0000] {dag.py:3096} INFO - Sync 1 DAGs
[2024-04-14T19:16:24.652+0000] {logging_mixin.py:188} INFO - [2024-04-14T19:16:24.651+0000] {dag.py:3954} INFO - Setting next_dagrun for latest_only_with_trigger to 2024-04-14 12:00:00+00:00, run_after=2024-04-14 16:00:00+00:00
[2024-04-14T19:16:24.668+0000] {processor.py:183} INFO - Processing /home/airflow/.local/lib/python3.12/site-packages/airflow/example_dags/example_latest_only_with_trigger.py took 0.063 seconds
[2024-04-14T19:16:55.098+0000] {processor.py:161} INFO - Started process (PID=2809) to work on /home/airflow/.local/lib/python3.12/site-packages/airflow/example_dags/example_latest_only_with_trigger.py
[2024-04-14T19:16:55.099+0000] {processor.py:830} INFO - Processing file /home/airflow/.local/lib/python3.12/site-packages/airflow/example_dags/example_latest_only_with_trigger.py for tasks to queue
[2024-04-14T19:16:55.100+0000] {logging_mixin.py:188} INFO - [2024-04-14T19:16:55.100+0000] {dagbag.py:540} INFO - Filling up the DagBag from /home/airflow/.local/lib/python3.12/site-packages/airflow/example_dags/example_latest_only_with_trigger.py
[2024-04-14T19:16:55.104+0000] {processor.py:840} INFO - DAG(s) 'latest_only_with_trigger' retrieved from /home/airflow/.local/lib/python3.12/site-packages/airflow/example_dags/example_latest_only_with_trigger.py
[2024-04-14T19:16:55.122+0000] {logging_mixin.py:188} INFO - [2024-04-14T19:16:55.121+0000] {dag.py:3096} INFO - Sync 1 DAGs
[2024-04-14T19:16:55.139+0000] {logging_mixin.py:188} INFO - [2024-04-14T19:16:55.139+0000] {dag.py:3954} INFO - Setting next_dagrun for latest_only_with_trigger to 2024-04-14 12:00:00+00:00, run_after=2024-04-14 16:00:00+00:00
[2024-04-14T19:16:55.155+0000] {processor.py:183} INFO - Processing /home/airflow/.local/lib/python3.12/site-packages/airflow/example_dags/example_latest_only_with_trigger.py took 0.062 seconds
[2024-04-14T19:17:25.626+0000] {processor.py:161} INFO - Started process (PID=2869) to work on /home/airflow/.local/lib/python3.12/site-packages/airflow/example_dags/example_latest_only_with_trigger.py
[2024-04-14T19:17:25.627+0000] {processor.py:830} INFO - Processing file /home/airflow/.local/lib/python3.12/site-packages/airflow/example_dags/example_latest_only_with_trigger.py for tasks to queue
[2024-04-14T19:17:25.629+0000] {logging_mixin.py:188} INFO - [2024-04-14T19:17:25.628+0000] {dagbag.py:540} INFO - Filling up the DagBag from /home/airflow/.local/lib/python3.12/site-packages/airflow/example_dags/example_latest_only_with_trigger.py
[2024-04-14T19:17:25.634+0000] {processor.py:840} INFO - DAG(s) 'latest_only_with_trigger' retrieved from /home/airflow/.local/lib/python3.12/site-packages/airflow/example_dags/example_latest_only_with_trigger.py
[2024-04-14T19:17:25.654+0000] {logging_mixin.py:188} INFO - [2024-04-14T19:17:25.654+0000] {dag.py:3096} INFO - Sync 1 DAGs
[2024-04-14T19:17:25.675+0000] {logging_mixin.py:188} INFO - [2024-04-14T19:17:25.675+0000] {dag.py:3954} INFO - Setting next_dagrun for latest_only_with_trigger to 2024-04-14 12:00:00+00:00, run_after=2024-04-14 16:00:00+00:00
[2024-04-14T19:17:25.695+0000] {processor.py:183} INFO - Processing /home/airflow/.local/lib/python3.12/site-packages/airflow/example_dags/example_latest_only_with_trigger.py took 0.075 seconds
[2024-04-14T19:17:56.116+0000] {processor.py:161} INFO - Started process (PID=2930) to work on /home/airflow/.local/lib/python3.12/site-packages/airflow/example_dags/example_latest_only_with_trigger.py
[2024-04-14T19:17:56.117+0000] {processor.py:830} INFO - Processing file /home/airflow/.local/lib/python3.12/site-packages/airflow/example_dags/example_latest_only_with_trigger.py for tasks to queue
[2024-04-14T19:17:56.118+0000] {logging_mixin.py:188} INFO - [2024-04-14T19:17:56.118+0000] {dagbag.py:540} INFO - Filling up the DagBag from /home/airflow/.local/lib/python3.12/site-packages/airflow/example_dags/example_latest_only_with_trigger.py
[2024-04-14T19:17:56.123+0000] {processor.py:840} INFO - DAG(s) 'latest_only_with_trigger' retrieved from /home/airflow/.local/lib/python3.12/site-packages/airflow/example_dags/example_latest_only_with_trigger.py
[2024-04-14T19:17:56.140+0000] {logging_mixin.py:188} INFO - [2024-04-14T19:17:56.140+0000] {dag.py:3096} INFO - Sync 1 DAGs
[2024-04-14T19:17:56.158+0000] {logging_mixin.py:188} INFO - [2024-04-14T19:17:56.158+0000] {dag.py:3954} INFO - Setting next_dagrun for latest_only_with_trigger to 2024-04-14 12:00:00+00:00, run_after=2024-04-14 16:00:00+00:00
[2024-04-14T19:17:56.175+0000] {processor.py:183} INFO - Processing /home/airflow/.local/lib/python3.12/site-packages/airflow/example_dags/example_latest_only_with_trigger.py took 0.065 seconds
[2024-04-14T19:18:26.443+0000] {processor.py:161} INFO - Started process (PID=2993) to work on /home/airflow/.local/lib/python3.12/site-packages/airflow/example_dags/example_latest_only_with_trigger.py
[2024-04-14T19:18:26.444+0000] {processor.py:830} INFO - Processing file /home/airflow/.local/lib/python3.12/site-packages/airflow/example_dags/example_latest_only_with_trigger.py for tasks to queue
[2024-04-14T19:18:26.445+0000] {logging_mixin.py:188} INFO - [2024-04-14T19:18:26.445+0000] {dagbag.py:540} INFO - Filling up the DagBag from /home/airflow/.local/lib/python3.12/site-packages/airflow/example_dags/example_latest_only_with_trigger.py
[2024-04-14T19:18:26.450+0000] {processor.py:840} INFO - DAG(s) 'latest_only_with_trigger' retrieved from /home/airflow/.local/lib/python3.12/site-packages/airflow/example_dags/example_latest_only_with_trigger.py
[2024-04-14T19:18:26.470+0000] {logging_mixin.py:188} INFO - [2024-04-14T19:18:26.469+0000] {dag.py:3096} INFO - Sync 1 DAGs
[2024-04-14T19:18:26.489+0000] {logging_mixin.py:188} INFO - [2024-04-14T19:18:26.489+0000] {dag.py:3954} INFO - Setting next_dagrun for latest_only_with_trigger to 2024-04-14 12:00:00+00:00, run_after=2024-04-14 16:00:00+00:00
[2024-04-14T19:18:26.506+0000] {processor.py:183} INFO - Processing /home/airflow/.local/lib/python3.12/site-packages/airflow/example_dags/example_latest_only_with_trigger.py took 0.068 seconds
[2024-04-14T19:18:56.979+0000] {processor.py:161} INFO - Started process (PID=3054) to work on /home/airflow/.local/lib/python3.12/site-packages/airflow/example_dags/example_latest_only_with_trigger.py
[2024-04-14T19:18:56.979+0000] {processor.py:830} INFO - Processing file /home/airflow/.local/lib/python3.12/site-packages/airflow/example_dags/example_latest_only_with_trigger.py for tasks to queue
[2024-04-14T19:18:56.981+0000] {logging_mixin.py:188} INFO - [2024-04-14T19:18:56.980+0000] {dagbag.py:540} INFO - Filling up the DagBag from /home/airflow/.local/lib/python3.12/site-packages/airflow/example_dags/example_latest_only_with_trigger.py
[2024-04-14T19:18:56.985+0000] {processor.py:840} INFO - DAG(s) 'latest_only_with_trigger' retrieved from /home/airflow/.local/lib/python3.12/site-packages/airflow/example_dags/example_latest_only_with_trigger.py
[2024-04-14T19:18:57.002+0000] {logging_mixin.py:188} INFO - [2024-04-14T19:18:57.002+0000] {dag.py:3096} INFO - Sync 1 DAGs
[2024-04-14T19:18:57.020+0000] {logging_mixin.py:188} INFO - [2024-04-14T19:18:57.019+0000] {dag.py:3954} INFO - Setting next_dagrun for latest_only_with_trigger to 2024-04-14 12:00:00+00:00, run_after=2024-04-14 16:00:00+00:00
[2024-04-14T19:18:57.036+0000] {processor.py:183} INFO - Processing /home/airflow/.local/lib/python3.12/site-packages/airflow/example_dags/example_latest_only_with_trigger.py took 0.062 seconds
[2024-04-14T19:19:27.919+0000] {processor.py:161} INFO - Started process (PID=3114) to work on /home/airflow/.local/lib/python3.12/site-packages/airflow/example_dags/example_latest_only_with_trigger.py
[2024-04-14T19:19:27.920+0000] {processor.py:830} INFO - Processing file /home/airflow/.local/lib/python3.12/site-packages/airflow/example_dags/example_latest_only_with_trigger.py for tasks to queue
[2024-04-14T19:19:27.921+0000] {logging_mixin.py:188} INFO - [2024-04-14T19:19:27.921+0000] {dagbag.py:540} INFO - Filling up the DagBag from /home/airflow/.local/lib/python3.12/site-packages/airflow/example_dags/example_latest_only_with_trigger.py
[2024-04-14T19:19:27.925+0000] {processor.py:840} INFO - DAG(s) 'latest_only_with_trigger' retrieved from /home/airflow/.local/lib/python3.12/site-packages/airflow/example_dags/example_latest_only_with_trigger.py
[2024-04-14T19:19:27.942+0000] {logging_mixin.py:188} INFO - [2024-04-14T19:19:27.942+0000] {dag.py:3096} INFO - Sync 1 DAGs
[2024-04-14T19:19:27.960+0000] {logging_mixin.py:188} INFO - [2024-04-14T19:19:27.960+0000] {dag.py:3954} INFO - Setting next_dagrun for latest_only_with_trigger to 2024-04-14 12:00:00+00:00, run_after=2024-04-14 16:00:00+00:00
[2024-04-14T19:19:27.976+0000] {processor.py:183} INFO - Processing /home/airflow/.local/lib/python3.12/site-packages/airflow/example_dags/example_latest_only_with_trigger.py took 0.062 seconds
[2024-04-14T19:19:58.364+0000] {processor.py:161} INFO - Started process (PID=3174) to work on /home/airflow/.local/lib/python3.12/site-packages/airflow/example_dags/example_latest_only_with_trigger.py
[2024-04-14T19:19:58.365+0000] {processor.py:830} INFO - Processing file /home/airflow/.local/lib/python3.12/site-packages/airflow/example_dags/example_latest_only_with_trigger.py for tasks to queue
[2024-04-14T19:19:58.366+0000] {logging_mixin.py:188} INFO - [2024-04-14T19:19:58.366+0000] {dagbag.py:540} INFO - Filling up the DagBag from /home/airflow/.local/lib/python3.12/site-packages/airflow/example_dags/example_latest_only_with_trigger.py
[2024-04-14T19:19:58.370+0000] {processor.py:840} INFO - DAG(s) 'latest_only_with_trigger' retrieved from /home/airflow/.local/lib/python3.12/site-packages/airflow/example_dags/example_latest_only_with_trigger.py
[2024-04-14T19:19:58.387+0000] {logging_mixin.py:188} INFO - [2024-04-14T19:19:58.387+0000] {dag.py:3096} INFO - Sync 1 DAGs
[2024-04-14T19:19:58.406+0000] {logging_mixin.py:188} INFO - [2024-04-14T19:19:58.406+0000] {dag.py:3954} INFO - Setting next_dagrun for latest_only_with_trigger to 2024-04-14 12:00:00+00:00, run_after=2024-04-14 16:00:00+00:00
[2024-04-14T19:19:58.423+0000] {processor.py:183} INFO - Processing /home/airflow/.local/lib/python3.12/site-packages/airflow/example_dags/example_latest_only_with_trigger.py took 0.063 seconds
[2024-04-14T19:20:28.860+0000] {processor.py:161} INFO - Started process (PID=3234) to work on /home/airflow/.local/lib/python3.12/site-packages/airflow/example_dags/example_latest_only_with_trigger.py
[2024-04-14T19:20:28.862+0000] {processor.py:830} INFO - Processing file /home/airflow/.local/lib/python3.12/site-packages/airflow/example_dags/example_latest_only_with_trigger.py for tasks to queue
[2024-04-14T19:20:28.864+0000] {logging_mixin.py:188} INFO - [2024-04-14T19:20:28.863+0000] {dagbag.py:540} INFO - Filling up the DagBag from /home/airflow/.local/lib/python3.12/site-packages/airflow/example_dags/example_latest_only_with_trigger.py
[2024-04-14T19:20:28.870+0000] {processor.py:840} INFO - DAG(s) 'latest_only_with_trigger' retrieved from /home/airflow/.local/lib/python3.12/site-packages/airflow/example_dags/example_latest_only_with_trigger.py
[2024-04-14T19:20:28.890+0000] {logging_mixin.py:188} INFO - [2024-04-14T19:20:28.890+0000] {dag.py:3096} INFO - Sync 1 DAGs
[2024-04-14T19:20:28.914+0000] {logging_mixin.py:188} INFO - [2024-04-14T19:20:28.914+0000] {dag.py:3954} INFO - Setting next_dagrun for latest_only_with_trigger to 2024-04-14 12:00:00+00:00, run_after=2024-04-14 16:00:00+00:00
[2024-04-14T19:20:28.933+0000] {processor.py:183} INFO - Processing /home/airflow/.local/lib/python3.12/site-packages/airflow/example_dags/example_latest_only_with_trigger.py took 0.078 seconds
[2024-04-14T19:20:59.671+0000] {processor.py:161} INFO - Started process (PID=3294) to work on /home/airflow/.local/lib/python3.12/site-packages/airflow/example_dags/example_latest_only_with_trigger.py
[2024-04-14T19:20:59.672+0000] {processor.py:830} INFO - Processing file /home/airflow/.local/lib/python3.12/site-packages/airflow/example_dags/example_latest_only_with_trigger.py for tasks to queue
[2024-04-14T19:20:59.674+0000] {logging_mixin.py:188} INFO - [2024-04-14T19:20:59.674+0000] {dagbag.py:540} INFO - Filling up the DagBag from /home/airflow/.local/lib/python3.12/site-packages/airflow/example_dags/example_latest_only_with_trigger.py
[2024-04-14T19:20:59.681+0000] {processor.py:840} INFO - DAG(s) 'latest_only_with_trigger' retrieved from /home/airflow/.local/lib/python3.12/site-packages/airflow/example_dags/example_latest_only_with_trigger.py
[2024-04-14T19:20:59.705+0000] {logging_mixin.py:188} INFO - [2024-04-14T19:20:59.705+0000] {dag.py:3096} INFO - Sync 1 DAGs
[2024-04-14T19:20:59.728+0000] {logging_mixin.py:188} INFO - [2024-04-14T19:20:59.728+0000] {dag.py:3954} INFO - Setting next_dagrun for latest_only_with_trigger to 2024-04-14 12:00:00+00:00, run_after=2024-04-14 16:00:00+00:00
[2024-04-14T19:20:59.756+0000] {processor.py:183} INFO - Processing /home/airflow/.local/lib/python3.12/site-packages/airflow/example_dags/example_latest_only_with_trigger.py took 0.092 seconds
