[2024-04-14T18:54:00.485+0000] {processor.py:161} INFO - Started process (PID=76) to work on /home/airflow/.local/lib/python3.12/site-packages/airflow/example_dags/example_display_name.py
[2024-04-14T18:54:00.487+0000] {processor.py:830} INFO - Processing file /home/airflow/.local/lib/python3.12/site-packages/airflow/example_dags/example_display_name.py for tasks to queue
[2024-04-14T18:54:00.493+0000] {logging_mixin.py:188} INFO - [2024-04-14T18:54:00.492+0000] {dagbag.py:540} INFO - Filling up the DagBag from /home/airflow/.local/lib/python3.12/site-packages/airflow/example_dags/example_display_name.py
[2024-04-14T18:54:00.552+0000] {processor.py:840} INFO - DAG(s) 'example_display_name' retrieved from /home/airflow/.local/lib/python3.12/site-packages/airflow/example_dags/example_display_name.py
[2024-04-14T18:54:01.068+0000] {logging_mixin.py:188} INFO - [2024-04-14T18:54:01.066+0000] {override.py:1829} INFO - Created Permission View: can edit on DAG:example_display_name
[2024-04-14T18:54:01.088+0000] {logging_mixin.py:188} INFO - [2024-04-14T18:54:01.087+0000] {override.py:1829} INFO - Created Permission View: can delete on DAG:example_display_name
[2024-04-14T18:54:01.103+0000] {logging_mixin.py:188} INFO - [2024-04-14T18:54:01.103+0000] {override.py:1829} INFO - Created Permission View: can read on DAG:example_display_name
[2024-04-14T18:54:01.105+0000] {logging_mixin.py:188} INFO - [2024-04-14T18:54:01.105+0000] {dag.py:3096} INFO - Sync 1 DAGs
[2024-04-14T18:54:01.133+0000] {logging_mixin.py:188} INFO - [2024-04-14T18:54:01.133+0000] {dag.py:3118} INFO - Creating ORM DAG for example_display_name
[2024-04-14T18:54:01.135+0000] {logging_mixin.py:188} INFO - [2024-04-14T18:54:01.135+0000] {dag.py:3954} INFO - Setting next_dagrun for example_display_name to None, run_after=None
[2024-04-14T18:54:01.166+0000] {processor.py:183} INFO - Processing /home/airflow/.local/lib/python3.12/site-packages/airflow/example_dags/example_display_name.py took 0.721 seconds
[2024-04-14T18:54:31.438+0000] {processor.py:161} INFO - Started process (PID=136) to work on /home/airflow/.local/lib/python3.12/site-packages/airflow/example_dags/example_display_name.py
[2024-04-14T18:54:31.440+0000] {processor.py:830} INFO - Processing file /home/airflow/.local/lib/python3.12/site-packages/airflow/example_dags/example_display_name.py for tasks to queue
[2024-04-14T18:54:31.446+0000] {logging_mixin.py:188} INFO - [2024-04-14T18:54:31.445+0000] {dagbag.py:540} INFO - Filling up the DagBag from /home/airflow/.local/lib/python3.12/site-packages/airflow/example_dags/example_display_name.py
[2024-04-14T18:54:31.456+0000] {processor.py:840} INFO - DAG(s) 'example_display_name' retrieved from /home/airflow/.local/lib/python3.12/site-packages/airflow/example_dags/example_display_name.py
[2024-04-14T18:54:31.514+0000] {logging_mixin.py:188} INFO - [2024-04-14T18:54:31.514+0000] {dag.py:3096} INFO - Sync 1 DAGs
[2024-04-14T18:54:31.547+0000] {logging_mixin.py:188} INFO - [2024-04-14T18:54:31.546+0000] {dag.py:3954} INFO - Setting next_dagrun for example_display_name to None, run_after=None
[2024-04-14T18:54:31.599+0000] {processor.py:183} INFO - Processing /home/airflow/.local/lib/python3.12/site-packages/airflow/example_dags/example_display_name.py took 0.173 seconds
[2024-04-14T18:55:01.721+0000] {processor.py:161} INFO - Started process (PID=196) to work on /home/airflow/.local/lib/python3.12/site-packages/airflow/example_dags/example_display_name.py
[2024-04-14T18:55:01.723+0000] {processor.py:830} INFO - Processing file /home/airflow/.local/lib/python3.12/site-packages/airflow/example_dags/example_display_name.py for tasks to queue
[2024-04-14T18:55:01.724+0000] {logging_mixin.py:188} INFO - [2024-04-14T18:55:01.724+0000] {dagbag.py:540} INFO - Filling up the DagBag from /home/airflow/.local/lib/python3.12/site-packages/airflow/example_dags/example_display_name.py
[2024-04-14T18:55:01.730+0000] {processor.py:840} INFO - DAG(s) 'example_display_name' retrieved from /home/airflow/.local/lib/python3.12/site-packages/airflow/example_dags/example_display_name.py
[2024-04-14T18:55:01.749+0000] {logging_mixin.py:188} INFO - [2024-04-14T18:55:01.749+0000] {dag.py:3096} INFO - Sync 1 DAGs
[2024-04-14T18:55:01.762+0000] {logging_mixin.py:188} INFO - [2024-04-14T18:55:01.761+0000] {dag.py:3954} INFO - Setting next_dagrun for example_display_name to None, run_after=None
[2024-04-14T18:55:01.782+0000] {processor.py:183} INFO - Processing /home/airflow/.local/lib/python3.12/site-packages/airflow/example_dags/example_display_name.py took 0.066 seconds
[2024-04-14T18:55:32.548+0000] {processor.py:161} INFO - Started process (PID=256) to work on /home/airflow/.local/lib/python3.12/site-packages/airflow/example_dags/example_display_name.py
[2024-04-14T18:55:32.550+0000] {processor.py:830} INFO - Processing file /home/airflow/.local/lib/python3.12/site-packages/airflow/example_dags/example_display_name.py for tasks to queue
[2024-04-14T18:55:32.556+0000] {logging_mixin.py:188} INFO - [2024-04-14T18:55:32.555+0000] {dagbag.py:540} INFO - Filling up the DagBag from /home/airflow/.local/lib/python3.12/site-packages/airflow/example_dags/example_display_name.py
[2024-04-14T18:55:32.569+0000] {processor.py:840} INFO - DAG(s) 'example_display_name' retrieved from /home/airflow/.local/lib/python3.12/site-packages/airflow/example_dags/example_display_name.py
[2024-04-14T18:55:32.628+0000] {logging_mixin.py:188} INFO - [2024-04-14T18:55:32.628+0000] {dag.py:3096} INFO - Sync 1 DAGs
[2024-04-14T18:55:32.672+0000] {logging_mixin.py:188} INFO - [2024-04-14T18:55:32.671+0000] {dag.py:3954} INFO - Setting next_dagrun for example_display_name to None, run_after=None
[2024-04-14T18:55:32.739+0000] {processor.py:183} INFO - Processing /home/airflow/.local/lib/python3.12/site-packages/airflow/example_dags/example_display_name.py took 0.209 seconds
[2024-04-14T18:56:06.318+0000] {processor.py:161} INFO - Started process (PID=316) to work on /home/airflow/.local/lib/python3.12/site-packages/airflow/example_dags/example_display_name.py
[2024-04-14T18:56:06.323+0000] {processor.py:830} INFO - Processing file /home/airflow/.local/lib/python3.12/site-packages/airflow/example_dags/example_display_name.py for tasks to queue
[2024-04-14T18:56:06.334+0000] {logging_mixin.py:188} INFO - [2024-04-14T18:56:06.333+0000] {dagbag.py:540} INFO - Filling up the DagBag from /home/airflow/.local/lib/python3.12/site-packages/airflow/example_dags/example_display_name.py
[2024-04-14T18:56:06.361+0000] {processor.py:840} INFO - DAG(s) 'example_display_name' retrieved from /home/airflow/.local/lib/python3.12/site-packages/airflow/example_dags/example_display_name.py
[2024-04-14T18:56:06.507+0000] {logging_mixin.py:188} INFO - [2024-04-14T18:56:06.506+0000] {dag.py:3096} INFO - Sync 1 DAGs
[2024-04-14T18:56:06.571+0000] {logging_mixin.py:188} INFO - [2024-04-14T18:56:06.570+0000] {dag.py:3954} INFO - Setting next_dagrun for example_display_name to None, run_after=None
[2024-04-14T18:56:06.761+0000] {processor.py:183} INFO - Processing /home/airflow/.local/lib/python3.12/site-packages/airflow/example_dags/example_display_name.py took 0.494 seconds
[2024-04-14T18:56:36.974+0000] {processor.py:161} INFO - Started process (PID=376) to work on /home/airflow/.local/lib/python3.12/site-packages/airflow/example_dags/example_display_name.py
[2024-04-14T18:56:36.976+0000] {processor.py:830} INFO - Processing file /home/airflow/.local/lib/python3.12/site-packages/airflow/example_dags/example_display_name.py for tasks to queue
[2024-04-14T18:56:36.978+0000] {logging_mixin.py:188} INFO - [2024-04-14T18:56:36.977+0000] {dagbag.py:540} INFO - Filling up the DagBag from /home/airflow/.local/lib/python3.12/site-packages/airflow/example_dags/example_display_name.py
[2024-04-14T18:56:36.983+0000] {processor.py:840} INFO - DAG(s) 'example_display_name' retrieved from /home/airflow/.local/lib/python3.12/site-packages/airflow/example_dags/example_display_name.py
[2024-04-14T18:56:37.005+0000] {logging_mixin.py:188} INFO - [2024-04-14T18:56:37.004+0000] {dag.py:3096} INFO - Sync 1 DAGs
[2024-04-14T18:56:37.020+0000] {logging_mixin.py:188} INFO - [2024-04-14T18:56:37.020+0000] {dag.py:3954} INFO - Setting next_dagrun for example_display_name to None, run_after=None
[2024-04-14T18:56:37.045+0000] {processor.py:183} INFO - Processing /home/airflow/.local/lib/python3.12/site-packages/airflow/example_dags/example_display_name.py took 0.077 seconds
[2024-04-14T18:57:07.586+0000] {processor.py:161} INFO - Started process (PID=437) to work on /home/airflow/.local/lib/python3.12/site-packages/airflow/example_dags/example_display_name.py
[2024-04-14T18:57:07.588+0000] {processor.py:830} INFO - Processing file /home/airflow/.local/lib/python3.12/site-packages/airflow/example_dags/example_display_name.py for tasks to queue
[2024-04-14T18:57:07.589+0000] {logging_mixin.py:188} INFO - [2024-04-14T18:57:07.589+0000] {dagbag.py:540} INFO - Filling up the DagBag from /home/airflow/.local/lib/python3.12/site-packages/airflow/example_dags/example_display_name.py
[2024-04-14T18:57:07.594+0000] {processor.py:840} INFO - DAG(s) 'example_display_name' retrieved from /home/airflow/.local/lib/python3.12/site-packages/airflow/example_dags/example_display_name.py
[2024-04-14T18:57:07.612+0000] {logging_mixin.py:188} INFO - [2024-04-14T18:57:07.612+0000] {dag.py:3096} INFO - Sync 1 DAGs
[2024-04-14T18:57:07.624+0000] {logging_mixin.py:188} INFO - [2024-04-14T18:57:07.623+0000] {dag.py:3954} INFO - Setting next_dagrun for example_display_name to None, run_after=None
[2024-04-14T18:57:07.643+0000] {processor.py:183} INFO - Processing /home/airflow/.local/lib/python3.12/site-packages/airflow/example_dags/example_display_name.py took 0.065 seconds
[2024-04-14T18:57:38.419+0000] {processor.py:161} INFO - Started process (PID=497) to work on /home/airflow/.local/lib/python3.12/site-packages/airflow/example_dags/example_display_name.py
[2024-04-14T18:57:38.420+0000] {processor.py:830} INFO - Processing file /home/airflow/.local/lib/python3.12/site-packages/airflow/example_dags/example_display_name.py for tasks to queue
[2024-04-14T18:57:38.422+0000] {logging_mixin.py:188} INFO - [2024-04-14T18:57:38.422+0000] {dagbag.py:540} INFO - Filling up the DagBag from /home/airflow/.local/lib/python3.12/site-packages/airflow/example_dags/example_display_name.py
[2024-04-14T18:57:38.427+0000] {processor.py:840} INFO - DAG(s) 'example_display_name' retrieved from /home/airflow/.local/lib/python3.12/site-packages/airflow/example_dags/example_display_name.py
[2024-04-14T18:57:38.443+0000] {logging_mixin.py:188} INFO - [2024-04-14T18:57:38.443+0000] {dag.py:3096} INFO - Sync 1 DAGs
[2024-04-14T18:57:38.454+0000] {logging_mixin.py:188} INFO - [2024-04-14T18:57:38.454+0000] {dag.py:3954} INFO - Setting next_dagrun for example_display_name to None, run_after=None
[2024-04-14T18:57:38.475+0000] {processor.py:183} INFO - Processing /home/airflow/.local/lib/python3.12/site-packages/airflow/example_dags/example_display_name.py took 0.062 seconds
[2024-04-14T18:58:09.049+0000] {processor.py:161} INFO - Started process (PID=558) to work on /home/airflow/.local/lib/python3.12/site-packages/airflow/example_dags/example_display_name.py
[2024-04-14T18:58:09.050+0000] {processor.py:830} INFO - Processing file /home/airflow/.local/lib/python3.12/site-packages/airflow/example_dags/example_display_name.py for tasks to queue
[2024-04-14T18:58:09.052+0000] {logging_mixin.py:188} INFO - [2024-04-14T18:58:09.051+0000] {dagbag.py:540} INFO - Filling up the DagBag from /home/airflow/.local/lib/python3.12/site-packages/airflow/example_dags/example_display_name.py
[2024-04-14T18:58:09.057+0000] {processor.py:840} INFO - DAG(s) 'example_display_name' retrieved from /home/airflow/.local/lib/python3.12/site-packages/airflow/example_dags/example_display_name.py
[2024-04-14T18:58:09.076+0000] {logging_mixin.py:188} INFO - [2024-04-14T18:58:09.076+0000] {dag.py:3096} INFO - Sync 1 DAGs
[2024-04-14T18:58:09.090+0000] {logging_mixin.py:188} INFO - [2024-04-14T18:58:09.090+0000] {dag.py:3954} INFO - Setting next_dagrun for example_display_name to None, run_after=None
[2024-04-14T18:58:09.113+0000] {processor.py:183} INFO - Processing /home/airflow/.local/lib/python3.12/site-packages/airflow/example_dags/example_display_name.py took 0.069 seconds
[2024-04-14T18:58:39.658+0000] {processor.py:161} INFO - Started process (PID=618) to work on /home/airflow/.local/lib/python3.12/site-packages/airflow/example_dags/example_display_name.py
[2024-04-14T18:58:39.659+0000] {processor.py:830} INFO - Processing file /home/airflow/.local/lib/python3.12/site-packages/airflow/example_dags/example_display_name.py for tasks to queue
[2024-04-14T18:58:39.660+0000] {logging_mixin.py:188} INFO - [2024-04-14T18:58:39.660+0000] {dagbag.py:540} INFO - Filling up the DagBag from /home/airflow/.local/lib/python3.12/site-packages/airflow/example_dags/example_display_name.py
[2024-04-14T18:58:39.665+0000] {processor.py:840} INFO - DAG(s) 'example_display_name' retrieved from /home/airflow/.local/lib/python3.12/site-packages/airflow/example_dags/example_display_name.py
[2024-04-14T18:58:39.683+0000] {logging_mixin.py:188} INFO - [2024-04-14T18:58:39.682+0000] {dag.py:3096} INFO - Sync 1 DAGs
[2024-04-14T18:58:39.694+0000] {logging_mixin.py:188} INFO - [2024-04-14T18:58:39.694+0000] {dag.py:3954} INFO - Setting next_dagrun for example_display_name to None, run_after=None
[2024-04-14T18:58:39.712+0000] {processor.py:183} INFO - Processing /home/airflow/.local/lib/python3.12/site-packages/airflow/example_dags/example_display_name.py took 0.059 seconds
[2024-04-14T18:59:09.997+0000] {processor.py:161} INFO - Started process (PID=678) to work on /home/airflow/.local/lib/python3.12/site-packages/airflow/example_dags/example_display_name.py
[2024-04-14T18:59:09.998+0000] {processor.py:830} INFO - Processing file /home/airflow/.local/lib/python3.12/site-packages/airflow/example_dags/example_display_name.py for tasks to queue
[2024-04-14T18:59:10.000+0000] {logging_mixin.py:188} INFO - [2024-04-14T18:59:09.999+0000] {dagbag.py:540} INFO - Filling up the DagBag from /home/airflow/.local/lib/python3.12/site-packages/airflow/example_dags/example_display_name.py
[2024-04-14T18:59:10.005+0000] {processor.py:840} INFO - DAG(s) 'example_display_name' retrieved from /home/airflow/.local/lib/python3.12/site-packages/airflow/example_dags/example_display_name.py
[2024-04-14T18:59:10.022+0000] {logging_mixin.py:188} INFO - [2024-04-14T18:59:10.022+0000] {dag.py:3096} INFO - Sync 1 DAGs
[2024-04-14T18:59:10.032+0000] {logging_mixin.py:188} INFO - [2024-04-14T18:59:10.032+0000] {dag.py:3954} INFO - Setting next_dagrun for example_display_name to None, run_after=None
[2024-04-14T18:59:10.050+0000] {processor.py:183} INFO - Processing /home/airflow/.local/lib/python3.12/site-packages/airflow/example_dags/example_display_name.py took 0.057 seconds
[2024-04-14T18:59:40.155+0000] {processor.py:161} INFO - Started process (PID=745) to work on /home/airflow/.local/lib/python3.12/site-packages/airflow/example_dags/example_display_name.py
[2024-04-14T18:59:40.156+0000] {processor.py:830} INFO - Processing file /home/airflow/.local/lib/python3.12/site-packages/airflow/example_dags/example_display_name.py for tasks to queue
[2024-04-14T18:59:40.158+0000] {logging_mixin.py:188} INFO - [2024-04-14T18:59:40.158+0000] {dagbag.py:540} INFO - Filling up the DagBag from /home/airflow/.local/lib/python3.12/site-packages/airflow/example_dags/example_display_name.py
[2024-04-14T18:59:40.162+0000] {processor.py:840} INFO - DAG(s) 'example_display_name' retrieved from /home/airflow/.local/lib/python3.12/site-packages/airflow/example_dags/example_display_name.py
[2024-04-14T18:59:40.179+0000] {logging_mixin.py:188} INFO - [2024-04-14T18:59:40.179+0000] {dag.py:3096} INFO - Sync 1 DAGs
[2024-04-14T18:59:40.190+0000] {logging_mixin.py:188} INFO - [2024-04-14T18:59:40.190+0000] {dag.py:3954} INFO - Setting next_dagrun for example_display_name to None, run_after=None
[2024-04-14T18:59:40.209+0000] {processor.py:183} INFO - Processing /home/airflow/.local/lib/python3.12/site-packages/airflow/example_dags/example_display_name.py took 0.059 seconds
[2024-04-14T19:00:10.384+0000] {processor.py:161} INFO - Started process (PID=805) to work on /home/airflow/.local/lib/python3.12/site-packages/airflow/example_dags/example_display_name.py
[2024-04-14T19:00:10.384+0000] {processor.py:830} INFO - Processing file /home/airflow/.local/lib/python3.12/site-packages/airflow/example_dags/example_display_name.py for tasks to queue
[2024-04-14T19:00:10.387+0000] {logging_mixin.py:188} INFO - [2024-04-14T19:00:10.387+0000] {dagbag.py:540} INFO - Filling up the DagBag from /home/airflow/.local/lib/python3.12/site-packages/airflow/example_dags/example_display_name.py
[2024-04-14T19:00:10.392+0000] {processor.py:840} INFO - DAG(s) 'example_display_name' retrieved from /home/airflow/.local/lib/python3.12/site-packages/airflow/example_dags/example_display_name.py
[2024-04-14T19:00:10.410+0000] {logging_mixin.py:188} INFO - [2024-04-14T19:00:10.410+0000] {dag.py:3096} INFO - Sync 1 DAGs
[2024-04-14T19:00:10.422+0000] {logging_mixin.py:188} INFO - [2024-04-14T19:00:10.422+0000] {dag.py:3954} INFO - Setting next_dagrun for example_display_name to None, run_after=None
[2024-04-14T19:00:10.440+0000] {processor.py:183} INFO - Processing /home/airflow/.local/lib/python3.12/site-packages/airflow/example_dags/example_display_name.py took 0.063 seconds
[2024-04-14T19:00:40.527+0000] {processor.py:161} INFO - Started process (PID=865) to work on /home/airflow/.local/lib/python3.12/site-packages/airflow/example_dags/example_display_name.py
[2024-04-14T19:00:40.528+0000] {processor.py:830} INFO - Processing file /home/airflow/.local/lib/python3.12/site-packages/airflow/example_dags/example_display_name.py for tasks to queue
[2024-04-14T19:00:40.529+0000] {logging_mixin.py:188} INFO - [2024-04-14T19:00:40.529+0000] {dagbag.py:540} INFO - Filling up the DagBag from /home/airflow/.local/lib/python3.12/site-packages/airflow/example_dags/example_display_name.py
[2024-04-14T19:00:40.534+0000] {processor.py:840} INFO - DAG(s) 'example_display_name' retrieved from /home/airflow/.local/lib/python3.12/site-packages/airflow/example_dags/example_display_name.py
[2024-04-14T19:00:40.550+0000] {logging_mixin.py:188} INFO - [2024-04-14T19:00:40.550+0000] {dag.py:3096} INFO - Sync 1 DAGs
[2024-04-14T19:00:40.561+0000] {logging_mixin.py:188} INFO - [2024-04-14T19:00:40.561+0000] {dag.py:3954} INFO - Setting next_dagrun for example_display_name to None, run_after=None
[2024-04-14T19:00:40.579+0000] {processor.py:183} INFO - Processing /home/airflow/.local/lib/python3.12/site-packages/airflow/example_dags/example_display_name.py took 0.057 seconds
[2024-04-14T19:01:11.145+0000] {processor.py:161} INFO - Started process (PID=929) to work on /home/airflow/.local/lib/python3.12/site-packages/airflow/example_dags/example_display_name.py
[2024-04-14T19:01:11.146+0000] {processor.py:830} INFO - Processing file /home/airflow/.local/lib/python3.12/site-packages/airflow/example_dags/example_display_name.py for tasks to queue
[2024-04-14T19:01:11.147+0000] {logging_mixin.py:188} INFO - [2024-04-14T19:01:11.147+0000] {dagbag.py:540} INFO - Filling up the DagBag from /home/airflow/.local/lib/python3.12/site-packages/airflow/example_dags/example_display_name.py
[2024-04-14T19:01:11.152+0000] {processor.py:840} INFO - DAG(s) 'example_display_name' retrieved from /home/airflow/.local/lib/python3.12/site-packages/airflow/example_dags/example_display_name.py
[2024-04-14T19:01:11.168+0000] {logging_mixin.py:188} INFO - [2024-04-14T19:01:11.167+0000] {dag.py:3096} INFO - Sync 1 DAGs
[2024-04-14T19:01:11.179+0000] {logging_mixin.py:188} INFO - [2024-04-14T19:01:11.178+0000] {dag.py:3954} INFO - Setting next_dagrun for example_display_name to None, run_after=None
[2024-04-14T19:01:11.210+0000] {processor.py:183} INFO - Processing /home/airflow/.local/lib/python3.12/site-packages/airflow/example_dags/example_display_name.py took 0.070 seconds
[2024-04-14T19:01:41.330+0000] {processor.py:161} INFO - Started process (PID=989) to work on /home/airflow/.local/lib/python3.12/site-packages/airflow/example_dags/example_display_name.py
[2024-04-14T19:01:41.331+0000] {processor.py:830} INFO - Processing file /home/airflow/.local/lib/python3.12/site-packages/airflow/example_dags/example_display_name.py for tasks to queue
[2024-04-14T19:01:41.333+0000] {logging_mixin.py:188} INFO - [2024-04-14T19:01:41.332+0000] {dagbag.py:540} INFO - Filling up the DagBag from /home/airflow/.local/lib/python3.12/site-packages/airflow/example_dags/example_display_name.py
[2024-04-14T19:01:41.337+0000] {processor.py:840} INFO - DAG(s) 'example_display_name' retrieved from /home/airflow/.local/lib/python3.12/site-packages/airflow/example_dags/example_display_name.py
[2024-04-14T19:01:41.354+0000] {logging_mixin.py:188} INFO - [2024-04-14T19:01:41.353+0000] {dag.py:3096} INFO - Sync 1 DAGs
[2024-04-14T19:01:41.365+0000] {logging_mixin.py:188} INFO - [2024-04-14T19:01:41.365+0000] {dag.py:3954} INFO - Setting next_dagrun for example_display_name to None, run_after=None
[2024-04-14T19:01:41.382+0000] {processor.py:183} INFO - Processing /home/airflow/.local/lib/python3.12/site-packages/airflow/example_dags/example_display_name.py took 0.056 seconds
[2024-04-14T19:02:11.941+0000] {processor.py:161} INFO - Started process (PID=1049) to work on /home/airflow/.local/lib/python3.12/site-packages/airflow/example_dags/example_display_name.py
[2024-04-14T19:02:11.942+0000] {processor.py:830} INFO - Processing file /home/airflow/.local/lib/python3.12/site-packages/airflow/example_dags/example_display_name.py for tasks to queue
[2024-04-14T19:02:11.943+0000] {logging_mixin.py:188} INFO - [2024-04-14T19:02:11.943+0000] {dagbag.py:540} INFO - Filling up the DagBag from /home/airflow/.local/lib/python3.12/site-packages/airflow/example_dags/example_display_name.py
[2024-04-14T19:02:11.947+0000] {processor.py:840} INFO - DAG(s) 'example_display_name' retrieved from /home/airflow/.local/lib/python3.12/site-packages/airflow/example_dags/example_display_name.py
[2024-04-14T19:02:11.963+0000] {logging_mixin.py:188} INFO - [2024-04-14T19:02:11.963+0000] {dag.py:3096} INFO - Sync 1 DAGs
[2024-04-14T19:02:11.975+0000] {logging_mixin.py:188} INFO - [2024-04-14T19:02:11.974+0000] {dag.py:3954} INFO - Setting next_dagrun for example_display_name to None, run_after=None
[2024-04-14T19:02:11.994+0000] {processor.py:183} INFO - Processing /home/airflow/.local/lib/python3.12/site-packages/airflow/example_dags/example_display_name.py took 0.057 seconds
[2024-04-14T19:02:42.638+0000] {processor.py:161} INFO - Started process (PID=1109) to work on /home/airflow/.local/lib/python3.12/site-packages/airflow/example_dags/example_display_name.py
[2024-04-14T19:02:42.639+0000] {processor.py:830} INFO - Processing file /home/airflow/.local/lib/python3.12/site-packages/airflow/example_dags/example_display_name.py for tasks to queue
[2024-04-14T19:02:42.642+0000] {logging_mixin.py:188} INFO - [2024-04-14T19:02:42.642+0000] {dagbag.py:540} INFO - Filling up the DagBag from /home/airflow/.local/lib/python3.12/site-packages/airflow/example_dags/example_display_name.py
[2024-04-14T19:02:42.648+0000] {processor.py:840} INFO - DAG(s) 'example_display_name' retrieved from /home/airflow/.local/lib/python3.12/site-packages/airflow/example_dags/example_display_name.py
[2024-04-14T19:02:42.671+0000] {logging_mixin.py:188} INFO - [2024-04-14T19:02:42.670+0000] {dag.py:3096} INFO - Sync 1 DAGs
[2024-04-14T19:02:42.684+0000] {logging_mixin.py:188} INFO - [2024-04-14T19:02:42.683+0000] {dag.py:3954} INFO - Setting next_dagrun for example_display_name to None, run_after=None
[2024-04-14T19:02:42.705+0000] {processor.py:183} INFO - Processing /home/airflow/.local/lib/python3.12/site-packages/airflow/example_dags/example_display_name.py took 0.074 seconds
[2024-04-14T19:03:13.221+0000] {processor.py:161} INFO - Started process (PID=1169) to work on /home/airflow/.local/lib/python3.12/site-packages/airflow/example_dags/example_display_name.py
[2024-04-14T19:03:13.221+0000] {processor.py:830} INFO - Processing file /home/airflow/.local/lib/python3.12/site-packages/airflow/example_dags/example_display_name.py for tasks to queue
[2024-04-14T19:03:13.223+0000] {logging_mixin.py:188} INFO - [2024-04-14T19:03:13.222+0000] {dagbag.py:540} INFO - Filling up the DagBag from /home/airflow/.local/lib/python3.12/site-packages/airflow/example_dags/example_display_name.py
[2024-04-14T19:03:13.227+0000] {processor.py:840} INFO - DAG(s) 'example_display_name' retrieved from /home/airflow/.local/lib/python3.12/site-packages/airflow/example_dags/example_display_name.py
[2024-04-14T19:03:13.245+0000] {logging_mixin.py:188} INFO - [2024-04-14T19:03:13.244+0000] {dag.py:3096} INFO - Sync 1 DAGs
[2024-04-14T19:03:13.256+0000] {logging_mixin.py:188} INFO - [2024-04-14T19:03:13.256+0000] {dag.py:3954} INFO - Setting next_dagrun for example_display_name to None, run_after=None
[2024-04-14T19:03:13.275+0000] {processor.py:183} INFO - Processing /home/airflow/.local/lib/python3.12/site-packages/airflow/example_dags/example_display_name.py took 0.058 seconds
[2024-04-14T19:03:44.558+0000] {processor.py:161} INFO - Started process (PID=1230) to work on /home/airflow/.local/lib/python3.12/site-packages/airflow/example_dags/example_display_name.py
[2024-04-14T19:03:44.560+0000] {processor.py:830} INFO - Processing file /home/airflow/.local/lib/python3.12/site-packages/airflow/example_dags/example_display_name.py for tasks to queue
[2024-04-14T19:03:44.561+0000] {logging_mixin.py:188} INFO - [2024-04-14T19:03:44.561+0000] {dagbag.py:540} INFO - Filling up the DagBag from /home/airflow/.local/lib/python3.12/site-packages/airflow/example_dags/example_display_name.py
[2024-04-14T19:03:44.566+0000] {processor.py:840} INFO - DAG(s) 'example_display_name' retrieved from /home/airflow/.local/lib/python3.12/site-packages/airflow/example_dags/example_display_name.py
[2024-04-14T19:03:44.586+0000] {logging_mixin.py:188} INFO - [2024-04-14T19:03:44.586+0000] {dag.py:3096} INFO - Sync 1 DAGs
[2024-04-14T19:03:44.599+0000] {logging_mixin.py:188} INFO - [2024-04-14T19:03:44.598+0000] {dag.py:3954} INFO - Setting next_dagrun for example_display_name to None, run_after=None
[2024-04-14T19:03:44.620+0000] {processor.py:183} INFO - Processing /home/airflow/.local/lib/python3.12/site-packages/airflow/example_dags/example_display_name.py took 0.067 seconds
[2024-04-14T19:04:14.676+0000] {processor.py:161} INFO - Started process (PID=1290) to work on /home/airflow/.local/lib/python3.12/site-packages/airflow/example_dags/example_display_name.py
[2024-04-14T19:04:14.677+0000] {processor.py:830} INFO - Processing file /home/airflow/.local/lib/python3.12/site-packages/airflow/example_dags/example_display_name.py for tasks to queue
[2024-04-14T19:04:14.679+0000] {logging_mixin.py:188} INFO - [2024-04-14T19:04:14.679+0000] {dagbag.py:540} INFO - Filling up the DagBag from /home/airflow/.local/lib/python3.12/site-packages/airflow/example_dags/example_display_name.py
[2024-04-14T19:04:14.684+0000] {processor.py:840} INFO - DAG(s) 'example_display_name' retrieved from /home/airflow/.local/lib/python3.12/site-packages/airflow/example_dags/example_display_name.py
[2024-04-14T19:04:14.702+0000] {logging_mixin.py:188} INFO - [2024-04-14T19:04:14.701+0000] {dag.py:3096} INFO - Sync 1 DAGs
[2024-04-14T19:04:14.713+0000] {logging_mixin.py:188} INFO - [2024-04-14T19:04:14.713+0000] {dag.py:3954} INFO - Setting next_dagrun for example_display_name to None, run_after=None
[2024-04-14T19:04:14.731+0000] {processor.py:183} INFO - Processing /home/airflow/.local/lib/python3.12/site-packages/airflow/example_dags/example_display_name.py took 0.059 seconds
[2024-04-14T19:04:44.999+0000] {processor.py:161} INFO - Started process (PID=1350) to work on /home/airflow/.local/lib/python3.12/site-packages/airflow/example_dags/example_display_name.py
[2024-04-14T19:04:44.999+0000] {processor.py:830} INFO - Processing file /home/airflow/.local/lib/python3.12/site-packages/airflow/example_dags/example_display_name.py for tasks to queue
[2024-04-14T19:04:45.001+0000] {logging_mixin.py:188} INFO - [2024-04-14T19:04:45.001+0000] {dagbag.py:540} INFO - Filling up the DagBag from /home/airflow/.local/lib/python3.12/site-packages/airflow/example_dags/example_display_name.py
[2024-04-14T19:04:45.006+0000] {processor.py:840} INFO - DAG(s) 'example_display_name' retrieved from /home/airflow/.local/lib/python3.12/site-packages/airflow/example_dags/example_display_name.py
[2024-04-14T19:04:45.023+0000] {logging_mixin.py:188} INFO - [2024-04-14T19:04:45.023+0000] {dag.py:3096} INFO - Sync 1 DAGs
[2024-04-14T19:04:45.035+0000] {logging_mixin.py:188} INFO - [2024-04-14T19:04:45.034+0000] {dag.py:3954} INFO - Setting next_dagrun for example_display_name to None, run_after=None
[2024-04-14T19:04:45.065+0000] {processor.py:183} INFO - Processing /home/airflow/.local/lib/python3.12/site-packages/airflow/example_dags/example_display_name.py took 0.070 seconds
[2024-04-14T19:05:15.523+0000] {processor.py:161} INFO - Started process (PID=1410) to work on /home/airflow/.local/lib/python3.12/site-packages/airflow/example_dags/example_display_name.py
[2024-04-14T19:05:15.523+0000] {processor.py:830} INFO - Processing file /home/airflow/.local/lib/python3.12/site-packages/airflow/example_dags/example_display_name.py for tasks to queue
[2024-04-14T19:05:15.525+0000] {logging_mixin.py:188} INFO - [2024-04-14T19:05:15.525+0000] {dagbag.py:540} INFO - Filling up the DagBag from /home/airflow/.local/lib/python3.12/site-packages/airflow/example_dags/example_display_name.py
[2024-04-14T19:05:15.529+0000] {processor.py:840} INFO - DAG(s) 'example_display_name' retrieved from /home/airflow/.local/lib/python3.12/site-packages/airflow/example_dags/example_display_name.py
[2024-04-14T19:05:15.547+0000] {logging_mixin.py:188} INFO - [2024-04-14T19:05:15.547+0000] {dag.py:3096} INFO - Sync 1 DAGs
[2024-04-14T19:05:15.558+0000] {logging_mixin.py:188} INFO - [2024-04-14T19:05:15.558+0000] {dag.py:3954} INFO - Setting next_dagrun for example_display_name to None, run_after=None
[2024-04-14T19:05:15.589+0000] {processor.py:183} INFO - Processing /home/airflow/.local/lib/python3.12/site-packages/airflow/example_dags/example_display_name.py took 0.071 seconds
[2024-04-14T19:05:46.896+0000] {processor.py:161} INFO - Started process (PID=1470) to work on /home/airflow/.local/lib/python3.12/site-packages/airflow/example_dags/example_display_name.py
[2024-04-14T19:05:46.897+0000] {processor.py:830} INFO - Processing file /home/airflow/.local/lib/python3.12/site-packages/airflow/example_dags/example_display_name.py for tasks to queue
[2024-04-14T19:05:46.898+0000] {logging_mixin.py:188} INFO - [2024-04-14T19:05:46.898+0000] {dagbag.py:540} INFO - Filling up the DagBag from /home/airflow/.local/lib/python3.12/site-packages/airflow/example_dags/example_display_name.py
[2024-04-14T19:05:46.904+0000] {processor.py:840} INFO - DAG(s) 'example_display_name' retrieved from /home/airflow/.local/lib/python3.12/site-packages/airflow/example_dags/example_display_name.py
[2024-04-14T19:05:47.083+0000] {logging_mixin.py:188} INFO - [2024-04-14T19:05:47.083+0000] {dag.py:3096} INFO - Sync 1 DAGs
[2024-04-14T19:05:47.092+0000] {logging_mixin.py:188} INFO - [2024-04-14T19:05:47.092+0000] {dag.py:3954} INFO - Setting next_dagrun for example_display_name to None, run_after=None
[2024-04-14T19:05:47.110+0000] {processor.py:183} INFO - Processing /home/airflow/.local/lib/python3.12/site-packages/airflow/example_dags/example_display_name.py took 0.218 seconds
[2024-04-14T19:06:17.415+0000] {processor.py:161} INFO - Started process (PID=1530) to work on /home/airflow/.local/lib/python3.12/site-packages/airflow/example_dags/example_display_name.py
[2024-04-14T19:06:17.416+0000] {processor.py:830} INFO - Processing file /home/airflow/.local/lib/python3.12/site-packages/airflow/example_dags/example_display_name.py for tasks to queue
[2024-04-14T19:06:17.418+0000] {logging_mixin.py:188} INFO - [2024-04-14T19:06:17.418+0000] {dagbag.py:540} INFO - Filling up the DagBag from /home/airflow/.local/lib/python3.12/site-packages/airflow/example_dags/example_display_name.py
[2024-04-14T19:06:17.423+0000] {processor.py:840} INFO - DAG(s) 'example_display_name' retrieved from /home/airflow/.local/lib/python3.12/site-packages/airflow/example_dags/example_display_name.py
[2024-04-14T19:06:17.442+0000] {logging_mixin.py:188} INFO - [2024-04-14T19:06:17.442+0000] {dag.py:3096} INFO - Sync 1 DAGs
[2024-04-14T19:06:17.454+0000] {logging_mixin.py:188} INFO - [2024-04-14T19:06:17.454+0000] {dag.py:3954} INFO - Setting next_dagrun for example_display_name to None, run_after=None
[2024-04-14T19:06:17.475+0000] {processor.py:183} INFO - Processing /home/airflow/.local/lib/python3.12/site-packages/airflow/example_dags/example_display_name.py took 0.065 seconds
[2024-04-14T19:06:48.026+0000] {processor.py:161} INFO - Started process (PID=1590) to work on /home/airflow/.local/lib/python3.12/site-packages/airflow/example_dags/example_display_name.py
[2024-04-14T19:06:48.027+0000] {processor.py:830} INFO - Processing file /home/airflow/.local/lib/python3.12/site-packages/airflow/example_dags/example_display_name.py for tasks to queue
[2024-04-14T19:06:48.029+0000] {logging_mixin.py:188} INFO - [2024-04-14T19:06:48.028+0000] {dagbag.py:540} INFO - Filling up the DagBag from /home/airflow/.local/lib/python3.12/site-packages/airflow/example_dags/example_display_name.py
[2024-04-14T19:06:48.034+0000] {processor.py:840} INFO - DAG(s) 'example_display_name' retrieved from /home/airflow/.local/lib/python3.12/site-packages/airflow/example_dags/example_display_name.py
[2024-04-14T19:06:48.053+0000] {logging_mixin.py:188} INFO - [2024-04-14T19:06:48.052+0000] {dag.py:3096} INFO - Sync 1 DAGs
[2024-04-14T19:06:48.064+0000] {logging_mixin.py:188} INFO - [2024-04-14T19:06:48.063+0000] {dag.py:3954} INFO - Setting next_dagrun for example_display_name to None, run_after=None
[2024-04-14T19:06:48.092+0000] {processor.py:183} INFO - Processing /home/airflow/.local/lib/python3.12/site-packages/airflow/example_dags/example_display_name.py took 0.070 seconds
[2024-04-14T19:07:18.502+0000] {processor.py:161} INFO - Started process (PID=1650) to work on /home/airflow/.local/lib/python3.12/site-packages/airflow/example_dags/example_display_name.py
[2024-04-14T19:07:18.503+0000] {processor.py:830} INFO - Processing file /home/airflow/.local/lib/python3.12/site-packages/airflow/example_dags/example_display_name.py for tasks to queue
[2024-04-14T19:07:18.506+0000] {logging_mixin.py:188} INFO - [2024-04-14T19:07:18.506+0000] {dagbag.py:540} INFO - Filling up the DagBag from /home/airflow/.local/lib/python3.12/site-packages/airflow/example_dags/example_display_name.py
[2024-04-14T19:07:18.511+0000] {processor.py:840} INFO - DAG(s) 'example_display_name' retrieved from /home/airflow/.local/lib/python3.12/site-packages/airflow/example_dags/example_display_name.py
[2024-04-14T19:07:18.534+0000] {logging_mixin.py:188} INFO - [2024-04-14T19:07:18.533+0000] {dag.py:3096} INFO - Sync 1 DAGs
[2024-04-14T19:07:18.547+0000] {logging_mixin.py:188} INFO - [2024-04-14T19:07:18.547+0000] {dag.py:3954} INFO - Setting next_dagrun for example_display_name to None, run_after=None
[2024-04-14T19:07:18.570+0000] {processor.py:183} INFO - Processing /home/airflow/.local/lib/python3.12/site-packages/airflow/example_dags/example_display_name.py took 0.074 seconds
[2024-04-14T19:07:49.191+0000] {processor.py:161} INFO - Started process (PID=1712) to work on /home/airflow/.local/lib/python3.12/site-packages/airflow/example_dags/example_display_name.py
[2024-04-14T19:07:49.192+0000] {processor.py:830} INFO - Processing file /home/airflow/.local/lib/python3.12/site-packages/airflow/example_dags/example_display_name.py for tasks to queue
[2024-04-14T19:07:49.193+0000] {logging_mixin.py:188} INFO - [2024-04-14T19:07:49.193+0000] {dagbag.py:540} INFO - Filling up the DagBag from /home/airflow/.local/lib/python3.12/site-packages/airflow/example_dags/example_display_name.py
[2024-04-14T19:07:49.197+0000] {processor.py:840} INFO - DAG(s) 'example_display_name' retrieved from /home/airflow/.local/lib/python3.12/site-packages/airflow/example_dags/example_display_name.py
[2024-04-14T19:07:49.216+0000] {logging_mixin.py:188} INFO - [2024-04-14T19:07:49.215+0000] {dag.py:3096} INFO - Sync 1 DAGs
[2024-04-14T19:07:49.227+0000] {logging_mixin.py:188} INFO - [2024-04-14T19:07:49.226+0000] {dag.py:3954} INFO - Setting next_dagrun for example_display_name to None, run_after=None
[2024-04-14T19:07:49.251+0000] {processor.py:183} INFO - Processing /home/airflow/.local/lib/python3.12/site-packages/airflow/example_dags/example_display_name.py took 0.064 seconds
[2024-04-14T19:08:19.461+0000] {processor.py:161} INFO - Started process (PID=1774) to work on /home/airflow/.local/lib/python3.12/site-packages/airflow/example_dags/example_display_name.py
[2024-04-14T19:08:19.461+0000] {processor.py:830} INFO - Processing file /home/airflow/.local/lib/python3.12/site-packages/airflow/example_dags/example_display_name.py for tasks to queue
[2024-04-14T19:08:19.463+0000] {logging_mixin.py:188} INFO - [2024-04-14T19:08:19.463+0000] {dagbag.py:540} INFO - Filling up the DagBag from /home/airflow/.local/lib/python3.12/site-packages/airflow/example_dags/example_display_name.py
[2024-04-14T19:08:19.467+0000] {processor.py:840} INFO - DAG(s) 'example_display_name' retrieved from /home/airflow/.local/lib/python3.12/site-packages/airflow/example_dags/example_display_name.py
[2024-04-14T19:08:19.483+0000] {logging_mixin.py:188} INFO - [2024-04-14T19:08:19.483+0000] {dag.py:3096} INFO - Sync 1 DAGs
[2024-04-14T19:08:19.494+0000] {logging_mixin.py:188} INFO - [2024-04-14T19:08:19.493+0000] {dag.py:3954} INFO - Setting next_dagrun for example_display_name to None, run_after=None
[2024-04-14T19:08:19.510+0000] {processor.py:183} INFO - Processing /home/airflow/.local/lib/python3.12/site-packages/airflow/example_dags/example_display_name.py took 0.054 seconds
[2024-04-14T19:08:49.858+0000] {processor.py:161} INFO - Started process (PID=1834) to work on /home/airflow/.local/lib/python3.12/site-packages/airflow/example_dags/example_display_name.py
[2024-04-14T19:08:49.859+0000] {processor.py:830} INFO - Processing file /home/airflow/.local/lib/python3.12/site-packages/airflow/example_dags/example_display_name.py for tasks to queue
[2024-04-14T19:08:49.860+0000] {logging_mixin.py:188} INFO - [2024-04-14T19:08:49.860+0000] {dagbag.py:540} INFO - Filling up the DagBag from /home/airflow/.local/lib/python3.12/site-packages/airflow/example_dags/example_display_name.py
[2024-04-14T19:08:49.865+0000] {processor.py:840} INFO - DAG(s) 'example_display_name' retrieved from /home/airflow/.local/lib/python3.12/site-packages/airflow/example_dags/example_display_name.py
[2024-04-14T19:08:49.881+0000] {logging_mixin.py:188} INFO - [2024-04-14T19:08:49.881+0000] {dag.py:3096} INFO - Sync 1 DAGs
[2024-04-14T19:08:49.894+0000] {logging_mixin.py:188} INFO - [2024-04-14T19:08:49.894+0000] {dag.py:3954} INFO - Setting next_dagrun for example_display_name to None, run_after=None
[2024-04-14T19:08:49.920+0000] {processor.py:183} INFO - Processing /home/airflow/.local/lib/python3.12/site-packages/airflow/example_dags/example_display_name.py took 0.067 seconds
[2024-04-14T19:09:20.007+0000] {processor.py:161} INFO - Started process (PID=1896) to work on /home/airflow/.local/lib/python3.12/site-packages/airflow/example_dags/example_display_name.py
[2024-04-14T19:09:20.008+0000] {processor.py:830} INFO - Processing file /home/airflow/.local/lib/python3.12/site-packages/airflow/example_dags/example_display_name.py for tasks to queue
[2024-04-14T19:09:20.009+0000] {logging_mixin.py:188} INFO - [2024-04-14T19:09:20.009+0000] {dagbag.py:540} INFO - Filling up the DagBag from /home/airflow/.local/lib/python3.12/site-packages/airflow/example_dags/example_display_name.py
[2024-04-14T19:09:20.014+0000] {processor.py:840} INFO - DAG(s) 'example_display_name' retrieved from /home/airflow/.local/lib/python3.12/site-packages/airflow/example_dags/example_display_name.py
[2024-04-14T19:09:20.030+0000] {logging_mixin.py:188} INFO - [2024-04-14T19:09:20.030+0000] {dag.py:3096} INFO - Sync 1 DAGs
[2024-04-14T19:09:20.041+0000] {logging_mixin.py:188} INFO - [2024-04-14T19:09:20.041+0000] {dag.py:3954} INFO - Setting next_dagrun for example_display_name to None, run_after=None
[2024-04-14T19:09:20.059+0000] {processor.py:183} INFO - Processing /home/airflow/.local/lib/python3.12/site-packages/airflow/example_dags/example_display_name.py took 0.058 seconds
[2024-04-14T19:09:50.337+0000] {processor.py:161} INFO - Started process (PID=1956) to work on /home/airflow/.local/lib/python3.12/site-packages/airflow/example_dags/example_display_name.py
[2024-04-14T19:09:50.338+0000] {processor.py:830} INFO - Processing file /home/airflow/.local/lib/python3.12/site-packages/airflow/example_dags/example_display_name.py for tasks to queue
[2024-04-14T19:09:50.339+0000] {logging_mixin.py:188} INFO - [2024-04-14T19:09:50.339+0000] {dagbag.py:540} INFO - Filling up the DagBag from /home/airflow/.local/lib/python3.12/site-packages/airflow/example_dags/example_display_name.py
[2024-04-14T19:09:50.344+0000] {processor.py:840} INFO - DAG(s) 'example_display_name' retrieved from /home/airflow/.local/lib/python3.12/site-packages/airflow/example_dags/example_display_name.py
[2024-04-14T19:09:50.360+0000] {logging_mixin.py:188} INFO - [2024-04-14T19:09:50.360+0000] {dag.py:3096} INFO - Sync 1 DAGs
[2024-04-14T19:09:50.371+0000] {logging_mixin.py:188} INFO - [2024-04-14T19:09:50.371+0000] {dag.py:3954} INFO - Setting next_dagrun for example_display_name to None, run_after=None
[2024-04-14T19:09:50.388+0000] {processor.py:183} INFO - Processing /home/airflow/.local/lib/python3.12/site-packages/airflow/example_dags/example_display_name.py took 0.056 seconds
[2024-04-14T19:10:20.429+0000] {processor.py:161} INFO - Started process (PID=2020) to work on /home/airflow/.local/lib/python3.12/site-packages/airflow/example_dags/example_display_name.py
[2024-04-14T19:10:20.430+0000] {processor.py:830} INFO - Processing file /home/airflow/.local/lib/python3.12/site-packages/airflow/example_dags/example_display_name.py for tasks to queue
[2024-04-14T19:10:20.431+0000] {logging_mixin.py:188} INFO - [2024-04-14T19:10:20.431+0000] {dagbag.py:540} INFO - Filling up the DagBag from /home/airflow/.local/lib/python3.12/site-packages/airflow/example_dags/example_display_name.py
[2024-04-14T19:10:20.435+0000] {processor.py:840} INFO - DAG(s) 'example_display_name' retrieved from /home/airflow/.local/lib/python3.12/site-packages/airflow/example_dags/example_display_name.py
[2024-04-14T19:10:20.452+0000] {logging_mixin.py:188} INFO - [2024-04-14T19:10:20.452+0000] {dag.py:3096} INFO - Sync 1 DAGs
[2024-04-14T19:10:20.464+0000] {logging_mixin.py:188} INFO - [2024-04-14T19:10:20.463+0000] {dag.py:3954} INFO - Setting next_dagrun for example_display_name to None, run_after=None
[2024-04-14T19:10:20.480+0000] {processor.py:183} INFO - Processing /home/airflow/.local/lib/python3.12/site-packages/airflow/example_dags/example_display_name.py took 0.055 seconds
[2024-04-14T19:10:50.840+0000] {processor.py:161} INFO - Started process (PID=2080) to work on /home/airflow/.local/lib/python3.12/site-packages/airflow/example_dags/example_display_name.py
[2024-04-14T19:10:50.841+0000] {processor.py:830} INFO - Processing file /home/airflow/.local/lib/python3.12/site-packages/airflow/example_dags/example_display_name.py for tasks to queue
[2024-04-14T19:10:50.843+0000] {logging_mixin.py:188} INFO - [2024-04-14T19:10:50.842+0000] {dagbag.py:540} INFO - Filling up the DagBag from /home/airflow/.local/lib/python3.12/site-packages/airflow/example_dags/example_display_name.py
[2024-04-14T19:10:50.848+0000] {processor.py:840} INFO - DAG(s) 'example_display_name' retrieved from /home/airflow/.local/lib/python3.12/site-packages/airflow/example_dags/example_display_name.py
[2024-04-14T19:10:50.867+0000] {logging_mixin.py:188} INFO - [2024-04-14T19:10:50.866+0000] {dag.py:3096} INFO - Sync 1 DAGs
[2024-04-14T19:10:50.879+0000] {logging_mixin.py:188} INFO - [2024-04-14T19:10:50.879+0000] {dag.py:3954} INFO - Setting next_dagrun for example_display_name to None, run_after=None
[2024-04-14T19:10:50.898+0000] {processor.py:183} INFO - Processing /home/airflow/.local/lib/python3.12/site-packages/airflow/example_dags/example_display_name.py took 0.062 seconds
[2024-04-14T19:11:21.008+0000] {processor.py:161} INFO - Started process (PID=2140) to work on /home/airflow/.local/lib/python3.12/site-packages/airflow/example_dags/example_display_name.py
[2024-04-14T19:11:21.009+0000] {processor.py:830} INFO - Processing file /home/airflow/.local/lib/python3.12/site-packages/airflow/example_dags/example_display_name.py for tasks to queue
[2024-04-14T19:11:21.010+0000] {logging_mixin.py:188} INFO - [2024-04-14T19:11:21.010+0000] {dagbag.py:540} INFO - Filling up the DagBag from /home/airflow/.local/lib/python3.12/site-packages/airflow/example_dags/example_display_name.py
[2024-04-14T19:11:21.015+0000] {processor.py:840} INFO - DAG(s) 'example_display_name' retrieved from /home/airflow/.local/lib/python3.12/site-packages/airflow/example_dags/example_display_name.py
[2024-04-14T19:11:21.032+0000] {logging_mixin.py:188} INFO - [2024-04-14T19:11:21.032+0000] {dag.py:3096} INFO - Sync 1 DAGs
[2024-04-14T19:11:21.042+0000] {logging_mixin.py:188} INFO - [2024-04-14T19:11:21.042+0000] {dag.py:3954} INFO - Setting next_dagrun for example_display_name to None, run_after=None
[2024-04-14T19:11:21.069+0000] {processor.py:183} INFO - Processing /home/airflow/.local/lib/python3.12/site-packages/airflow/example_dags/example_display_name.py took 0.066 seconds
[2024-04-14T19:11:51.175+0000] {processor.py:161} INFO - Started process (PID=2204) to work on /home/airflow/.local/lib/python3.12/site-packages/airflow/example_dags/example_display_name.py
[2024-04-14T19:11:51.176+0000] {processor.py:830} INFO - Processing file /home/airflow/.local/lib/python3.12/site-packages/airflow/example_dags/example_display_name.py for tasks to queue
[2024-04-14T19:11:51.178+0000] {logging_mixin.py:188} INFO - [2024-04-14T19:11:51.178+0000] {dagbag.py:540} INFO - Filling up the DagBag from /home/airflow/.local/lib/python3.12/site-packages/airflow/example_dags/example_display_name.py
[2024-04-14T19:11:51.183+0000] {processor.py:840} INFO - DAG(s) 'example_display_name' retrieved from /home/airflow/.local/lib/python3.12/site-packages/airflow/example_dags/example_display_name.py
[2024-04-14T19:11:51.199+0000] {logging_mixin.py:188} INFO - [2024-04-14T19:11:51.199+0000] {dag.py:3096} INFO - Sync 1 DAGs
[2024-04-14T19:11:51.209+0000] {logging_mixin.py:188} INFO - [2024-04-14T19:11:51.209+0000] {dag.py:3954} INFO - Setting next_dagrun for example_display_name to None, run_after=None
[2024-04-14T19:11:51.226+0000] {processor.py:183} INFO - Processing /home/airflow/.local/lib/python3.12/site-packages/airflow/example_dags/example_display_name.py took 0.055 seconds
[2024-04-14T19:12:21.797+0000] {processor.py:161} INFO - Started process (PID=2268) to work on /home/airflow/.local/lib/python3.12/site-packages/airflow/example_dags/example_display_name.py
[2024-04-14T19:12:21.798+0000] {processor.py:830} INFO - Processing file /home/airflow/.local/lib/python3.12/site-packages/airflow/example_dags/example_display_name.py for tasks to queue
[2024-04-14T19:12:21.799+0000] {logging_mixin.py:188} INFO - [2024-04-14T19:12:21.799+0000] {dagbag.py:540} INFO - Filling up the DagBag from /home/airflow/.local/lib/python3.12/site-packages/airflow/example_dags/example_display_name.py
[2024-04-14T19:12:21.804+0000] {processor.py:840} INFO - DAG(s) 'example_display_name' retrieved from /home/airflow/.local/lib/python3.12/site-packages/airflow/example_dags/example_display_name.py
[2024-04-14T19:12:21.820+0000] {logging_mixin.py:188} INFO - [2024-04-14T19:12:21.820+0000] {dag.py:3096} INFO - Sync 1 DAGs
[2024-04-14T19:12:21.832+0000] {logging_mixin.py:188} INFO - [2024-04-14T19:12:21.832+0000] {dag.py:3954} INFO - Setting next_dagrun for example_display_name to None, run_after=None
[2024-04-14T19:12:21.853+0000] {processor.py:183} INFO - Processing /home/airflow/.local/lib/python3.12/site-packages/airflow/example_dags/example_display_name.py took 0.061 seconds
[2024-04-14T19:12:52.090+0000] {processor.py:161} INFO - Started process (PID=2328) to work on /home/airflow/.local/lib/python3.12/site-packages/airflow/example_dags/example_display_name.py
[2024-04-14T19:12:52.091+0000] {processor.py:830} INFO - Processing file /home/airflow/.local/lib/python3.12/site-packages/airflow/example_dags/example_display_name.py for tasks to queue
[2024-04-14T19:12:52.092+0000] {logging_mixin.py:188} INFO - [2024-04-14T19:12:52.092+0000] {dagbag.py:540} INFO - Filling up the DagBag from /home/airflow/.local/lib/python3.12/site-packages/airflow/example_dags/example_display_name.py
[2024-04-14T19:12:52.096+0000] {processor.py:840} INFO - DAG(s) 'example_display_name' retrieved from /home/airflow/.local/lib/python3.12/site-packages/airflow/example_dags/example_display_name.py
[2024-04-14T19:12:52.113+0000] {logging_mixin.py:188} INFO - [2024-04-14T19:12:52.113+0000] {dag.py:3096} INFO - Sync 1 DAGs
[2024-04-14T19:12:52.123+0000] {logging_mixin.py:188} INFO - [2024-04-14T19:12:52.123+0000] {dag.py:3954} INFO - Setting next_dagrun for example_display_name to None, run_after=None
[2024-04-14T19:12:52.140+0000] {processor.py:183} INFO - Processing /home/airflow/.local/lib/python3.12/site-packages/airflow/example_dags/example_display_name.py took 0.054 seconds
[2024-04-14T19:13:22.395+0000] {processor.py:161} INFO - Started process (PID=2390) to work on /home/airflow/.local/lib/python3.12/site-packages/airflow/example_dags/example_display_name.py
[2024-04-14T19:13:22.395+0000] {processor.py:830} INFO - Processing file /home/airflow/.local/lib/python3.12/site-packages/airflow/example_dags/example_display_name.py for tasks to queue
[2024-04-14T19:13:22.397+0000] {logging_mixin.py:188} INFO - [2024-04-14T19:13:22.397+0000] {dagbag.py:540} INFO - Filling up the DagBag from /home/airflow/.local/lib/python3.12/site-packages/airflow/example_dags/example_display_name.py
[2024-04-14T19:13:22.402+0000] {processor.py:840} INFO - DAG(s) 'example_display_name' retrieved from /home/airflow/.local/lib/python3.12/site-packages/airflow/example_dags/example_display_name.py
[2024-04-14T19:13:22.417+0000] {logging_mixin.py:188} INFO - [2024-04-14T19:13:22.417+0000] {dag.py:3096} INFO - Sync 1 DAGs
[2024-04-14T19:13:22.428+0000] {logging_mixin.py:188} INFO - [2024-04-14T19:13:22.427+0000] {dag.py:3954} INFO - Setting next_dagrun for example_display_name to None, run_after=None
[2024-04-14T19:13:22.446+0000] {processor.py:183} INFO - Processing /home/airflow/.local/lib/python3.12/site-packages/airflow/example_dags/example_display_name.py took 0.056 seconds
[2024-04-14T19:13:53.011+0000] {processor.py:161} INFO - Started process (PID=2450) to work on /home/airflow/.local/lib/python3.12/site-packages/airflow/example_dags/example_display_name.py
[2024-04-14T19:13:53.011+0000] {processor.py:830} INFO - Processing file /home/airflow/.local/lib/python3.12/site-packages/airflow/example_dags/example_display_name.py for tasks to queue
[2024-04-14T19:13:53.013+0000] {logging_mixin.py:188} INFO - [2024-04-14T19:13:53.013+0000] {dagbag.py:540} INFO - Filling up the DagBag from /home/airflow/.local/lib/python3.12/site-packages/airflow/example_dags/example_display_name.py
[2024-04-14T19:13:53.017+0000] {processor.py:840} INFO - DAG(s) 'example_display_name' retrieved from /home/airflow/.local/lib/python3.12/site-packages/airflow/example_dags/example_display_name.py
[2024-04-14T19:13:53.035+0000] {logging_mixin.py:188} INFO - [2024-04-14T19:13:53.035+0000] {dag.py:3096} INFO - Sync 1 DAGs
[2024-04-14T19:13:53.046+0000] {logging_mixin.py:188} INFO - [2024-04-14T19:13:53.046+0000] {dag.py:3954} INFO - Setting next_dagrun for example_display_name to None, run_after=None
[2024-04-14T19:13:53.065+0000] {processor.py:183} INFO - Processing /home/airflow/.local/lib/python3.12/site-packages/airflow/example_dags/example_display_name.py took 0.058 seconds
[2024-04-14T19:14:23.379+0000] {processor.py:161} INFO - Started process (PID=2510) to work on /home/airflow/.local/lib/python3.12/site-packages/airflow/example_dags/example_display_name.py
[2024-04-14T19:14:23.380+0000] {processor.py:830} INFO - Processing file /home/airflow/.local/lib/python3.12/site-packages/airflow/example_dags/example_display_name.py for tasks to queue
[2024-04-14T19:14:23.382+0000] {logging_mixin.py:188} INFO - [2024-04-14T19:14:23.381+0000] {dagbag.py:540} INFO - Filling up the DagBag from /home/airflow/.local/lib/python3.12/site-packages/airflow/example_dags/example_display_name.py
[2024-04-14T19:14:23.386+0000] {processor.py:840} INFO - DAG(s) 'example_display_name' retrieved from /home/airflow/.local/lib/python3.12/site-packages/airflow/example_dags/example_display_name.py
[2024-04-14T19:14:23.402+0000] {logging_mixin.py:188} INFO - [2024-04-14T19:14:23.402+0000] {dag.py:3096} INFO - Sync 1 DAGs
[2024-04-14T19:14:23.413+0000] {logging_mixin.py:188} INFO - [2024-04-14T19:14:23.413+0000] {dag.py:3954} INFO - Setting next_dagrun for example_display_name to None, run_after=None
[2024-04-14T19:14:23.430+0000] {processor.py:183} INFO - Processing /home/airflow/.local/lib/python3.12/site-packages/airflow/example_dags/example_display_name.py took 0.055 seconds
[2024-04-14T19:14:53.823+0000] {processor.py:161} INFO - Started process (PID=2572) to work on /home/airflow/.local/lib/python3.12/site-packages/airflow/example_dags/example_display_name.py
[2024-04-14T19:14:53.823+0000] {processor.py:830} INFO - Processing file /home/airflow/.local/lib/python3.12/site-packages/airflow/example_dags/example_display_name.py for tasks to queue
[2024-04-14T19:14:53.825+0000] {logging_mixin.py:188} INFO - [2024-04-14T19:14:53.825+0000] {dagbag.py:540} INFO - Filling up the DagBag from /home/airflow/.local/lib/python3.12/site-packages/airflow/example_dags/example_display_name.py
[2024-04-14T19:14:53.830+0000] {processor.py:840} INFO - DAG(s) 'example_display_name' retrieved from /home/airflow/.local/lib/python3.12/site-packages/airflow/example_dags/example_display_name.py
[2024-04-14T19:14:53.846+0000] {logging_mixin.py:188} INFO - [2024-04-14T19:14:53.846+0000] {dag.py:3096} INFO - Sync 1 DAGs
[2024-04-14T19:14:53.857+0000] {logging_mixin.py:188} INFO - [2024-04-14T19:14:53.857+0000] {dag.py:3954} INFO - Setting next_dagrun for example_display_name to None, run_after=None
[2024-04-14T19:14:53.875+0000] {processor.py:183} INFO - Processing /home/airflow/.local/lib/python3.12/site-packages/airflow/example_dags/example_display_name.py took 0.057 seconds
[2024-04-14T19:15:24.094+0000] {processor.py:161} INFO - Started process (PID=2632) to work on /home/airflow/.local/lib/python3.12/site-packages/airflow/example_dags/example_display_name.py
[2024-04-14T19:15:24.095+0000] {processor.py:830} INFO - Processing file /home/airflow/.local/lib/python3.12/site-packages/airflow/example_dags/example_display_name.py for tasks to queue
[2024-04-14T19:15:24.097+0000] {logging_mixin.py:188} INFO - [2024-04-14T19:15:24.096+0000] {dagbag.py:540} INFO - Filling up the DagBag from /home/airflow/.local/lib/python3.12/site-packages/airflow/example_dags/example_display_name.py
[2024-04-14T19:15:24.102+0000] {processor.py:840} INFO - DAG(s) 'example_display_name' retrieved from /home/airflow/.local/lib/python3.12/site-packages/airflow/example_dags/example_display_name.py
[2024-04-14T19:15:24.119+0000] {logging_mixin.py:188} INFO - [2024-04-14T19:15:24.119+0000] {dag.py:3096} INFO - Sync 1 DAGs
[2024-04-14T19:15:24.131+0000] {logging_mixin.py:188} INFO - [2024-04-14T19:15:24.131+0000] {dag.py:3954} INFO - Setting next_dagrun for example_display_name to None, run_after=None
[2024-04-14T19:15:24.150+0000] {processor.py:183} INFO - Processing /home/airflow/.local/lib/python3.12/site-packages/airflow/example_dags/example_display_name.py took 0.061 seconds
[2024-04-14T19:15:54.516+0000] {processor.py:161} INFO - Started process (PID=2692) to work on /home/airflow/.local/lib/python3.12/site-packages/airflow/example_dags/example_display_name.py
[2024-04-14T19:15:54.517+0000] {processor.py:830} INFO - Processing file /home/airflow/.local/lib/python3.12/site-packages/airflow/example_dags/example_display_name.py for tasks to queue
[2024-04-14T19:15:54.519+0000] {logging_mixin.py:188} INFO - [2024-04-14T19:15:54.518+0000] {dagbag.py:540} INFO - Filling up the DagBag from /home/airflow/.local/lib/python3.12/site-packages/airflow/example_dags/example_display_name.py
[2024-04-14T19:15:54.523+0000] {processor.py:840} INFO - DAG(s) 'example_display_name' retrieved from /home/airflow/.local/lib/python3.12/site-packages/airflow/example_dags/example_display_name.py
[2024-04-14T19:15:54.539+0000] {logging_mixin.py:188} INFO - [2024-04-14T19:15:54.539+0000] {dag.py:3096} INFO - Sync 1 DAGs
[2024-04-14T19:15:54.551+0000] {logging_mixin.py:188} INFO - [2024-04-14T19:15:54.551+0000] {dag.py:3954} INFO - Setting next_dagrun for example_display_name to None, run_after=None
[2024-04-14T19:15:54.568+0000] {processor.py:183} INFO - Processing /home/airflow/.local/lib/python3.12/site-packages/airflow/example_dags/example_display_name.py took 0.056 seconds
[2024-04-14T19:16:24.717+0000] {processor.py:161} INFO - Started process (PID=2752) to work on /home/airflow/.local/lib/python3.12/site-packages/airflow/example_dags/example_display_name.py
[2024-04-14T19:16:24.718+0000] {processor.py:830} INFO - Processing file /home/airflow/.local/lib/python3.12/site-packages/airflow/example_dags/example_display_name.py for tasks to queue
[2024-04-14T19:16:24.720+0000] {logging_mixin.py:188} INFO - [2024-04-14T19:16:24.720+0000] {dagbag.py:540} INFO - Filling up the DagBag from /home/airflow/.local/lib/python3.12/site-packages/airflow/example_dags/example_display_name.py
[2024-04-14T19:16:24.724+0000] {processor.py:840} INFO - DAG(s) 'example_display_name' retrieved from /home/airflow/.local/lib/python3.12/site-packages/airflow/example_dags/example_display_name.py
[2024-04-14T19:16:24.740+0000] {logging_mixin.py:188} INFO - [2024-04-14T19:16:24.740+0000] {dag.py:3096} INFO - Sync 1 DAGs
[2024-04-14T19:16:24.751+0000] {logging_mixin.py:188} INFO - [2024-04-14T19:16:24.751+0000] {dag.py:3954} INFO - Setting next_dagrun for example_display_name to None, run_after=None
[2024-04-14T19:16:24.768+0000] {processor.py:183} INFO - Processing /home/airflow/.local/lib/python3.12/site-packages/airflow/example_dags/example_display_name.py took 0.057 seconds
[2024-04-14T19:16:55.195+0000] {processor.py:161} INFO - Started process (PID=2812) to work on /home/airflow/.local/lib/python3.12/site-packages/airflow/example_dags/example_display_name.py
[2024-04-14T19:16:55.196+0000] {processor.py:830} INFO - Processing file /home/airflow/.local/lib/python3.12/site-packages/airflow/example_dags/example_display_name.py for tasks to queue
[2024-04-14T19:16:55.198+0000] {logging_mixin.py:188} INFO - [2024-04-14T19:16:55.197+0000] {dagbag.py:540} INFO - Filling up the DagBag from /home/airflow/.local/lib/python3.12/site-packages/airflow/example_dags/example_display_name.py
[2024-04-14T19:16:55.202+0000] {processor.py:840} INFO - DAG(s) 'example_display_name' retrieved from /home/airflow/.local/lib/python3.12/site-packages/airflow/example_dags/example_display_name.py
[2024-04-14T19:16:55.218+0000] {logging_mixin.py:188} INFO - [2024-04-14T19:16:55.218+0000] {dag.py:3096} INFO - Sync 1 DAGs
[2024-04-14T19:16:55.230+0000] {logging_mixin.py:188} INFO - [2024-04-14T19:16:55.230+0000] {dag.py:3954} INFO - Setting next_dagrun for example_display_name to None, run_after=None
[2024-04-14T19:16:55.253+0000] {processor.py:183} INFO - Processing /home/airflow/.local/lib/python3.12/site-packages/airflow/example_dags/example_display_name.py took 0.062 seconds
[2024-04-14T19:17:25.752+0000] {processor.py:161} INFO - Started process (PID=2872) to work on /home/airflow/.local/lib/python3.12/site-packages/airflow/example_dags/example_display_name.py
[2024-04-14T19:17:25.753+0000] {processor.py:830} INFO - Processing file /home/airflow/.local/lib/python3.12/site-packages/airflow/example_dags/example_display_name.py for tasks to queue
[2024-04-14T19:17:25.755+0000] {logging_mixin.py:188} INFO - [2024-04-14T19:17:25.755+0000] {dagbag.py:540} INFO - Filling up the DagBag from /home/airflow/.local/lib/python3.12/site-packages/airflow/example_dags/example_display_name.py
[2024-04-14T19:17:25.760+0000] {processor.py:840} INFO - DAG(s) 'example_display_name' retrieved from /home/airflow/.local/lib/python3.12/site-packages/airflow/example_dags/example_display_name.py
[2024-04-14T19:17:25.806+0000] {logging_mixin.py:188} INFO - [2024-04-14T19:17:25.805+0000] {dag.py:3096} INFO - Sync 1 DAGs
[2024-04-14T19:17:25.825+0000] {logging_mixin.py:188} INFO - [2024-04-14T19:17:25.825+0000] {dag.py:3954} INFO - Setting next_dagrun for example_display_name to None, run_after=None
[2024-04-14T19:17:25.846+0000] {processor.py:183} INFO - Processing /home/airflow/.local/lib/python3.12/site-packages/airflow/example_dags/example_display_name.py took 0.101 seconds
[2024-04-14T19:17:56.222+0000] {processor.py:161} INFO - Started process (PID=2933) to work on /home/airflow/.local/lib/python3.12/site-packages/airflow/example_dags/example_display_name.py
[2024-04-14T19:17:56.223+0000] {processor.py:830} INFO - Processing file /home/airflow/.local/lib/python3.12/site-packages/airflow/example_dags/example_display_name.py for tasks to queue
[2024-04-14T19:17:56.224+0000] {logging_mixin.py:188} INFO - [2024-04-14T19:17:56.224+0000] {dagbag.py:540} INFO - Filling up the DagBag from /home/airflow/.local/lib/python3.12/site-packages/airflow/example_dags/example_display_name.py
[2024-04-14T19:17:56.229+0000] {processor.py:840} INFO - DAG(s) 'example_display_name' retrieved from /home/airflow/.local/lib/python3.12/site-packages/airflow/example_dags/example_display_name.py
[2024-04-14T19:17:56.245+0000] {logging_mixin.py:188} INFO - [2024-04-14T19:17:56.245+0000] {dag.py:3096} INFO - Sync 1 DAGs
[2024-04-14T19:17:56.255+0000] {logging_mixin.py:188} INFO - [2024-04-14T19:17:56.255+0000] {dag.py:3954} INFO - Setting next_dagrun for example_display_name to None, run_after=None
[2024-04-14T19:17:56.273+0000] {processor.py:183} INFO - Processing /home/airflow/.local/lib/python3.12/site-packages/airflow/example_dags/example_display_name.py took 0.056 seconds
[2024-04-14T19:18:26.625+0000] {processor.py:161} INFO - Started process (PID=2996) to work on /home/airflow/.local/lib/python3.12/site-packages/airflow/example_dags/example_display_name.py
[2024-04-14T19:18:26.626+0000] {processor.py:830} INFO - Processing file /home/airflow/.local/lib/python3.12/site-packages/airflow/example_dags/example_display_name.py for tasks to queue
[2024-04-14T19:18:26.628+0000] {logging_mixin.py:188} INFO - [2024-04-14T19:18:26.627+0000] {dagbag.py:540} INFO - Filling up the DagBag from /home/airflow/.local/lib/python3.12/site-packages/airflow/example_dags/example_display_name.py
[2024-04-14T19:18:26.632+0000] {processor.py:840} INFO - DAG(s) 'example_display_name' retrieved from /home/airflow/.local/lib/python3.12/site-packages/airflow/example_dags/example_display_name.py
[2024-04-14T19:18:26.650+0000] {logging_mixin.py:188} INFO - [2024-04-14T19:18:26.650+0000] {dag.py:3096} INFO - Sync 1 DAGs
[2024-04-14T19:18:26.662+0000] {logging_mixin.py:188} INFO - [2024-04-14T19:18:26.661+0000] {dag.py:3954} INFO - Setting next_dagrun for example_display_name to None, run_after=None
[2024-04-14T19:18:26.679+0000] {processor.py:183} INFO - Processing /home/airflow/.local/lib/python3.12/site-packages/airflow/example_dags/example_display_name.py took 0.059 seconds
[2024-04-14T19:18:57.185+0000] {processor.py:161} INFO - Started process (PID=3057) to work on /home/airflow/.local/lib/python3.12/site-packages/airflow/example_dags/example_display_name.py
[2024-04-14T19:18:57.186+0000] {processor.py:830} INFO - Processing file /home/airflow/.local/lib/python3.12/site-packages/airflow/example_dags/example_display_name.py for tasks to queue
[2024-04-14T19:18:57.187+0000] {logging_mixin.py:188} INFO - [2024-04-14T19:18:57.187+0000] {dagbag.py:540} INFO - Filling up the DagBag from /home/airflow/.local/lib/python3.12/site-packages/airflow/example_dags/example_display_name.py
[2024-04-14T19:18:57.192+0000] {processor.py:840} INFO - DAG(s) 'example_display_name' retrieved from /home/airflow/.local/lib/python3.12/site-packages/airflow/example_dags/example_display_name.py
[2024-04-14T19:18:57.209+0000] {logging_mixin.py:188} INFO - [2024-04-14T19:18:57.209+0000] {dag.py:3096} INFO - Sync 1 DAGs
[2024-04-14T19:18:57.221+0000] {logging_mixin.py:188} INFO - [2024-04-14T19:18:57.221+0000] {dag.py:3954} INFO - Setting next_dagrun for example_display_name to None, run_after=None
[2024-04-14T19:18:57.240+0000] {processor.py:183} INFO - Processing /home/airflow/.local/lib/python3.12/site-packages/airflow/example_dags/example_display_name.py took 0.059 seconds
[2024-04-14T19:19:28.012+0000] {processor.py:161} INFO - Started process (PID=3117) to work on /home/airflow/.local/lib/python3.12/site-packages/airflow/example_dags/example_display_name.py
[2024-04-14T19:19:28.013+0000] {processor.py:830} INFO - Processing file /home/airflow/.local/lib/python3.12/site-packages/airflow/example_dags/example_display_name.py for tasks to queue
[2024-04-14T19:19:28.015+0000] {logging_mixin.py:188} INFO - [2024-04-14T19:19:28.014+0000] {dagbag.py:540} INFO - Filling up the DagBag from /home/airflow/.local/lib/python3.12/site-packages/airflow/example_dags/example_display_name.py
[2024-04-14T19:19:28.019+0000] {processor.py:840} INFO - DAG(s) 'example_display_name' retrieved from /home/airflow/.local/lib/python3.12/site-packages/airflow/example_dags/example_display_name.py
[2024-04-14T19:19:28.035+0000] {logging_mixin.py:188} INFO - [2024-04-14T19:19:28.035+0000] {dag.py:3096} INFO - Sync 1 DAGs
[2024-04-14T19:19:28.047+0000] {logging_mixin.py:188} INFO - [2024-04-14T19:19:28.046+0000] {dag.py:3954} INFO - Setting next_dagrun for example_display_name to None, run_after=None
[2024-04-14T19:19:28.067+0000] {processor.py:183} INFO - Processing /home/airflow/.local/lib/python3.12/site-packages/airflow/example_dags/example_display_name.py took 0.059 seconds
[2024-04-14T19:19:58.467+0000] {processor.py:161} INFO - Started process (PID=3177) to work on /home/airflow/.local/lib/python3.12/site-packages/airflow/example_dags/example_display_name.py
[2024-04-14T19:19:58.467+0000] {processor.py:830} INFO - Processing file /home/airflow/.local/lib/python3.12/site-packages/airflow/example_dags/example_display_name.py for tasks to queue
[2024-04-14T19:19:58.469+0000] {logging_mixin.py:188} INFO - [2024-04-14T19:19:58.469+0000] {dagbag.py:540} INFO - Filling up the DagBag from /home/airflow/.local/lib/python3.12/site-packages/airflow/example_dags/example_display_name.py
[2024-04-14T19:19:58.474+0000] {processor.py:840} INFO - DAG(s) 'example_display_name' retrieved from /home/airflow/.local/lib/python3.12/site-packages/airflow/example_dags/example_display_name.py
[2024-04-14T19:19:58.491+0000] {logging_mixin.py:188} INFO - [2024-04-14T19:19:58.491+0000] {dag.py:3096} INFO - Sync 1 DAGs
[2024-04-14T19:19:58.502+0000] {logging_mixin.py:188} INFO - [2024-04-14T19:19:58.502+0000] {dag.py:3954} INFO - Setting next_dagrun for example_display_name to None, run_after=None
[2024-04-14T19:19:58.521+0000] {processor.py:183} INFO - Processing /home/airflow/.local/lib/python3.12/site-packages/airflow/example_dags/example_display_name.py took 0.060 seconds
[2024-04-14T19:20:28.980+0000] {processor.py:161} INFO - Started process (PID=3237) to work on /home/airflow/.local/lib/python3.12/site-packages/airflow/example_dags/example_display_name.py
[2024-04-14T19:20:28.981+0000] {processor.py:830} INFO - Processing file /home/airflow/.local/lib/python3.12/site-packages/airflow/example_dags/example_display_name.py for tasks to queue
[2024-04-14T19:20:28.983+0000] {logging_mixin.py:188} INFO - [2024-04-14T19:20:28.983+0000] {dagbag.py:540} INFO - Filling up the DagBag from /home/airflow/.local/lib/python3.12/site-packages/airflow/example_dags/example_display_name.py
[2024-04-14T19:20:28.988+0000] {processor.py:840} INFO - DAG(s) 'example_display_name' retrieved from /home/airflow/.local/lib/python3.12/site-packages/airflow/example_dags/example_display_name.py
[2024-04-14T19:20:29.005+0000] {logging_mixin.py:188} INFO - [2024-04-14T19:20:29.005+0000] {dag.py:3096} INFO - Sync 1 DAGs
[2024-04-14T19:20:29.017+0000] {logging_mixin.py:188} INFO - [2024-04-14T19:20:29.016+0000] {dag.py:3954} INFO - Setting next_dagrun for example_display_name to None, run_after=None
[2024-04-14T19:20:29.034+0000] {processor.py:183} INFO - Processing /home/airflow/.local/lib/python3.12/site-packages/airflow/example_dags/example_display_name.py took 0.060 seconds
[2024-04-14T19:20:59.934+0000] {processor.py:161} INFO - Started process (PID=3297) to work on /home/airflow/.local/lib/python3.12/site-packages/airflow/example_dags/example_display_name.py
[2024-04-14T19:20:59.935+0000] {processor.py:830} INFO - Processing file /home/airflow/.local/lib/python3.12/site-packages/airflow/example_dags/example_display_name.py for tasks to queue
[2024-04-14T19:20:59.937+0000] {logging_mixin.py:188} INFO - [2024-04-14T19:20:59.937+0000] {dagbag.py:540} INFO - Filling up the DagBag from /home/airflow/.local/lib/python3.12/site-packages/airflow/example_dags/example_display_name.py
[2024-04-14T19:20:59.943+0000] {processor.py:840} INFO - DAG(s) 'example_display_name' retrieved from /home/airflow/.local/lib/python3.12/site-packages/airflow/example_dags/example_display_name.py
[2024-04-14T19:20:59.968+0000] {logging_mixin.py:188} INFO - [2024-04-14T19:20:59.967+0000] {dag.py:3096} INFO - Sync 1 DAGs
[2024-04-14T19:20:59.982+0000] {logging_mixin.py:188} INFO - [2024-04-14T19:20:59.982+0000] {dag.py:3954} INFO - Setting next_dagrun for example_display_name to None, run_after=None
[2024-04-14T19:21:00.007+0000] {processor.py:183} INFO - Processing /home/airflow/.local/lib/python3.12/site-packages/airflow/example_dags/example_display_name.py took 0.080 seconds
