[2024-04-14T18:54:01.555+0000] {processor.py:161} INFO - Started process (PID=80) to work on /home/airflow/.local/lib/python3.12/site-packages/airflow/example_dags/example_dag_decorator.py
[2024-04-14T18:54:01.556+0000] {processor.py:830} INFO - Processing file /home/airflow/.local/lib/python3.12/site-packages/airflow/example_dags/example_dag_decorator.py for tasks to queue
[2024-04-14T18:54:01.560+0000] {logging_mixin.py:188} INFO - [2024-04-14T18:54:01.559+0000] {dagbag.py:540} INFO - Filling up the DagBag from /home/airflow/.local/lib/python3.12/site-packages/airflow/example_dags/example_dag_decorator.py
[2024-04-14T18:54:01.907+0000] {processor.py:840} INFO - DAG(s) 'example_dag_decorator' retrieved from /home/airflow/.local/lib/python3.12/site-packages/airflow/example_dags/example_dag_decorator.py
[2024-04-14T18:54:02.146+0000] {logging_mixin.py:188} INFO - [2024-04-14T18:54:02.144+0000] {override.py:1829} INFO - Created Permission View: can edit on DAG:example_dag_decorator
[2024-04-14T18:54:02.162+0000] {logging_mixin.py:188} INFO - [2024-04-14T18:54:02.162+0000] {override.py:1829} INFO - Created Permission View: can delete on DAG:example_dag_decorator
[2024-04-14T18:54:02.174+0000] {logging_mixin.py:188} INFO - [2024-04-14T18:54:02.173+0000] {override.py:1829} INFO - Created Permission View: can read on DAG:example_dag_decorator
[2024-04-14T18:54:02.174+0000] {logging_mixin.py:188} INFO - [2024-04-14T18:54:02.174+0000] {dag.py:3096} INFO - Sync 1 DAGs
[2024-04-14T18:54:02.213+0000] {logging_mixin.py:188} INFO - [2024-04-14T18:54:02.212+0000] {dag.py:3118} INFO - Creating ORM DAG for example_dag_decorator
[2024-04-14T18:54:02.216+0000] {logging_mixin.py:188} INFO - [2024-04-14T18:54:02.216+0000] {dag.py:3954} INFO - Setting next_dagrun for example_dag_decorator to None, run_after=None
[2024-04-14T18:54:02.254+0000] {processor.py:183} INFO - Processing /home/airflow/.local/lib/python3.12/site-packages/airflow/example_dags/example_dag_decorator.py took 0.707 seconds
[2024-04-14T18:54:32.959+0000] {processor.py:161} INFO - Started process (PID=140) to work on /home/airflow/.local/lib/python3.12/site-packages/airflow/example_dags/example_dag_decorator.py
[2024-04-14T18:54:32.962+0000] {processor.py:830} INFO - Processing file /home/airflow/.local/lib/python3.12/site-packages/airflow/example_dags/example_dag_decorator.py for tasks to queue
[2024-04-14T18:54:32.966+0000] {logging_mixin.py:188} INFO - [2024-04-14T18:54:32.965+0000] {dagbag.py:540} INFO - Filling up the DagBag from /home/airflow/.local/lib/python3.12/site-packages/airflow/example_dags/example_dag_decorator.py
[2024-04-14T18:54:33.209+0000] {processor.py:840} INFO - DAG(s) 'example_dag_decorator' retrieved from /home/airflow/.local/lib/python3.12/site-packages/airflow/example_dags/example_dag_decorator.py
[2024-04-14T18:54:33.453+0000] {logging_mixin.py:188} INFO - [2024-04-14T18:54:33.452+0000] {dag.py:3096} INFO - Sync 1 DAGs
[2024-04-14T18:54:33.476+0000] {logging_mixin.py:188} INFO - [2024-04-14T18:54:33.476+0000] {dag.py:3954} INFO - Setting next_dagrun for example_dag_decorator to None, run_after=None
[2024-04-14T18:54:33.519+0000] {processor.py:183} INFO - Processing /home/airflow/.local/lib/python3.12/site-packages/airflow/example_dags/example_dag_decorator.py took 0.573 seconds
[2024-04-14T18:55:03.839+0000] {processor.py:161} INFO - Started process (PID=200) to work on /home/airflow/.local/lib/python3.12/site-packages/airflow/example_dags/example_dag_decorator.py
[2024-04-14T18:55:03.841+0000] {processor.py:830} INFO - Processing file /home/airflow/.local/lib/python3.12/site-packages/airflow/example_dags/example_dag_decorator.py for tasks to queue
[2024-04-14T18:55:03.843+0000] {logging_mixin.py:188} INFO - [2024-04-14T18:55:03.843+0000] {dagbag.py:540} INFO - Filling up the DagBag from /home/airflow/.local/lib/python3.12/site-packages/airflow/example_dags/example_dag_decorator.py
[2024-04-14T18:55:03.938+0000] {processor.py:840} INFO - DAG(s) 'example_dag_decorator' retrieved from /home/airflow/.local/lib/python3.12/site-packages/airflow/example_dags/example_dag_decorator.py
[2024-04-14T18:55:04.044+0000] {logging_mixin.py:188} INFO - [2024-04-14T18:55:04.044+0000] {dag.py:3096} INFO - Sync 1 DAGs
[2024-04-14T18:55:04.055+0000] {logging_mixin.py:188} INFO - [2024-04-14T18:55:04.055+0000] {dag.py:3954} INFO - Setting next_dagrun for example_dag_decorator to None, run_after=None
[2024-04-14T18:55:04.077+0000] {processor.py:183} INFO - Processing /home/airflow/.local/lib/python3.12/site-packages/airflow/example_dags/example_dag_decorator.py took 0.243 seconds
[2024-04-14T18:55:34.980+0000] {processor.py:161} INFO - Started process (PID=260) to work on /home/airflow/.local/lib/python3.12/site-packages/airflow/example_dags/example_dag_decorator.py
[2024-04-14T18:55:34.982+0000] {processor.py:830} INFO - Processing file /home/airflow/.local/lib/python3.12/site-packages/airflow/example_dags/example_dag_decorator.py for tasks to queue
[2024-04-14T18:55:34.987+0000] {logging_mixin.py:188} INFO - [2024-04-14T18:55:34.986+0000] {dagbag.py:540} INFO - Filling up the DagBag from /home/airflow/.local/lib/python3.12/site-packages/airflow/example_dags/example_dag_decorator.py
[2024-04-14T18:55:35.651+0000] {processor.py:840} INFO - DAG(s) 'example_dag_decorator' retrieved from /home/airflow/.local/lib/python3.12/site-packages/airflow/example_dags/example_dag_decorator.py
[2024-04-14T18:55:38.605+0000] {logging_mixin.py:188} INFO - [2024-04-14T18:55:38.604+0000] {dag.py:3096} INFO - Sync 1 DAGs
[2024-04-14T18:55:38.642+0000] {logging_mixin.py:188} INFO - [2024-04-14T18:55:38.640+0000] {dag.py:3954} INFO - Setting next_dagrun for example_dag_decorator to None, run_after=None
[2024-04-14T18:55:38.697+0000] {processor.py:183} INFO - Processing /home/airflow/.local/lib/python3.12/site-packages/airflow/example_dags/example_dag_decorator.py took 3.730 seconds
[2024-04-14T18:56:08.902+0000] {processor.py:161} INFO - Started process (PID=322) to work on /home/airflow/.local/lib/python3.12/site-packages/airflow/example_dags/example_dag_decorator.py
[2024-04-14T18:56:08.909+0000] {processor.py:830} INFO - Processing file /home/airflow/.local/lib/python3.12/site-packages/airflow/example_dags/example_dag_decorator.py for tasks to queue
[2024-04-14T18:56:08.914+0000] {logging_mixin.py:188} INFO - [2024-04-14T18:56:08.914+0000] {dagbag.py:540} INFO - Filling up the DagBag from /home/airflow/.local/lib/python3.12/site-packages/airflow/example_dags/example_dag_decorator.py
[2024-04-14T18:56:09.424+0000] {processor.py:840} INFO - DAG(s) 'example_dag_decorator' retrieved from /home/airflow/.local/lib/python3.12/site-packages/airflow/example_dags/example_dag_decorator.py
[2024-04-14T18:56:10.054+0000] {logging_mixin.py:188} INFO - [2024-04-14T18:56:10.052+0000] {dag.py:3096} INFO - Sync 1 DAGs
[2024-04-14T18:56:10.110+0000] {logging_mixin.py:188} INFO - [2024-04-14T18:56:10.109+0000] {dag.py:3954} INFO - Setting next_dagrun for example_dag_decorator to None, run_after=None
[2024-04-14T18:56:12.368+0000] {processor.py:183} INFO - Processing /home/airflow/.local/lib/python3.12/site-packages/airflow/example_dags/example_dag_decorator.py took 3.481 seconds
[2024-04-14T18:56:42.665+0000] {processor.py:161} INFO - Started process (PID=387) to work on /home/airflow/.local/lib/python3.12/site-packages/airflow/example_dags/example_dag_decorator.py
[2024-04-14T18:56:42.666+0000] {processor.py:830} INFO - Processing file /home/airflow/.local/lib/python3.12/site-packages/airflow/example_dags/example_dag_decorator.py for tasks to queue
[2024-04-14T18:56:42.668+0000] {logging_mixin.py:188} INFO - [2024-04-14T18:56:42.668+0000] {dagbag.py:540} INFO - Filling up the DagBag from /home/airflow/.local/lib/python3.12/site-packages/airflow/example_dags/example_dag_decorator.py
[2024-04-14T18:56:42.790+0000] {processor.py:840} INFO - DAG(s) 'example_dag_decorator' retrieved from /home/airflow/.local/lib/python3.12/site-packages/airflow/example_dags/example_dag_decorator.py
[2024-04-14T18:56:43.096+0000] {logging_mixin.py:188} INFO - [2024-04-14T18:56:43.096+0000] {dag.py:3096} INFO - Sync 1 DAGs
[2024-04-14T18:56:43.106+0000] {logging_mixin.py:188} INFO - [2024-04-14T18:56:43.106+0000] {dag.py:3954} INFO - Setting next_dagrun for example_dag_decorator to None, run_after=None
[2024-04-14T18:56:43.134+0000] {processor.py:183} INFO - Processing /home/airflow/.local/lib/python3.12/site-packages/airflow/example_dags/example_dag_decorator.py took 0.474 seconds
[2024-04-14T18:57:13.816+0000] {processor.py:161} INFO - Started process (PID=448) to work on /home/airflow/.local/lib/python3.12/site-packages/airflow/example_dags/example_dag_decorator.py
[2024-04-14T18:57:13.818+0000] {processor.py:830} INFO - Processing file /home/airflow/.local/lib/python3.12/site-packages/airflow/example_dags/example_dag_decorator.py for tasks to queue
[2024-04-14T18:57:13.823+0000] {logging_mixin.py:188} INFO - [2024-04-14T18:57:13.822+0000] {dagbag.py:540} INFO - Filling up the DagBag from /home/airflow/.local/lib/python3.12/site-packages/airflow/example_dags/example_dag_decorator.py
[2024-04-14T18:57:13.954+0000] {processor.py:840} INFO - DAG(s) 'example_dag_decorator' retrieved from /home/airflow/.local/lib/python3.12/site-packages/airflow/example_dags/example_dag_decorator.py
[2024-04-14T18:57:14.634+0000] {logging_mixin.py:188} INFO - [2024-04-14T18:57:14.634+0000] {dag.py:3096} INFO - Sync 1 DAGs
[2024-04-14T18:57:14.653+0000] {logging_mixin.py:188} INFO - [2024-04-14T18:57:14.653+0000] {dag.py:3954} INFO - Setting next_dagrun for example_dag_decorator to None, run_after=None
[2024-04-14T18:57:14.683+0000] {processor.py:183} INFO - Processing /home/airflow/.local/lib/python3.12/site-packages/airflow/example_dags/example_dag_decorator.py took 0.876 seconds
[2024-04-14T18:57:45.315+0000] {processor.py:161} INFO - Started process (PID=509) to work on /home/airflow/.local/lib/python3.12/site-packages/airflow/example_dags/example_dag_decorator.py
[2024-04-14T18:57:45.316+0000] {processor.py:830} INFO - Processing file /home/airflow/.local/lib/python3.12/site-packages/airflow/example_dags/example_dag_decorator.py for tasks to queue
[2024-04-14T18:57:45.319+0000] {logging_mixin.py:188} INFO - [2024-04-14T18:57:45.318+0000] {dagbag.py:540} INFO - Filling up the DagBag from /home/airflow/.local/lib/python3.12/site-packages/airflow/example_dags/example_dag_decorator.py
[2024-04-14T18:57:45.499+0000] {processor.py:840} INFO - DAG(s) 'example_dag_decorator' retrieved from /home/airflow/.local/lib/python3.12/site-packages/airflow/example_dags/example_dag_decorator.py
[2024-04-14T18:57:46.161+0000] {logging_mixin.py:188} INFO - [2024-04-14T18:57:46.160+0000] {dag.py:3096} INFO - Sync 1 DAGs
[2024-04-14T18:57:46.184+0000] {logging_mixin.py:188} INFO - [2024-04-14T18:57:46.183+0000] {dag.py:3954} INFO - Setting next_dagrun for example_dag_decorator to None, run_after=None
[2024-04-14T18:57:46.226+0000] {processor.py:183} INFO - Processing /home/airflow/.local/lib/python3.12/site-packages/airflow/example_dags/example_dag_decorator.py took 0.920 seconds
[2024-04-14T18:58:16.752+0000] {processor.py:161} INFO - Started process (PID=572) to work on /home/airflow/.local/lib/python3.12/site-packages/airflow/example_dags/example_dag_decorator.py
[2024-04-14T18:58:16.755+0000] {processor.py:830} INFO - Processing file /home/airflow/.local/lib/python3.12/site-packages/airflow/example_dags/example_dag_decorator.py for tasks to queue
[2024-04-14T18:58:16.760+0000] {logging_mixin.py:188} INFO - [2024-04-14T18:58:16.759+0000] {dagbag.py:540} INFO - Filling up the DagBag from /home/airflow/.local/lib/python3.12/site-packages/airflow/example_dags/example_dag_decorator.py
[2024-04-14T18:58:16.913+0000] {processor.py:840} INFO - DAG(s) 'example_dag_decorator' retrieved from /home/airflow/.local/lib/python3.12/site-packages/airflow/example_dags/example_dag_decorator.py
[2024-04-14T18:58:17.441+0000] {logging_mixin.py:188} INFO - [2024-04-14T18:58:17.440+0000] {dag.py:3096} INFO - Sync 1 DAGs
[2024-04-14T18:58:17.452+0000] {logging_mixin.py:188} INFO - [2024-04-14T18:58:17.451+0000] {dag.py:3954} INFO - Setting next_dagrun for example_dag_decorator to None, run_after=None
[2024-04-14T18:58:17.481+0000] {processor.py:183} INFO - Processing /home/airflow/.local/lib/python3.12/site-packages/airflow/example_dags/example_dag_decorator.py took 0.741 seconds
[2024-04-14T18:58:47.556+0000] {processor.py:161} INFO - Started process (PID=635) to work on /home/airflow/.local/lib/python3.12/site-packages/airflow/example_dags/example_dag_decorator.py
[2024-04-14T18:58:47.557+0000] {processor.py:830} INFO - Processing file /home/airflow/.local/lib/python3.12/site-packages/airflow/example_dags/example_dag_decorator.py for tasks to queue
[2024-04-14T18:58:47.558+0000] {logging_mixin.py:188} INFO - [2024-04-14T18:58:47.558+0000] {dagbag.py:540} INFO - Filling up the DagBag from /home/airflow/.local/lib/python3.12/site-packages/airflow/example_dags/example_dag_decorator.py
[2024-04-14T18:58:47.646+0000] {processor.py:840} INFO - DAG(s) 'example_dag_decorator' retrieved from /home/airflow/.local/lib/python3.12/site-packages/airflow/example_dags/example_dag_decorator.py
[2024-04-14T18:58:47.912+0000] {logging_mixin.py:188} INFO - [2024-04-14T18:58:47.911+0000] {dag.py:3096} INFO - Sync 1 DAGs
[2024-04-14T18:58:47.920+0000] {logging_mixin.py:188} INFO - [2024-04-14T18:58:47.920+0000] {dag.py:3954} INFO - Setting next_dagrun for example_dag_decorator to None, run_after=None
[2024-04-14T18:58:47.938+0000] {processor.py:183} INFO - Processing /home/airflow/.local/lib/python3.12/site-packages/airflow/example_dags/example_dag_decorator.py took 0.388 seconds
[2024-04-14T18:59:18.040+0000] {processor.py:161} INFO - Started process (PID=700) to work on /home/airflow/.local/lib/python3.12/site-packages/airflow/example_dags/example_dag_decorator.py
[2024-04-14T18:59:18.041+0000] {processor.py:830} INFO - Processing file /home/airflow/.local/lib/python3.12/site-packages/airflow/example_dags/example_dag_decorator.py for tasks to queue
[2024-04-14T18:59:18.043+0000] {logging_mixin.py:188} INFO - [2024-04-14T18:59:18.042+0000] {dagbag.py:540} INFO - Filling up the DagBag from /home/airflow/.local/lib/python3.12/site-packages/airflow/example_dags/example_dag_decorator.py
[2024-04-14T18:59:18.128+0000] {processor.py:840} INFO - DAG(s) 'example_dag_decorator' retrieved from /home/airflow/.local/lib/python3.12/site-packages/airflow/example_dags/example_dag_decorator.py
[2024-04-14T18:59:18.370+0000] {logging_mixin.py:188} INFO - [2024-04-14T18:59:18.370+0000] {dag.py:3096} INFO - Sync 1 DAGs
[2024-04-14T18:59:18.380+0000] {logging_mixin.py:188} INFO - [2024-04-14T18:59:18.380+0000] {dag.py:3954} INFO - Setting next_dagrun for example_dag_decorator to None, run_after=None
[2024-04-14T18:59:18.397+0000] {processor.py:183} INFO - Processing /home/airflow/.local/lib/python3.12/site-packages/airflow/example_dags/example_dag_decorator.py took 0.362 seconds
[2024-04-14T18:59:49.387+0000] {processor.py:161} INFO - Started process (PID=768) to work on /home/airflow/.local/lib/python3.12/site-packages/airflow/example_dags/example_dag_decorator.py
[2024-04-14T18:59:49.390+0000] {processor.py:830} INFO - Processing file /home/airflow/.local/lib/python3.12/site-packages/airflow/example_dags/example_dag_decorator.py for tasks to queue
[2024-04-14T18:59:49.392+0000] {logging_mixin.py:188} INFO - [2024-04-14T18:59:49.392+0000] {dagbag.py:540} INFO - Filling up the DagBag from /home/airflow/.local/lib/python3.12/site-packages/airflow/example_dags/example_dag_decorator.py
[2024-04-14T18:59:49.477+0000] {processor.py:840} INFO - DAG(s) 'example_dag_decorator' retrieved from /home/airflow/.local/lib/python3.12/site-packages/airflow/example_dags/example_dag_decorator.py
[2024-04-14T18:59:49.724+0000] {logging_mixin.py:188} INFO - [2024-04-14T18:59:49.724+0000] {dag.py:3096} INFO - Sync 1 DAGs
[2024-04-14T18:59:49.733+0000] {logging_mixin.py:188} INFO - [2024-04-14T18:59:49.733+0000] {dag.py:3954} INFO - Setting next_dagrun for example_dag_decorator to None, run_after=None
[2024-04-14T18:59:49.754+0000] {processor.py:183} INFO - Processing /home/airflow/.local/lib/python3.12/site-packages/airflow/example_dags/example_dag_decorator.py took 0.374 seconds
[2024-04-14T19:00:20.608+0000] {processor.py:161} INFO - Started process (PID=834) to work on /home/airflow/.local/lib/python3.12/site-packages/airflow/example_dags/example_dag_decorator.py
[2024-04-14T19:00:20.611+0000] {processor.py:830} INFO - Processing file /home/airflow/.local/lib/python3.12/site-packages/airflow/example_dags/example_dag_decorator.py for tasks to queue
[2024-04-14T19:00:20.614+0000] {logging_mixin.py:188} INFO - [2024-04-14T19:00:20.614+0000] {dagbag.py:540} INFO - Filling up the DagBag from /home/airflow/.local/lib/python3.12/site-packages/airflow/example_dags/example_dag_decorator.py
[2024-04-14T19:00:20.721+0000] {processor.py:840} INFO - DAG(s) 'example_dag_decorator' retrieved from /home/airflow/.local/lib/python3.12/site-packages/airflow/example_dags/example_dag_decorator.py
[2024-04-14T19:00:20.963+0000] {logging_mixin.py:188} INFO - [2024-04-14T19:00:20.963+0000] {dag.py:3096} INFO - Sync 1 DAGs
[2024-04-14T19:00:20.974+0000] {logging_mixin.py:188} INFO - [2024-04-14T19:00:20.973+0000] {dag.py:3954} INFO - Setting next_dagrun for example_dag_decorator to None, run_after=None
[2024-04-14T19:00:20.997+0000] {processor.py:183} INFO - Processing /home/airflow/.local/lib/python3.12/site-packages/airflow/example_dags/example_dag_decorator.py took 0.403 seconds
[2024-04-14T19:00:51.248+0000] {processor.py:161} INFO - Started process (PID=894) to work on /home/airflow/.local/lib/python3.12/site-packages/airflow/example_dags/example_dag_decorator.py
[2024-04-14T19:00:51.249+0000] {processor.py:830} INFO - Processing file /home/airflow/.local/lib/python3.12/site-packages/airflow/example_dags/example_dag_decorator.py for tasks to queue
[2024-04-14T19:00:51.250+0000] {logging_mixin.py:188} INFO - [2024-04-14T19:00:51.250+0000] {dagbag.py:540} INFO - Filling up the DagBag from /home/airflow/.local/lib/python3.12/site-packages/airflow/example_dags/example_dag_decorator.py
[2024-04-14T19:00:51.324+0000] {processor.py:840} INFO - DAG(s) 'example_dag_decorator' retrieved from /home/airflow/.local/lib/python3.12/site-packages/airflow/example_dags/example_dag_decorator.py
[2024-04-14T19:00:51.565+0000] {logging_mixin.py:188} INFO - [2024-04-14T19:00:51.564+0000] {dag.py:3096} INFO - Sync 1 DAGs
[2024-04-14T19:00:51.573+0000] {logging_mixin.py:188} INFO - [2024-04-14T19:00:51.572+0000] {dag.py:3954} INFO - Setting next_dagrun for example_dag_decorator to None, run_after=None
[2024-04-14T19:00:51.589+0000] {processor.py:183} INFO - Processing /home/airflow/.local/lib/python3.12/site-packages/airflow/example_dags/example_dag_decorator.py took 0.346 seconds
[2024-04-14T19:01:22.062+0000] {processor.py:161} INFO - Started process (PID=956) to work on /home/airflow/.local/lib/python3.12/site-packages/airflow/example_dags/example_dag_decorator.py
[2024-04-14T19:01:22.063+0000] {processor.py:830} INFO - Processing file /home/airflow/.local/lib/python3.12/site-packages/airflow/example_dags/example_dag_decorator.py for tasks to queue
[2024-04-14T19:01:22.065+0000] {logging_mixin.py:188} INFO - [2024-04-14T19:01:22.064+0000] {dagbag.py:540} INFO - Filling up the DagBag from /home/airflow/.local/lib/python3.12/site-packages/airflow/example_dags/example_dag_decorator.py
[2024-04-14T19:01:22.140+0000] {processor.py:840} INFO - DAG(s) 'example_dag_decorator' retrieved from /home/airflow/.local/lib/python3.12/site-packages/airflow/example_dags/example_dag_decorator.py
[2024-04-14T19:01:22.362+0000] {logging_mixin.py:188} INFO - [2024-04-14T19:01:22.362+0000] {dag.py:3096} INFO - Sync 1 DAGs
[2024-04-14T19:01:22.370+0000] {logging_mixin.py:188} INFO - [2024-04-14T19:01:22.370+0000] {dag.py:3954} INFO - Setting next_dagrun for example_dag_decorator to None, run_after=None
[2024-04-14T19:01:22.390+0000] {processor.py:183} INFO - Processing /home/airflow/.local/lib/python3.12/site-packages/airflow/example_dags/example_dag_decorator.py took 0.333 seconds
[2024-04-14T19:01:53.184+0000] {processor.py:161} INFO - Started process (PID=1016) to work on /home/airflow/.local/lib/python3.12/site-packages/airflow/example_dags/example_dag_decorator.py
[2024-04-14T19:01:53.185+0000] {processor.py:830} INFO - Processing file /home/airflow/.local/lib/python3.12/site-packages/airflow/example_dags/example_dag_decorator.py for tasks to queue
[2024-04-14T19:01:53.187+0000] {logging_mixin.py:188} INFO - [2024-04-14T19:01:53.186+0000] {dagbag.py:540} INFO - Filling up the DagBag from /home/airflow/.local/lib/python3.12/site-packages/airflow/example_dags/example_dag_decorator.py
[2024-04-14T19:01:53.264+0000] {processor.py:840} INFO - DAG(s) 'example_dag_decorator' retrieved from /home/airflow/.local/lib/python3.12/site-packages/airflow/example_dags/example_dag_decorator.py
[2024-04-14T19:01:53.511+0000] {logging_mixin.py:188} INFO - [2024-04-14T19:01:53.511+0000] {dag.py:3096} INFO - Sync 1 DAGs
[2024-04-14T19:01:53.522+0000] {logging_mixin.py:188} INFO - [2024-04-14T19:01:53.521+0000] {dag.py:3954} INFO - Setting next_dagrun for example_dag_decorator to None, run_after=None
[2024-04-14T19:01:53.540+0000] {processor.py:183} INFO - Processing /home/airflow/.local/lib/python3.12/site-packages/airflow/example_dags/example_dag_decorator.py took 0.360 seconds
[2024-04-14T19:02:23.960+0000] {processor.py:161} INFO - Started process (PID=1076) to work on /home/airflow/.local/lib/python3.12/site-packages/airflow/example_dags/example_dag_decorator.py
[2024-04-14T19:02:23.961+0000] {processor.py:830} INFO - Processing file /home/airflow/.local/lib/python3.12/site-packages/airflow/example_dags/example_dag_decorator.py for tasks to queue
[2024-04-14T19:02:23.962+0000] {logging_mixin.py:188} INFO - [2024-04-14T19:02:23.962+0000] {dagbag.py:540} INFO - Filling up the DagBag from /home/airflow/.local/lib/python3.12/site-packages/airflow/example_dags/example_dag_decorator.py
[2024-04-14T19:02:24.053+0000] {processor.py:840} INFO - DAG(s) 'example_dag_decorator' retrieved from /home/airflow/.local/lib/python3.12/site-packages/airflow/example_dags/example_dag_decorator.py
[2024-04-14T19:02:24.288+0000] {logging_mixin.py:188} INFO - [2024-04-14T19:02:24.287+0000] {dag.py:3096} INFO - Sync 1 DAGs
[2024-04-14T19:02:24.296+0000] {logging_mixin.py:188} INFO - [2024-04-14T19:02:24.296+0000] {dag.py:3954} INFO - Setting next_dagrun for example_dag_decorator to None, run_after=None
[2024-04-14T19:02:24.314+0000] {processor.py:183} INFO - Processing /home/airflow/.local/lib/python3.12/site-packages/airflow/example_dags/example_dag_decorator.py took 0.359 seconds
[2024-04-14T19:02:54.541+0000] {processor.py:161} INFO - Started process (PID=1136) to work on /home/airflow/.local/lib/python3.12/site-packages/airflow/example_dags/example_dag_decorator.py
[2024-04-14T19:02:54.542+0000] {processor.py:830} INFO - Processing file /home/airflow/.local/lib/python3.12/site-packages/airflow/example_dags/example_dag_decorator.py for tasks to queue
[2024-04-14T19:02:54.545+0000] {logging_mixin.py:188} INFO - [2024-04-14T19:02:54.544+0000] {dagbag.py:540} INFO - Filling up the DagBag from /home/airflow/.local/lib/python3.12/site-packages/airflow/example_dags/example_dag_decorator.py
[2024-04-14T19:02:54.906+0000] {processor.py:840} INFO - DAG(s) 'example_dag_decorator' retrieved from /home/airflow/.local/lib/python3.12/site-packages/airflow/example_dags/example_dag_decorator.py
[2024-04-14T19:02:55.015+0000] {logging_mixin.py:188} INFO - [2024-04-14T19:02:55.015+0000] {dag.py:3096} INFO - Sync 1 DAGs
[2024-04-14T19:02:55.024+0000] {logging_mixin.py:188} INFO - [2024-04-14T19:02:55.024+0000] {dag.py:3954} INFO - Setting next_dagrun for example_dag_decorator to None, run_after=None
[2024-04-14T19:02:55.043+0000] {processor.py:183} INFO - Processing /home/airflow/.local/lib/python3.12/site-packages/airflow/example_dags/example_dag_decorator.py took 0.511 seconds
[2024-04-14T19:03:25.217+0000] {processor.py:161} INFO - Started process (PID=1197) to work on /home/airflow/.local/lib/python3.12/site-packages/airflow/example_dags/example_dag_decorator.py
[2024-04-14T19:03:25.218+0000] {processor.py:830} INFO - Processing file /home/airflow/.local/lib/python3.12/site-packages/airflow/example_dags/example_dag_decorator.py for tasks to queue
[2024-04-14T19:03:25.220+0000] {logging_mixin.py:188} INFO - [2024-04-14T19:03:25.219+0000] {dagbag.py:540} INFO - Filling up the DagBag from /home/airflow/.local/lib/python3.12/site-packages/airflow/example_dags/example_dag_decorator.py
[2024-04-14T19:03:25.300+0000] {processor.py:840} INFO - DAG(s) 'example_dag_decorator' retrieved from /home/airflow/.local/lib/python3.12/site-packages/airflow/example_dags/example_dag_decorator.py
[2024-04-14T19:03:25.543+0000] {logging_mixin.py:188} INFO - [2024-04-14T19:03:25.542+0000] {dag.py:3096} INFO - Sync 1 DAGs
[2024-04-14T19:03:25.551+0000] {logging_mixin.py:188} INFO - [2024-04-14T19:03:25.551+0000] {dag.py:3954} INFO - Setting next_dagrun for example_dag_decorator to None, run_after=None
[2024-04-14T19:03:25.570+0000] {processor.py:183} INFO - Processing /home/airflow/.local/lib/python3.12/site-packages/airflow/example_dags/example_dag_decorator.py took 0.358 seconds
[2024-04-14T19:03:55.977+0000] {processor.py:161} INFO - Started process (PID=1257) to work on /home/airflow/.local/lib/python3.12/site-packages/airflow/example_dags/example_dag_decorator.py
[2024-04-14T19:03:55.978+0000] {processor.py:830} INFO - Processing file /home/airflow/.local/lib/python3.12/site-packages/airflow/example_dags/example_dag_decorator.py for tasks to queue
[2024-04-14T19:03:55.980+0000] {logging_mixin.py:188} INFO - [2024-04-14T19:03:55.979+0000] {dagbag.py:540} INFO - Filling up the DagBag from /home/airflow/.local/lib/python3.12/site-packages/airflow/example_dags/example_dag_decorator.py
[2024-04-14T19:03:56.057+0000] {processor.py:840} INFO - DAG(s) 'example_dag_decorator' retrieved from /home/airflow/.local/lib/python3.12/site-packages/airflow/example_dags/example_dag_decorator.py
[2024-04-14T19:03:56.285+0000] {logging_mixin.py:188} INFO - [2024-04-14T19:03:56.285+0000] {dag.py:3096} INFO - Sync 1 DAGs
[2024-04-14T19:03:56.293+0000] {logging_mixin.py:188} INFO - [2024-04-14T19:03:56.293+0000] {dag.py:3954} INFO - Setting next_dagrun for example_dag_decorator to None, run_after=None
[2024-04-14T19:03:56.309+0000] {processor.py:183} INFO - Processing /home/airflow/.local/lib/python3.12/site-packages/airflow/example_dags/example_dag_decorator.py took 0.336 seconds
[2024-04-14T19:04:26.862+0000] {processor.py:161} INFO - Started process (PID=1317) to work on /home/airflow/.local/lib/python3.12/site-packages/airflow/example_dags/example_dag_decorator.py
[2024-04-14T19:04:26.863+0000] {processor.py:830} INFO - Processing file /home/airflow/.local/lib/python3.12/site-packages/airflow/example_dags/example_dag_decorator.py for tasks to queue
[2024-04-14T19:04:26.864+0000] {logging_mixin.py:188} INFO - [2024-04-14T19:04:26.864+0000] {dagbag.py:540} INFO - Filling up the DagBag from /home/airflow/.local/lib/python3.12/site-packages/airflow/example_dags/example_dag_decorator.py
[2024-04-14T19:04:27.075+0000] {processor.py:840} INFO - DAG(s) 'example_dag_decorator' retrieved from /home/airflow/.local/lib/python3.12/site-packages/airflow/example_dags/example_dag_decorator.py
[2024-04-14T19:04:27.091+0000] {logging_mixin.py:188} INFO - [2024-04-14T19:04:27.091+0000] {dag.py:3096} INFO - Sync 1 DAGs
[2024-04-14T19:04:27.102+0000] {logging_mixin.py:188} INFO - [2024-04-14T19:04:27.102+0000] {dag.py:3954} INFO - Setting next_dagrun for example_dag_decorator to None, run_after=None
[2024-04-14T19:04:27.118+0000] {processor.py:183} INFO - Processing /home/airflow/.local/lib/python3.12/site-packages/airflow/example_dags/example_dag_decorator.py took 0.260 seconds
[2024-04-14T19:04:57.201+0000] {processor.py:161} INFO - Started process (PID=1377) to work on /home/airflow/.local/lib/python3.12/site-packages/airflow/example_dags/example_dag_decorator.py
[2024-04-14T19:04:57.202+0000] {processor.py:830} INFO - Processing file /home/airflow/.local/lib/python3.12/site-packages/airflow/example_dags/example_dag_decorator.py for tasks to queue
[2024-04-14T19:04:57.203+0000] {logging_mixin.py:188} INFO - [2024-04-14T19:04:57.203+0000] {dagbag.py:540} INFO - Filling up the DagBag from /home/airflow/.local/lib/python3.12/site-packages/airflow/example_dags/example_dag_decorator.py
[2024-04-14T19:04:57.413+0000] {processor.py:840} INFO - DAG(s) 'example_dag_decorator' retrieved from /home/airflow/.local/lib/python3.12/site-packages/airflow/example_dags/example_dag_decorator.py
[2024-04-14T19:04:57.431+0000] {logging_mixin.py:188} INFO - [2024-04-14T19:04:57.431+0000] {dag.py:3096} INFO - Sync 1 DAGs
[2024-04-14T19:04:57.442+0000] {logging_mixin.py:188} INFO - [2024-04-14T19:04:57.441+0000] {dag.py:3954} INFO - Setting next_dagrun for example_dag_decorator to None, run_after=None
[2024-04-14T19:04:57.470+0000] {processor.py:183} INFO - Processing /home/airflow/.local/lib/python3.12/site-packages/airflow/example_dags/example_dag_decorator.py took 0.273 seconds
[2024-04-14T19:05:27.772+0000] {processor.py:161} INFO - Started process (PID=1437) to work on /home/airflow/.local/lib/python3.12/site-packages/airflow/example_dags/example_dag_decorator.py
[2024-04-14T19:05:27.773+0000] {processor.py:830} INFO - Processing file /home/airflow/.local/lib/python3.12/site-packages/airflow/example_dags/example_dag_decorator.py for tasks to queue
[2024-04-14T19:05:27.774+0000] {logging_mixin.py:188} INFO - [2024-04-14T19:05:27.774+0000] {dagbag.py:540} INFO - Filling up the DagBag from /home/airflow/.local/lib/python3.12/site-packages/airflow/example_dags/example_dag_decorator.py
[2024-04-14T19:05:27.993+0000] {processor.py:840} INFO - DAG(s) 'example_dag_decorator' retrieved from /home/airflow/.local/lib/python3.12/site-packages/airflow/example_dags/example_dag_decorator.py
[2024-04-14T19:05:28.010+0000] {logging_mixin.py:188} INFO - [2024-04-14T19:05:28.009+0000] {dag.py:3096} INFO - Sync 1 DAGs
[2024-04-14T19:05:28.019+0000] {logging_mixin.py:188} INFO - [2024-04-14T19:05:28.019+0000] {dag.py:3954} INFO - Setting next_dagrun for example_dag_decorator to None, run_after=None
[2024-04-14T19:05:28.047+0000] {processor.py:183} INFO - Processing /home/airflow/.local/lib/python3.12/site-packages/airflow/example_dags/example_dag_decorator.py took 0.279 seconds
[2024-04-14T19:05:58.083+0000] {processor.py:161} INFO - Started process (PID=1497) to work on /home/airflow/.local/lib/python3.12/site-packages/airflow/example_dags/example_dag_decorator.py
[2024-04-14T19:05:58.084+0000] {processor.py:830} INFO - Processing file /home/airflow/.local/lib/python3.12/site-packages/airflow/example_dags/example_dag_decorator.py for tasks to queue
[2024-04-14T19:05:58.086+0000] {logging_mixin.py:188} INFO - [2024-04-14T19:05:58.086+0000] {dagbag.py:540} INFO - Filling up the DagBag from /home/airflow/.local/lib/python3.12/site-packages/airflow/example_dags/example_dag_decorator.py
[2024-04-14T19:05:58.166+0000] {processor.py:840} INFO - DAG(s) 'example_dag_decorator' retrieved from /home/airflow/.local/lib/python3.12/site-packages/airflow/example_dags/example_dag_decorator.py
[2024-04-14T19:05:58.261+0000] {logging_mixin.py:188} INFO - [2024-04-14T19:05:58.261+0000] {dag.py:3096} INFO - Sync 1 DAGs
[2024-04-14T19:05:58.271+0000] {logging_mixin.py:188} INFO - [2024-04-14T19:05:58.271+0000] {dag.py:3954} INFO - Setting next_dagrun for example_dag_decorator to None, run_after=None
[2024-04-14T19:05:58.291+0000] {processor.py:183} INFO - Processing /home/airflow/.local/lib/python3.12/site-packages/airflow/example_dags/example_dag_decorator.py took 0.212 seconds
[2024-04-14T19:06:28.338+0000] {processor.py:161} INFO - Started process (PID=1557) to work on /home/airflow/.local/lib/python3.12/site-packages/airflow/example_dags/example_dag_decorator.py
[2024-04-14T19:06:28.339+0000] {processor.py:830} INFO - Processing file /home/airflow/.local/lib/python3.12/site-packages/airflow/example_dags/example_dag_decorator.py for tasks to queue
[2024-04-14T19:06:28.340+0000] {logging_mixin.py:188} INFO - [2024-04-14T19:06:28.340+0000] {dagbag.py:540} INFO - Filling up the DagBag from /home/airflow/.local/lib/python3.12/site-packages/airflow/example_dags/example_dag_decorator.py
[2024-04-14T19:06:28.415+0000] {processor.py:840} INFO - DAG(s) 'example_dag_decorator' retrieved from /home/airflow/.local/lib/python3.12/site-packages/airflow/example_dags/example_dag_decorator.py
[2024-04-14T19:06:28.505+0000] {logging_mixin.py:188} INFO - [2024-04-14T19:06:28.505+0000] {dag.py:3096} INFO - Sync 1 DAGs
[2024-04-14T19:06:28.514+0000] {logging_mixin.py:188} INFO - [2024-04-14T19:06:28.514+0000] {dag.py:3954} INFO - Setting next_dagrun for example_dag_decorator to None, run_after=None
[2024-04-14T19:06:28.531+0000] {processor.py:183} INFO - Processing /home/airflow/.local/lib/python3.12/site-packages/airflow/example_dags/example_dag_decorator.py took 0.198 seconds
[2024-04-14T19:06:58.939+0000] {processor.py:161} INFO - Started process (PID=1617) to work on /home/airflow/.local/lib/python3.12/site-packages/airflow/example_dags/example_dag_decorator.py
[2024-04-14T19:06:58.940+0000] {processor.py:830} INFO - Processing file /home/airflow/.local/lib/python3.12/site-packages/airflow/example_dags/example_dag_decorator.py for tasks to queue
[2024-04-14T19:06:58.941+0000] {logging_mixin.py:188} INFO - [2024-04-14T19:06:58.941+0000] {dagbag.py:540} INFO - Filling up the DagBag from /home/airflow/.local/lib/python3.12/site-packages/airflow/example_dags/example_dag_decorator.py
[2024-04-14T19:06:59.017+0000] {processor.py:840} INFO - DAG(s) 'example_dag_decorator' retrieved from /home/airflow/.local/lib/python3.12/site-packages/airflow/example_dags/example_dag_decorator.py
[2024-04-14T19:06:59.038+0000] {logging_mixin.py:188} INFO - [2024-04-14T19:06:59.038+0000] {dag.py:3096} INFO - Sync 1 DAGs
[2024-04-14T19:06:59.049+0000] {logging_mixin.py:188} INFO - [2024-04-14T19:06:59.049+0000] {dag.py:3954} INFO - Setting next_dagrun for example_dag_decorator to None, run_after=None
[2024-04-14T19:06:59.068+0000] {processor.py:183} INFO - Processing /home/airflow/.local/lib/python3.12/site-packages/airflow/example_dags/example_dag_decorator.py took 0.133 seconds
[2024-04-14T19:07:29.353+0000] {processor.py:161} INFO - Started process (PID=1677) to work on /home/airflow/.local/lib/python3.12/site-packages/airflow/example_dags/example_dag_decorator.py
[2024-04-14T19:07:29.353+0000] {processor.py:830} INFO - Processing file /home/airflow/.local/lib/python3.12/site-packages/airflow/example_dags/example_dag_decorator.py for tasks to queue
[2024-04-14T19:07:29.355+0000] {logging_mixin.py:188} INFO - [2024-04-14T19:07:29.355+0000] {dagbag.py:540} INFO - Filling up the DagBag from /home/airflow/.local/lib/python3.12/site-packages/airflow/example_dags/example_dag_decorator.py
[2024-04-14T19:07:29.433+0000] {processor.py:840} INFO - DAG(s) 'example_dag_decorator' retrieved from /home/airflow/.local/lib/python3.12/site-packages/airflow/example_dags/example_dag_decorator.py
[2024-04-14T19:07:29.527+0000] {logging_mixin.py:188} INFO - [2024-04-14T19:07:29.527+0000] {dag.py:3096} INFO - Sync 1 DAGs
[2024-04-14T19:07:29.539+0000] {logging_mixin.py:188} INFO - [2024-04-14T19:07:29.539+0000] {dag.py:3954} INFO - Setting next_dagrun for example_dag_decorator to None, run_after=None
[2024-04-14T19:07:29.565+0000] {processor.py:183} INFO - Processing /home/airflow/.local/lib/python3.12/site-packages/airflow/example_dags/example_dag_decorator.py took 0.218 seconds
[2024-04-14T19:07:59.601+0000] {processor.py:161} INFO - Started process (PID=1743) to work on /home/airflow/.local/lib/python3.12/site-packages/airflow/example_dags/example_dag_decorator.py
[2024-04-14T19:07:59.601+0000] {processor.py:830} INFO - Processing file /home/airflow/.local/lib/python3.12/site-packages/airflow/example_dags/example_dag_decorator.py for tasks to queue
[2024-04-14T19:07:59.603+0000] {logging_mixin.py:188} INFO - [2024-04-14T19:07:59.603+0000] {dagbag.py:540} INFO - Filling up the DagBag from /home/airflow/.local/lib/python3.12/site-packages/airflow/example_dags/example_dag_decorator.py
[2024-04-14T19:07:59.675+0000] {processor.py:840} INFO - DAG(s) 'example_dag_decorator' retrieved from /home/airflow/.local/lib/python3.12/site-packages/airflow/example_dags/example_dag_decorator.py
[2024-04-14T19:07:59.763+0000] {logging_mixin.py:188} INFO - [2024-04-14T19:07:59.763+0000] {dag.py:3096} INFO - Sync 1 DAGs
[2024-04-14T19:07:59.771+0000] {logging_mixin.py:188} INFO - [2024-04-14T19:07:59.771+0000] {dag.py:3954} INFO - Setting next_dagrun for example_dag_decorator to None, run_after=None
[2024-04-14T19:07:59.800+0000] {processor.py:183} INFO - Processing /home/airflow/.local/lib/python3.12/site-packages/airflow/example_dags/example_dag_decorator.py took 0.204 seconds
[2024-04-14T19:08:30.356+0000] {processor.py:161} INFO - Started process (PID=1803) to work on /home/airflow/.local/lib/python3.12/site-packages/airflow/example_dags/example_dag_decorator.py
[2024-04-14T19:08:30.356+0000] {processor.py:830} INFO - Processing file /home/airflow/.local/lib/python3.12/site-packages/airflow/example_dags/example_dag_decorator.py for tasks to queue
[2024-04-14T19:08:30.358+0000] {logging_mixin.py:188} INFO - [2024-04-14T19:08:30.358+0000] {dagbag.py:540} INFO - Filling up the DagBag from /home/airflow/.local/lib/python3.12/site-packages/airflow/example_dags/example_dag_decorator.py
[2024-04-14T19:08:30.440+0000] {processor.py:840} INFO - DAG(s) 'example_dag_decorator' retrieved from /home/airflow/.local/lib/python3.12/site-packages/airflow/example_dags/example_dag_decorator.py
[2024-04-14T19:08:30.462+0000] {logging_mixin.py:188} INFO - [2024-04-14T19:08:30.462+0000] {dag.py:3096} INFO - Sync 1 DAGs
[2024-04-14T19:08:30.475+0000] {logging_mixin.py:188} INFO - [2024-04-14T19:08:30.475+0000] {dag.py:3954} INFO - Setting next_dagrun for example_dag_decorator to None, run_after=None
[2024-04-14T19:08:30.509+0000] {processor.py:183} INFO - Processing /home/airflow/.local/lib/python3.12/site-packages/airflow/example_dags/example_dag_decorator.py took 0.157 seconds
[2024-04-14T19:09:01.264+0000] {processor.py:161} INFO - Started process (PID=1865) to work on /home/airflow/.local/lib/python3.12/site-packages/airflow/example_dags/example_dag_decorator.py
[2024-04-14T19:09:01.265+0000] {processor.py:830} INFO - Processing file /home/airflow/.local/lib/python3.12/site-packages/airflow/example_dags/example_dag_decorator.py for tasks to queue
[2024-04-14T19:09:01.266+0000] {logging_mixin.py:188} INFO - [2024-04-14T19:09:01.266+0000] {dagbag.py:540} INFO - Filling up the DagBag from /home/airflow/.local/lib/python3.12/site-packages/airflow/example_dags/example_dag_decorator.py
[2024-04-14T19:09:01.342+0000] {processor.py:840} INFO - DAG(s) 'example_dag_decorator' retrieved from /home/airflow/.local/lib/python3.12/site-packages/airflow/example_dags/example_dag_decorator.py
[2024-04-14T19:09:01.363+0000] {logging_mixin.py:188} INFO - [2024-04-14T19:09:01.362+0000] {dag.py:3096} INFO - Sync 1 DAGs
[2024-04-14T19:09:01.375+0000] {logging_mixin.py:188} INFO - [2024-04-14T19:09:01.374+0000] {dag.py:3954} INFO - Setting next_dagrun for example_dag_decorator to None, run_after=None
[2024-04-14T19:09:01.392+0000] {processor.py:183} INFO - Processing /home/airflow/.local/lib/python3.12/site-packages/airflow/example_dags/example_dag_decorator.py took 0.133 seconds
[2024-04-14T19:09:32.180+0000] {processor.py:161} INFO - Started process (PID=1925) to work on /home/airflow/.local/lib/python3.12/site-packages/airflow/example_dags/example_dag_decorator.py
[2024-04-14T19:09:32.180+0000] {processor.py:830} INFO - Processing file /home/airflow/.local/lib/python3.12/site-packages/airflow/example_dags/example_dag_decorator.py for tasks to queue
[2024-04-14T19:09:32.182+0000] {logging_mixin.py:188} INFO - [2024-04-14T19:09:32.182+0000] {dagbag.py:540} INFO - Filling up the DagBag from /home/airflow/.local/lib/python3.12/site-packages/airflow/example_dags/example_dag_decorator.py
[2024-04-14T19:09:32.255+0000] {processor.py:840} INFO - DAG(s) 'example_dag_decorator' retrieved from /home/airflow/.local/lib/python3.12/site-packages/airflow/example_dags/example_dag_decorator.py
[2024-04-14T19:09:32.273+0000] {logging_mixin.py:188} INFO - [2024-04-14T19:09:32.273+0000] {dag.py:3096} INFO - Sync 1 DAGs
[2024-04-14T19:09:32.286+0000] {logging_mixin.py:188} INFO - [2024-04-14T19:09:32.286+0000] {dag.py:3954} INFO - Setting next_dagrun for example_dag_decorator to None, run_after=None
[2024-04-14T19:09:32.303+0000] {processor.py:183} INFO - Processing /home/airflow/.local/lib/python3.12/site-packages/airflow/example_dags/example_dag_decorator.py took 0.128 seconds
[2024-04-14T19:10:02.637+0000] {processor.py:161} INFO - Started process (PID=1987) to work on /home/airflow/.local/lib/python3.12/site-packages/airflow/example_dags/example_dag_decorator.py
[2024-04-14T19:10:02.638+0000] {processor.py:830} INFO - Processing file /home/airflow/.local/lib/python3.12/site-packages/airflow/example_dags/example_dag_decorator.py for tasks to queue
[2024-04-14T19:10:02.639+0000] {logging_mixin.py:188} INFO - [2024-04-14T19:10:02.639+0000] {dagbag.py:540} INFO - Filling up the DagBag from /home/airflow/.local/lib/python3.12/site-packages/airflow/example_dags/example_dag_decorator.py
[2024-04-14T19:10:02.715+0000] {processor.py:840} INFO - DAG(s) 'example_dag_decorator' retrieved from /home/airflow/.local/lib/python3.12/site-packages/airflow/example_dags/example_dag_decorator.py
[2024-04-14T19:10:02.734+0000] {logging_mixin.py:188} INFO - [2024-04-14T19:10:02.733+0000] {dag.py:3096} INFO - Sync 1 DAGs
[2024-04-14T19:10:02.743+0000] {logging_mixin.py:188} INFO - [2024-04-14T19:10:02.743+0000] {dag.py:3954} INFO - Setting next_dagrun for example_dag_decorator to None, run_after=None
[2024-04-14T19:10:02.765+0000] {processor.py:183} INFO - Processing /home/airflow/.local/lib/python3.12/site-packages/airflow/example_dags/example_dag_decorator.py took 0.132 seconds
[2024-04-14T19:10:33.536+0000] {processor.py:161} INFO - Started process (PID=2047) to work on /home/airflow/.local/lib/python3.12/site-packages/airflow/example_dags/example_dag_decorator.py
[2024-04-14T19:10:33.537+0000] {processor.py:830} INFO - Processing file /home/airflow/.local/lib/python3.12/site-packages/airflow/example_dags/example_dag_decorator.py for tasks to queue
[2024-04-14T19:10:33.539+0000] {logging_mixin.py:188} INFO - [2024-04-14T19:10:33.538+0000] {dagbag.py:540} INFO - Filling up the DagBag from /home/airflow/.local/lib/python3.12/site-packages/airflow/example_dags/example_dag_decorator.py
[2024-04-14T19:10:33.617+0000] {processor.py:840} INFO - DAG(s) 'example_dag_decorator' retrieved from /home/airflow/.local/lib/python3.12/site-packages/airflow/example_dags/example_dag_decorator.py
[2024-04-14T19:10:33.712+0000] {logging_mixin.py:188} INFO - [2024-04-14T19:10:33.712+0000] {dag.py:3096} INFO - Sync 1 DAGs
[2024-04-14T19:10:33.721+0000] {logging_mixin.py:188} INFO - [2024-04-14T19:10:33.721+0000] {dag.py:3954} INFO - Setting next_dagrun for example_dag_decorator to None, run_after=None
[2024-04-14T19:10:33.738+0000] {processor.py:183} INFO - Processing /home/airflow/.local/lib/python3.12/site-packages/airflow/example_dags/example_dag_decorator.py took 0.206 seconds
[2024-04-14T19:11:04.736+0000] {processor.py:161} INFO - Started process (PID=2107) to work on /home/airflow/.local/lib/python3.12/site-packages/airflow/example_dags/example_dag_decorator.py
[2024-04-14T19:11:04.737+0000] {processor.py:830} INFO - Processing file /home/airflow/.local/lib/python3.12/site-packages/airflow/example_dags/example_dag_decorator.py for tasks to queue
[2024-04-14T19:11:04.738+0000] {logging_mixin.py:188} INFO - [2024-04-14T19:11:04.738+0000] {dagbag.py:540} INFO - Filling up the DagBag from /home/airflow/.local/lib/python3.12/site-packages/airflow/example_dags/example_dag_decorator.py
[2024-04-14T19:11:04.813+0000] {processor.py:840} INFO - DAG(s) 'example_dag_decorator' retrieved from /home/airflow/.local/lib/python3.12/site-packages/airflow/example_dags/example_dag_decorator.py
[2024-04-14T19:11:04.903+0000] {logging_mixin.py:188} INFO - [2024-04-14T19:11:04.902+0000] {dag.py:3096} INFO - Sync 1 DAGs
[2024-04-14T19:11:04.911+0000] {logging_mixin.py:188} INFO - [2024-04-14T19:11:04.911+0000] {dag.py:3954} INFO - Setting next_dagrun for example_dag_decorator to None, run_after=None
[2024-04-14T19:11:04.928+0000] {processor.py:183} INFO - Processing /home/airflow/.local/lib/python3.12/site-packages/airflow/example_dags/example_dag_decorator.py took 0.196 seconds
[2024-04-14T19:11:35.120+0000] {processor.py:161} INFO - Started process (PID=2172) to work on /home/airflow/.local/lib/python3.12/site-packages/airflow/example_dags/example_dag_decorator.py
[2024-04-14T19:11:35.121+0000] {processor.py:830} INFO - Processing file /home/airflow/.local/lib/python3.12/site-packages/airflow/example_dags/example_dag_decorator.py for tasks to queue
[2024-04-14T19:11:35.122+0000] {logging_mixin.py:188} INFO - [2024-04-14T19:11:35.122+0000] {dagbag.py:540} INFO - Filling up the DagBag from /home/airflow/.local/lib/python3.12/site-packages/airflow/example_dags/example_dag_decorator.py
[2024-04-14T19:11:35.197+0000] {processor.py:840} INFO - DAG(s) 'example_dag_decorator' retrieved from /home/airflow/.local/lib/python3.12/site-packages/airflow/example_dags/example_dag_decorator.py
[2024-04-14T19:11:35.298+0000] {logging_mixin.py:188} INFO - [2024-04-14T19:11:35.297+0000] {dag.py:3096} INFO - Sync 1 DAGs
[2024-04-14T19:11:35.309+0000] {logging_mixin.py:188} INFO - [2024-04-14T19:11:35.308+0000] {dag.py:3954} INFO - Setting next_dagrun for example_dag_decorator to None, run_after=None
[2024-04-14T19:11:35.333+0000] {processor.py:183} INFO - Processing /home/airflow/.local/lib/python3.12/site-packages/airflow/example_dags/example_dag_decorator.py took 0.218 seconds
[2024-04-14T19:12:06.194+0000] {processor.py:161} INFO - Started process (PID=2232) to work on /home/airflow/.local/lib/python3.12/site-packages/airflow/example_dags/example_dag_decorator.py
[2024-04-14T19:12:06.195+0000] {processor.py:830} INFO - Processing file /home/airflow/.local/lib/python3.12/site-packages/airflow/example_dags/example_dag_decorator.py for tasks to queue
[2024-04-14T19:12:06.196+0000] {logging_mixin.py:188} INFO - [2024-04-14T19:12:06.196+0000] {dagbag.py:540} INFO - Filling up the DagBag from /home/airflow/.local/lib/python3.12/site-packages/airflow/example_dags/example_dag_decorator.py
[2024-04-14T19:12:06.272+0000] {processor.py:840} INFO - DAG(s) 'example_dag_decorator' retrieved from /home/airflow/.local/lib/python3.12/site-packages/airflow/example_dags/example_dag_decorator.py
[2024-04-14T19:12:06.363+0000] {logging_mixin.py:188} INFO - [2024-04-14T19:12:06.363+0000] {dag.py:3096} INFO - Sync 1 DAGs
[2024-04-14T19:12:06.374+0000] {logging_mixin.py:188} INFO - [2024-04-14T19:12:06.374+0000] {dag.py:3954} INFO - Setting next_dagrun for example_dag_decorator to None, run_after=None
[2024-04-14T19:12:06.400+0000] {processor.py:183} INFO - Processing /home/airflow/.local/lib/python3.12/site-packages/airflow/example_dags/example_dag_decorator.py took 0.210 seconds
[2024-04-14T19:12:36.806+0000] {processor.py:161} INFO - Started process (PID=2293) to work on /home/airflow/.local/lib/python3.12/site-packages/airflow/example_dags/example_dag_decorator.py
[2024-04-14T19:12:36.807+0000] {processor.py:830} INFO - Processing file /home/airflow/.local/lib/python3.12/site-packages/airflow/example_dags/example_dag_decorator.py for tasks to queue
[2024-04-14T19:12:36.809+0000] {logging_mixin.py:188} INFO - [2024-04-14T19:12:36.808+0000] {dagbag.py:540} INFO - Filling up the DagBag from /home/airflow/.local/lib/python3.12/site-packages/airflow/example_dags/example_dag_decorator.py
[2024-04-14T19:12:36.889+0000] {processor.py:840} INFO - DAG(s) 'example_dag_decorator' retrieved from /home/airflow/.local/lib/python3.12/site-packages/airflow/example_dags/example_dag_decorator.py
[2024-04-14T19:12:36.908+0000] {logging_mixin.py:188} INFO - [2024-04-14T19:12:36.908+0000] {dag.py:3096} INFO - Sync 1 DAGs
[2024-04-14T19:12:36.920+0000] {logging_mixin.py:188} INFO - [2024-04-14T19:12:36.920+0000] {dag.py:3954} INFO - Setting next_dagrun for example_dag_decorator to None, run_after=None
[2024-04-14T19:12:36.937+0000] {processor.py:183} INFO - Processing /home/airflow/.local/lib/python3.12/site-packages/airflow/example_dags/example_dag_decorator.py took 0.135 seconds
[2024-04-14T19:13:07.125+0000] {processor.py:161} INFO - Started process (PID=2355) to work on /home/airflow/.local/lib/python3.12/site-packages/airflow/example_dags/example_dag_decorator.py
[2024-04-14T19:13:07.126+0000] {processor.py:830} INFO - Processing file /home/airflow/.local/lib/python3.12/site-packages/airflow/example_dags/example_dag_decorator.py for tasks to queue
[2024-04-14T19:13:07.127+0000] {logging_mixin.py:188} INFO - [2024-04-14T19:13:07.127+0000] {dagbag.py:540} INFO - Filling up the DagBag from /home/airflow/.local/lib/python3.12/site-packages/airflow/example_dags/example_dag_decorator.py
[2024-04-14T19:13:07.208+0000] {processor.py:840} INFO - DAG(s) 'example_dag_decorator' retrieved from /home/airflow/.local/lib/python3.12/site-packages/airflow/example_dags/example_dag_decorator.py
[2024-04-14T19:13:07.299+0000] {logging_mixin.py:188} INFO - [2024-04-14T19:13:07.299+0000] {dag.py:3096} INFO - Sync 1 DAGs
[2024-04-14T19:13:07.307+0000] {logging_mixin.py:188} INFO - [2024-04-14T19:13:07.307+0000] {dag.py:3954} INFO - Setting next_dagrun for example_dag_decorator to None, run_after=None
[2024-04-14T19:13:07.325+0000] {processor.py:183} INFO - Processing /home/airflow/.local/lib/python3.12/site-packages/airflow/example_dags/example_dag_decorator.py took 0.204 seconds
[2024-04-14T19:13:37.418+0000] {processor.py:161} INFO - Started process (PID=2415) to work on /home/airflow/.local/lib/python3.12/site-packages/airflow/example_dags/example_dag_decorator.py
[2024-04-14T19:13:37.419+0000] {processor.py:830} INFO - Processing file /home/airflow/.local/lib/python3.12/site-packages/airflow/example_dags/example_dag_decorator.py for tasks to queue
[2024-04-14T19:13:37.420+0000] {logging_mixin.py:188} INFO - [2024-04-14T19:13:37.420+0000] {dagbag.py:540} INFO - Filling up the DagBag from /home/airflow/.local/lib/python3.12/site-packages/airflow/example_dags/example_dag_decorator.py
[2024-04-14T19:13:37.498+0000] {processor.py:840} INFO - DAG(s) 'example_dag_decorator' retrieved from /home/airflow/.local/lib/python3.12/site-packages/airflow/example_dags/example_dag_decorator.py
[2024-04-14T19:13:37.595+0000] {logging_mixin.py:188} INFO - [2024-04-14T19:13:37.594+0000] {dag.py:3096} INFO - Sync 1 DAGs
[2024-04-14T19:13:37.605+0000] {logging_mixin.py:188} INFO - [2024-04-14T19:13:37.605+0000] {dag.py:3954} INFO - Setting next_dagrun for example_dag_decorator to None, run_after=None
[2024-04-14T19:13:37.623+0000] {processor.py:183} INFO - Processing /home/airflow/.local/lib/python3.12/site-packages/airflow/example_dags/example_dag_decorator.py took 0.211 seconds
[2024-04-14T19:14:07.936+0000] {processor.py:161} INFO - Started process (PID=2475) to work on /home/airflow/.local/lib/python3.12/site-packages/airflow/example_dags/example_dag_decorator.py
[2024-04-14T19:14:07.937+0000] {processor.py:830} INFO - Processing file /home/airflow/.local/lib/python3.12/site-packages/airflow/example_dags/example_dag_decorator.py for tasks to queue
[2024-04-14T19:14:07.938+0000] {logging_mixin.py:188} INFO - [2024-04-14T19:14:07.938+0000] {dagbag.py:540} INFO - Filling up the DagBag from /home/airflow/.local/lib/python3.12/site-packages/airflow/example_dags/example_dag_decorator.py
[2024-04-14T19:14:08.012+0000] {processor.py:840} INFO - DAG(s) 'example_dag_decorator' retrieved from /home/airflow/.local/lib/python3.12/site-packages/airflow/example_dags/example_dag_decorator.py
[2024-04-14T19:14:08.104+0000] {logging_mixin.py:188} INFO - [2024-04-14T19:14:08.104+0000] {dag.py:3096} INFO - Sync 1 DAGs
[2024-04-14T19:14:08.112+0000] {logging_mixin.py:188} INFO - [2024-04-14T19:14:08.112+0000] {dag.py:3954} INFO - Setting next_dagrun for example_dag_decorator to None, run_after=None
[2024-04-14T19:14:08.128+0000] {processor.py:183} INFO - Processing /home/airflow/.local/lib/python3.12/site-packages/airflow/example_dags/example_dag_decorator.py took 0.197 seconds
[2024-04-14T19:14:38.532+0000] {processor.py:161} INFO - Started process (PID=2537) to work on /home/airflow/.local/lib/python3.12/site-packages/airflow/example_dags/example_dag_decorator.py
[2024-04-14T19:14:38.533+0000] {processor.py:830} INFO - Processing file /home/airflow/.local/lib/python3.12/site-packages/airflow/example_dags/example_dag_decorator.py for tasks to queue
[2024-04-14T19:14:38.535+0000] {logging_mixin.py:188} INFO - [2024-04-14T19:14:38.534+0000] {dagbag.py:540} INFO - Filling up the DagBag from /home/airflow/.local/lib/python3.12/site-packages/airflow/example_dags/example_dag_decorator.py
[2024-04-14T19:14:38.611+0000] {processor.py:840} INFO - DAG(s) 'example_dag_decorator' retrieved from /home/airflow/.local/lib/python3.12/site-packages/airflow/example_dags/example_dag_decorator.py
[2024-04-14T19:14:38.705+0000] {logging_mixin.py:188} INFO - [2024-04-14T19:14:38.705+0000] {dag.py:3096} INFO - Sync 1 DAGs
[2024-04-14T19:14:38.715+0000] {logging_mixin.py:188} INFO - [2024-04-14T19:14:38.715+0000] {dag.py:3954} INFO - Setting next_dagrun for example_dag_decorator to None, run_after=None
[2024-04-14T19:14:38.734+0000] {processor.py:183} INFO - Processing /home/airflow/.local/lib/python3.12/site-packages/airflow/example_dags/example_dag_decorator.py took 0.207 seconds
[2024-04-14T19:15:08.801+0000] {processor.py:161} INFO - Started process (PID=2597) to work on /home/airflow/.local/lib/python3.12/site-packages/airflow/example_dags/example_dag_decorator.py
[2024-04-14T19:15:08.802+0000] {processor.py:830} INFO - Processing file /home/airflow/.local/lib/python3.12/site-packages/airflow/example_dags/example_dag_decorator.py for tasks to queue
[2024-04-14T19:15:08.804+0000] {logging_mixin.py:188} INFO - [2024-04-14T19:15:08.803+0000] {dagbag.py:540} INFO - Filling up the DagBag from /home/airflow/.local/lib/python3.12/site-packages/airflow/example_dags/example_dag_decorator.py
[2024-04-14T19:15:08.877+0000] {processor.py:840} INFO - DAG(s) 'example_dag_decorator' retrieved from /home/airflow/.local/lib/python3.12/site-packages/airflow/example_dags/example_dag_decorator.py
[2024-04-14T19:15:08.897+0000] {logging_mixin.py:188} INFO - [2024-04-14T19:15:08.897+0000] {dag.py:3096} INFO - Sync 1 DAGs
[2024-04-14T19:15:08.907+0000] {logging_mixin.py:188} INFO - [2024-04-14T19:15:08.907+0000] {dag.py:3954} INFO - Setting next_dagrun for example_dag_decorator to None, run_after=None
[2024-04-14T19:15:08.925+0000] {processor.py:183} INFO - Processing /home/airflow/.local/lib/python3.12/site-packages/airflow/example_dags/example_dag_decorator.py took 0.129 seconds
[2024-04-14T19:15:39.088+0000] {processor.py:161} INFO - Started process (PID=2657) to work on /home/airflow/.local/lib/python3.12/site-packages/airflow/example_dags/example_dag_decorator.py
[2024-04-14T19:15:39.089+0000] {processor.py:830} INFO - Processing file /home/airflow/.local/lib/python3.12/site-packages/airflow/example_dags/example_dag_decorator.py for tasks to queue
[2024-04-14T19:15:39.091+0000] {logging_mixin.py:188} INFO - [2024-04-14T19:15:39.091+0000] {dagbag.py:540} INFO - Filling up the DagBag from /home/airflow/.local/lib/python3.12/site-packages/airflow/example_dags/example_dag_decorator.py
[2024-04-14T19:15:39.197+0000] {processor.py:840} INFO - DAG(s) 'example_dag_decorator' retrieved from /home/airflow/.local/lib/python3.12/site-packages/airflow/example_dags/example_dag_decorator.py
[2024-04-14T19:15:39.294+0000] {logging_mixin.py:188} INFO - [2024-04-14T19:15:39.293+0000] {dag.py:3096} INFO - Sync 1 DAGs
[2024-04-14T19:15:39.304+0000] {logging_mixin.py:188} INFO - [2024-04-14T19:15:39.304+0000] {dag.py:3954} INFO - Setting next_dagrun for example_dag_decorator to None, run_after=None
[2024-04-14T19:15:39.322+0000] {processor.py:183} INFO - Processing /home/airflow/.local/lib/python3.12/site-packages/airflow/example_dags/example_dag_decorator.py took 0.239 seconds
[2024-04-14T19:16:09.435+0000] {processor.py:161} INFO - Started process (PID=2717) to work on /home/airflow/.local/lib/python3.12/site-packages/airflow/example_dags/example_dag_decorator.py
[2024-04-14T19:16:09.436+0000] {processor.py:830} INFO - Processing file /home/airflow/.local/lib/python3.12/site-packages/airflow/example_dags/example_dag_decorator.py for tasks to queue
[2024-04-14T19:16:09.437+0000] {logging_mixin.py:188} INFO - [2024-04-14T19:16:09.437+0000] {dagbag.py:540} INFO - Filling up the DagBag from /home/airflow/.local/lib/python3.12/site-packages/airflow/example_dags/example_dag_decorator.py
[2024-04-14T19:16:09.513+0000] {processor.py:840} INFO - DAG(s) 'example_dag_decorator' retrieved from /home/airflow/.local/lib/python3.12/site-packages/airflow/example_dags/example_dag_decorator.py
[2024-04-14T19:16:09.603+0000] {logging_mixin.py:188} INFO - [2024-04-14T19:16:09.602+0000] {dag.py:3096} INFO - Sync 1 DAGs
[2024-04-14T19:16:09.612+0000] {logging_mixin.py:188} INFO - [2024-04-14T19:16:09.612+0000] {dag.py:3954} INFO - Setting next_dagrun for example_dag_decorator to None, run_after=None
[2024-04-14T19:16:09.629+0000] {processor.py:183} INFO - Processing /home/airflow/.local/lib/python3.12/site-packages/airflow/example_dags/example_dag_decorator.py took 0.198 seconds
[2024-04-14T19:16:39.726+0000] {processor.py:161} INFO - Started process (PID=2776) to work on /home/airflow/.local/lib/python3.12/site-packages/airflow/example_dags/example_dag_decorator.py
[2024-04-14T19:16:39.727+0000] {processor.py:830} INFO - Processing file /home/airflow/.local/lib/python3.12/site-packages/airflow/example_dags/example_dag_decorator.py for tasks to queue
[2024-04-14T19:16:39.730+0000] {logging_mixin.py:188} INFO - [2024-04-14T19:16:39.730+0000] {dagbag.py:540} INFO - Filling up the DagBag from /home/airflow/.local/lib/python3.12/site-packages/airflow/example_dags/example_dag_decorator.py
[2024-04-14T19:16:39.814+0000] {processor.py:840} INFO - DAG(s) 'example_dag_decorator' retrieved from /home/airflow/.local/lib/python3.12/site-packages/airflow/example_dags/example_dag_decorator.py
[2024-04-14T19:16:39.838+0000] {logging_mixin.py:188} INFO - [2024-04-14T19:16:39.837+0000] {dag.py:3096} INFO - Sync 1 DAGs
[2024-04-14T19:16:39.849+0000] {logging_mixin.py:188} INFO - [2024-04-14T19:16:39.849+0000] {dag.py:3954} INFO - Setting next_dagrun for example_dag_decorator to None, run_after=None
[2024-04-14T19:16:39.869+0000] {processor.py:183} INFO - Processing /home/airflow/.local/lib/python3.12/site-packages/airflow/example_dags/example_dag_decorator.py took 0.147 seconds
[2024-04-14T19:17:10.258+0000] {processor.py:161} INFO - Started process (PID=2836) to work on /home/airflow/.local/lib/python3.12/site-packages/airflow/example_dags/example_dag_decorator.py
[2024-04-14T19:17:10.259+0000] {processor.py:830} INFO - Processing file /home/airflow/.local/lib/python3.12/site-packages/airflow/example_dags/example_dag_decorator.py for tasks to queue
[2024-04-14T19:17:10.260+0000] {logging_mixin.py:188} INFO - [2024-04-14T19:17:10.260+0000] {dagbag.py:540} INFO - Filling up the DagBag from /home/airflow/.local/lib/python3.12/site-packages/airflow/example_dags/example_dag_decorator.py
[2024-04-14T19:17:10.350+0000] {processor.py:840} INFO - DAG(s) 'example_dag_decorator' retrieved from /home/airflow/.local/lib/python3.12/site-packages/airflow/example_dags/example_dag_decorator.py
[2024-04-14T19:17:10.372+0000] {logging_mixin.py:188} INFO - [2024-04-14T19:17:10.372+0000] {dag.py:3096} INFO - Sync 1 DAGs
[2024-04-14T19:17:10.384+0000] {logging_mixin.py:188} INFO - [2024-04-14T19:17:10.384+0000] {dag.py:3954} INFO - Setting next_dagrun for example_dag_decorator to None, run_after=None
[2024-04-14T19:17:10.405+0000] {processor.py:183} INFO - Processing /home/airflow/.local/lib/python3.12/site-packages/airflow/example_dags/example_dag_decorator.py took 0.152 seconds
[2024-04-14T19:17:40.894+0000] {processor.py:161} INFO - Started process (PID=2896) to work on /home/airflow/.local/lib/python3.12/site-packages/airflow/example_dags/example_dag_decorator.py
[2024-04-14T19:17:40.895+0000] {processor.py:830} INFO - Processing file /home/airflow/.local/lib/python3.12/site-packages/airflow/example_dags/example_dag_decorator.py for tasks to queue
[2024-04-14T19:17:40.896+0000] {logging_mixin.py:188} INFO - [2024-04-14T19:17:40.896+0000] {dagbag.py:540} INFO - Filling up the DagBag from /home/airflow/.local/lib/python3.12/site-packages/airflow/example_dags/example_dag_decorator.py
[2024-04-14T19:17:40.974+0000] {processor.py:840} INFO - DAG(s) 'example_dag_decorator' retrieved from /home/airflow/.local/lib/python3.12/site-packages/airflow/example_dags/example_dag_decorator.py
[2024-04-14T19:17:41.074+0000] {logging_mixin.py:188} INFO - [2024-04-14T19:17:41.074+0000] {dag.py:3096} INFO - Sync 1 DAGs
[2024-04-14T19:17:41.083+0000] {logging_mixin.py:188} INFO - [2024-04-14T19:17:41.083+0000] {dag.py:3954} INFO - Setting next_dagrun for example_dag_decorator to None, run_after=None
[2024-04-14T19:17:41.101+0000] {processor.py:183} INFO - Processing /home/airflow/.local/lib/python3.12/site-packages/airflow/example_dags/example_dag_decorator.py took 0.212 seconds
[2024-04-14T19:18:12.019+0000] {processor.py:161} INFO - Started process (PID=2961) to work on /home/airflow/.local/lib/python3.12/site-packages/airflow/example_dags/example_dag_decorator.py
[2024-04-14T19:18:12.019+0000] {processor.py:830} INFO - Processing file /home/airflow/.local/lib/python3.12/site-packages/airflow/example_dags/example_dag_decorator.py for tasks to queue
[2024-04-14T19:18:12.021+0000] {logging_mixin.py:188} INFO - [2024-04-14T19:18:12.021+0000] {dagbag.py:540} INFO - Filling up the DagBag from /home/airflow/.local/lib/python3.12/site-packages/airflow/example_dags/example_dag_decorator.py
[2024-04-14T19:18:12.095+0000] {processor.py:840} INFO - DAG(s) 'example_dag_decorator' retrieved from /home/airflow/.local/lib/python3.12/site-packages/airflow/example_dags/example_dag_decorator.py
[2024-04-14T19:18:12.184+0000] {logging_mixin.py:188} INFO - [2024-04-14T19:18:12.184+0000] {dag.py:3096} INFO - Sync 1 DAGs
[2024-04-14T19:18:12.193+0000] {logging_mixin.py:188} INFO - [2024-04-14T19:18:12.193+0000] {dag.py:3954} INFO - Setting next_dagrun for example_dag_decorator to None, run_after=None
[2024-04-14T19:18:12.210+0000] {processor.py:183} INFO - Processing /home/airflow/.local/lib/python3.12/site-packages/airflow/example_dags/example_dag_decorator.py took 0.196 seconds
[2024-04-14T19:18:42.433+0000] {processor.py:161} INFO - Started process (PID=3021) to work on /home/airflow/.local/lib/python3.12/site-packages/airflow/example_dags/example_dag_decorator.py
[2024-04-14T19:18:42.435+0000] {processor.py:830} INFO - Processing file /home/airflow/.local/lib/python3.12/site-packages/airflow/example_dags/example_dag_decorator.py for tasks to queue
[2024-04-14T19:18:42.436+0000] {logging_mixin.py:188} INFO - [2024-04-14T19:18:42.436+0000] {dagbag.py:540} INFO - Filling up the DagBag from /home/airflow/.local/lib/python3.12/site-packages/airflow/example_dags/example_dag_decorator.py
[2024-04-14T19:18:42.512+0000] {processor.py:840} INFO - DAG(s) 'example_dag_decorator' retrieved from /home/airflow/.local/lib/python3.12/site-packages/airflow/example_dags/example_dag_decorator.py
[2024-04-14T19:18:42.605+0000] {logging_mixin.py:188} INFO - [2024-04-14T19:18:42.604+0000] {dag.py:3096} INFO - Sync 1 DAGs
[2024-04-14T19:18:42.613+0000] {logging_mixin.py:188} INFO - [2024-04-14T19:18:42.613+0000] {dag.py:3954} INFO - Setting next_dagrun for example_dag_decorator to None, run_after=None
[2024-04-14T19:18:42.631+0000] {processor.py:183} INFO - Processing /home/airflow/.local/lib/python3.12/site-packages/airflow/example_dags/example_dag_decorator.py took 0.203 seconds
[2024-04-14T19:19:13.620+0000] {processor.py:161} INFO - Started process (PID=3082) to work on /home/airflow/.local/lib/python3.12/site-packages/airflow/example_dags/example_dag_decorator.py
[2024-04-14T19:19:13.621+0000] {processor.py:830} INFO - Processing file /home/airflow/.local/lib/python3.12/site-packages/airflow/example_dags/example_dag_decorator.py for tasks to queue
[2024-04-14T19:19:13.623+0000] {logging_mixin.py:188} INFO - [2024-04-14T19:19:13.622+0000] {dagbag.py:540} INFO - Filling up the DagBag from /home/airflow/.local/lib/python3.12/site-packages/airflow/example_dags/example_dag_decorator.py
[2024-04-14T19:19:13.713+0000] {processor.py:840} INFO - DAG(s) 'example_dag_decorator' retrieved from /home/airflow/.local/lib/python3.12/site-packages/airflow/example_dags/example_dag_decorator.py
[2024-04-14T19:19:13.817+0000] {logging_mixin.py:188} INFO - [2024-04-14T19:19:13.817+0000] {dag.py:3096} INFO - Sync 1 DAGs
[2024-04-14T19:19:13.828+0000] {logging_mixin.py:188} INFO - [2024-04-14T19:19:13.828+0000] {dag.py:3954} INFO - Setting next_dagrun for example_dag_decorator to None, run_after=None
[2024-04-14T19:19:13.849+0000] {processor.py:183} INFO - Processing /home/airflow/.local/lib/python3.12/site-packages/airflow/example_dags/example_dag_decorator.py took 0.233 seconds
[2024-04-14T19:19:44.203+0000] {processor.py:161} INFO - Started process (PID=3142) to work on /home/airflow/.local/lib/python3.12/site-packages/airflow/example_dags/example_dag_decorator.py
[2024-04-14T19:19:44.204+0000] {processor.py:830} INFO - Processing file /home/airflow/.local/lib/python3.12/site-packages/airflow/example_dags/example_dag_decorator.py for tasks to queue
[2024-04-14T19:19:44.206+0000] {logging_mixin.py:188} INFO - [2024-04-14T19:19:44.206+0000] {dagbag.py:540} INFO - Filling up the DagBag from /home/airflow/.local/lib/python3.12/site-packages/airflow/example_dags/example_dag_decorator.py
[2024-04-14T19:19:44.280+0000] {processor.py:840} INFO - DAG(s) 'example_dag_decorator' retrieved from /home/airflow/.local/lib/python3.12/site-packages/airflow/example_dags/example_dag_decorator.py
[2024-04-14T19:19:44.393+0000] {logging_mixin.py:188} INFO - [2024-04-14T19:19:44.393+0000] {dag.py:3096} INFO - Sync 1 DAGs
[2024-04-14T19:19:44.403+0000] {logging_mixin.py:188} INFO - [2024-04-14T19:19:44.403+0000] {dag.py:3954} INFO - Setting next_dagrun for example_dag_decorator to None, run_after=None
[2024-04-14T19:19:44.422+0000] {processor.py:183} INFO - Processing /home/airflow/.local/lib/python3.12/site-packages/airflow/example_dags/example_dag_decorator.py took 0.223 seconds
[2024-04-14T19:20:14.469+0000] {processor.py:161} INFO - Started process (PID=3202) to work on /home/airflow/.local/lib/python3.12/site-packages/airflow/example_dags/example_dag_decorator.py
[2024-04-14T19:20:14.469+0000] {processor.py:830} INFO - Processing file /home/airflow/.local/lib/python3.12/site-packages/airflow/example_dags/example_dag_decorator.py for tasks to queue
[2024-04-14T19:20:14.471+0000] {logging_mixin.py:188} INFO - [2024-04-14T19:20:14.471+0000] {dagbag.py:540} INFO - Filling up the DagBag from /home/airflow/.local/lib/python3.12/site-packages/airflow/example_dags/example_dag_decorator.py
[2024-04-14T19:20:14.546+0000] {processor.py:840} INFO - DAG(s) 'example_dag_decorator' retrieved from /home/airflow/.local/lib/python3.12/site-packages/airflow/example_dags/example_dag_decorator.py
[2024-04-14T19:20:14.565+0000] {logging_mixin.py:188} INFO - [2024-04-14T19:20:14.565+0000] {dag.py:3096} INFO - Sync 1 DAGs
[2024-04-14T19:20:14.576+0000] {logging_mixin.py:188} INFO - [2024-04-14T19:20:14.576+0000] {dag.py:3954} INFO - Setting next_dagrun for example_dag_decorator to None, run_after=None
[2024-04-14T19:20:14.594+0000] {processor.py:183} INFO - Processing /home/airflow/.local/lib/python3.12/site-packages/airflow/example_dags/example_dag_decorator.py took 0.130 seconds
[2024-04-14T19:20:45.286+0000] {processor.py:161} INFO - Started process (PID=3262) to work on /home/airflow/.local/lib/python3.12/site-packages/airflow/example_dags/example_dag_decorator.py
[2024-04-14T19:20:45.287+0000] {processor.py:830} INFO - Processing file /home/airflow/.local/lib/python3.12/site-packages/airflow/example_dags/example_dag_decorator.py for tasks to queue
[2024-04-14T19:20:45.289+0000] {logging_mixin.py:188} INFO - [2024-04-14T19:20:45.289+0000] {dagbag.py:540} INFO - Filling up the DagBag from /home/airflow/.local/lib/python3.12/site-packages/airflow/example_dags/example_dag_decorator.py
[2024-04-14T19:20:45.370+0000] {processor.py:840} INFO - DAG(s) 'example_dag_decorator' retrieved from /home/airflow/.local/lib/python3.12/site-packages/airflow/example_dags/example_dag_decorator.py
[2024-04-14T19:20:45.467+0000] {logging_mixin.py:188} INFO - [2024-04-14T19:20:45.466+0000] {dag.py:3096} INFO - Sync 1 DAGs
[2024-04-14T19:20:45.475+0000] {logging_mixin.py:188} INFO - [2024-04-14T19:20:45.475+0000] {dag.py:3954} INFO - Setting next_dagrun for example_dag_decorator to None, run_after=None
[2024-04-14T19:20:45.493+0000] {processor.py:183} INFO - Processing /home/airflow/.local/lib/python3.12/site-packages/airflow/example_dags/example_dag_decorator.py took 0.213 seconds
[2024-04-14T19:21:16.520+0000] {processor.py:161} INFO - Started process (PID=3322) to work on /home/airflow/.local/lib/python3.12/site-packages/airflow/example_dags/example_dag_decorator.py
[2024-04-14T19:21:16.521+0000] {processor.py:830} INFO - Processing file /home/airflow/.local/lib/python3.12/site-packages/airflow/example_dags/example_dag_decorator.py for tasks to queue
[2024-04-14T19:21:16.523+0000] {logging_mixin.py:188} INFO - [2024-04-14T19:21:16.522+0000] {dagbag.py:540} INFO - Filling up the DagBag from /home/airflow/.local/lib/python3.12/site-packages/airflow/example_dags/example_dag_decorator.py
[2024-04-14T19:21:16.598+0000] {processor.py:840} INFO - DAG(s) 'example_dag_decorator' retrieved from /home/airflow/.local/lib/python3.12/site-packages/airflow/example_dags/example_dag_decorator.py
[2024-04-14T19:21:16.714+0000] {logging_mixin.py:188} INFO - [2024-04-14T19:21:16.714+0000] {dag.py:3096} INFO - Sync 1 DAGs
[2024-04-14T19:21:16.723+0000] {logging_mixin.py:188} INFO - [2024-04-14T19:21:16.723+0000] {dag.py:3954} INFO - Setting next_dagrun for example_dag_decorator to None, run_after=None
[2024-04-14T19:21:16.739+0000] {processor.py:183} INFO - Processing /home/airflow/.local/lib/python3.12/site-packages/airflow/example_dags/example_dag_decorator.py took 0.224 seconds
