[2024-04-14T18:53:51.838+0000] {processor.py:161} INFO - Started process (PID=47) to work on /home/airflow/.local/lib/python3.12/site-packages/airflow/example_dags/example_external_task_marker_dag.py
[2024-04-14T18:53:51.844+0000] {processor.py:830} INFO - Processing file /home/airflow/.local/lib/python3.12/site-packages/airflow/example_dags/example_external_task_marker_dag.py for tasks to queue
[2024-04-14T18:53:51.861+0000] {logging_mixin.py:188} INFO - [2024-04-14T18:53:51.859+0000] {dagbag.py:540} INFO - Filling up the DagBag from /home/airflow/.local/lib/python3.12/site-packages/airflow/example_dags/example_external_task_marker_dag.py
[2024-04-14T18:53:51.959+0000] {processor.py:840} INFO - DAG(s) 'example_external_task_marker_parent', 'example_external_task_marker_child' retrieved from /home/airflow/.local/lib/python3.12/site-packages/airflow/example_dags/example_external_task_marker_dag.py
[2024-04-14T18:53:52.575+0000] {logging_mixin.py:188} INFO - [2024-04-14T18:53:52.574+0000] {override.py:1829} INFO - Created Permission View: can edit on DAG:example_external_task_marker_parent
[2024-04-14T18:53:52.590+0000] {logging_mixin.py:188} INFO - [2024-04-14T18:53:52.590+0000] {override.py:1829} INFO - Created Permission View: can delete on DAG:example_external_task_marker_parent
[2024-04-14T18:53:52.599+0000] {logging_mixin.py:188} INFO - [2024-04-14T18:53:52.599+0000] {override.py:1829} INFO - Created Permission View: can read on DAG:example_external_task_marker_parent
[2024-04-14T18:53:52.620+0000] {logging_mixin.py:188} INFO - [2024-04-14T18:53:52.619+0000] {override.py:1829} INFO - Created Permission View: can edit on DAG:example_external_task_marker_child
[2024-04-14T18:53:52.631+0000] {logging_mixin.py:188} INFO - [2024-04-14T18:53:52.630+0000] {override.py:1829} INFO - Created Permission View: can delete on DAG:example_external_task_marker_child
[2024-04-14T18:53:52.640+0000] {logging_mixin.py:188} INFO - [2024-04-14T18:53:52.639+0000] {override.py:1829} INFO - Created Permission View: can read on DAG:example_external_task_marker_child
[2024-04-14T18:53:52.641+0000] {logging_mixin.py:188} INFO - [2024-04-14T18:53:52.641+0000] {dag.py:3096} INFO - Sync 2 DAGs
[2024-04-14T18:53:52.674+0000] {logging_mixin.py:188} INFO - [2024-04-14T18:53:52.673+0000] {dag.py:3118} INFO - Creating ORM DAG for example_external_task_marker_child
[2024-04-14T18:53:52.675+0000] {logging_mixin.py:188} INFO - [2024-04-14T18:53:52.675+0000] {dag.py:3118} INFO - Creating ORM DAG for example_external_task_marker_parent
[2024-04-14T18:53:52.677+0000] {logging_mixin.py:188} INFO - [2024-04-14T18:53:52.677+0000] {dag.py:3954} INFO - Setting next_dagrun for example_external_task_marker_child to None, run_after=None
[2024-04-14T18:53:52.678+0000] {logging_mixin.py:188} INFO - [2024-04-14T18:53:52.678+0000] {dag.py:3954} INFO - Setting next_dagrun for example_external_task_marker_parent to None, run_after=None
[2024-04-14T18:53:52.719+0000] {processor.py:183} INFO - Processing /home/airflow/.local/lib/python3.12/site-packages/airflow/example_dags/example_external_task_marker_dag.py took 0.928 seconds
[2024-04-14T18:54:23.340+0000] {processor.py:161} INFO - Started process (PID=106) to work on /home/airflow/.local/lib/python3.12/site-packages/airflow/example_dags/example_external_task_marker_dag.py
[2024-04-14T18:54:23.341+0000] {processor.py:830} INFO - Processing file /home/airflow/.local/lib/python3.12/site-packages/airflow/example_dags/example_external_task_marker_dag.py for tasks to queue
[2024-04-14T18:54:23.342+0000] {logging_mixin.py:188} INFO - [2024-04-14T18:54:23.342+0000] {dagbag.py:540} INFO - Filling up the DagBag from /home/airflow/.local/lib/python3.12/site-packages/airflow/example_dags/example_external_task_marker_dag.py
[2024-04-14T18:54:23.350+0000] {processor.py:840} INFO - DAG(s) 'example_external_task_marker_parent', 'example_external_task_marker_child' retrieved from /home/airflow/.local/lib/python3.12/site-packages/airflow/example_dags/example_external_task_marker_dag.py
[2024-04-14T18:54:23.394+0000] {logging_mixin.py:188} INFO - [2024-04-14T18:54:23.394+0000] {dag.py:3096} INFO - Sync 2 DAGs
[2024-04-14T18:54:23.447+0000] {logging_mixin.py:188} INFO - [2024-04-14T18:54:23.446+0000] {dag.py:3954} INFO - Setting next_dagrun for example_external_task_marker_child to None, run_after=None
[2024-04-14T18:54:23.453+0000] {logging_mixin.py:188} INFO - [2024-04-14T18:54:23.452+0000] {dag.py:3954} INFO - Setting next_dagrun for example_external_task_marker_parent to None, run_after=None
[2024-04-14T18:54:23.475+0000] {processor.py:183} INFO - Processing /home/airflow/.local/lib/python3.12/site-packages/airflow/example_dags/example_external_task_marker_dag.py took 0.141 seconds
[2024-04-14T18:54:53.530+0000] {processor.py:161} INFO - Started process (PID=166) to work on /home/airflow/.local/lib/python3.12/site-packages/airflow/example_dags/example_external_task_marker_dag.py
[2024-04-14T18:54:53.532+0000] {processor.py:830} INFO - Processing file /home/airflow/.local/lib/python3.12/site-packages/airflow/example_dags/example_external_task_marker_dag.py for tasks to queue
[2024-04-14T18:54:53.534+0000] {logging_mixin.py:188} INFO - [2024-04-14T18:54:53.533+0000] {dagbag.py:540} INFO - Filling up the DagBag from /home/airflow/.local/lib/python3.12/site-packages/airflow/example_dags/example_external_task_marker_dag.py
[2024-04-14T18:54:53.543+0000] {processor.py:840} INFO - DAG(s) 'example_external_task_marker_child', 'example_external_task_marker_parent' retrieved from /home/airflow/.local/lib/python3.12/site-packages/airflow/example_dags/example_external_task_marker_dag.py
[2024-04-14T18:54:53.573+0000] {logging_mixin.py:188} INFO - [2024-04-14T18:54:53.573+0000] {dag.py:3096} INFO - Sync 2 DAGs
[2024-04-14T18:54:53.600+0000] {logging_mixin.py:188} INFO - [2024-04-14T18:54:53.600+0000] {dag.py:3954} INFO - Setting next_dagrun for example_external_task_marker_child to None, run_after=None
[2024-04-14T18:54:53.605+0000] {logging_mixin.py:188} INFO - [2024-04-14T18:54:53.605+0000] {dag.py:3954} INFO - Setting next_dagrun for example_external_task_marker_parent to None, run_after=None
[2024-04-14T18:54:53.637+0000] {processor.py:183} INFO - Processing /home/airflow/.local/lib/python3.12/site-packages/airflow/example_dags/example_external_task_marker_dag.py took 0.112 seconds
[2024-04-14T18:55:24.035+0000] {processor.py:161} INFO - Started process (PID=226) to work on /home/airflow/.local/lib/python3.12/site-packages/airflow/example_dags/example_external_task_marker_dag.py
[2024-04-14T18:55:24.036+0000] {processor.py:830} INFO - Processing file /home/airflow/.local/lib/python3.12/site-packages/airflow/example_dags/example_external_task_marker_dag.py for tasks to queue
[2024-04-14T18:55:24.041+0000] {logging_mixin.py:188} INFO - [2024-04-14T18:55:24.040+0000] {dagbag.py:540} INFO - Filling up the DagBag from /home/airflow/.local/lib/python3.12/site-packages/airflow/example_dags/example_external_task_marker_dag.py
[2024-04-14T18:55:24.057+0000] {processor.py:840} INFO - DAG(s) 'example_external_task_marker_parent', 'example_external_task_marker_child' retrieved from /home/airflow/.local/lib/python3.12/site-packages/airflow/example_dags/example_external_task_marker_dag.py
[2024-04-14T18:55:24.107+0000] {logging_mixin.py:188} INFO - [2024-04-14T18:55:24.107+0000] {dag.py:3096} INFO - Sync 2 DAGs
[2024-04-14T18:55:24.123+0000] {logging_mixin.py:188} INFO - [2024-04-14T18:55:24.122+0000] {dag.py:3954} INFO - Setting next_dagrun for example_external_task_marker_child to None, run_after=None
[2024-04-14T18:55:24.128+0000] {logging_mixin.py:188} INFO - [2024-04-14T18:55:24.127+0000] {dag.py:3954} INFO - Setting next_dagrun for example_external_task_marker_parent to None, run_after=None
[2024-04-14T18:55:24.159+0000] {processor.py:183} INFO - Processing /home/airflow/.local/lib/python3.12/site-packages/airflow/example_dags/example_external_task_marker_dag.py took 0.133 seconds
[2024-04-14T18:55:54.388+0000] {processor.py:161} INFO - Started process (PID=286) to work on /home/airflow/.local/lib/python3.12/site-packages/airflow/example_dags/example_external_task_marker_dag.py
[2024-04-14T18:55:54.399+0000] {processor.py:830} INFO - Processing file /home/airflow/.local/lib/python3.12/site-packages/airflow/example_dags/example_external_task_marker_dag.py for tasks to queue
[2024-04-14T18:55:54.421+0000] {logging_mixin.py:188} INFO - [2024-04-14T18:55:54.418+0000] {dagbag.py:540} INFO - Filling up the DagBag from /home/airflow/.local/lib/python3.12/site-packages/airflow/example_dags/example_external_task_marker_dag.py
[2024-04-14T18:55:54.485+0000] {processor.py:840} INFO - DAG(s) 'example_external_task_marker_parent', 'example_external_task_marker_child' retrieved from /home/airflow/.local/lib/python3.12/site-packages/airflow/example_dags/example_external_task_marker_dag.py
[2024-04-14T18:55:54.863+0000] {logging_mixin.py:188} INFO - [2024-04-14T18:55:54.860+0000] {dag.py:3096} INFO - Sync 2 DAGs
[2024-04-14T18:55:54.962+0000] {logging_mixin.py:188} INFO - [2024-04-14T18:55:54.961+0000] {dag.py:3954} INFO - Setting next_dagrun for example_external_task_marker_child to None, run_after=None
[2024-04-14T18:55:54.985+0000] {logging_mixin.py:188} INFO - [2024-04-14T18:55:54.983+0000] {dag.py:3954} INFO - Setting next_dagrun for example_external_task_marker_parent to None, run_after=None
[2024-04-14T18:55:55.078+0000] {processor.py:183} INFO - Processing /home/airflow/.local/lib/python3.12/site-packages/airflow/example_dags/example_external_task_marker_dag.py took 0.731 seconds
[2024-04-14T18:56:25.936+0000] {processor.py:161} INFO - Started process (PID=347) to work on /home/airflow/.local/lib/python3.12/site-packages/airflow/example_dags/example_external_task_marker_dag.py
[2024-04-14T18:56:25.950+0000] {processor.py:830} INFO - Processing file /home/airflow/.local/lib/python3.12/site-packages/airflow/example_dags/example_external_task_marker_dag.py for tasks to queue
[2024-04-14T18:56:25.985+0000] {logging_mixin.py:188} INFO - [2024-04-14T18:56:25.980+0000] {dagbag.py:540} INFO - Filling up the DagBag from /home/airflow/.local/lib/python3.12/site-packages/airflow/example_dags/example_external_task_marker_dag.py
[2024-04-14T18:56:26.069+0000] {processor.py:840} INFO - DAG(s) 'example_external_task_marker_child', 'example_external_task_marker_parent' retrieved from /home/airflow/.local/lib/python3.12/site-packages/airflow/example_dags/example_external_task_marker_dag.py
[2024-04-14T18:56:26.263+0000] {logging_mixin.py:188} INFO - [2024-04-14T18:56:26.262+0000] {dag.py:3096} INFO - Sync 2 DAGs
[2024-04-14T18:56:26.300+0000] {logging_mixin.py:188} INFO - [2024-04-14T18:56:26.299+0000] {dag.py:3954} INFO - Setting next_dagrun for example_external_task_marker_child to None, run_after=None
[2024-04-14T18:56:26.306+0000] {logging_mixin.py:188} INFO - [2024-04-14T18:56:26.305+0000] {dag.py:3954} INFO - Setting next_dagrun for example_external_task_marker_parent to None, run_after=None
[2024-04-14T18:56:26.332+0000] {processor.py:183} INFO - Processing /home/airflow/.local/lib/python3.12/site-packages/airflow/example_dags/example_external_task_marker_dag.py took 0.449 seconds
[2024-04-14T18:56:56.734+0000] {processor.py:161} INFO - Started process (PID=407) to work on /home/airflow/.local/lib/python3.12/site-packages/airflow/example_dags/example_external_task_marker_dag.py
[2024-04-14T18:56:56.735+0000] {processor.py:830} INFO - Processing file /home/airflow/.local/lib/python3.12/site-packages/airflow/example_dags/example_external_task_marker_dag.py for tasks to queue
[2024-04-14T18:56:56.738+0000] {logging_mixin.py:188} INFO - [2024-04-14T18:56:56.738+0000] {dagbag.py:540} INFO - Filling up the DagBag from /home/airflow/.local/lib/python3.12/site-packages/airflow/example_dags/example_external_task_marker_dag.py
[2024-04-14T18:56:56.744+0000] {processor.py:840} INFO - DAG(s) 'example_external_task_marker_parent', 'example_external_task_marker_child' retrieved from /home/airflow/.local/lib/python3.12/site-packages/airflow/example_dags/example_external_task_marker_dag.py
[2024-04-14T18:56:56.772+0000] {logging_mixin.py:188} INFO - [2024-04-14T18:56:56.771+0000] {dag.py:3096} INFO - Sync 2 DAGs
[2024-04-14T18:56:56.788+0000] {logging_mixin.py:188} INFO - [2024-04-14T18:56:56.788+0000] {dag.py:3954} INFO - Setting next_dagrun for example_external_task_marker_child to None, run_after=None
[2024-04-14T18:56:56.793+0000] {logging_mixin.py:188} INFO - [2024-04-14T18:56:56.793+0000] {dag.py:3954} INFO - Setting next_dagrun for example_external_task_marker_parent to None, run_after=None
[2024-04-14T18:56:56.828+0000] {processor.py:183} INFO - Processing /home/airflow/.local/lib/python3.12/site-packages/airflow/example_dags/example_external_task_marker_dag.py took 0.100 seconds
[2024-04-14T18:57:27.313+0000] {processor.py:161} INFO - Started process (PID=469) to work on /home/airflow/.local/lib/python3.12/site-packages/airflow/example_dags/example_external_task_marker_dag.py
[2024-04-14T18:57:27.314+0000] {processor.py:830} INFO - Processing file /home/airflow/.local/lib/python3.12/site-packages/airflow/example_dags/example_external_task_marker_dag.py for tasks to queue
[2024-04-14T18:57:27.319+0000] {logging_mixin.py:188} INFO - [2024-04-14T18:57:27.319+0000] {dagbag.py:540} INFO - Filling up the DagBag from /home/airflow/.local/lib/python3.12/site-packages/airflow/example_dags/example_external_task_marker_dag.py
[2024-04-14T18:57:27.338+0000] {processor.py:840} INFO - DAG(s) 'example_external_task_marker_child', 'example_external_task_marker_parent' retrieved from /home/airflow/.local/lib/python3.12/site-packages/airflow/example_dags/example_external_task_marker_dag.py
[2024-04-14T18:57:27.368+0000] {logging_mixin.py:188} INFO - [2024-04-14T18:57:27.368+0000] {dag.py:3096} INFO - Sync 2 DAGs
[2024-04-14T18:57:27.391+0000] {logging_mixin.py:188} INFO - [2024-04-14T18:57:27.391+0000] {dag.py:3954} INFO - Setting next_dagrun for example_external_task_marker_child to None, run_after=None
[2024-04-14T18:57:27.395+0000] {logging_mixin.py:188} INFO - [2024-04-14T18:57:27.395+0000] {dag.py:3954} INFO - Setting next_dagrun for example_external_task_marker_parent to None, run_after=None
[2024-04-14T18:57:27.415+0000] {processor.py:183} INFO - Processing /home/airflow/.local/lib/python3.12/site-packages/airflow/example_dags/example_external_task_marker_dag.py took 0.117 seconds
[2024-04-14T18:57:58.247+0000] {processor.py:161} INFO - Started process (PID=530) to work on /home/airflow/.local/lib/python3.12/site-packages/airflow/example_dags/example_external_task_marker_dag.py
[2024-04-14T18:57:58.248+0000] {processor.py:830} INFO - Processing file /home/airflow/.local/lib/python3.12/site-packages/airflow/example_dags/example_external_task_marker_dag.py for tasks to queue
[2024-04-14T18:57:58.251+0000] {logging_mixin.py:188} INFO - [2024-04-14T18:57:58.250+0000] {dagbag.py:540} INFO - Filling up the DagBag from /home/airflow/.local/lib/python3.12/site-packages/airflow/example_dags/example_external_task_marker_dag.py
[2024-04-14T18:57:58.259+0000] {processor.py:840} INFO - DAG(s) 'example_external_task_marker_child', 'example_external_task_marker_parent' retrieved from /home/airflow/.local/lib/python3.12/site-packages/airflow/example_dags/example_external_task_marker_dag.py
[2024-04-14T18:57:58.291+0000] {logging_mixin.py:188} INFO - [2024-04-14T18:57:58.289+0000] {dag.py:3096} INFO - Sync 2 DAGs
[2024-04-14T18:57:58.315+0000] {logging_mixin.py:188} INFO - [2024-04-14T18:57:58.314+0000] {dag.py:3954} INFO - Setting next_dagrun for example_external_task_marker_child to None, run_after=None
[2024-04-14T18:57:58.323+0000] {logging_mixin.py:188} INFO - [2024-04-14T18:57:58.322+0000] {dag.py:3954} INFO - Setting next_dagrun for example_external_task_marker_parent to None, run_after=None
[2024-04-14T18:57:58.348+0000] {processor.py:183} INFO - Processing /home/airflow/.local/lib/python3.12/site-packages/airflow/example_dags/example_external_task_marker_dag.py took 0.108 seconds
[2024-04-14T18:58:28.796+0000] {processor.py:161} INFO - Started process (PID=590) to work on /home/airflow/.local/lib/python3.12/site-packages/airflow/example_dags/example_external_task_marker_dag.py
[2024-04-14T18:58:28.798+0000] {processor.py:830} INFO - Processing file /home/airflow/.local/lib/python3.12/site-packages/airflow/example_dags/example_external_task_marker_dag.py for tasks to queue
[2024-04-14T18:58:28.803+0000] {logging_mixin.py:188} INFO - [2024-04-14T18:58:28.802+0000] {dagbag.py:540} INFO - Filling up the DagBag from /home/airflow/.local/lib/python3.12/site-packages/airflow/example_dags/example_external_task_marker_dag.py
[2024-04-14T18:58:28.814+0000] {processor.py:840} INFO - DAG(s) 'example_external_task_marker_child', 'example_external_task_marker_parent' retrieved from /home/airflow/.local/lib/python3.12/site-packages/airflow/example_dags/example_external_task_marker_dag.py
[2024-04-14T18:58:28.874+0000] {logging_mixin.py:188} INFO - [2024-04-14T18:58:28.873+0000] {dag.py:3096} INFO - Sync 2 DAGs
[2024-04-14T18:58:28.915+0000] {logging_mixin.py:188} INFO - [2024-04-14T18:58:28.914+0000] {dag.py:3954} INFO - Setting next_dagrun for example_external_task_marker_child to None, run_after=None
[2024-04-14T18:58:28.929+0000] {logging_mixin.py:188} INFO - [2024-04-14T18:58:28.929+0000] {dag.py:3954} INFO - Setting next_dagrun for example_external_task_marker_parent to None, run_after=None
[2024-04-14T18:58:28.969+0000] {processor.py:183} INFO - Processing /home/airflow/.local/lib/python3.12/site-packages/airflow/example_dags/example_external_task_marker_dag.py took 0.182 seconds
[2024-04-14T18:58:59.259+0000] {processor.py:161} INFO - Started process (PID=650) to work on /home/airflow/.local/lib/python3.12/site-packages/airflow/example_dags/example_external_task_marker_dag.py
[2024-04-14T18:58:59.260+0000] {processor.py:830} INFO - Processing file /home/airflow/.local/lib/python3.12/site-packages/airflow/example_dags/example_external_task_marker_dag.py for tasks to queue
[2024-04-14T18:58:59.262+0000] {logging_mixin.py:188} INFO - [2024-04-14T18:58:59.261+0000] {dagbag.py:540} INFO - Filling up the DagBag from /home/airflow/.local/lib/python3.12/site-packages/airflow/example_dags/example_external_task_marker_dag.py
[2024-04-14T18:58:59.270+0000] {processor.py:840} INFO - DAG(s) 'example_external_task_marker_parent', 'example_external_task_marker_child' retrieved from /home/airflow/.local/lib/python3.12/site-packages/airflow/example_dags/example_external_task_marker_dag.py
[2024-04-14T18:58:59.296+0000] {logging_mixin.py:188} INFO - [2024-04-14T18:58:59.296+0000] {dag.py:3096} INFO - Sync 2 DAGs
[2024-04-14T18:58:59.312+0000] {logging_mixin.py:188} INFO - [2024-04-14T18:58:59.312+0000] {dag.py:3954} INFO - Setting next_dagrun for example_external_task_marker_child to None, run_after=None
[2024-04-14T18:58:59.317+0000] {logging_mixin.py:188} INFO - [2024-04-14T18:58:59.317+0000] {dag.py:3954} INFO - Setting next_dagrun for example_external_task_marker_parent to None, run_after=None
[2024-04-14T18:58:59.339+0000] {processor.py:183} INFO - Processing /home/airflow/.local/lib/python3.12/site-packages/airflow/example_dags/example_external_task_marker_dag.py took 0.086 seconds
[2024-04-14T18:59:29.543+0000] {processor.py:161} INFO - Started process (PID=713) to work on /home/airflow/.local/lib/python3.12/site-packages/airflow/example_dags/example_external_task_marker_dag.py
[2024-04-14T18:59:29.544+0000] {processor.py:830} INFO - Processing file /home/airflow/.local/lib/python3.12/site-packages/airflow/example_dags/example_external_task_marker_dag.py for tasks to queue
[2024-04-14T18:59:29.546+0000] {logging_mixin.py:188} INFO - [2024-04-14T18:59:29.545+0000] {dagbag.py:540} INFO - Filling up the DagBag from /home/airflow/.local/lib/python3.12/site-packages/airflow/example_dags/example_external_task_marker_dag.py
[2024-04-14T18:59:29.550+0000] {processor.py:840} INFO - DAG(s) 'example_external_task_marker_parent', 'example_external_task_marker_child' retrieved from /home/airflow/.local/lib/python3.12/site-packages/airflow/example_dags/example_external_task_marker_dag.py
[2024-04-14T18:59:29.570+0000] {logging_mixin.py:188} INFO - [2024-04-14T18:59:29.570+0000] {dag.py:3096} INFO - Sync 2 DAGs
[2024-04-14T18:59:29.581+0000] {logging_mixin.py:188} INFO - [2024-04-14T18:59:29.581+0000] {dag.py:3954} INFO - Setting next_dagrun for example_external_task_marker_child to None, run_after=None
[2024-04-14T18:59:29.584+0000] {logging_mixin.py:188} INFO - [2024-04-14T18:59:29.584+0000] {dag.py:3954} INFO - Setting next_dagrun for example_external_task_marker_parent to None, run_after=None
[2024-04-14T18:59:29.601+0000] {processor.py:183} INFO - Processing /home/airflow/.local/lib/python3.12/site-packages/airflow/example_dags/example_external_task_marker_dag.py took 0.062 seconds
[2024-04-14T18:59:59.844+0000] {processor.py:161} INFO - Started process (PID=777) to work on /home/airflow/.local/lib/python3.12/site-packages/airflow/example_dags/example_external_task_marker_dag.py
[2024-04-14T18:59:59.845+0000] {processor.py:830} INFO - Processing file /home/airflow/.local/lib/python3.12/site-packages/airflow/example_dags/example_external_task_marker_dag.py for tasks to queue
[2024-04-14T18:59:59.847+0000] {logging_mixin.py:188} INFO - [2024-04-14T18:59:59.847+0000] {dagbag.py:540} INFO - Filling up the DagBag from /home/airflow/.local/lib/python3.12/site-packages/airflow/example_dags/example_external_task_marker_dag.py
[2024-04-14T18:59:59.852+0000] {processor.py:840} INFO - DAG(s) 'example_external_task_marker_parent', 'example_external_task_marker_child' retrieved from /home/airflow/.local/lib/python3.12/site-packages/airflow/example_dags/example_external_task_marker_dag.py
[2024-04-14T18:59:59.872+0000] {logging_mixin.py:188} INFO - [2024-04-14T18:59:59.872+0000] {dag.py:3096} INFO - Sync 2 DAGs
[2024-04-14T18:59:59.882+0000] {logging_mixin.py:188} INFO - [2024-04-14T18:59:59.882+0000] {dag.py:3954} INFO - Setting next_dagrun for example_external_task_marker_child to None, run_after=None
[2024-04-14T18:59:59.888+0000] {logging_mixin.py:188} INFO - [2024-04-14T18:59:59.888+0000] {dag.py:3954} INFO - Setting next_dagrun for example_external_task_marker_parent to None, run_after=None
[2024-04-14T18:59:59.906+0000] {processor.py:183} INFO - Processing /home/airflow/.local/lib/python3.12/site-packages/airflow/example_dags/example_external_task_marker_dag.py took 0.066 seconds
[2024-04-14T19:00:30.089+0000] {processor.py:161} INFO - Started process (PID=837) to work on /home/airflow/.local/lib/python3.12/site-packages/airflow/example_dags/example_external_task_marker_dag.py
[2024-04-14T19:00:30.090+0000] {processor.py:830} INFO - Processing file /home/airflow/.local/lib/python3.12/site-packages/airflow/example_dags/example_external_task_marker_dag.py for tasks to queue
[2024-04-14T19:00:30.092+0000] {logging_mixin.py:188} INFO - [2024-04-14T19:00:30.092+0000] {dagbag.py:540} INFO - Filling up the DagBag from /home/airflow/.local/lib/python3.12/site-packages/airflow/example_dags/example_external_task_marker_dag.py
[2024-04-14T19:00:30.097+0000] {processor.py:840} INFO - DAG(s) 'example_external_task_marker_parent', 'example_external_task_marker_child' retrieved from /home/airflow/.local/lib/python3.12/site-packages/airflow/example_dags/example_external_task_marker_dag.py
[2024-04-14T19:00:30.119+0000] {logging_mixin.py:188} INFO - [2024-04-14T19:00:30.119+0000] {dag.py:3096} INFO - Sync 2 DAGs
[2024-04-14T19:00:30.130+0000] {logging_mixin.py:188} INFO - [2024-04-14T19:00:30.129+0000] {dag.py:3954} INFO - Setting next_dagrun for example_external_task_marker_child to None, run_after=None
[2024-04-14T19:00:30.133+0000] {logging_mixin.py:188} INFO - [2024-04-14T19:00:30.133+0000] {dag.py:3954} INFO - Setting next_dagrun for example_external_task_marker_parent to None, run_after=None
[2024-04-14T19:00:30.149+0000] {processor.py:183} INFO - Processing /home/airflow/.local/lib/python3.12/site-packages/airflow/example_dags/example_external_task_marker_dag.py took 0.065 seconds
[2024-04-14T19:01:00.775+0000] {processor.py:161} INFO - Started process (PID=901) to work on /home/airflow/.local/lib/python3.12/site-packages/airflow/example_dags/example_external_task_marker_dag.py
[2024-04-14T19:01:00.776+0000] {processor.py:830} INFO - Processing file /home/airflow/.local/lib/python3.12/site-packages/airflow/example_dags/example_external_task_marker_dag.py for tasks to queue
[2024-04-14T19:01:00.778+0000] {logging_mixin.py:188} INFO - [2024-04-14T19:01:00.778+0000] {dagbag.py:540} INFO - Filling up the DagBag from /home/airflow/.local/lib/python3.12/site-packages/airflow/example_dags/example_external_task_marker_dag.py
[2024-04-14T19:01:00.783+0000] {processor.py:840} INFO - DAG(s) 'example_external_task_marker_parent', 'example_external_task_marker_child' retrieved from /home/airflow/.local/lib/python3.12/site-packages/airflow/example_dags/example_external_task_marker_dag.py
[2024-04-14T19:01:00.803+0000] {logging_mixin.py:188} INFO - [2024-04-14T19:01:00.803+0000] {dag.py:3096} INFO - Sync 2 DAGs
[2024-04-14T19:01:00.813+0000] {logging_mixin.py:188} INFO - [2024-04-14T19:01:00.813+0000] {dag.py:3954} INFO - Setting next_dagrun for example_external_task_marker_child to None, run_after=None
[2024-04-14T19:01:00.817+0000] {logging_mixin.py:188} INFO - [2024-04-14T19:01:00.816+0000] {dag.py:3954} INFO - Setting next_dagrun for example_external_task_marker_parent to None, run_after=None
[2024-04-14T19:01:00.832+0000] {processor.py:183} INFO - Processing /home/airflow/.local/lib/python3.12/site-packages/airflow/example_dags/example_external_task_marker_dag.py took 0.061 seconds
[2024-04-14T19:01:30.961+0000] {processor.py:161} INFO - Started process (PID=961) to work on /home/airflow/.local/lib/python3.12/site-packages/airflow/example_dags/example_external_task_marker_dag.py
[2024-04-14T19:01:30.962+0000] {processor.py:830} INFO - Processing file /home/airflow/.local/lib/python3.12/site-packages/airflow/example_dags/example_external_task_marker_dag.py for tasks to queue
[2024-04-14T19:01:30.965+0000] {logging_mixin.py:188} INFO - [2024-04-14T19:01:30.965+0000] {dagbag.py:540} INFO - Filling up the DagBag from /home/airflow/.local/lib/python3.12/site-packages/airflow/example_dags/example_external_task_marker_dag.py
[2024-04-14T19:01:30.971+0000] {processor.py:840} INFO - DAG(s) 'example_external_task_marker_parent', 'example_external_task_marker_child' retrieved from /home/airflow/.local/lib/python3.12/site-packages/airflow/example_dags/example_external_task_marker_dag.py
[2024-04-14T19:01:30.994+0000] {logging_mixin.py:188} INFO - [2024-04-14T19:01:30.993+0000] {dag.py:3096} INFO - Sync 2 DAGs
[2024-04-14T19:01:31.006+0000] {logging_mixin.py:188} INFO - [2024-04-14T19:01:31.006+0000] {dag.py:3954} INFO - Setting next_dagrun for example_external_task_marker_child to None, run_after=None
[2024-04-14T19:01:31.010+0000] {logging_mixin.py:188} INFO - [2024-04-14T19:01:31.010+0000] {dag.py:3954} INFO - Setting next_dagrun for example_external_task_marker_parent to None, run_after=None
[2024-04-14T19:01:31.027+0000] {processor.py:183} INFO - Processing /home/airflow/.local/lib/python3.12/site-packages/airflow/example_dags/example_external_task_marker_dag.py took 0.076 seconds
[2024-04-14T19:02:01.625+0000] {processor.py:161} INFO - Started process (PID=1019) to work on /home/airflow/.local/lib/python3.12/site-packages/airflow/example_dags/example_external_task_marker_dag.py
[2024-04-14T19:02:01.626+0000] {processor.py:830} INFO - Processing file /home/airflow/.local/lib/python3.12/site-packages/airflow/example_dags/example_external_task_marker_dag.py for tasks to queue
[2024-04-14T19:02:01.630+0000] {logging_mixin.py:188} INFO - [2024-04-14T19:02:01.629+0000] {dagbag.py:540} INFO - Filling up the DagBag from /home/airflow/.local/lib/python3.12/site-packages/airflow/example_dags/example_external_task_marker_dag.py
[2024-04-14T19:02:01.637+0000] {processor.py:840} INFO - DAG(s) 'example_external_task_marker_parent', 'example_external_task_marker_child' retrieved from /home/airflow/.local/lib/python3.12/site-packages/airflow/example_dags/example_external_task_marker_dag.py
[2024-04-14T19:02:01.668+0000] {logging_mixin.py:188} INFO - [2024-04-14T19:02:01.668+0000] {dag.py:3096} INFO - Sync 2 DAGs
[2024-04-14T19:02:01.687+0000] {logging_mixin.py:188} INFO - [2024-04-14T19:02:01.687+0000] {dag.py:3954} INFO - Setting next_dagrun for example_external_task_marker_child to None, run_after=None
[2024-04-14T19:02:01.693+0000] {logging_mixin.py:188} INFO - [2024-04-14T19:02:01.692+0000] {dag.py:3954} INFO - Setting next_dagrun for example_external_task_marker_parent to None, run_after=None
[2024-04-14T19:02:01.719+0000] {processor.py:183} INFO - Processing /home/airflow/.local/lib/python3.12/site-packages/airflow/example_dags/example_external_task_marker_dag.py took 0.100 seconds
[2024-04-14T19:02:31.879+0000] {processor.py:161} INFO - Started process (PID=1079) to work on /home/airflow/.local/lib/python3.12/site-packages/airflow/example_dags/example_external_task_marker_dag.py
[2024-04-14T19:02:31.881+0000] {processor.py:830} INFO - Processing file /home/airflow/.local/lib/python3.12/site-packages/airflow/example_dags/example_external_task_marker_dag.py for tasks to queue
[2024-04-14T19:02:31.884+0000] {logging_mixin.py:188} INFO - [2024-04-14T19:02:31.884+0000] {dagbag.py:540} INFO - Filling up the DagBag from /home/airflow/.local/lib/python3.12/site-packages/airflow/example_dags/example_external_task_marker_dag.py
[2024-04-14T19:02:31.891+0000] {processor.py:840} INFO - DAG(s) 'example_external_task_marker_parent', 'example_external_task_marker_child' retrieved from /home/airflow/.local/lib/python3.12/site-packages/airflow/example_dags/example_external_task_marker_dag.py
[2024-04-14T19:02:31.920+0000] {logging_mixin.py:188} INFO - [2024-04-14T19:02:31.920+0000] {dag.py:3096} INFO - Sync 2 DAGs
[2024-04-14T19:02:31.942+0000] {logging_mixin.py:188} INFO - [2024-04-14T19:02:31.941+0000] {dag.py:3954} INFO - Setting next_dagrun for example_external_task_marker_child to None, run_after=None
[2024-04-14T19:02:31.946+0000] {logging_mixin.py:188} INFO - [2024-04-14T19:02:31.946+0000] {dag.py:3954} INFO - Setting next_dagrun for example_external_task_marker_parent to None, run_after=None
[2024-04-14T19:02:31.967+0000] {processor.py:183} INFO - Processing /home/airflow/.local/lib/python3.12/site-packages/airflow/example_dags/example_external_task_marker_dag.py took 0.094 seconds
[2024-04-14T19:03:02.124+0000] {processor.py:161} INFO - Started process (PID=1138) to work on /home/airflow/.local/lib/python3.12/site-packages/airflow/example_dags/example_external_task_marker_dag.py
[2024-04-14T19:03:02.125+0000] {processor.py:830} INFO - Processing file /home/airflow/.local/lib/python3.12/site-packages/airflow/example_dags/example_external_task_marker_dag.py for tasks to queue
[2024-04-14T19:03:02.127+0000] {logging_mixin.py:188} INFO - [2024-04-14T19:03:02.126+0000] {dagbag.py:540} INFO - Filling up the DagBag from /home/airflow/.local/lib/python3.12/site-packages/airflow/example_dags/example_external_task_marker_dag.py
[2024-04-14T19:03:02.132+0000] {processor.py:840} INFO - DAG(s) 'example_external_task_marker_child', 'example_external_task_marker_parent' retrieved from /home/airflow/.local/lib/python3.12/site-packages/airflow/example_dags/example_external_task_marker_dag.py
[2024-04-14T19:03:02.153+0000] {logging_mixin.py:188} INFO - [2024-04-14T19:03:02.153+0000] {dag.py:3096} INFO - Sync 2 DAGs
[2024-04-14T19:03:02.166+0000] {logging_mixin.py:188} INFO - [2024-04-14T19:03:02.165+0000] {dag.py:3954} INFO - Setting next_dagrun for example_external_task_marker_child to None, run_after=None
[2024-04-14T19:03:02.171+0000] {logging_mixin.py:188} INFO - [2024-04-14T19:03:02.171+0000] {dag.py:3954} INFO - Setting next_dagrun for example_external_task_marker_parent to None, run_after=None
[2024-04-14T19:03:02.193+0000] {processor.py:183} INFO - Processing /home/airflow/.local/lib/python3.12/site-packages/airflow/example_dags/example_external_task_marker_dag.py took 0.074 seconds
[2024-04-14T19:03:32.294+0000] {processor.py:161} INFO - Started process (PID=1198) to work on /home/airflow/.local/lib/python3.12/site-packages/airflow/example_dags/example_external_task_marker_dag.py
[2024-04-14T19:03:32.294+0000] {processor.py:830} INFO - Processing file /home/airflow/.local/lib/python3.12/site-packages/airflow/example_dags/example_external_task_marker_dag.py for tasks to queue
[2024-04-14T19:03:32.296+0000] {logging_mixin.py:188} INFO - [2024-04-14T19:03:32.296+0000] {dagbag.py:540} INFO - Filling up the DagBag from /home/airflow/.local/lib/python3.12/site-packages/airflow/example_dags/example_external_task_marker_dag.py
[2024-04-14T19:03:32.301+0000] {processor.py:840} INFO - DAG(s) 'example_external_task_marker_child', 'example_external_task_marker_parent' retrieved from /home/airflow/.local/lib/python3.12/site-packages/airflow/example_dags/example_external_task_marker_dag.py
[2024-04-14T19:03:32.321+0000] {logging_mixin.py:188} INFO - [2024-04-14T19:03:32.321+0000] {dag.py:3096} INFO - Sync 2 DAGs
[2024-04-14T19:03:32.334+0000] {logging_mixin.py:188} INFO - [2024-04-14T19:03:32.333+0000] {dag.py:3954} INFO - Setting next_dagrun for example_external_task_marker_child to None, run_after=None
[2024-04-14T19:03:32.340+0000] {logging_mixin.py:188} INFO - [2024-04-14T19:03:32.339+0000] {dag.py:3954} INFO - Setting next_dagrun for example_external_task_marker_parent to None, run_after=None
[2024-04-14T19:03:32.363+0000] {processor.py:183} INFO - Processing /home/airflow/.local/lib/python3.12/site-packages/airflow/example_dags/example_external_task_marker_dag.py took 0.073 seconds
[2024-04-14T19:04:03.052+0000] {processor.py:161} INFO - Started process (PID=1258) to work on /home/airflow/.local/lib/python3.12/site-packages/airflow/example_dags/example_external_task_marker_dag.py
[2024-04-14T19:04:03.053+0000] {processor.py:830} INFO - Processing file /home/airflow/.local/lib/python3.12/site-packages/airflow/example_dags/example_external_task_marker_dag.py for tasks to queue
[2024-04-14T19:04:03.055+0000] {logging_mixin.py:188} INFO - [2024-04-14T19:04:03.055+0000] {dagbag.py:540} INFO - Filling up the DagBag from /home/airflow/.local/lib/python3.12/site-packages/airflow/example_dags/example_external_task_marker_dag.py
[2024-04-14T19:04:03.059+0000] {processor.py:840} INFO - DAG(s) 'example_external_task_marker_child', 'example_external_task_marker_parent' retrieved from /home/airflow/.local/lib/python3.12/site-packages/airflow/example_dags/example_external_task_marker_dag.py
[2024-04-14T19:04:03.078+0000] {logging_mixin.py:188} INFO - [2024-04-14T19:04:03.078+0000] {dag.py:3096} INFO - Sync 2 DAGs
[2024-04-14T19:04:03.089+0000] {logging_mixin.py:188} INFO - [2024-04-14T19:04:03.089+0000] {dag.py:3954} INFO - Setting next_dagrun for example_external_task_marker_child to None, run_after=None
[2024-04-14T19:04:03.092+0000] {logging_mixin.py:188} INFO - [2024-04-14T19:04:03.092+0000] {dag.py:3954} INFO - Setting next_dagrun for example_external_task_marker_parent to None, run_after=None
[2024-04-14T19:04:03.109+0000] {processor.py:183} INFO - Processing /home/airflow/.local/lib/python3.12/site-packages/airflow/example_dags/example_external_task_marker_dag.py took 0.062 seconds
[2024-04-14T19:04:33.175+0000] {processor.py:161} INFO - Started process (PID=1318) to work on /home/airflow/.local/lib/python3.12/site-packages/airflow/example_dags/example_external_task_marker_dag.py
[2024-04-14T19:04:33.176+0000] {processor.py:830} INFO - Processing file /home/airflow/.local/lib/python3.12/site-packages/airflow/example_dags/example_external_task_marker_dag.py for tasks to queue
[2024-04-14T19:04:33.178+0000] {logging_mixin.py:188} INFO - [2024-04-14T19:04:33.178+0000] {dagbag.py:540} INFO - Filling up the DagBag from /home/airflow/.local/lib/python3.12/site-packages/airflow/example_dags/example_external_task_marker_dag.py
[2024-04-14T19:04:33.183+0000] {processor.py:840} INFO - DAG(s) 'example_external_task_marker_parent', 'example_external_task_marker_child' retrieved from /home/airflow/.local/lib/python3.12/site-packages/airflow/example_dags/example_external_task_marker_dag.py
[2024-04-14T19:04:33.202+0000] {logging_mixin.py:188} INFO - [2024-04-14T19:04:33.201+0000] {dag.py:3096} INFO - Sync 2 DAGs
[2024-04-14T19:04:33.382+0000] {logging_mixin.py:188} INFO - [2024-04-14T19:04:33.382+0000] {dag.py:3954} INFO - Setting next_dagrun for example_external_task_marker_child to None, run_after=None
[2024-04-14T19:04:33.385+0000] {logging_mixin.py:188} INFO - [2024-04-14T19:04:33.385+0000] {dag.py:3954} INFO - Setting next_dagrun for example_external_task_marker_parent to None, run_after=None
[2024-04-14T19:04:33.399+0000] {processor.py:183} INFO - Processing /home/airflow/.local/lib/python3.12/site-packages/airflow/example_dags/example_external_task_marker_dag.py took 0.229 seconds
[2024-04-14T19:05:03.526+0000] {processor.py:161} INFO - Started process (PID=1378) to work on /home/airflow/.local/lib/python3.12/site-packages/airflow/example_dags/example_external_task_marker_dag.py
[2024-04-14T19:05:03.527+0000] {processor.py:830} INFO - Processing file /home/airflow/.local/lib/python3.12/site-packages/airflow/example_dags/example_external_task_marker_dag.py for tasks to queue
[2024-04-14T19:05:03.529+0000] {logging_mixin.py:188} INFO - [2024-04-14T19:05:03.529+0000] {dagbag.py:540} INFO - Filling up the DagBag from /home/airflow/.local/lib/python3.12/site-packages/airflow/example_dags/example_external_task_marker_dag.py
[2024-04-14T19:05:03.534+0000] {processor.py:840} INFO - DAG(s) 'example_external_task_marker_child', 'example_external_task_marker_parent' retrieved from /home/airflow/.local/lib/python3.12/site-packages/airflow/example_dags/example_external_task_marker_dag.py
[2024-04-14T19:05:03.554+0000] {logging_mixin.py:188} INFO - [2024-04-14T19:05:03.554+0000] {dag.py:3096} INFO - Sync 2 DAGs
[2024-04-14T19:05:03.785+0000] {logging_mixin.py:188} INFO - [2024-04-14T19:05:03.785+0000] {dag.py:3954} INFO - Setting next_dagrun for example_external_task_marker_child to None, run_after=None
[2024-04-14T19:05:03.789+0000] {logging_mixin.py:188} INFO - [2024-04-14T19:05:03.789+0000] {dag.py:3954} INFO - Setting next_dagrun for example_external_task_marker_parent to None, run_after=None
[2024-04-14T19:05:03.826+0000] {processor.py:183} INFO - Processing /home/airflow/.local/lib/python3.12/site-packages/airflow/example_dags/example_external_task_marker_dag.py took 0.304 seconds
[2024-04-14T19:05:34.106+0000] {processor.py:161} INFO - Started process (PID=1438) to work on /home/airflow/.local/lib/python3.12/site-packages/airflow/example_dags/example_external_task_marker_dag.py
[2024-04-14T19:05:34.107+0000] {processor.py:830} INFO - Processing file /home/airflow/.local/lib/python3.12/site-packages/airflow/example_dags/example_external_task_marker_dag.py for tasks to queue
[2024-04-14T19:05:34.109+0000] {logging_mixin.py:188} INFO - [2024-04-14T19:05:34.109+0000] {dagbag.py:540} INFO - Filling up the DagBag from /home/airflow/.local/lib/python3.12/site-packages/airflow/example_dags/example_external_task_marker_dag.py
[2024-04-14T19:05:34.113+0000] {processor.py:840} INFO - DAG(s) 'example_external_task_marker_parent', 'example_external_task_marker_child' retrieved from /home/airflow/.local/lib/python3.12/site-packages/airflow/example_dags/example_external_task_marker_dag.py
[2024-04-14T19:05:34.132+0000] {logging_mixin.py:188} INFO - [2024-04-14T19:05:34.131+0000] {dag.py:3096} INFO - Sync 2 DAGs
[2024-04-14T19:05:34.145+0000] {logging_mixin.py:188} INFO - [2024-04-14T19:05:34.145+0000] {dag.py:3954} INFO - Setting next_dagrun for example_external_task_marker_child to None, run_after=None
[2024-04-14T19:05:34.155+0000] {logging_mixin.py:188} INFO - [2024-04-14T19:05:34.154+0000] {dag.py:3954} INFO - Setting next_dagrun for example_external_task_marker_parent to None, run_after=None
[2024-04-14T19:05:34.182+0000] {processor.py:183} INFO - Processing /home/airflow/.local/lib/python3.12/site-packages/airflow/example_dags/example_external_task_marker_dag.py took 0.080 seconds
[2024-04-14T19:06:04.348+0000] {processor.py:161} INFO - Started process (PID=1498) to work on /home/airflow/.local/lib/python3.12/site-packages/airflow/example_dags/example_external_task_marker_dag.py
[2024-04-14T19:06:04.348+0000] {processor.py:830} INFO - Processing file /home/airflow/.local/lib/python3.12/site-packages/airflow/example_dags/example_external_task_marker_dag.py for tasks to queue
[2024-04-14T19:06:04.350+0000] {logging_mixin.py:188} INFO - [2024-04-14T19:06:04.350+0000] {dagbag.py:540} INFO - Filling up the DagBag from /home/airflow/.local/lib/python3.12/site-packages/airflow/example_dags/example_external_task_marker_dag.py
[2024-04-14T19:06:04.355+0000] {processor.py:840} INFO - DAG(s) 'example_external_task_marker_child', 'example_external_task_marker_parent' retrieved from /home/airflow/.local/lib/python3.12/site-packages/airflow/example_dags/example_external_task_marker_dag.py
[2024-04-14T19:06:04.375+0000] {logging_mixin.py:188} INFO - [2024-04-14T19:06:04.375+0000] {dag.py:3096} INFO - Sync 2 DAGs
[2024-04-14T19:06:04.386+0000] {logging_mixin.py:188} INFO - [2024-04-14T19:06:04.386+0000] {dag.py:3954} INFO - Setting next_dagrun for example_external_task_marker_child to None, run_after=None
[2024-04-14T19:06:04.390+0000] {logging_mixin.py:188} INFO - [2024-04-14T19:06:04.389+0000] {dag.py:3954} INFO - Setting next_dagrun for example_external_task_marker_parent to None, run_after=None
[2024-04-14T19:06:04.405+0000] {processor.py:183} INFO - Processing /home/airflow/.local/lib/python3.12/site-packages/airflow/example_dags/example_external_task_marker_dag.py took 0.062 seconds
[2024-04-14T19:06:34.591+0000] {processor.py:161} INFO - Started process (PID=1558) to work on /home/airflow/.local/lib/python3.12/site-packages/airflow/example_dags/example_external_task_marker_dag.py
[2024-04-14T19:06:34.592+0000] {processor.py:830} INFO - Processing file /home/airflow/.local/lib/python3.12/site-packages/airflow/example_dags/example_external_task_marker_dag.py for tasks to queue
[2024-04-14T19:06:34.593+0000] {logging_mixin.py:188} INFO - [2024-04-14T19:06:34.593+0000] {dagbag.py:540} INFO - Filling up the DagBag from /home/airflow/.local/lib/python3.12/site-packages/airflow/example_dags/example_external_task_marker_dag.py
[2024-04-14T19:06:34.598+0000] {processor.py:840} INFO - DAG(s) 'example_external_task_marker_child', 'example_external_task_marker_parent' retrieved from /home/airflow/.local/lib/python3.12/site-packages/airflow/example_dags/example_external_task_marker_dag.py
[2024-04-14T19:06:34.616+0000] {logging_mixin.py:188} INFO - [2024-04-14T19:06:34.616+0000] {dag.py:3096} INFO - Sync 2 DAGs
[2024-04-14T19:06:34.626+0000] {logging_mixin.py:188} INFO - [2024-04-14T19:06:34.626+0000] {dag.py:3954} INFO - Setting next_dagrun for example_external_task_marker_child to None, run_after=None
[2024-04-14T19:06:34.630+0000] {logging_mixin.py:188} INFO - [2024-04-14T19:06:34.630+0000] {dag.py:3954} INFO - Setting next_dagrun for example_external_task_marker_parent to None, run_after=None
[2024-04-14T19:06:34.652+0000] {processor.py:183} INFO - Processing /home/airflow/.local/lib/python3.12/site-packages/airflow/example_dags/example_external_task_marker_dag.py took 0.066 seconds
[2024-04-14T19:07:04.997+0000] {processor.py:161} INFO - Started process (PID=1618) to work on /home/airflow/.local/lib/python3.12/site-packages/airflow/example_dags/example_external_task_marker_dag.py
[2024-04-14T19:07:04.998+0000] {processor.py:830} INFO - Processing file /home/airflow/.local/lib/python3.12/site-packages/airflow/example_dags/example_external_task_marker_dag.py for tasks to queue
[2024-04-14T19:07:05.000+0000] {logging_mixin.py:188} INFO - [2024-04-14T19:07:05.000+0000] {dagbag.py:540} INFO - Filling up the DagBag from /home/airflow/.local/lib/python3.12/site-packages/airflow/example_dags/example_external_task_marker_dag.py
[2024-04-14T19:07:05.005+0000] {processor.py:840} INFO - DAG(s) 'example_external_task_marker_parent', 'example_external_task_marker_child' retrieved from /home/airflow/.local/lib/python3.12/site-packages/airflow/example_dags/example_external_task_marker_dag.py
[2024-04-14T19:07:05.028+0000] {logging_mixin.py:188} INFO - [2024-04-14T19:07:05.027+0000] {dag.py:3096} INFO - Sync 2 DAGs
[2024-04-14T19:07:05.041+0000] {logging_mixin.py:188} INFO - [2024-04-14T19:07:05.040+0000] {dag.py:3954} INFO - Setting next_dagrun for example_external_task_marker_child to None, run_after=None
[2024-04-14T19:07:05.044+0000] {logging_mixin.py:188} INFO - [2024-04-14T19:07:05.044+0000] {dag.py:3954} INFO - Setting next_dagrun for example_external_task_marker_parent to None, run_after=None
[2024-04-14T19:07:05.077+0000] {processor.py:183} INFO - Processing /home/airflow/.local/lib/python3.12/site-packages/airflow/example_dags/example_external_task_marker_dag.py took 0.085 seconds
[2024-04-14T19:07:35.426+0000] {processor.py:161} INFO - Started process (PID=1678) to work on /home/airflow/.local/lib/python3.12/site-packages/airflow/example_dags/example_external_task_marker_dag.py
[2024-04-14T19:07:35.428+0000] {processor.py:830} INFO - Processing file /home/airflow/.local/lib/python3.12/site-packages/airflow/example_dags/example_external_task_marker_dag.py for tasks to queue
[2024-04-14T19:07:35.431+0000] {logging_mixin.py:188} INFO - [2024-04-14T19:07:35.430+0000] {dagbag.py:540} INFO - Filling up the DagBag from /home/airflow/.local/lib/python3.12/site-packages/airflow/example_dags/example_external_task_marker_dag.py
[2024-04-14T19:07:35.439+0000] {processor.py:840} INFO - DAG(s) 'example_external_task_marker_parent', 'example_external_task_marker_child' retrieved from /home/airflow/.local/lib/python3.12/site-packages/airflow/example_dags/example_external_task_marker_dag.py
[2024-04-14T19:07:35.469+0000] {logging_mixin.py:188} INFO - [2024-04-14T19:07:35.469+0000] {dag.py:3096} INFO - Sync 2 DAGs
[2024-04-14T19:07:35.485+0000] {logging_mixin.py:188} INFO - [2024-04-14T19:07:35.484+0000] {dag.py:3954} INFO - Setting next_dagrun for example_external_task_marker_child to None, run_after=None
[2024-04-14T19:07:35.490+0000] {logging_mixin.py:188} INFO - [2024-04-14T19:07:35.490+0000] {dag.py:3954} INFO - Setting next_dagrun for example_external_task_marker_parent to None, run_after=None
[2024-04-14T19:07:35.523+0000] {processor.py:183} INFO - Processing /home/airflow/.local/lib/python3.12/site-packages/airflow/example_dags/example_external_task_marker_dag.py took 0.107 seconds
[2024-04-14T19:08:05.648+0000] {processor.py:161} INFO - Started process (PID=1744) to work on /home/airflow/.local/lib/python3.12/site-packages/airflow/example_dags/example_external_task_marker_dag.py
[2024-04-14T19:08:05.650+0000] {processor.py:830} INFO - Processing file /home/airflow/.local/lib/python3.12/site-packages/airflow/example_dags/example_external_task_marker_dag.py for tasks to queue
[2024-04-14T19:08:05.651+0000] {logging_mixin.py:188} INFO - [2024-04-14T19:08:05.651+0000] {dagbag.py:540} INFO - Filling up the DagBag from /home/airflow/.local/lib/python3.12/site-packages/airflow/example_dags/example_external_task_marker_dag.py
[2024-04-14T19:08:05.656+0000] {processor.py:840} INFO - DAG(s) 'example_external_task_marker_child', 'example_external_task_marker_parent' retrieved from /home/airflow/.local/lib/python3.12/site-packages/airflow/example_dags/example_external_task_marker_dag.py
[2024-04-14T19:08:05.674+0000] {logging_mixin.py:188} INFO - [2024-04-14T19:08:05.674+0000] {dag.py:3096} INFO - Sync 2 DAGs
[2024-04-14T19:08:05.687+0000] {logging_mixin.py:188} INFO - [2024-04-14T19:08:05.687+0000] {dag.py:3954} INFO - Setting next_dagrun for example_external_task_marker_child to None, run_after=None
[2024-04-14T19:08:05.691+0000] {logging_mixin.py:188} INFO - [2024-04-14T19:08:05.691+0000] {dag.py:3954} INFO - Setting next_dagrun for example_external_task_marker_parent to None, run_after=None
[2024-04-14T19:08:05.708+0000] {processor.py:183} INFO - Processing /home/airflow/.local/lib/python3.12/site-packages/airflow/example_dags/example_external_task_marker_dag.py took 0.066 seconds
[2024-04-14T19:08:36.415+0000] {processor.py:161} INFO - Started process (PID=1804) to work on /home/airflow/.local/lib/python3.12/site-packages/airflow/example_dags/example_external_task_marker_dag.py
[2024-04-14T19:08:36.416+0000] {processor.py:830} INFO - Processing file /home/airflow/.local/lib/python3.12/site-packages/airflow/example_dags/example_external_task_marker_dag.py for tasks to queue
[2024-04-14T19:08:36.417+0000] {logging_mixin.py:188} INFO - [2024-04-14T19:08:36.417+0000] {dagbag.py:540} INFO - Filling up the DagBag from /home/airflow/.local/lib/python3.12/site-packages/airflow/example_dags/example_external_task_marker_dag.py
[2024-04-14T19:08:36.422+0000] {processor.py:840} INFO - DAG(s) 'example_external_task_marker_parent', 'example_external_task_marker_child' retrieved from /home/airflow/.local/lib/python3.12/site-packages/airflow/example_dags/example_external_task_marker_dag.py
[2024-04-14T19:08:36.440+0000] {logging_mixin.py:188} INFO - [2024-04-14T19:08:36.440+0000] {dag.py:3096} INFO - Sync 2 DAGs
[2024-04-14T19:08:36.450+0000] {logging_mixin.py:188} INFO - [2024-04-14T19:08:36.450+0000] {dag.py:3954} INFO - Setting next_dagrun for example_external_task_marker_child to None, run_after=None
[2024-04-14T19:08:36.453+0000] {logging_mixin.py:188} INFO - [2024-04-14T19:08:36.453+0000] {dag.py:3954} INFO - Setting next_dagrun for example_external_task_marker_parent to None, run_after=None
[2024-04-14T19:08:36.481+0000] {processor.py:183} INFO - Processing /home/airflow/.local/lib/python3.12/site-packages/airflow/example_dags/example_external_task_marker_dag.py took 0.072 seconds
[2024-04-14T19:09:07.338+0000] {processor.py:161} INFO - Started process (PID=1866) to work on /home/airflow/.local/lib/python3.12/site-packages/airflow/example_dags/example_external_task_marker_dag.py
[2024-04-14T19:09:07.339+0000] {processor.py:830} INFO - Processing file /home/airflow/.local/lib/python3.12/site-packages/airflow/example_dags/example_external_task_marker_dag.py for tasks to queue
[2024-04-14T19:09:07.341+0000] {logging_mixin.py:188} INFO - [2024-04-14T19:09:07.340+0000] {dagbag.py:540} INFO - Filling up the DagBag from /home/airflow/.local/lib/python3.12/site-packages/airflow/example_dags/example_external_task_marker_dag.py
[2024-04-14T19:09:07.345+0000] {processor.py:840} INFO - DAG(s) 'example_external_task_marker_child', 'example_external_task_marker_parent' retrieved from /home/airflow/.local/lib/python3.12/site-packages/airflow/example_dags/example_external_task_marker_dag.py
[2024-04-14T19:09:07.363+0000] {logging_mixin.py:188} INFO - [2024-04-14T19:09:07.363+0000] {dag.py:3096} INFO - Sync 2 DAGs
[2024-04-14T19:09:07.374+0000] {logging_mixin.py:188} INFO - [2024-04-14T19:09:07.374+0000] {dag.py:3954} INFO - Setting next_dagrun for example_external_task_marker_child to None, run_after=None
[2024-04-14T19:09:07.378+0000] {logging_mixin.py:188} INFO - [2024-04-14T19:09:07.377+0000] {dag.py:3954} INFO - Setting next_dagrun for example_external_task_marker_parent to None, run_after=None
[2024-04-14T19:09:07.394+0000] {processor.py:183} INFO - Processing /home/airflow/.local/lib/python3.12/site-packages/airflow/example_dags/example_external_task_marker_dag.py took 0.063 seconds
[2024-04-14T19:09:38.229+0000] {processor.py:161} INFO - Started process (PID=1926) to work on /home/airflow/.local/lib/python3.12/site-packages/airflow/example_dags/example_external_task_marker_dag.py
[2024-04-14T19:09:38.230+0000] {processor.py:830} INFO - Processing file /home/airflow/.local/lib/python3.12/site-packages/airflow/example_dags/example_external_task_marker_dag.py for tasks to queue
[2024-04-14T19:09:38.232+0000] {logging_mixin.py:188} INFO - [2024-04-14T19:09:38.232+0000] {dagbag.py:540} INFO - Filling up the DagBag from /home/airflow/.local/lib/python3.12/site-packages/airflow/example_dags/example_external_task_marker_dag.py
[2024-04-14T19:09:38.237+0000] {processor.py:840} INFO - DAG(s) 'example_external_task_marker_parent', 'example_external_task_marker_child' retrieved from /home/airflow/.local/lib/python3.12/site-packages/airflow/example_dags/example_external_task_marker_dag.py
[2024-04-14T19:09:38.258+0000] {logging_mixin.py:188} INFO - [2024-04-14T19:09:38.258+0000] {dag.py:3096} INFO - Sync 2 DAGs
[2024-04-14T19:09:38.269+0000] {logging_mixin.py:188} INFO - [2024-04-14T19:09:38.269+0000] {dag.py:3954} INFO - Setting next_dagrun for example_external_task_marker_child to None, run_after=None
[2024-04-14T19:09:38.272+0000] {logging_mixin.py:188} INFO - [2024-04-14T19:09:38.272+0000] {dag.py:3954} INFO - Setting next_dagrun for example_external_task_marker_parent to None, run_after=None
[2024-04-14T19:09:38.290+0000] {processor.py:183} INFO - Processing /home/airflow/.local/lib/python3.12/site-packages/airflow/example_dags/example_external_task_marker_dag.py took 0.066 seconds
[2024-04-14T19:10:08.839+0000] {processor.py:161} INFO - Started process (PID=1990) to work on /home/airflow/.local/lib/python3.12/site-packages/airflow/example_dags/example_external_task_marker_dag.py
[2024-04-14T19:10:08.839+0000] {processor.py:830} INFO - Processing file /home/airflow/.local/lib/python3.12/site-packages/airflow/example_dags/example_external_task_marker_dag.py for tasks to queue
[2024-04-14T19:10:08.841+0000] {logging_mixin.py:188} INFO - [2024-04-14T19:10:08.841+0000] {dagbag.py:540} INFO - Filling up the DagBag from /home/airflow/.local/lib/python3.12/site-packages/airflow/example_dags/example_external_task_marker_dag.py
[2024-04-14T19:10:08.845+0000] {processor.py:840} INFO - DAG(s) 'example_external_task_marker_parent', 'example_external_task_marker_child' retrieved from /home/airflow/.local/lib/python3.12/site-packages/airflow/example_dags/example_external_task_marker_dag.py
[2024-04-14T19:10:08.863+0000] {logging_mixin.py:188} INFO - [2024-04-14T19:10:08.863+0000] {dag.py:3096} INFO - Sync 2 DAGs
[2024-04-14T19:10:08.873+0000] {logging_mixin.py:188} INFO - [2024-04-14T19:10:08.873+0000] {dag.py:3954} INFO - Setting next_dagrun for example_external_task_marker_child to None, run_after=None
[2024-04-14T19:10:08.876+0000] {logging_mixin.py:188} INFO - [2024-04-14T19:10:08.876+0000] {dag.py:3954} INFO - Setting next_dagrun for example_external_task_marker_parent to None, run_after=None
[2024-04-14T19:10:08.891+0000] {processor.py:183} INFO - Processing /home/airflow/.local/lib/python3.12/site-packages/airflow/example_dags/example_external_task_marker_dag.py took 0.057 seconds
[2024-04-14T19:10:38.950+0000] {processor.py:161} INFO - Started process (PID=2050) to work on /home/airflow/.local/lib/python3.12/site-packages/airflow/example_dags/example_external_task_marker_dag.py
[2024-04-14T19:10:38.951+0000] {processor.py:830} INFO - Processing file /home/airflow/.local/lib/python3.12/site-packages/airflow/example_dags/example_external_task_marker_dag.py for tasks to queue
[2024-04-14T19:10:38.952+0000] {logging_mixin.py:188} INFO - [2024-04-14T19:10:38.952+0000] {dagbag.py:540} INFO - Filling up the DagBag from /home/airflow/.local/lib/python3.12/site-packages/airflow/example_dags/example_external_task_marker_dag.py
[2024-04-14T19:10:38.957+0000] {processor.py:840} INFO - DAG(s) 'example_external_task_marker_parent', 'example_external_task_marker_child' retrieved from /home/airflow/.local/lib/python3.12/site-packages/airflow/example_dags/example_external_task_marker_dag.py
[2024-04-14T19:10:38.982+0000] {logging_mixin.py:188} INFO - [2024-04-14T19:10:38.981+0000] {dag.py:3096} INFO - Sync 2 DAGs
[2024-04-14T19:10:39.000+0000] {logging_mixin.py:188} INFO - [2024-04-14T19:10:38.999+0000] {dag.py:3954} INFO - Setting next_dagrun for example_external_task_marker_child to None, run_after=None
[2024-04-14T19:10:39.006+0000] {logging_mixin.py:188} INFO - [2024-04-14T19:10:39.006+0000] {dag.py:3954} INFO - Setting next_dagrun for example_external_task_marker_parent to None, run_after=None
[2024-04-14T19:10:39.031+0000] {processor.py:183} INFO - Processing /home/airflow/.local/lib/python3.12/site-packages/airflow/example_dags/example_external_task_marker_dag.py took 0.086 seconds
[2024-04-14T19:11:09.342+0000] {processor.py:161} INFO - Started process (PID=2110) to work on /home/airflow/.local/lib/python3.12/site-packages/airflow/example_dags/example_external_task_marker_dag.py
[2024-04-14T19:11:09.343+0000] {processor.py:830} INFO - Processing file /home/airflow/.local/lib/python3.12/site-packages/airflow/example_dags/example_external_task_marker_dag.py for tasks to queue
[2024-04-14T19:11:09.344+0000] {logging_mixin.py:188} INFO - [2024-04-14T19:11:09.344+0000] {dagbag.py:540} INFO - Filling up the DagBag from /home/airflow/.local/lib/python3.12/site-packages/airflow/example_dags/example_external_task_marker_dag.py
[2024-04-14T19:11:09.348+0000] {processor.py:840} INFO - DAG(s) 'example_external_task_marker_child', 'example_external_task_marker_parent' retrieved from /home/airflow/.local/lib/python3.12/site-packages/airflow/example_dags/example_external_task_marker_dag.py
[2024-04-14T19:11:09.370+0000] {logging_mixin.py:188} INFO - [2024-04-14T19:11:09.369+0000] {dag.py:3096} INFO - Sync 2 DAGs
[2024-04-14T19:11:09.380+0000] {logging_mixin.py:188} INFO - [2024-04-14T19:11:09.380+0000] {dag.py:3954} INFO - Setting next_dagrun for example_external_task_marker_child to None, run_after=None
[2024-04-14T19:11:09.383+0000] {logging_mixin.py:188} INFO - [2024-04-14T19:11:09.383+0000] {dag.py:3954} INFO - Setting next_dagrun for example_external_task_marker_parent to None, run_after=None
[2024-04-14T19:11:09.398+0000] {processor.py:183} INFO - Processing /home/airflow/.local/lib/python3.12/site-packages/airflow/example_dags/example_external_task_marker_dag.py took 0.062 seconds
[2024-04-14T19:11:39.521+0000] {processor.py:161} INFO - Started process (PID=2174) to work on /home/airflow/.local/lib/python3.12/site-packages/airflow/example_dags/example_external_task_marker_dag.py
[2024-04-14T19:11:39.522+0000] {processor.py:830} INFO - Processing file /home/airflow/.local/lib/python3.12/site-packages/airflow/example_dags/example_external_task_marker_dag.py for tasks to queue
[2024-04-14T19:11:39.524+0000] {logging_mixin.py:188} INFO - [2024-04-14T19:11:39.523+0000] {dagbag.py:540} INFO - Filling up the DagBag from /home/airflow/.local/lib/python3.12/site-packages/airflow/example_dags/example_external_task_marker_dag.py
[2024-04-14T19:11:39.528+0000] {processor.py:840} INFO - DAG(s) 'example_external_task_marker_child', 'example_external_task_marker_parent' retrieved from /home/airflow/.local/lib/python3.12/site-packages/airflow/example_dags/example_external_task_marker_dag.py
[2024-04-14T19:11:39.546+0000] {logging_mixin.py:188} INFO - [2024-04-14T19:11:39.546+0000] {dag.py:3096} INFO - Sync 2 DAGs
[2024-04-14T19:11:39.559+0000] {logging_mixin.py:188} INFO - [2024-04-14T19:11:39.559+0000] {dag.py:3954} INFO - Setting next_dagrun for example_external_task_marker_child to None, run_after=None
[2024-04-14T19:11:39.562+0000] {logging_mixin.py:188} INFO - [2024-04-14T19:11:39.562+0000] {dag.py:3954} INFO - Setting next_dagrun for example_external_task_marker_parent to None, run_after=None
[2024-04-14T19:11:39.589+0000] {processor.py:183} INFO - Processing /home/airflow/.local/lib/python3.12/site-packages/airflow/example_dags/example_external_task_marker_dag.py took 0.073 seconds
[2024-04-14T19:12:10.454+0000] {processor.py:161} INFO - Started process (PID=2234) to work on /home/airflow/.local/lib/python3.12/site-packages/airflow/example_dags/example_external_task_marker_dag.py
[2024-04-14T19:12:10.455+0000] {processor.py:830} INFO - Processing file /home/airflow/.local/lib/python3.12/site-packages/airflow/example_dags/example_external_task_marker_dag.py for tasks to queue
[2024-04-14T19:12:10.456+0000] {logging_mixin.py:188} INFO - [2024-04-14T19:12:10.456+0000] {dagbag.py:540} INFO - Filling up the DagBag from /home/airflow/.local/lib/python3.12/site-packages/airflow/example_dags/example_external_task_marker_dag.py
[2024-04-14T19:12:10.461+0000] {processor.py:840} INFO - DAG(s) 'example_external_task_marker_child', 'example_external_task_marker_parent' retrieved from /home/airflow/.local/lib/python3.12/site-packages/airflow/example_dags/example_external_task_marker_dag.py
[2024-04-14T19:12:10.480+0000] {logging_mixin.py:188} INFO - [2024-04-14T19:12:10.480+0000] {dag.py:3096} INFO - Sync 2 DAGs
[2024-04-14T19:12:10.492+0000] {logging_mixin.py:188} INFO - [2024-04-14T19:12:10.492+0000] {dag.py:3954} INFO - Setting next_dagrun for example_external_task_marker_child to None, run_after=None
[2024-04-14T19:12:10.496+0000] {logging_mixin.py:188} INFO - [2024-04-14T19:12:10.496+0000] {dag.py:3954} INFO - Setting next_dagrun for example_external_task_marker_parent to None, run_after=None
[2024-04-14T19:12:10.513+0000] {processor.py:183} INFO - Processing /home/airflow/.local/lib/python3.12/site-packages/airflow/example_dags/example_external_task_marker_dag.py took 0.064 seconds
[2024-04-14T19:12:40.837+0000] {processor.py:161} INFO - Started process (PID=2294) to work on /home/airflow/.local/lib/python3.12/site-packages/airflow/example_dags/example_external_task_marker_dag.py
[2024-04-14T19:12:40.838+0000] {processor.py:830} INFO - Processing file /home/airflow/.local/lib/python3.12/site-packages/airflow/example_dags/example_external_task_marker_dag.py for tasks to queue
[2024-04-14T19:12:40.839+0000] {logging_mixin.py:188} INFO - [2024-04-14T19:12:40.839+0000] {dagbag.py:540} INFO - Filling up the DagBag from /home/airflow/.local/lib/python3.12/site-packages/airflow/example_dags/example_external_task_marker_dag.py
[2024-04-14T19:12:40.843+0000] {processor.py:840} INFO - DAG(s) 'example_external_task_marker_parent', 'example_external_task_marker_child' retrieved from /home/airflow/.local/lib/python3.12/site-packages/airflow/example_dags/example_external_task_marker_dag.py
[2024-04-14T19:12:40.863+0000] {logging_mixin.py:188} INFO - [2024-04-14T19:12:40.863+0000] {dag.py:3096} INFO - Sync 2 DAGs
[2024-04-14T19:12:40.875+0000] {logging_mixin.py:188} INFO - [2024-04-14T19:12:40.875+0000] {dag.py:3954} INFO - Setting next_dagrun for example_external_task_marker_child to None, run_after=None
[2024-04-14T19:12:40.879+0000] {logging_mixin.py:188} INFO - [2024-04-14T19:12:40.878+0000] {dag.py:3954} INFO - Setting next_dagrun for example_external_task_marker_parent to None, run_after=None
[2024-04-14T19:12:40.894+0000] {processor.py:183} INFO - Processing /home/airflow/.local/lib/python3.12/site-packages/airflow/example_dags/example_external_task_marker_dag.py took 0.063 seconds
[2024-04-14T19:13:11.152+0000] {processor.py:161} INFO - Started process (PID=2356) to work on /home/airflow/.local/lib/python3.12/site-packages/airflow/example_dags/example_external_task_marker_dag.py
[2024-04-14T19:13:11.153+0000] {processor.py:830} INFO - Processing file /home/airflow/.local/lib/python3.12/site-packages/airflow/example_dags/example_external_task_marker_dag.py for tasks to queue
[2024-04-14T19:13:11.154+0000] {logging_mixin.py:188} INFO - [2024-04-14T19:13:11.154+0000] {dagbag.py:540} INFO - Filling up the DagBag from /home/airflow/.local/lib/python3.12/site-packages/airflow/example_dags/example_external_task_marker_dag.py
[2024-04-14T19:13:11.158+0000] {processor.py:840} INFO - DAG(s) 'example_external_task_marker_child', 'example_external_task_marker_parent' retrieved from /home/airflow/.local/lib/python3.12/site-packages/airflow/example_dags/example_external_task_marker_dag.py
[2024-04-14T19:13:11.179+0000] {logging_mixin.py:188} INFO - [2024-04-14T19:13:11.178+0000] {dag.py:3096} INFO - Sync 2 DAGs
[2024-04-14T19:13:11.189+0000] {logging_mixin.py:188} INFO - [2024-04-14T19:13:11.188+0000] {dag.py:3954} INFO - Setting next_dagrun for example_external_task_marker_child to None, run_after=None
[2024-04-14T19:13:11.192+0000] {logging_mixin.py:188} INFO - [2024-04-14T19:13:11.192+0000] {dag.py:3954} INFO - Setting next_dagrun for example_external_task_marker_parent to None, run_after=None
[2024-04-14T19:13:11.207+0000] {processor.py:183} INFO - Processing /home/airflow/.local/lib/python3.12/site-packages/airflow/example_dags/example_external_task_marker_dag.py took 0.060 seconds
[2024-04-14T19:13:41.443+0000] {processor.py:161} INFO - Started process (PID=2416) to work on /home/airflow/.local/lib/python3.12/site-packages/airflow/example_dags/example_external_task_marker_dag.py
[2024-04-14T19:13:41.444+0000] {processor.py:830} INFO - Processing file /home/airflow/.local/lib/python3.12/site-packages/airflow/example_dags/example_external_task_marker_dag.py for tasks to queue
[2024-04-14T19:13:41.445+0000] {logging_mixin.py:188} INFO - [2024-04-14T19:13:41.445+0000] {dagbag.py:540} INFO - Filling up the DagBag from /home/airflow/.local/lib/python3.12/site-packages/airflow/example_dags/example_external_task_marker_dag.py
[2024-04-14T19:13:41.450+0000] {processor.py:840} INFO - DAG(s) 'example_external_task_marker_parent', 'example_external_task_marker_child' retrieved from /home/airflow/.local/lib/python3.12/site-packages/airflow/example_dags/example_external_task_marker_dag.py
[2024-04-14T19:13:41.470+0000] {logging_mixin.py:188} INFO - [2024-04-14T19:13:41.470+0000] {dag.py:3096} INFO - Sync 2 DAGs
[2024-04-14T19:13:41.480+0000] {logging_mixin.py:188} INFO - [2024-04-14T19:13:41.480+0000] {dag.py:3954} INFO - Setting next_dagrun for example_external_task_marker_child to None, run_after=None
[2024-04-14T19:13:41.484+0000] {logging_mixin.py:188} INFO - [2024-04-14T19:13:41.483+0000] {dag.py:3954} INFO - Setting next_dagrun for example_external_task_marker_parent to None, run_after=None
[2024-04-14T19:13:41.499+0000] {processor.py:183} INFO - Processing /home/airflow/.local/lib/python3.12/site-packages/airflow/example_dags/example_external_task_marker_dag.py took 0.061 seconds
[2024-04-14T19:14:11.969+0000] {processor.py:161} INFO - Started process (PID=2476) to work on /home/airflow/.local/lib/python3.12/site-packages/airflow/example_dags/example_external_task_marker_dag.py
[2024-04-14T19:14:11.970+0000] {processor.py:830} INFO - Processing file /home/airflow/.local/lib/python3.12/site-packages/airflow/example_dags/example_external_task_marker_dag.py for tasks to queue
[2024-04-14T19:14:11.971+0000] {logging_mixin.py:188} INFO - [2024-04-14T19:14:11.971+0000] {dagbag.py:540} INFO - Filling up the DagBag from /home/airflow/.local/lib/python3.12/site-packages/airflow/example_dags/example_external_task_marker_dag.py
[2024-04-14T19:14:11.976+0000] {processor.py:840} INFO - DAG(s) 'example_external_task_marker_parent', 'example_external_task_marker_child' retrieved from /home/airflow/.local/lib/python3.12/site-packages/airflow/example_dags/example_external_task_marker_dag.py
[2024-04-14T19:14:11.996+0000] {logging_mixin.py:188} INFO - [2024-04-14T19:14:11.996+0000] {dag.py:3096} INFO - Sync 2 DAGs
[2024-04-14T19:14:12.007+0000] {logging_mixin.py:188} INFO - [2024-04-14T19:14:12.007+0000] {dag.py:3954} INFO - Setting next_dagrun for example_external_task_marker_child to None, run_after=None
[2024-04-14T19:14:12.010+0000] {logging_mixin.py:188} INFO - [2024-04-14T19:14:12.010+0000] {dag.py:3954} INFO - Setting next_dagrun for example_external_task_marker_parent to None, run_after=None
[2024-04-14T19:14:12.028+0000] {processor.py:183} INFO - Processing /home/airflow/.local/lib/python3.12/site-packages/airflow/example_dags/example_external_task_marker_dag.py took 0.065 seconds
[2024-04-14T19:14:42.560+0000] {processor.py:161} INFO - Started process (PID=2538) to work on /home/airflow/.local/lib/python3.12/site-packages/airflow/example_dags/example_external_task_marker_dag.py
[2024-04-14T19:14:42.561+0000] {processor.py:830} INFO - Processing file /home/airflow/.local/lib/python3.12/site-packages/airflow/example_dags/example_external_task_marker_dag.py for tasks to queue
[2024-04-14T19:14:42.563+0000] {logging_mixin.py:188} INFO - [2024-04-14T19:14:42.563+0000] {dagbag.py:540} INFO - Filling up the DagBag from /home/airflow/.local/lib/python3.12/site-packages/airflow/example_dags/example_external_task_marker_dag.py
[2024-04-14T19:14:42.568+0000] {processor.py:840} INFO - DAG(s) 'example_external_task_marker_parent', 'example_external_task_marker_child' retrieved from /home/airflow/.local/lib/python3.12/site-packages/airflow/example_dags/example_external_task_marker_dag.py
[2024-04-14T19:14:42.589+0000] {logging_mixin.py:188} INFO - [2024-04-14T19:14:42.589+0000] {dag.py:3096} INFO - Sync 2 DAGs
[2024-04-14T19:14:42.602+0000] {logging_mixin.py:188} INFO - [2024-04-14T19:14:42.602+0000] {dag.py:3954} INFO - Setting next_dagrun for example_external_task_marker_child to None, run_after=None
[2024-04-14T19:14:42.606+0000] {logging_mixin.py:188} INFO - [2024-04-14T19:14:42.606+0000] {dag.py:3954} INFO - Setting next_dagrun for example_external_task_marker_parent to None, run_after=None
[2024-04-14T19:14:42.626+0000] {processor.py:183} INFO - Processing /home/airflow/.local/lib/python3.12/site-packages/airflow/example_dags/example_external_task_marker_dag.py took 0.072 seconds
[2024-04-14T19:15:12.828+0000] {processor.py:161} INFO - Started process (PID=2598) to work on /home/airflow/.local/lib/python3.12/site-packages/airflow/example_dags/example_external_task_marker_dag.py
[2024-04-14T19:15:12.828+0000] {processor.py:830} INFO - Processing file /home/airflow/.local/lib/python3.12/site-packages/airflow/example_dags/example_external_task_marker_dag.py for tasks to queue
[2024-04-14T19:15:12.830+0000] {logging_mixin.py:188} INFO - [2024-04-14T19:15:12.830+0000] {dagbag.py:540} INFO - Filling up the DagBag from /home/airflow/.local/lib/python3.12/site-packages/airflow/example_dags/example_external_task_marker_dag.py
[2024-04-14T19:15:12.834+0000] {processor.py:840} INFO - DAG(s) 'example_external_task_marker_parent', 'example_external_task_marker_child' retrieved from /home/airflow/.local/lib/python3.12/site-packages/airflow/example_dags/example_external_task_marker_dag.py
[2024-04-14T19:15:12.855+0000] {logging_mixin.py:188} INFO - [2024-04-14T19:15:12.854+0000] {dag.py:3096} INFO - Sync 2 DAGs
[2024-04-14T19:15:12.865+0000] {logging_mixin.py:188} INFO - [2024-04-14T19:15:12.865+0000] {dag.py:3954} INFO - Setting next_dagrun for example_external_task_marker_child to None, run_after=None
[2024-04-14T19:15:12.868+0000] {logging_mixin.py:188} INFO - [2024-04-14T19:15:12.868+0000] {dag.py:3954} INFO - Setting next_dagrun for example_external_task_marker_parent to None, run_after=None
[2024-04-14T19:15:12.883+0000] {processor.py:183} INFO - Processing /home/airflow/.local/lib/python3.12/site-packages/airflow/example_dags/example_external_task_marker_dag.py took 0.060 seconds
[2024-04-14T19:15:43.115+0000] {processor.py:161} INFO - Started process (PID=2658) to work on /home/airflow/.local/lib/python3.12/site-packages/airflow/example_dags/example_external_task_marker_dag.py
[2024-04-14T19:15:43.118+0000] {processor.py:830} INFO - Processing file /home/airflow/.local/lib/python3.12/site-packages/airflow/example_dags/example_external_task_marker_dag.py for tasks to queue
[2024-04-14T19:15:43.120+0000] {logging_mixin.py:188} INFO - [2024-04-14T19:15:43.120+0000] {dagbag.py:540} INFO - Filling up the DagBag from /home/airflow/.local/lib/python3.12/site-packages/airflow/example_dags/example_external_task_marker_dag.py
[2024-04-14T19:15:43.126+0000] {processor.py:840} INFO - DAG(s) 'example_external_task_marker_parent', 'example_external_task_marker_child' retrieved from /home/airflow/.local/lib/python3.12/site-packages/airflow/example_dags/example_external_task_marker_dag.py
[2024-04-14T19:15:43.148+0000] {logging_mixin.py:188} INFO - [2024-04-14T19:15:43.148+0000] {dag.py:3096} INFO - Sync 2 DAGs
[2024-04-14T19:15:43.159+0000] {logging_mixin.py:188} INFO - [2024-04-14T19:15:43.159+0000] {dag.py:3954} INFO - Setting next_dagrun for example_external_task_marker_child to None, run_after=None
[2024-04-14T19:15:43.163+0000] {logging_mixin.py:188} INFO - [2024-04-14T19:15:43.163+0000] {dag.py:3954} INFO - Setting next_dagrun for example_external_task_marker_parent to None, run_after=None
[2024-04-14T19:15:43.180+0000] {processor.py:183} INFO - Processing /home/airflow/.local/lib/python3.12/site-packages/airflow/example_dags/example_external_task_marker_dag.py took 0.069 seconds
[2024-04-14T19:16:13.461+0000] {processor.py:161} INFO - Started process (PID=2718) to work on /home/airflow/.local/lib/python3.12/site-packages/airflow/example_dags/example_external_task_marker_dag.py
[2024-04-14T19:16:13.462+0000] {processor.py:830} INFO - Processing file /home/airflow/.local/lib/python3.12/site-packages/airflow/example_dags/example_external_task_marker_dag.py for tasks to queue
[2024-04-14T19:16:13.463+0000] {logging_mixin.py:188} INFO - [2024-04-14T19:16:13.463+0000] {dagbag.py:540} INFO - Filling up the DagBag from /home/airflow/.local/lib/python3.12/site-packages/airflow/example_dags/example_external_task_marker_dag.py
[2024-04-14T19:16:13.468+0000] {processor.py:840} INFO - DAG(s) 'example_external_task_marker_child', 'example_external_task_marker_parent' retrieved from /home/airflow/.local/lib/python3.12/site-packages/airflow/example_dags/example_external_task_marker_dag.py
[2024-04-14T19:16:13.486+0000] {logging_mixin.py:188} INFO - [2024-04-14T19:16:13.486+0000] {dag.py:3096} INFO - Sync 2 DAGs
[2024-04-14T19:16:13.496+0000] {logging_mixin.py:188} INFO - [2024-04-14T19:16:13.496+0000] {dag.py:3954} INFO - Setting next_dagrun for example_external_task_marker_child to None, run_after=None
[2024-04-14T19:16:13.500+0000] {logging_mixin.py:188} INFO - [2024-04-14T19:16:13.500+0000] {dag.py:3954} INFO - Setting next_dagrun for example_external_task_marker_parent to None, run_after=None
[2024-04-14T19:16:13.515+0000] {processor.py:183} INFO - Processing /home/airflow/.local/lib/python3.12/site-packages/airflow/example_dags/example_external_task_marker_dag.py took 0.059 seconds
[2024-04-14T19:16:43.924+0000] {processor.py:161} INFO - Started process (PID=2778) to work on /home/airflow/.local/lib/python3.12/site-packages/airflow/example_dags/example_external_task_marker_dag.py
[2024-04-14T19:16:43.925+0000] {processor.py:830} INFO - Processing file /home/airflow/.local/lib/python3.12/site-packages/airflow/example_dags/example_external_task_marker_dag.py for tasks to queue
[2024-04-14T19:16:43.927+0000] {logging_mixin.py:188} INFO - [2024-04-14T19:16:43.926+0000] {dagbag.py:540} INFO - Filling up the DagBag from /home/airflow/.local/lib/python3.12/site-packages/airflow/example_dags/example_external_task_marker_dag.py
[2024-04-14T19:16:43.932+0000] {processor.py:840} INFO - DAG(s) 'example_external_task_marker_child', 'example_external_task_marker_parent' retrieved from /home/airflow/.local/lib/python3.12/site-packages/airflow/example_dags/example_external_task_marker_dag.py
[2024-04-14T19:16:43.953+0000] {logging_mixin.py:188} INFO - [2024-04-14T19:16:43.952+0000] {dag.py:3096} INFO - Sync 2 DAGs
[2024-04-14T19:16:43.965+0000] {logging_mixin.py:188} INFO - [2024-04-14T19:16:43.965+0000] {dag.py:3954} INFO - Setting next_dagrun for example_external_task_marker_child to None, run_after=None
[2024-04-14T19:16:43.969+0000] {logging_mixin.py:188} INFO - [2024-04-14T19:16:43.969+0000] {dag.py:3954} INFO - Setting next_dagrun for example_external_task_marker_parent to None, run_after=None
[2024-04-14T19:16:43.987+0000] {processor.py:183} INFO - Processing /home/airflow/.local/lib/python3.12/site-packages/airflow/example_dags/example_external_task_marker_dag.py took 0.070 seconds
[2024-04-14T19:17:14.458+0000] {processor.py:161} INFO - Started process (PID=2838) to work on /home/airflow/.local/lib/python3.12/site-packages/airflow/example_dags/example_external_task_marker_dag.py
[2024-04-14T19:17:14.459+0000] {processor.py:830} INFO - Processing file /home/airflow/.local/lib/python3.12/site-packages/airflow/example_dags/example_external_task_marker_dag.py for tasks to queue
[2024-04-14T19:17:14.461+0000] {logging_mixin.py:188} INFO - [2024-04-14T19:17:14.460+0000] {dagbag.py:540} INFO - Filling up the DagBag from /home/airflow/.local/lib/python3.12/site-packages/airflow/example_dags/example_external_task_marker_dag.py
[2024-04-14T19:17:14.466+0000] {processor.py:840} INFO - DAG(s) 'example_external_task_marker_child', 'example_external_task_marker_parent' retrieved from /home/airflow/.local/lib/python3.12/site-packages/airflow/example_dags/example_external_task_marker_dag.py
[2024-04-14T19:17:14.488+0000] {logging_mixin.py:188} INFO - [2024-04-14T19:17:14.488+0000] {dag.py:3096} INFO - Sync 2 DAGs
[2024-04-14T19:17:14.499+0000] {logging_mixin.py:188} INFO - [2024-04-14T19:17:14.499+0000] {dag.py:3954} INFO - Setting next_dagrun for example_external_task_marker_child to None, run_after=None
[2024-04-14T19:17:14.503+0000] {logging_mixin.py:188} INFO - [2024-04-14T19:17:14.503+0000] {dag.py:3954} INFO - Setting next_dagrun for example_external_task_marker_parent to None, run_after=None
[2024-04-14T19:17:14.520+0000] {processor.py:183} INFO - Processing /home/airflow/.local/lib/python3.12/site-packages/airflow/example_dags/example_external_task_marker_dag.py took 0.068 seconds
[2024-04-14T19:17:44.961+0000] {processor.py:161} INFO - Started process (PID=2898) to work on /home/airflow/.local/lib/python3.12/site-packages/airflow/example_dags/example_external_task_marker_dag.py
[2024-04-14T19:17:44.962+0000] {processor.py:830} INFO - Processing file /home/airflow/.local/lib/python3.12/site-packages/airflow/example_dags/example_external_task_marker_dag.py for tasks to queue
[2024-04-14T19:17:44.963+0000] {logging_mixin.py:188} INFO - [2024-04-14T19:17:44.963+0000] {dagbag.py:540} INFO - Filling up the DagBag from /home/airflow/.local/lib/python3.12/site-packages/airflow/example_dags/example_external_task_marker_dag.py
[2024-04-14T19:17:44.967+0000] {processor.py:840} INFO - DAG(s) 'example_external_task_marker_parent', 'example_external_task_marker_child' retrieved from /home/airflow/.local/lib/python3.12/site-packages/airflow/example_dags/example_external_task_marker_dag.py
[2024-04-14T19:17:44.986+0000] {logging_mixin.py:188} INFO - [2024-04-14T19:17:44.986+0000] {dag.py:3096} INFO - Sync 2 DAGs
[2024-04-14T19:17:44.997+0000] {logging_mixin.py:188} INFO - [2024-04-14T19:17:44.996+0000] {dag.py:3954} INFO - Setting next_dagrun for example_external_task_marker_child to None, run_after=None
[2024-04-14T19:17:45.000+0000] {logging_mixin.py:188} INFO - [2024-04-14T19:17:45.000+0000] {dag.py:3954} INFO - Setting next_dagrun for example_external_task_marker_parent to None, run_after=None
[2024-04-14T19:17:45.016+0000] {processor.py:183} INFO - Processing /home/airflow/.local/lib/python3.12/site-packages/airflow/example_dags/example_external_task_marker_dag.py took 0.060 seconds
[2024-04-14T19:18:15.256+0000] {processor.py:161} INFO - Started process (PID=2962) to work on /home/airflow/.local/lib/python3.12/site-packages/airflow/example_dags/example_external_task_marker_dag.py
[2024-04-14T19:18:15.257+0000] {processor.py:830} INFO - Processing file /home/airflow/.local/lib/python3.12/site-packages/airflow/example_dags/example_external_task_marker_dag.py for tasks to queue
[2024-04-14T19:18:15.258+0000] {logging_mixin.py:188} INFO - [2024-04-14T19:18:15.258+0000] {dagbag.py:540} INFO - Filling up the DagBag from /home/airflow/.local/lib/python3.12/site-packages/airflow/example_dags/example_external_task_marker_dag.py
[2024-04-14T19:18:15.262+0000] {processor.py:840} INFO - DAG(s) 'example_external_task_marker_child', 'example_external_task_marker_parent' retrieved from /home/airflow/.local/lib/python3.12/site-packages/airflow/example_dags/example_external_task_marker_dag.py
[2024-04-14T19:18:15.282+0000] {logging_mixin.py:188} INFO - [2024-04-14T19:18:15.282+0000] {dag.py:3096} INFO - Sync 2 DAGs
[2024-04-14T19:18:15.292+0000] {logging_mixin.py:188} INFO - [2024-04-14T19:18:15.292+0000] {dag.py:3954} INFO - Setting next_dagrun for example_external_task_marker_child to None, run_after=None
[2024-04-14T19:18:15.295+0000] {logging_mixin.py:188} INFO - [2024-04-14T19:18:15.295+0000] {dag.py:3954} INFO - Setting next_dagrun for example_external_task_marker_parent to None, run_after=None
[2024-04-14T19:18:15.310+0000] {processor.py:183} INFO - Processing /home/airflow/.local/lib/python3.12/site-packages/airflow/example_dags/example_external_task_marker_dag.py took 0.060 seconds
[2024-04-14T19:18:45.485+0000] {processor.py:161} INFO - Started process (PID=3022) to work on /home/airflow/.local/lib/python3.12/site-packages/airflow/example_dags/example_external_task_marker_dag.py
[2024-04-14T19:18:45.486+0000] {processor.py:830} INFO - Processing file /home/airflow/.local/lib/python3.12/site-packages/airflow/example_dags/example_external_task_marker_dag.py for tasks to queue
[2024-04-14T19:18:45.487+0000] {logging_mixin.py:188} INFO - [2024-04-14T19:18:45.487+0000] {dagbag.py:540} INFO - Filling up the DagBag from /home/airflow/.local/lib/python3.12/site-packages/airflow/example_dags/example_external_task_marker_dag.py
[2024-04-14T19:18:45.492+0000] {processor.py:840} INFO - DAG(s) 'example_external_task_marker_child', 'example_external_task_marker_parent' retrieved from /home/airflow/.local/lib/python3.12/site-packages/airflow/example_dags/example_external_task_marker_dag.py
[2024-04-14T19:18:45.510+0000] {logging_mixin.py:188} INFO - [2024-04-14T19:18:45.510+0000] {dag.py:3096} INFO - Sync 2 DAGs
[2024-04-14T19:18:45.520+0000] {logging_mixin.py:188} INFO - [2024-04-14T19:18:45.520+0000] {dag.py:3954} INFO - Setting next_dagrun for example_external_task_marker_child to None, run_after=None
[2024-04-14T19:18:45.523+0000] {logging_mixin.py:188} INFO - [2024-04-14T19:18:45.523+0000] {dag.py:3954} INFO - Setting next_dagrun for example_external_task_marker_parent to None, run_after=None
[2024-04-14T19:18:45.538+0000] {processor.py:183} INFO - Processing /home/airflow/.local/lib/python3.12/site-packages/airflow/example_dags/example_external_task_marker_dag.py took 0.058 seconds
[2024-04-14T19:19:15.643+0000] {processor.py:161} INFO - Started process (PID=3083) to work on /home/airflow/.local/lib/python3.12/site-packages/airflow/example_dags/example_external_task_marker_dag.py
[2024-04-14T19:19:15.644+0000] {processor.py:830} INFO - Processing file /home/airflow/.local/lib/python3.12/site-packages/airflow/example_dags/example_external_task_marker_dag.py for tasks to queue
[2024-04-14T19:19:15.646+0000] {logging_mixin.py:188} INFO - [2024-04-14T19:19:15.646+0000] {dagbag.py:540} INFO - Filling up the DagBag from /home/airflow/.local/lib/python3.12/site-packages/airflow/example_dags/example_external_task_marker_dag.py
[2024-04-14T19:19:15.650+0000] {processor.py:840} INFO - DAG(s) 'example_external_task_marker_parent', 'example_external_task_marker_child' retrieved from /home/airflow/.local/lib/python3.12/site-packages/airflow/example_dags/example_external_task_marker_dag.py
[2024-04-14T19:19:15.669+0000] {logging_mixin.py:188} INFO - [2024-04-14T19:19:15.669+0000] {dag.py:3096} INFO - Sync 2 DAGs
[2024-04-14T19:19:15.680+0000] {logging_mixin.py:188} INFO - [2024-04-14T19:19:15.680+0000] {dag.py:3954} INFO - Setting next_dagrun for example_external_task_marker_child to None, run_after=None
[2024-04-14T19:19:15.683+0000] {logging_mixin.py:188} INFO - [2024-04-14T19:19:15.683+0000] {dag.py:3954} INFO - Setting next_dagrun for example_external_task_marker_parent to None, run_after=None
[2024-04-14T19:19:15.698+0000] {processor.py:183} INFO - Processing /home/airflow/.local/lib/python3.12/site-packages/airflow/example_dags/example_external_task_marker_dag.py took 0.059 seconds
[2024-04-14T19:19:46.225+0000] {processor.py:161} INFO - Started process (PID=3143) to work on /home/airflow/.local/lib/python3.12/site-packages/airflow/example_dags/example_external_task_marker_dag.py
[2024-04-14T19:19:46.225+0000] {processor.py:830} INFO - Processing file /home/airflow/.local/lib/python3.12/site-packages/airflow/example_dags/example_external_task_marker_dag.py for tasks to queue
[2024-04-14T19:19:46.228+0000] {logging_mixin.py:188} INFO - [2024-04-14T19:19:46.227+0000] {dagbag.py:540} INFO - Filling up the DagBag from /home/airflow/.local/lib/python3.12/site-packages/airflow/example_dags/example_external_task_marker_dag.py
[2024-04-14T19:19:46.232+0000] {processor.py:840} INFO - DAG(s) 'example_external_task_marker_parent', 'example_external_task_marker_child' retrieved from /home/airflow/.local/lib/python3.12/site-packages/airflow/example_dags/example_external_task_marker_dag.py
[2024-04-14T19:19:46.252+0000] {logging_mixin.py:188} INFO - [2024-04-14T19:19:46.252+0000] {dag.py:3096} INFO - Sync 2 DAGs
[2024-04-14T19:19:46.283+0000] {logging_mixin.py:188} INFO - [2024-04-14T19:19:46.282+0000] {dag.py:3954} INFO - Setting next_dagrun for example_external_task_marker_child to None, run_after=None
[2024-04-14T19:19:46.289+0000] {logging_mixin.py:188} INFO - [2024-04-14T19:19:46.289+0000] {dag.py:3954} INFO - Setting next_dagrun for example_external_task_marker_parent to None, run_after=None
[2024-04-14T19:19:46.309+0000] {processor.py:183} INFO - Processing /home/airflow/.local/lib/python3.12/site-packages/airflow/example_dags/example_external_task_marker_dag.py took 0.089 seconds
[2024-04-14T19:20:16.488+0000] {processor.py:161} INFO - Started process (PID=3203) to work on /home/airflow/.local/lib/python3.12/site-packages/airflow/example_dags/example_external_task_marker_dag.py
[2024-04-14T19:20:16.489+0000] {processor.py:830} INFO - Processing file /home/airflow/.local/lib/python3.12/site-packages/airflow/example_dags/example_external_task_marker_dag.py for tasks to queue
[2024-04-14T19:20:16.491+0000] {logging_mixin.py:188} INFO - [2024-04-14T19:20:16.491+0000] {dagbag.py:540} INFO - Filling up the DagBag from /home/airflow/.local/lib/python3.12/site-packages/airflow/example_dags/example_external_task_marker_dag.py
[2024-04-14T19:20:16.497+0000] {processor.py:840} INFO - DAG(s) 'example_external_task_marker_child', 'example_external_task_marker_parent' retrieved from /home/airflow/.local/lib/python3.12/site-packages/airflow/example_dags/example_external_task_marker_dag.py
[2024-04-14T19:20:16.521+0000] {logging_mixin.py:188} INFO - [2024-04-14T19:20:16.521+0000] {dag.py:3096} INFO - Sync 2 DAGs
[2024-04-14T19:20:16.533+0000] {logging_mixin.py:188} INFO - [2024-04-14T19:20:16.533+0000] {dag.py:3954} INFO - Setting next_dagrun for example_external_task_marker_child to None, run_after=None
[2024-04-14T19:20:16.537+0000] {logging_mixin.py:188} INFO - [2024-04-14T19:20:16.537+0000] {dag.py:3954} INFO - Setting next_dagrun for example_external_task_marker_parent to None, run_after=None
[2024-04-14T19:20:16.554+0000] {processor.py:183} INFO - Processing /home/airflow/.local/lib/python3.12/site-packages/airflow/example_dags/example_external_task_marker_dag.py took 0.071 seconds
[2024-04-14T19:20:47.305+0000] {processor.py:161} INFO - Started process (PID=3263) to work on /home/airflow/.local/lib/python3.12/site-packages/airflow/example_dags/example_external_task_marker_dag.py
[2024-04-14T19:20:47.306+0000] {processor.py:830} INFO - Processing file /home/airflow/.local/lib/python3.12/site-packages/airflow/example_dags/example_external_task_marker_dag.py for tasks to queue
[2024-04-14T19:20:47.308+0000] {logging_mixin.py:188} INFO - [2024-04-14T19:20:47.308+0000] {dagbag.py:540} INFO - Filling up the DagBag from /home/airflow/.local/lib/python3.12/site-packages/airflow/example_dags/example_external_task_marker_dag.py
[2024-04-14T19:20:47.313+0000] {processor.py:840} INFO - DAG(s) 'example_external_task_marker_parent', 'example_external_task_marker_child' retrieved from /home/airflow/.local/lib/python3.12/site-packages/airflow/example_dags/example_external_task_marker_dag.py
[2024-04-14T19:20:47.331+0000] {logging_mixin.py:188} INFO - [2024-04-14T19:20:47.330+0000] {dag.py:3096} INFO - Sync 2 DAGs
[2024-04-14T19:20:47.341+0000] {logging_mixin.py:188} INFO - [2024-04-14T19:20:47.341+0000] {dag.py:3954} INFO - Setting next_dagrun for example_external_task_marker_child to None, run_after=None
[2024-04-14T19:20:47.344+0000] {logging_mixin.py:188} INFO - [2024-04-14T19:20:47.344+0000] {dag.py:3954} INFO - Setting next_dagrun for example_external_task_marker_parent to None, run_after=None
[2024-04-14T19:20:47.360+0000] {processor.py:183} INFO - Processing /home/airflow/.local/lib/python3.12/site-packages/airflow/example_dags/example_external_task_marker_dag.py took 0.059 seconds
[2024-04-14T19:21:17.538+0000] {processor.py:161} INFO - Started process (PID=3323) to work on /home/airflow/.local/lib/python3.12/site-packages/airflow/example_dags/example_external_task_marker_dag.py
[2024-04-14T19:21:17.539+0000] {processor.py:830} INFO - Processing file /home/airflow/.local/lib/python3.12/site-packages/airflow/example_dags/example_external_task_marker_dag.py for tasks to queue
[2024-04-14T19:21:17.541+0000] {logging_mixin.py:188} INFO - [2024-04-14T19:21:17.541+0000] {dagbag.py:540} INFO - Filling up the DagBag from /home/airflow/.local/lib/python3.12/site-packages/airflow/example_dags/example_external_task_marker_dag.py
[2024-04-14T19:21:17.546+0000] {processor.py:840} INFO - DAG(s) 'example_external_task_marker_child', 'example_external_task_marker_parent' retrieved from /home/airflow/.local/lib/python3.12/site-packages/airflow/example_dags/example_external_task_marker_dag.py
[2024-04-14T19:21:17.567+0000] {logging_mixin.py:188} INFO - [2024-04-14T19:21:17.567+0000] {dag.py:3096} INFO - Sync 2 DAGs
[2024-04-14T19:21:17.578+0000] {logging_mixin.py:188} INFO - [2024-04-14T19:21:17.578+0000] {dag.py:3954} INFO - Setting next_dagrun for example_external_task_marker_child to None, run_after=None
[2024-04-14T19:21:17.582+0000] {logging_mixin.py:188} INFO - [2024-04-14T19:21:17.582+0000] {dag.py:3954} INFO - Setting next_dagrun for example_external_task_marker_parent to None, run_after=None
[2024-04-14T19:21:17.598+0000] {processor.py:183} INFO - Processing /home/airflow/.local/lib/python3.12/site-packages/airflow/example_dags/example_external_task_marker_dag.py took 0.065 seconds
