[2024-04-14T18:54:04.190+0000] {processor.py:161} INFO - Started process (PID=88) to work on /home/airflow/.local/lib/python3.12/site-packages/airflow/example_dags/example_branch_python_dop_operator_3.py
[2024-04-14T18:54:04.197+0000] {processor.py:830} INFO - Processing file /home/airflow/.local/lib/python3.12/site-packages/airflow/example_dags/example_branch_python_dop_operator_3.py for tasks to queue
[2024-04-14T18:54:04.217+0000] {logging_mixin.py:188} INFO - [2024-04-14T18:54:04.213+0000] {dagbag.py:540} INFO - Filling up the DagBag from /home/airflow/.local/lib/python3.12/site-packages/airflow/example_dags/example_branch_python_dop_operator_3.py
[2024-04-14T18:54:04.295+0000] {processor.py:840} INFO - DAG(s) 'example_branch_dop_operator_v3' retrieved from /home/airflow/.local/lib/python3.12/site-packages/airflow/example_dags/example_branch_python_dop_operator_3.py
[2024-04-14T18:54:04.497+0000] {logging_mixin.py:188} INFO - [2024-04-14T18:54:04.496+0000] {override.py:1829} INFO - Created Permission View: can edit on DAG:example_branch_dop_operator_v3
[2024-04-14T18:54:04.511+0000] {logging_mixin.py:188} INFO - [2024-04-14T18:54:04.510+0000] {override.py:1829} INFO - Created Permission View: can delete on DAG:example_branch_dop_operator_v3
[2024-04-14T18:54:04.519+0000] {logging_mixin.py:188} INFO - [2024-04-14T18:54:04.519+0000] {override.py:1829} INFO - Created Permission View: can read on DAG:example_branch_dop_operator_v3
[2024-04-14T18:54:04.520+0000] {logging_mixin.py:188} INFO - [2024-04-14T18:54:04.520+0000] {dag.py:3096} INFO - Sync 1 DAGs
[2024-04-14T18:54:04.547+0000] {logging_mixin.py:188} INFO - [2024-04-14T18:54:04.546+0000] {dag.py:3118} INFO - Creating ORM DAG for example_branch_dop_operator_v3
[2024-04-14T18:54:04.583+0000] {logging_mixin.py:188} INFO - [2024-04-14T18:54:04.583+0000] {dag.py:3954} INFO - Setting next_dagrun for example_branch_dop_operator_v3 to 2024-04-14 18:53:00+00:00, run_after=2024-04-14 18:54:00+00:00
[2024-04-14T18:54:04.618+0000] {processor.py:183} INFO - Processing /home/airflow/.local/lib/python3.12/site-packages/airflow/example_dags/example_branch_python_dop_operator_3.py took 0.436 seconds
[2024-04-14T18:54:34.811+0000] {processor.py:161} INFO - Started process (PID=148) to work on /home/airflow/.local/lib/python3.12/site-packages/airflow/example_dags/example_branch_python_dop_operator_3.py
[2024-04-14T18:54:34.812+0000] {processor.py:830} INFO - Processing file /home/airflow/.local/lib/python3.12/site-packages/airflow/example_dags/example_branch_python_dop_operator_3.py for tasks to queue
[2024-04-14T18:54:34.817+0000] {logging_mixin.py:188} INFO - [2024-04-14T18:54:34.816+0000] {dagbag.py:540} INFO - Filling up the DagBag from /home/airflow/.local/lib/python3.12/site-packages/airflow/example_dags/example_branch_python_dop_operator_3.py
[2024-04-14T18:54:34.837+0000] {processor.py:840} INFO - DAG(s) 'example_branch_dop_operator_v3' retrieved from /home/airflow/.local/lib/python3.12/site-packages/airflow/example_dags/example_branch_python_dop_operator_3.py
[2024-04-14T18:54:34.886+0000] {logging_mixin.py:188} INFO - [2024-04-14T18:54:34.885+0000] {dag.py:3096} INFO - Sync 1 DAGs
[2024-04-14T18:54:34.958+0000] {logging_mixin.py:188} INFO - [2024-04-14T18:54:34.958+0000] {dag.py:3954} INFO - Setting next_dagrun for example_branch_dop_operator_v3 to 2024-04-14 18:53:00+00:00, run_after=2024-04-14 18:54:00+00:00
[2024-04-14T18:54:35.010+0000] {processor.py:183} INFO - Processing /home/airflow/.local/lib/python3.12/site-packages/airflow/example_dags/example_branch_python_dop_operator_3.py took 0.209 seconds
[2024-04-14T18:55:05.467+0000] {processor.py:161} INFO - Started process (PID=208) to work on /home/airflow/.local/lib/python3.12/site-packages/airflow/example_dags/example_branch_python_dop_operator_3.py
[2024-04-14T18:55:05.468+0000] {processor.py:830} INFO - Processing file /home/airflow/.local/lib/python3.12/site-packages/airflow/example_dags/example_branch_python_dop_operator_3.py for tasks to queue
[2024-04-14T18:55:05.470+0000] {logging_mixin.py:188} INFO - [2024-04-14T18:55:05.469+0000] {dagbag.py:540} INFO - Filling up the DagBag from /home/airflow/.local/lib/python3.12/site-packages/airflow/example_dags/example_branch_python_dop_operator_3.py
[2024-04-14T18:55:05.477+0000] {processor.py:840} INFO - DAG(s) 'example_branch_dop_operator_v3' retrieved from /home/airflow/.local/lib/python3.12/site-packages/airflow/example_dags/example_branch_python_dop_operator_3.py
[2024-04-14T18:55:05.494+0000] {logging_mixin.py:188} INFO - [2024-04-14T18:55:05.494+0000] {dag.py:3096} INFO - Sync 1 DAGs
[2024-04-14T18:55:05.516+0000] {logging_mixin.py:188} INFO - [2024-04-14T18:55:05.516+0000] {dag.py:3954} INFO - Setting next_dagrun for example_branch_dop_operator_v3 to 2024-04-14 18:54:00+00:00, run_after=2024-04-14 18:55:00+00:00
[2024-04-14T18:55:05.533+0000] {processor.py:183} INFO - Processing /home/airflow/.local/lib/python3.12/site-packages/airflow/example_dags/example_branch_python_dop_operator_3.py took 0.071 seconds
[2024-04-14T18:55:38.907+0000] {processor.py:161} INFO - Started process (PID=268) to work on /home/airflow/.local/lib/python3.12/site-packages/airflow/example_dags/example_branch_python_dop_operator_3.py
[2024-04-14T18:55:38.910+0000] {processor.py:830} INFO - Processing file /home/airflow/.local/lib/python3.12/site-packages/airflow/example_dags/example_branch_python_dop_operator_3.py for tasks to queue
[2024-04-14T18:55:38.912+0000] {logging_mixin.py:188} INFO - [2024-04-14T18:55:38.912+0000] {dagbag.py:540} INFO - Filling up the DagBag from /home/airflow/.local/lib/python3.12/site-packages/airflow/example_dags/example_branch_python_dop_operator_3.py
[2024-04-14T18:55:38.922+0000] {processor.py:840} INFO - DAG(s) 'example_branch_dop_operator_v3' retrieved from /home/airflow/.local/lib/python3.12/site-packages/airflow/example_dags/example_branch_python_dop_operator_3.py
[2024-04-14T18:55:38.950+0000] {logging_mixin.py:188} INFO - [2024-04-14T18:55:38.950+0000] {dag.py:3096} INFO - Sync 1 DAGs
[2024-04-14T18:55:38.986+0000] {logging_mixin.py:188} INFO - [2024-04-14T18:55:38.985+0000] {dag.py:3954} INFO - Setting next_dagrun for example_branch_dop_operator_v3 to 2024-04-14 18:54:00+00:00, run_after=2024-04-14 18:55:00+00:00
[2024-04-14T18:55:39.024+0000] {processor.py:183} INFO - Processing /home/airflow/.local/lib/python3.12/site-packages/airflow/example_dags/example_branch_python_dop_operator_3.py took 0.124 seconds
[2024-04-14T18:56:12.317+0000] {processor.py:161} INFO - Started process (PID=328) to work on /home/airflow/.local/lib/python3.12/site-packages/airflow/example_dags/example_branch_python_dop_operator_3.py
[2024-04-14T18:56:12.322+0000] {processor.py:830} INFO - Processing file /home/airflow/.local/lib/python3.12/site-packages/airflow/example_dags/example_branch_python_dop_operator_3.py for tasks to queue
[2024-04-14T18:56:12.326+0000] {logging_mixin.py:188} INFO - [2024-04-14T18:56:12.325+0000] {dagbag.py:540} INFO - Filling up the DagBag from /home/airflow/.local/lib/python3.12/site-packages/airflow/example_dags/example_branch_python_dop_operator_3.py
[2024-04-14T18:56:12.392+0000] {processor.py:840} INFO - DAG(s) 'example_branch_dop_operator_v3' retrieved from /home/airflow/.local/lib/python3.12/site-packages/airflow/example_dags/example_branch_python_dop_operator_3.py
[2024-04-14T18:56:12.452+0000] {logging_mixin.py:188} INFO - [2024-04-14T18:56:12.449+0000] {dag.py:3096} INFO - Sync 1 DAGs
[2024-04-14T18:56:12.545+0000] {logging_mixin.py:188} INFO - [2024-04-14T18:56:12.545+0000] {dag.py:3954} INFO - Setting next_dagrun for example_branch_dop_operator_v3 to 2024-04-14 18:55:00+00:00, run_after=2024-04-14 18:56:00+00:00
[2024-04-14T18:56:12.714+0000] {processor.py:183} INFO - Processing /home/airflow/.local/lib/python3.12/site-packages/airflow/example_dags/example_branch_python_dop_operator_3.py took 0.430 seconds
[2024-04-14T18:56:43.175+0000] {processor.py:161} INFO - Started process (PID=389) to work on /home/airflow/.local/lib/python3.12/site-packages/airflow/example_dags/example_branch_python_dop_operator_3.py
[2024-04-14T18:56:43.176+0000] {processor.py:830} INFO - Processing file /home/airflow/.local/lib/python3.12/site-packages/airflow/example_dags/example_branch_python_dop_operator_3.py for tasks to queue
[2024-04-14T18:56:43.178+0000] {logging_mixin.py:188} INFO - [2024-04-14T18:56:43.177+0000] {dagbag.py:540} INFO - Filling up the DagBag from /home/airflow/.local/lib/python3.12/site-packages/airflow/example_dags/example_branch_python_dop_operator_3.py
[2024-04-14T18:56:43.185+0000] {processor.py:840} INFO - DAG(s) 'example_branch_dop_operator_v3' retrieved from /home/airflow/.local/lib/python3.12/site-packages/airflow/example_dags/example_branch_python_dop_operator_3.py
[2024-04-14T18:56:43.206+0000] {logging_mixin.py:188} INFO - [2024-04-14T18:56:43.206+0000] {dag.py:3096} INFO - Sync 1 DAGs
[2024-04-14T18:56:43.231+0000] {logging_mixin.py:188} INFO - [2024-04-14T18:56:43.231+0000] {dag.py:3954} INFO - Setting next_dagrun for example_branch_dop_operator_v3 to 2024-04-14 18:55:00+00:00, run_after=2024-04-14 18:56:00+00:00
[2024-04-14T18:56:43.251+0000] {processor.py:183} INFO - Processing /home/airflow/.local/lib/python3.12/site-packages/airflow/example_dags/example_branch_python_dop_operator_3.py took 0.082 seconds
[2024-04-14T18:57:13.824+0000] {processor.py:161} INFO - Started process (PID=449) to work on /home/airflow/.local/lib/python3.12/site-packages/airflow/example_dags/example_branch_python_dop_operator_3.py
[2024-04-14T18:57:13.827+0000] {processor.py:830} INFO - Processing file /home/airflow/.local/lib/python3.12/site-packages/airflow/example_dags/example_branch_python_dop_operator_3.py for tasks to queue
[2024-04-14T18:57:13.831+0000] {logging_mixin.py:188} INFO - [2024-04-14T18:57:13.830+0000] {dagbag.py:540} INFO - Filling up the DagBag from /home/airflow/.local/lib/python3.12/site-packages/airflow/example_dags/example_branch_python_dop_operator_3.py
[2024-04-14T18:57:13.855+0000] {processor.py:840} INFO - DAG(s) 'example_branch_dop_operator_v3' retrieved from /home/airflow/.local/lib/python3.12/site-packages/airflow/example_dags/example_branch_python_dop_operator_3.py
[2024-04-14T18:57:13.902+0000] {logging_mixin.py:188} INFO - [2024-04-14T18:57:13.901+0000] {dag.py:3096} INFO - Sync 1 DAGs
[2024-04-14T18:57:13.946+0000] {logging_mixin.py:188} INFO - [2024-04-14T18:57:13.946+0000] {dag.py:3954} INFO - Setting next_dagrun for example_branch_dop_operator_v3 to 2024-04-14 18:56:00+00:00, run_after=2024-04-14 18:57:00+00:00
[2024-04-14T18:57:13.975+0000] {processor.py:183} INFO - Processing /home/airflow/.local/lib/python3.12/site-packages/airflow/example_dags/example_branch_python_dop_operator_3.py took 0.164 seconds
[2024-04-14T18:57:44.280+0000] {processor.py:161} INFO - Started process (PID=508) to work on /home/airflow/.local/lib/python3.12/site-packages/airflow/example_dags/example_branch_python_dop_operator_3.py
[2024-04-14T18:57:44.282+0000] {processor.py:830} INFO - Processing file /home/airflow/.local/lib/python3.12/site-packages/airflow/example_dags/example_branch_python_dop_operator_3.py for tasks to queue
[2024-04-14T18:57:44.284+0000] {logging_mixin.py:188} INFO - [2024-04-14T18:57:44.284+0000] {dagbag.py:540} INFO - Filling up the DagBag from /home/airflow/.local/lib/python3.12/site-packages/airflow/example_dags/example_branch_python_dop_operator_3.py
[2024-04-14T18:57:44.300+0000] {processor.py:840} INFO - DAG(s) 'example_branch_dop_operator_v3' retrieved from /home/airflow/.local/lib/python3.12/site-packages/airflow/example_dags/example_branch_python_dop_operator_3.py
[2024-04-14T18:57:44.334+0000] {logging_mixin.py:188} INFO - [2024-04-14T18:57:44.334+0000] {dag.py:3096} INFO - Sync 1 DAGs
[2024-04-14T18:57:44.377+0000] {logging_mixin.py:188} INFO - [2024-04-14T18:57:44.377+0000] {dag.py:3954} INFO - Setting next_dagrun for example_branch_dop_operator_v3 to 2024-04-14 18:56:00+00:00, run_after=2024-04-14 18:57:00+00:00
[2024-04-14T18:57:44.414+0000] {processor.py:183} INFO - Processing /home/airflow/.local/lib/python3.12/site-packages/airflow/example_dags/example_branch_python_dop_operator_3.py took 0.144 seconds
[2024-04-14T18:58:14.605+0000] {processor.py:161} INFO - Started process (PID=569) to work on /home/airflow/.local/lib/python3.12/site-packages/airflow/example_dags/example_branch_python_dop_operator_3.py
[2024-04-14T18:58:14.606+0000] {processor.py:830} INFO - Processing file /home/airflow/.local/lib/python3.12/site-packages/airflow/example_dags/example_branch_python_dop_operator_3.py for tasks to queue
[2024-04-14T18:58:14.608+0000] {logging_mixin.py:188} INFO - [2024-04-14T18:58:14.608+0000] {dagbag.py:540} INFO - Filling up the DagBag from /home/airflow/.local/lib/python3.12/site-packages/airflow/example_dags/example_branch_python_dop_operator_3.py
[2024-04-14T18:58:14.617+0000] {processor.py:840} INFO - DAG(s) 'example_branch_dop_operator_v3' retrieved from /home/airflow/.local/lib/python3.12/site-packages/airflow/example_dags/example_branch_python_dop_operator_3.py
[2024-04-14T18:58:14.638+0000] {logging_mixin.py:188} INFO - [2024-04-14T18:58:14.638+0000] {dag.py:3096} INFO - Sync 1 DAGs
[2024-04-14T18:58:14.661+0000] {logging_mixin.py:188} INFO - [2024-04-14T18:58:14.661+0000] {dag.py:3954} INFO - Setting next_dagrun for example_branch_dop_operator_v3 to 2024-04-14 18:57:00+00:00, run_after=2024-04-14 18:58:00+00:00
[2024-04-14T18:58:14.684+0000] {processor.py:183} INFO - Processing /home/airflow/.local/lib/python3.12/site-packages/airflow/example_dags/example_branch_python_dop_operator_3.py took 0.084 seconds
[2024-04-14T18:58:45.167+0000] {processor.py:161} INFO - Started process (PID=629) to work on /home/airflow/.local/lib/python3.12/site-packages/airflow/example_dags/example_branch_python_dop_operator_3.py
[2024-04-14T18:58:45.168+0000] {processor.py:830} INFO - Processing file /home/airflow/.local/lib/python3.12/site-packages/airflow/example_dags/example_branch_python_dop_operator_3.py for tasks to queue
[2024-04-14T18:58:45.170+0000] {logging_mixin.py:188} INFO - [2024-04-14T18:58:45.169+0000] {dagbag.py:540} INFO - Filling up the DagBag from /home/airflow/.local/lib/python3.12/site-packages/airflow/example_dags/example_branch_python_dop_operator_3.py
[2024-04-14T18:58:45.181+0000] {processor.py:840} INFO - DAG(s) 'example_branch_dop_operator_v3' retrieved from /home/airflow/.local/lib/python3.12/site-packages/airflow/example_dags/example_branch_python_dop_operator_3.py
[2024-04-14T18:58:45.200+0000] {logging_mixin.py:188} INFO - [2024-04-14T18:58:45.199+0000] {dag.py:3096} INFO - Sync 1 DAGs
[2024-04-14T18:58:45.227+0000] {logging_mixin.py:188} INFO - [2024-04-14T18:58:45.227+0000] {dag.py:3954} INFO - Setting next_dagrun for example_branch_dop_operator_v3 to 2024-04-14 18:57:00+00:00, run_after=2024-04-14 18:58:00+00:00
[2024-04-14T18:58:45.251+0000] {processor.py:183} INFO - Processing /home/airflow/.local/lib/python3.12/site-packages/airflow/example_dags/example_branch_python_dop_operator_3.py took 0.089 seconds
[2024-04-14T18:59:15.474+0000] {processor.py:161} INFO - Started process (PID=689) to work on /home/airflow/.local/lib/python3.12/site-packages/airflow/example_dags/example_branch_python_dop_operator_3.py
[2024-04-14T18:59:15.475+0000] {processor.py:830} INFO - Processing file /home/airflow/.local/lib/python3.12/site-packages/airflow/example_dags/example_branch_python_dop_operator_3.py for tasks to queue
[2024-04-14T18:59:15.476+0000] {logging_mixin.py:188} INFO - [2024-04-14T18:59:15.476+0000] {dagbag.py:540} INFO - Filling up the DagBag from /home/airflow/.local/lib/python3.12/site-packages/airflow/example_dags/example_branch_python_dop_operator_3.py
[2024-04-14T18:59:15.483+0000] {processor.py:840} INFO - DAG(s) 'example_branch_dop_operator_v3' retrieved from /home/airflow/.local/lib/python3.12/site-packages/airflow/example_dags/example_branch_python_dop_operator_3.py
[2024-04-14T18:59:15.501+0000] {logging_mixin.py:188} INFO - [2024-04-14T18:59:15.501+0000] {dag.py:3096} INFO - Sync 1 DAGs
[2024-04-14T18:59:15.525+0000] {logging_mixin.py:188} INFO - [2024-04-14T18:59:15.525+0000] {dag.py:3954} INFO - Setting next_dagrun for example_branch_dop_operator_v3 to 2024-04-14 18:58:00+00:00, run_after=2024-04-14 18:59:00+00:00
[2024-04-14T18:59:15.545+0000] {processor.py:183} INFO - Processing /home/airflow/.local/lib/python3.12/site-packages/airflow/example_dags/example_branch_python_dop_operator_3.py took 0.076 seconds
[2024-04-14T18:59:46.078+0000] {processor.py:161} INFO - Started process (PID=758) to work on /home/airflow/.local/lib/python3.12/site-packages/airflow/example_dags/example_branch_python_dop_operator_3.py
[2024-04-14T18:59:46.079+0000] {processor.py:830} INFO - Processing file /home/airflow/.local/lib/python3.12/site-packages/airflow/example_dags/example_branch_python_dop_operator_3.py for tasks to queue
[2024-04-14T18:59:46.081+0000] {logging_mixin.py:188} INFO - [2024-04-14T18:59:46.081+0000] {dagbag.py:540} INFO - Filling up the DagBag from /home/airflow/.local/lib/python3.12/site-packages/airflow/example_dags/example_branch_python_dop_operator_3.py
[2024-04-14T18:59:46.089+0000] {processor.py:840} INFO - DAG(s) 'example_branch_dop_operator_v3' retrieved from /home/airflow/.local/lib/python3.12/site-packages/airflow/example_dags/example_branch_python_dop_operator_3.py
[2024-04-14T18:59:46.108+0000] {logging_mixin.py:188} INFO - [2024-04-14T18:59:46.108+0000] {dag.py:3096} INFO - Sync 1 DAGs
[2024-04-14T18:59:46.139+0000] {logging_mixin.py:188} INFO - [2024-04-14T18:59:46.138+0000] {dag.py:3954} INFO - Setting next_dagrun for example_branch_dop_operator_v3 to 2024-04-14 18:58:00+00:00, run_after=2024-04-14 18:59:00+00:00
[2024-04-14T18:59:46.158+0000] {processor.py:183} INFO - Processing /home/airflow/.local/lib/python3.12/site-packages/airflow/example_dags/example_branch_python_dop_operator_3.py took 0.084 seconds
[2024-04-14T19:00:16.268+0000] {processor.py:161} INFO - Started process (PID=818) to work on /home/airflow/.local/lib/python3.12/site-packages/airflow/example_dags/example_branch_python_dop_operator_3.py
[2024-04-14T19:00:16.270+0000] {processor.py:830} INFO - Processing file /home/airflow/.local/lib/python3.12/site-packages/airflow/example_dags/example_branch_python_dop_operator_3.py for tasks to queue
[2024-04-14T19:00:16.274+0000] {logging_mixin.py:188} INFO - [2024-04-14T19:00:16.274+0000] {dagbag.py:540} INFO - Filling up the DagBag from /home/airflow/.local/lib/python3.12/site-packages/airflow/example_dags/example_branch_python_dop_operator_3.py
[2024-04-14T19:00:16.291+0000] {processor.py:840} INFO - DAG(s) 'example_branch_dop_operator_v3' retrieved from /home/airflow/.local/lib/python3.12/site-packages/airflow/example_dags/example_branch_python_dop_operator_3.py
[2024-04-14T19:00:16.323+0000] {logging_mixin.py:188} INFO - [2024-04-14T19:00:16.322+0000] {dag.py:3096} INFO - Sync 1 DAGs
[2024-04-14T19:00:16.368+0000] {logging_mixin.py:188} INFO - [2024-04-14T19:00:16.368+0000] {dag.py:3954} INFO - Setting next_dagrun for example_branch_dop_operator_v3 to 2024-04-14 18:59:00+00:00, run_after=2024-04-14 19:00:00+00:00
[2024-04-14T19:00:16.405+0000] {processor.py:183} INFO - Processing /home/airflow/.local/lib/python3.12/site-packages/airflow/example_dags/example_branch_python_dop_operator_3.py took 0.143 seconds
[2024-04-14T19:00:46.888+0000] {processor.py:161} INFO - Started process (PID=878) to work on /home/airflow/.local/lib/python3.12/site-packages/airflow/example_dags/example_branch_python_dop_operator_3.py
[2024-04-14T19:00:46.889+0000] {processor.py:830} INFO - Processing file /home/airflow/.local/lib/python3.12/site-packages/airflow/example_dags/example_branch_python_dop_operator_3.py for tasks to queue
[2024-04-14T19:00:46.890+0000] {logging_mixin.py:188} INFO - [2024-04-14T19:00:46.890+0000] {dagbag.py:540} INFO - Filling up the DagBag from /home/airflow/.local/lib/python3.12/site-packages/airflow/example_dags/example_branch_python_dop_operator_3.py
[2024-04-14T19:00:46.898+0000] {processor.py:840} INFO - DAG(s) 'example_branch_dop_operator_v3' retrieved from /home/airflow/.local/lib/python3.12/site-packages/airflow/example_dags/example_branch_python_dop_operator_3.py
[2024-04-14T19:00:46.914+0000] {logging_mixin.py:188} INFO - [2024-04-14T19:00:46.914+0000] {dag.py:3096} INFO - Sync 1 DAGs
[2024-04-14T19:00:46.936+0000] {logging_mixin.py:188} INFO - [2024-04-14T19:00:46.936+0000] {dag.py:3954} INFO - Setting next_dagrun for example_branch_dop_operator_v3 to 2024-04-14 18:59:00+00:00, run_after=2024-04-14 19:00:00+00:00
[2024-04-14T19:00:46.954+0000] {processor.py:183} INFO - Processing /home/airflow/.local/lib/python3.12/site-packages/airflow/example_dags/example_branch_python_dop_operator_3.py took 0.070 seconds
[2024-04-14T19:01:17.652+0000] {processor.py:161} INFO - Started process (PID=940) to work on /home/airflow/.local/lib/python3.12/site-packages/airflow/example_dags/example_branch_python_dop_operator_3.py
[2024-04-14T19:01:17.653+0000] {processor.py:830} INFO - Processing file /home/airflow/.local/lib/python3.12/site-packages/airflow/example_dags/example_branch_python_dop_operator_3.py for tasks to queue
[2024-04-14T19:01:17.655+0000] {logging_mixin.py:188} INFO - [2024-04-14T19:01:17.654+0000] {dagbag.py:540} INFO - Filling up the DagBag from /home/airflow/.local/lib/python3.12/site-packages/airflow/example_dags/example_branch_python_dop_operator_3.py
[2024-04-14T19:01:17.662+0000] {processor.py:840} INFO - DAG(s) 'example_branch_dop_operator_v3' retrieved from /home/airflow/.local/lib/python3.12/site-packages/airflow/example_dags/example_branch_python_dop_operator_3.py
[2024-04-14T19:01:17.678+0000] {logging_mixin.py:188} INFO - [2024-04-14T19:01:17.678+0000] {dag.py:3096} INFO - Sync 1 DAGs
[2024-04-14T19:01:17.699+0000] {logging_mixin.py:188} INFO - [2024-04-14T19:01:17.699+0000] {dag.py:3954} INFO - Setting next_dagrun for example_branch_dop_operator_v3 to 2024-04-14 19:00:00+00:00, run_after=2024-04-14 19:01:00+00:00
[2024-04-14T19:01:17.718+0000] {processor.py:183} INFO - Processing /home/airflow/.local/lib/python3.12/site-packages/airflow/example_dags/example_branch_python_dop_operator_3.py took 0.072 seconds
[2024-04-14T19:01:47.803+0000] {processor.py:161} INFO - Started process (PID=1000) to work on /home/airflow/.local/lib/python3.12/site-packages/airflow/example_dags/example_branch_python_dop_operator_3.py
[2024-04-14T19:01:47.804+0000] {processor.py:830} INFO - Processing file /home/airflow/.local/lib/python3.12/site-packages/airflow/example_dags/example_branch_python_dop_operator_3.py for tasks to queue
[2024-04-14T19:01:47.806+0000] {logging_mixin.py:188} INFO - [2024-04-14T19:01:47.805+0000] {dagbag.py:540} INFO - Filling up the DagBag from /home/airflow/.local/lib/python3.12/site-packages/airflow/example_dags/example_branch_python_dop_operator_3.py
[2024-04-14T19:01:47.812+0000] {processor.py:840} INFO - DAG(s) 'example_branch_dop_operator_v3' retrieved from /home/airflow/.local/lib/python3.12/site-packages/airflow/example_dags/example_branch_python_dop_operator_3.py
[2024-04-14T19:01:47.829+0000] {logging_mixin.py:188} INFO - [2024-04-14T19:01:47.829+0000] {dag.py:3096} INFO - Sync 1 DAGs
[2024-04-14T19:01:47.850+0000] {logging_mixin.py:188} INFO - [2024-04-14T19:01:47.850+0000] {dag.py:3954} INFO - Setting next_dagrun for example_branch_dop_operator_v3 to 2024-04-14 19:00:00+00:00, run_after=2024-04-14 19:01:00+00:00
[2024-04-14T19:01:47.865+0000] {processor.py:183} INFO - Processing /home/airflow/.local/lib/python3.12/site-packages/airflow/example_dags/example_branch_python_dop_operator_3.py took 0.067 seconds
[2024-04-14T19:02:18.454+0000] {processor.py:161} INFO - Started process (PID=1060) to work on /home/airflow/.local/lib/python3.12/site-packages/airflow/example_dags/example_branch_python_dop_operator_3.py
[2024-04-14T19:02:18.455+0000] {processor.py:830} INFO - Processing file /home/airflow/.local/lib/python3.12/site-packages/airflow/example_dags/example_branch_python_dop_operator_3.py for tasks to queue
[2024-04-14T19:02:18.457+0000] {logging_mixin.py:188} INFO - [2024-04-14T19:02:18.456+0000] {dagbag.py:540} INFO - Filling up the DagBag from /home/airflow/.local/lib/python3.12/site-packages/airflow/example_dags/example_branch_python_dop_operator_3.py
[2024-04-14T19:02:18.463+0000] {processor.py:840} INFO - DAG(s) 'example_branch_dop_operator_v3' retrieved from /home/airflow/.local/lib/python3.12/site-packages/airflow/example_dags/example_branch_python_dop_operator_3.py
[2024-04-14T19:02:18.480+0000] {logging_mixin.py:188} INFO - [2024-04-14T19:02:18.479+0000] {dag.py:3096} INFO - Sync 1 DAGs
[2024-04-14T19:02:18.502+0000] {logging_mixin.py:188} INFO - [2024-04-14T19:02:18.501+0000] {dag.py:3954} INFO - Setting next_dagrun for example_branch_dop_operator_v3 to 2024-04-14 19:01:00+00:00, run_after=2024-04-14 19:02:00+00:00
[2024-04-14T19:02:18.523+0000] {processor.py:183} INFO - Processing /home/airflow/.local/lib/python3.12/site-packages/airflow/example_dags/example_branch_python_dop_operator_3.py took 0.073 seconds
[2024-04-14T19:02:49.165+0000] {processor.py:161} INFO - Started process (PID=1120) to work on /home/airflow/.local/lib/python3.12/site-packages/airflow/example_dags/example_branch_python_dop_operator_3.py
[2024-04-14T19:02:49.166+0000] {processor.py:830} INFO - Processing file /home/airflow/.local/lib/python3.12/site-packages/airflow/example_dags/example_branch_python_dop_operator_3.py for tasks to queue
[2024-04-14T19:02:49.168+0000] {logging_mixin.py:188} INFO - [2024-04-14T19:02:49.167+0000] {dagbag.py:540} INFO - Filling up the DagBag from /home/airflow/.local/lib/python3.12/site-packages/airflow/example_dags/example_branch_python_dop_operator_3.py
[2024-04-14T19:02:49.175+0000] {processor.py:840} INFO - DAG(s) 'example_branch_dop_operator_v3' retrieved from /home/airflow/.local/lib/python3.12/site-packages/airflow/example_dags/example_branch_python_dop_operator_3.py
[2024-04-14T19:02:49.193+0000] {logging_mixin.py:188} INFO - [2024-04-14T19:02:49.192+0000] {dag.py:3096} INFO - Sync 1 DAGs
[2024-04-14T19:02:49.215+0000] {logging_mixin.py:188} INFO - [2024-04-14T19:02:49.215+0000] {dag.py:3954} INFO - Setting next_dagrun for example_branch_dop_operator_v3 to 2024-04-14 19:01:00+00:00, run_after=2024-04-14 19:02:00+00:00
[2024-04-14T19:02:49.233+0000] {processor.py:183} INFO - Processing /home/airflow/.local/lib/python3.12/site-packages/airflow/example_dags/example_branch_python_dop_operator_3.py took 0.072 seconds
[2024-04-14T19:03:19.772+0000] {processor.py:161} INFO - Started process (PID=1180) to work on /home/airflow/.local/lib/python3.12/site-packages/airflow/example_dags/example_branch_python_dop_operator_3.py
[2024-04-14T19:03:19.773+0000] {processor.py:830} INFO - Processing file /home/airflow/.local/lib/python3.12/site-packages/airflow/example_dags/example_branch_python_dop_operator_3.py for tasks to queue
[2024-04-14T19:03:19.774+0000] {logging_mixin.py:188} INFO - [2024-04-14T19:03:19.774+0000] {dagbag.py:540} INFO - Filling up the DagBag from /home/airflow/.local/lib/python3.12/site-packages/airflow/example_dags/example_branch_python_dop_operator_3.py
[2024-04-14T19:03:19.783+0000] {processor.py:840} INFO - DAG(s) 'example_branch_dop_operator_v3' retrieved from /home/airflow/.local/lib/python3.12/site-packages/airflow/example_dags/example_branch_python_dop_operator_3.py
[2024-04-14T19:03:19.802+0000] {logging_mixin.py:188} INFO - [2024-04-14T19:03:19.802+0000] {dag.py:3096} INFO - Sync 1 DAGs
[2024-04-14T19:03:19.828+0000] {logging_mixin.py:188} INFO - [2024-04-14T19:03:19.828+0000] {dag.py:3954} INFO - Setting next_dagrun for example_branch_dop_operator_v3 to 2024-04-14 19:02:00+00:00, run_after=2024-04-14 19:03:00+00:00
[2024-04-14T19:03:19.851+0000] {processor.py:183} INFO - Processing /home/airflow/.local/lib/python3.12/site-packages/airflow/example_dags/example_branch_python_dop_operator_3.py took 0.084 seconds
[2024-04-14T19:03:50.604+0000] {processor.py:161} INFO - Started process (PID=1241) to work on /home/airflow/.local/lib/python3.12/site-packages/airflow/example_dags/example_branch_python_dop_operator_3.py
[2024-04-14T19:03:50.605+0000] {processor.py:830} INFO - Processing file /home/airflow/.local/lib/python3.12/site-packages/airflow/example_dags/example_branch_python_dop_operator_3.py for tasks to queue
[2024-04-14T19:03:50.606+0000] {logging_mixin.py:188} INFO - [2024-04-14T19:03:50.606+0000] {dagbag.py:540} INFO - Filling up the DagBag from /home/airflow/.local/lib/python3.12/site-packages/airflow/example_dags/example_branch_python_dop_operator_3.py
[2024-04-14T19:03:50.613+0000] {processor.py:840} INFO - DAG(s) 'example_branch_dop_operator_v3' retrieved from /home/airflow/.local/lib/python3.12/site-packages/airflow/example_dags/example_branch_python_dop_operator_3.py
[2024-04-14T19:03:50.629+0000] {logging_mixin.py:188} INFO - [2024-04-14T19:03:50.629+0000] {dag.py:3096} INFO - Sync 1 DAGs
[2024-04-14T19:03:50.788+0000] {logging_mixin.py:188} INFO - [2024-04-14T19:03:50.788+0000] {dag.py:3954} INFO - Setting next_dagrun for example_branch_dop_operator_v3 to 2024-04-14 19:02:00+00:00, run_after=2024-04-14 19:03:00+00:00
[2024-04-14T19:03:50.806+0000] {processor.py:183} INFO - Processing /home/airflow/.local/lib/python3.12/site-packages/airflow/example_dags/example_branch_python_dop_operator_3.py took 0.206 seconds
[2024-04-14T19:04:21.124+0000] {processor.py:161} INFO - Started process (PID=1307) to work on /home/airflow/.local/lib/python3.12/site-packages/airflow/example_dags/example_branch_python_dop_operator_3.py
[2024-04-14T19:04:21.125+0000] {processor.py:830} INFO - Processing file /home/airflow/.local/lib/python3.12/site-packages/airflow/example_dags/example_branch_python_dop_operator_3.py for tasks to queue
[2024-04-14T19:04:21.127+0000] {logging_mixin.py:188} INFO - [2024-04-14T19:04:21.126+0000] {dagbag.py:540} INFO - Filling up the DagBag from /home/airflow/.local/lib/python3.12/site-packages/airflow/example_dags/example_branch_python_dop_operator_3.py
[2024-04-14T19:04:21.134+0000] {processor.py:840} INFO - DAG(s) 'example_branch_dop_operator_v3' retrieved from /home/airflow/.local/lib/python3.12/site-packages/airflow/example_dags/example_branch_python_dop_operator_3.py
[2024-04-14T19:04:21.154+0000] {logging_mixin.py:188} INFO - [2024-04-14T19:04:21.153+0000] {dag.py:3096} INFO - Sync 1 DAGs
[2024-04-14T19:04:21.178+0000] {logging_mixin.py:188} INFO - [2024-04-14T19:04:21.177+0000] {dag.py:3954} INFO - Setting next_dagrun for example_branch_dop_operator_v3 to 2024-04-14 19:03:00+00:00, run_after=2024-04-14 19:04:00+00:00
[2024-04-14T19:04:21.362+0000] {processor.py:183} INFO - Processing /home/airflow/.local/lib/python3.12/site-packages/airflow/example_dags/example_branch_python_dop_operator_3.py took 0.242 seconds
[2024-04-14T19:04:51.537+0000] {processor.py:161} INFO - Started process (PID=1367) to work on /home/airflow/.local/lib/python3.12/site-packages/airflow/example_dags/example_branch_python_dop_operator_3.py
[2024-04-14T19:04:51.537+0000] {processor.py:830} INFO - Processing file /home/airflow/.local/lib/python3.12/site-packages/airflow/example_dags/example_branch_python_dop_operator_3.py for tasks to queue
[2024-04-14T19:04:51.539+0000] {logging_mixin.py:188} INFO - [2024-04-14T19:04:51.539+0000] {dagbag.py:540} INFO - Filling up the DagBag from /home/airflow/.local/lib/python3.12/site-packages/airflow/example_dags/example_branch_python_dop_operator_3.py
[2024-04-14T19:04:51.545+0000] {processor.py:840} INFO - DAG(s) 'example_branch_dop_operator_v3' retrieved from /home/airflow/.local/lib/python3.12/site-packages/airflow/example_dags/example_branch_python_dop_operator_3.py
[2024-04-14T19:04:51.562+0000] {logging_mixin.py:188} INFO - [2024-04-14T19:04:51.561+0000] {dag.py:3096} INFO - Sync 1 DAGs
[2024-04-14T19:04:51.582+0000] {logging_mixin.py:188} INFO - [2024-04-14T19:04:51.582+0000] {dag.py:3954} INFO - Setting next_dagrun for example_branch_dop_operator_v3 to 2024-04-14 19:03:00+00:00, run_after=2024-04-14 19:04:00+00:00
[2024-04-14T19:04:51.606+0000] {processor.py:183} INFO - Processing /home/airflow/.local/lib/python3.12/site-packages/airflow/example_dags/example_branch_python_dop_operator_3.py took 0.074 seconds
[2024-04-14T19:05:22.199+0000] {processor.py:161} INFO - Started process (PID=1427) to work on /home/airflow/.local/lib/python3.12/site-packages/airflow/example_dags/example_branch_python_dop_operator_3.py
[2024-04-14T19:05:22.200+0000] {processor.py:830} INFO - Processing file /home/airflow/.local/lib/python3.12/site-packages/airflow/example_dags/example_branch_python_dop_operator_3.py for tasks to queue
[2024-04-14T19:05:22.202+0000] {logging_mixin.py:188} INFO - [2024-04-14T19:05:22.202+0000] {dagbag.py:540} INFO - Filling up the DagBag from /home/airflow/.local/lib/python3.12/site-packages/airflow/example_dags/example_branch_python_dop_operator_3.py
[2024-04-14T19:05:22.209+0000] {processor.py:840} INFO - DAG(s) 'example_branch_dop_operator_v3' retrieved from /home/airflow/.local/lib/python3.12/site-packages/airflow/example_dags/example_branch_python_dop_operator_3.py
[2024-04-14T19:05:22.226+0000] {logging_mixin.py:188} INFO - [2024-04-14T19:05:22.226+0000] {dag.py:3096} INFO - Sync 1 DAGs
[2024-04-14T19:05:22.247+0000] {logging_mixin.py:188} INFO - [2024-04-14T19:05:22.246+0000] {dag.py:3954} INFO - Setting next_dagrun for example_branch_dop_operator_v3 to 2024-04-14 19:04:00+00:00, run_after=2024-04-14 19:05:00+00:00
[2024-04-14T19:05:22.280+0000] {processor.py:183} INFO - Processing /home/airflow/.local/lib/python3.12/site-packages/airflow/example_dags/example_branch_python_dop_operator_3.py took 0.086 seconds
[2024-04-14T19:05:52.706+0000] {processor.py:161} INFO - Started process (PID=1487) to work on /home/airflow/.local/lib/python3.12/site-packages/airflow/example_dags/example_branch_python_dop_operator_3.py
[2024-04-14T19:05:52.707+0000] {processor.py:830} INFO - Processing file /home/airflow/.local/lib/python3.12/site-packages/airflow/example_dags/example_branch_python_dop_operator_3.py for tasks to queue
[2024-04-14T19:05:52.708+0000] {logging_mixin.py:188} INFO - [2024-04-14T19:05:52.708+0000] {dagbag.py:540} INFO - Filling up the DagBag from /home/airflow/.local/lib/python3.12/site-packages/airflow/example_dags/example_branch_python_dop_operator_3.py
[2024-04-14T19:05:52.714+0000] {processor.py:840} INFO - DAG(s) 'example_branch_dop_operator_v3' retrieved from /home/airflow/.local/lib/python3.12/site-packages/airflow/example_dags/example_branch_python_dop_operator_3.py
[2024-04-14T19:05:52.730+0000] {logging_mixin.py:188} INFO - [2024-04-14T19:05:52.730+0000] {dag.py:3096} INFO - Sync 1 DAGs
[2024-04-14T19:05:52.751+0000] {logging_mixin.py:188} INFO - [2024-04-14T19:05:52.751+0000] {dag.py:3954} INFO - Setting next_dagrun for example_branch_dop_operator_v3 to 2024-04-14 19:04:00+00:00, run_after=2024-04-14 19:05:00+00:00
[2024-04-14T19:05:52.767+0000] {processor.py:183} INFO - Processing /home/airflow/.local/lib/python3.12/site-packages/airflow/example_dags/example_branch_python_dop_operator_3.py took 0.066 seconds
[2024-04-14T19:06:22.936+0000] {processor.py:161} INFO - Started process (PID=1547) to work on /home/airflow/.local/lib/python3.12/site-packages/airflow/example_dags/example_branch_python_dop_operator_3.py
[2024-04-14T19:06:22.937+0000] {processor.py:830} INFO - Processing file /home/airflow/.local/lib/python3.12/site-packages/airflow/example_dags/example_branch_python_dop_operator_3.py for tasks to queue
[2024-04-14T19:06:22.939+0000] {logging_mixin.py:188} INFO - [2024-04-14T19:06:22.939+0000] {dagbag.py:540} INFO - Filling up the DagBag from /home/airflow/.local/lib/python3.12/site-packages/airflow/example_dags/example_branch_python_dop_operator_3.py
[2024-04-14T19:06:22.945+0000] {processor.py:840} INFO - DAG(s) 'example_branch_dop_operator_v3' retrieved from /home/airflow/.local/lib/python3.12/site-packages/airflow/example_dags/example_branch_python_dop_operator_3.py
[2024-04-14T19:06:22.962+0000] {logging_mixin.py:188} INFO - [2024-04-14T19:06:22.962+0000] {dag.py:3096} INFO - Sync 1 DAGs
[2024-04-14T19:06:22.983+0000] {logging_mixin.py:188} INFO - [2024-04-14T19:06:22.982+0000] {dag.py:3954} INFO - Setting next_dagrun for example_branch_dop_operator_v3 to 2024-04-14 19:05:00+00:00, run_after=2024-04-14 19:06:00+00:00
[2024-04-14T19:06:23.002+0000] {processor.py:183} INFO - Processing /home/airflow/.local/lib/python3.12/site-packages/airflow/example_dags/example_branch_python_dop_operator_3.py took 0.071 seconds
[2024-04-14T19:06:53.570+0000] {processor.py:161} INFO - Started process (PID=1607) to work on /home/airflow/.local/lib/python3.12/site-packages/airflow/example_dags/example_branch_python_dop_operator_3.py
[2024-04-14T19:06:53.571+0000] {processor.py:830} INFO - Processing file /home/airflow/.local/lib/python3.12/site-packages/airflow/example_dags/example_branch_python_dop_operator_3.py for tasks to queue
[2024-04-14T19:06:53.573+0000] {logging_mixin.py:188} INFO - [2024-04-14T19:06:53.572+0000] {dagbag.py:540} INFO - Filling up the DagBag from /home/airflow/.local/lib/python3.12/site-packages/airflow/example_dags/example_branch_python_dop_operator_3.py
[2024-04-14T19:06:53.580+0000] {processor.py:840} INFO - DAG(s) 'example_branch_dop_operator_v3' retrieved from /home/airflow/.local/lib/python3.12/site-packages/airflow/example_dags/example_branch_python_dop_operator_3.py
[2024-04-14T19:06:53.596+0000] {logging_mixin.py:188} INFO - [2024-04-14T19:06:53.596+0000] {dag.py:3096} INFO - Sync 1 DAGs
[2024-04-14T19:06:53.618+0000] {logging_mixin.py:188} INFO - [2024-04-14T19:06:53.618+0000] {dag.py:3954} INFO - Setting next_dagrun for example_branch_dop_operator_v3 to 2024-04-14 19:05:00+00:00, run_after=2024-04-14 19:06:00+00:00
[2024-04-14T19:06:53.635+0000] {processor.py:183} INFO - Processing /home/airflow/.local/lib/python3.12/site-packages/airflow/example_dags/example_branch_python_dop_operator_3.py took 0.070 seconds
[2024-04-14T19:07:23.972+0000] {processor.py:161} INFO - Started process (PID=1667) to work on /home/airflow/.local/lib/python3.12/site-packages/airflow/example_dags/example_branch_python_dop_operator_3.py
[2024-04-14T19:07:23.973+0000] {processor.py:830} INFO - Processing file /home/airflow/.local/lib/python3.12/site-packages/airflow/example_dags/example_branch_python_dop_operator_3.py for tasks to queue
[2024-04-14T19:07:23.975+0000] {logging_mixin.py:188} INFO - [2024-04-14T19:07:23.974+0000] {dagbag.py:540} INFO - Filling up the DagBag from /home/airflow/.local/lib/python3.12/site-packages/airflow/example_dags/example_branch_python_dop_operator_3.py
[2024-04-14T19:07:23.982+0000] {processor.py:840} INFO - DAG(s) 'example_branch_dop_operator_v3' retrieved from /home/airflow/.local/lib/python3.12/site-packages/airflow/example_dags/example_branch_python_dop_operator_3.py
[2024-04-14T19:07:23.998+0000] {logging_mixin.py:188} INFO - [2024-04-14T19:07:23.998+0000] {dag.py:3096} INFO - Sync 1 DAGs
[2024-04-14T19:07:24.018+0000] {logging_mixin.py:188} INFO - [2024-04-14T19:07:24.018+0000] {dag.py:3954} INFO - Setting next_dagrun for example_branch_dop_operator_v3 to 2024-04-14 19:06:00+00:00, run_after=2024-04-14 19:07:00+00:00
[2024-04-14T19:07:24.046+0000] {processor.py:183} INFO - Processing /home/airflow/.local/lib/python3.12/site-packages/airflow/example_dags/example_branch_python_dop_operator_3.py took 0.078 seconds
[2024-04-14T19:07:54.180+0000] {processor.py:161} INFO - Started process (PID=1732) to work on /home/airflow/.local/lib/python3.12/site-packages/airflow/example_dags/example_branch_python_dop_operator_3.py
[2024-04-14T19:07:54.180+0000] {processor.py:830} INFO - Processing file /home/airflow/.local/lib/python3.12/site-packages/airflow/example_dags/example_branch_python_dop_operator_3.py for tasks to queue
[2024-04-14T19:07:54.182+0000] {logging_mixin.py:188} INFO - [2024-04-14T19:07:54.182+0000] {dagbag.py:540} INFO - Filling up the DagBag from /home/airflow/.local/lib/python3.12/site-packages/airflow/example_dags/example_branch_python_dop_operator_3.py
[2024-04-14T19:07:54.191+0000] {processor.py:840} INFO - DAG(s) 'example_branch_dop_operator_v3' retrieved from /home/airflow/.local/lib/python3.12/site-packages/airflow/example_dags/example_branch_python_dop_operator_3.py
[2024-04-14T19:07:54.210+0000] {logging_mixin.py:188} INFO - [2024-04-14T19:07:54.210+0000] {dag.py:3096} INFO - Sync 1 DAGs
[2024-04-14T19:07:54.232+0000] {logging_mixin.py:188} INFO - [2024-04-14T19:07:54.232+0000] {dag.py:3954} INFO - Setting next_dagrun for example_branch_dop_operator_v3 to 2024-04-14 19:06:00+00:00, run_after=2024-04-14 19:07:00+00:00
[2024-04-14T19:07:54.263+0000] {processor.py:183} INFO - Processing /home/airflow/.local/lib/python3.12/site-packages/airflow/example_dags/example_branch_python_dop_operator_3.py took 0.088 seconds
[2024-04-14T19:08:24.986+0000] {processor.py:161} INFO - Started process (PID=1792) to work on /home/airflow/.local/lib/python3.12/site-packages/airflow/example_dags/example_branch_python_dop_operator_3.py
[2024-04-14T19:08:24.986+0000] {processor.py:830} INFO - Processing file /home/airflow/.local/lib/python3.12/site-packages/airflow/example_dags/example_branch_python_dop_operator_3.py for tasks to queue
[2024-04-14T19:08:24.988+0000] {logging_mixin.py:188} INFO - [2024-04-14T19:08:24.988+0000] {dagbag.py:540} INFO - Filling up the DagBag from /home/airflow/.local/lib/python3.12/site-packages/airflow/example_dags/example_branch_python_dop_operator_3.py
[2024-04-14T19:08:24.995+0000] {processor.py:840} INFO - DAG(s) 'example_branch_dop_operator_v3' retrieved from /home/airflow/.local/lib/python3.12/site-packages/airflow/example_dags/example_branch_python_dop_operator_3.py
[2024-04-14T19:08:25.012+0000] {logging_mixin.py:188} INFO - [2024-04-14T19:08:25.012+0000] {dag.py:3096} INFO - Sync 1 DAGs
[2024-04-14T19:08:25.033+0000] {logging_mixin.py:188} INFO - [2024-04-14T19:08:25.033+0000] {dag.py:3954} INFO - Setting next_dagrun for example_branch_dop_operator_v3 to 2024-04-14 19:07:00+00:00, run_after=2024-04-14 19:08:00+00:00
[2024-04-14T19:08:25.059+0000] {processor.py:183} INFO - Processing /home/airflow/.local/lib/python3.12/site-packages/airflow/example_dags/example_branch_python_dop_operator_3.py took 0.078 seconds
[2024-04-14T19:08:55.680+0000] {processor.py:161} INFO - Started process (PID=1852) to work on /home/airflow/.local/lib/python3.12/site-packages/airflow/example_dags/example_branch_python_dop_operator_3.py
[2024-04-14T19:08:55.681+0000] {processor.py:830} INFO - Processing file /home/airflow/.local/lib/python3.12/site-packages/airflow/example_dags/example_branch_python_dop_operator_3.py for tasks to queue
[2024-04-14T19:08:55.682+0000] {logging_mixin.py:188} INFO - [2024-04-14T19:08:55.682+0000] {dagbag.py:540} INFO - Filling up the DagBag from /home/airflow/.local/lib/python3.12/site-packages/airflow/example_dags/example_branch_python_dop_operator_3.py
[2024-04-14T19:08:55.689+0000] {processor.py:840} INFO - DAG(s) 'example_branch_dop_operator_v3' retrieved from /home/airflow/.local/lib/python3.12/site-packages/airflow/example_dags/example_branch_python_dop_operator_3.py
[2024-04-14T19:08:55.706+0000] {logging_mixin.py:188} INFO - [2024-04-14T19:08:55.705+0000] {dag.py:3096} INFO - Sync 1 DAGs
[2024-04-14T19:08:55.726+0000] {logging_mixin.py:188} INFO - [2024-04-14T19:08:55.726+0000] {dag.py:3954} INFO - Setting next_dagrun for example_branch_dop_operator_v3 to 2024-04-14 19:07:00+00:00, run_after=2024-04-14 19:08:00+00:00
[2024-04-14T19:08:55.747+0000] {processor.py:183} INFO - Processing /home/airflow/.local/lib/python3.12/site-packages/airflow/example_dags/example_branch_python_dop_operator_3.py took 0.071 seconds
[2024-04-14T19:09:26.631+0000] {processor.py:161} INFO - Started process (PID=1913) to work on /home/airflow/.local/lib/python3.12/site-packages/airflow/example_dags/example_branch_python_dop_operator_3.py
[2024-04-14T19:09:26.632+0000] {processor.py:830} INFO - Processing file /home/airflow/.local/lib/python3.12/site-packages/airflow/example_dags/example_branch_python_dop_operator_3.py for tasks to queue
[2024-04-14T19:09:26.634+0000] {logging_mixin.py:188} INFO - [2024-04-14T19:09:26.634+0000] {dagbag.py:540} INFO - Filling up the DagBag from /home/airflow/.local/lib/python3.12/site-packages/airflow/example_dags/example_branch_python_dop_operator_3.py
[2024-04-14T19:09:26.642+0000] {processor.py:840} INFO - DAG(s) 'example_branch_dop_operator_v3' retrieved from /home/airflow/.local/lib/python3.12/site-packages/airflow/example_dags/example_branch_python_dop_operator_3.py
[2024-04-14T19:09:26.659+0000] {logging_mixin.py:188} INFO - [2024-04-14T19:09:26.658+0000] {dag.py:3096} INFO - Sync 1 DAGs
[2024-04-14T19:09:26.680+0000] {logging_mixin.py:188} INFO - [2024-04-14T19:09:26.679+0000] {dag.py:3954} INFO - Setting next_dagrun for example_branch_dop_operator_v3 to 2024-04-14 19:08:00+00:00, run_after=2024-04-14 19:09:00+00:00
[2024-04-14T19:09:26.698+0000] {processor.py:183} INFO - Processing /home/airflow/.local/lib/python3.12/site-packages/airflow/example_dags/example_branch_python_dop_operator_3.py took 0.071 seconds
[2024-04-14T19:09:56.882+0000] {processor.py:161} INFO - Started process (PID=1973) to work on /home/airflow/.local/lib/python3.12/site-packages/airflow/example_dags/example_branch_python_dop_operator_3.py
[2024-04-14T19:09:56.882+0000] {processor.py:830} INFO - Processing file /home/airflow/.local/lib/python3.12/site-packages/airflow/example_dags/example_branch_python_dop_operator_3.py for tasks to queue
[2024-04-14T19:09:56.884+0000] {logging_mixin.py:188} INFO - [2024-04-14T19:09:56.884+0000] {dagbag.py:540} INFO - Filling up the DagBag from /home/airflow/.local/lib/python3.12/site-packages/airflow/example_dags/example_branch_python_dop_operator_3.py
[2024-04-14T19:09:56.891+0000] {processor.py:840} INFO - DAG(s) 'example_branch_dop_operator_v3' retrieved from /home/airflow/.local/lib/python3.12/site-packages/airflow/example_dags/example_branch_python_dop_operator_3.py
[2024-04-14T19:09:56.907+0000] {logging_mixin.py:188} INFO - [2024-04-14T19:09:56.906+0000] {dag.py:3096} INFO - Sync 1 DAGs
[2024-04-14T19:09:56.926+0000] {logging_mixin.py:188} INFO - [2024-04-14T19:09:56.926+0000] {dag.py:3954} INFO - Setting next_dagrun for example_branch_dop_operator_v3 to 2024-04-14 19:08:00+00:00, run_after=2024-04-14 19:09:00+00:00
[2024-04-14T19:09:56.951+0000] {processor.py:183} INFO - Processing /home/airflow/.local/lib/python3.12/site-packages/airflow/example_dags/example_branch_python_dop_operator_3.py took 0.074 seconds
[2024-04-14T19:10:27.109+0000] {processor.py:161} INFO - Started process (PID=2037) to work on /home/airflow/.local/lib/python3.12/site-packages/airflow/example_dags/example_branch_python_dop_operator_3.py
[2024-04-14T19:10:27.110+0000] {processor.py:830} INFO - Processing file /home/airflow/.local/lib/python3.12/site-packages/airflow/example_dags/example_branch_python_dop_operator_3.py for tasks to queue
[2024-04-14T19:10:27.111+0000] {logging_mixin.py:188} INFO - [2024-04-14T19:10:27.111+0000] {dagbag.py:540} INFO - Filling up the DagBag from /home/airflow/.local/lib/python3.12/site-packages/airflow/example_dags/example_branch_python_dop_operator_3.py
[2024-04-14T19:10:27.119+0000] {processor.py:840} INFO - DAG(s) 'example_branch_dop_operator_v3' retrieved from /home/airflow/.local/lib/python3.12/site-packages/airflow/example_dags/example_branch_python_dop_operator_3.py
[2024-04-14T19:10:27.135+0000] {logging_mixin.py:188} INFO - [2024-04-14T19:10:27.135+0000] {dag.py:3096} INFO - Sync 1 DAGs
[2024-04-14T19:10:27.157+0000] {logging_mixin.py:188} INFO - [2024-04-14T19:10:27.157+0000] {dag.py:3954} INFO - Setting next_dagrun for example_branch_dop_operator_v3 to 2024-04-14 19:09:00+00:00, run_after=2024-04-14 19:10:00+00:00
[2024-04-14T19:10:27.175+0000] {processor.py:183} INFO - Processing /home/airflow/.local/lib/python3.12/site-packages/airflow/example_dags/example_branch_python_dop_operator_3.py took 0.071 seconds
[2024-04-14T19:10:57.370+0000] {processor.py:161} INFO - Started process (PID=2097) to work on /home/airflow/.local/lib/python3.12/site-packages/airflow/example_dags/example_branch_python_dop_operator_3.py
[2024-04-14T19:10:57.371+0000] {processor.py:830} INFO - Processing file /home/airflow/.local/lib/python3.12/site-packages/airflow/example_dags/example_branch_python_dop_operator_3.py for tasks to queue
[2024-04-14T19:10:57.372+0000] {logging_mixin.py:188} INFO - [2024-04-14T19:10:57.372+0000] {dagbag.py:540} INFO - Filling up the DagBag from /home/airflow/.local/lib/python3.12/site-packages/airflow/example_dags/example_branch_python_dop_operator_3.py
[2024-04-14T19:10:57.380+0000] {processor.py:840} INFO - DAG(s) 'example_branch_dop_operator_v3' retrieved from /home/airflow/.local/lib/python3.12/site-packages/airflow/example_dags/example_branch_python_dop_operator_3.py
[2024-04-14T19:10:57.396+0000] {logging_mixin.py:188} INFO - [2024-04-14T19:10:57.396+0000] {dag.py:3096} INFO - Sync 1 DAGs
[2024-04-14T19:10:57.417+0000] {logging_mixin.py:188} INFO - [2024-04-14T19:10:57.417+0000] {dag.py:3954} INFO - Setting next_dagrun for example_branch_dop_operator_v3 to 2024-04-14 19:09:00+00:00, run_after=2024-04-14 19:10:00+00:00
[2024-04-14T19:10:57.434+0000] {processor.py:183} INFO - Processing /home/airflow/.local/lib/python3.12/site-packages/airflow/example_dags/example_branch_python_dop_operator_3.py took 0.069 seconds
[2024-04-14T19:11:27.497+0000] {processor.py:161} INFO - Started process (PID=2157) to work on /home/airflow/.local/lib/python3.12/site-packages/airflow/example_dags/example_branch_python_dop_operator_3.py
[2024-04-14T19:11:27.498+0000] {processor.py:830} INFO - Processing file /home/airflow/.local/lib/python3.12/site-packages/airflow/example_dags/example_branch_python_dop_operator_3.py for tasks to queue
[2024-04-14T19:11:27.500+0000] {logging_mixin.py:188} INFO - [2024-04-14T19:11:27.499+0000] {dagbag.py:540} INFO - Filling up the DagBag from /home/airflow/.local/lib/python3.12/site-packages/airflow/example_dags/example_branch_python_dop_operator_3.py
[2024-04-14T19:11:27.506+0000] {processor.py:840} INFO - DAG(s) 'example_branch_dop_operator_v3' retrieved from /home/airflow/.local/lib/python3.12/site-packages/airflow/example_dags/example_branch_python_dop_operator_3.py
[2024-04-14T19:11:27.523+0000] {logging_mixin.py:188} INFO - [2024-04-14T19:11:27.522+0000] {dag.py:3096} INFO - Sync 1 DAGs
[2024-04-14T19:11:27.542+0000] {logging_mixin.py:188} INFO - [2024-04-14T19:11:27.542+0000] {dag.py:3954} INFO - Setting next_dagrun for example_branch_dop_operator_v3 to 2024-04-14 19:10:00+00:00, run_after=2024-04-14 19:11:00+00:00
[2024-04-14T19:11:27.574+0000] {processor.py:183} INFO - Processing /home/airflow/.local/lib/python3.12/site-packages/airflow/example_dags/example_branch_python_dop_operator_3.py took 0.081 seconds
[2024-04-14T19:11:57.718+0000] {processor.py:161} INFO - Started process (PID=2221) to work on /home/airflow/.local/lib/python3.12/site-packages/airflow/example_dags/example_branch_python_dop_operator_3.py
[2024-04-14T19:11:57.718+0000] {processor.py:830} INFO - Processing file /home/airflow/.local/lib/python3.12/site-packages/airflow/example_dags/example_branch_python_dop_operator_3.py for tasks to queue
[2024-04-14T19:11:57.720+0000] {logging_mixin.py:188} INFO - [2024-04-14T19:11:57.720+0000] {dagbag.py:540} INFO - Filling up the DagBag from /home/airflow/.local/lib/python3.12/site-packages/airflow/example_dags/example_branch_python_dop_operator_3.py
[2024-04-14T19:11:57.727+0000] {processor.py:840} INFO - DAG(s) 'example_branch_dop_operator_v3' retrieved from /home/airflow/.local/lib/python3.12/site-packages/airflow/example_dags/example_branch_python_dop_operator_3.py
[2024-04-14T19:11:57.745+0000] {logging_mixin.py:188} INFO - [2024-04-14T19:11:57.744+0000] {dag.py:3096} INFO - Sync 1 DAGs
[2024-04-14T19:11:57.766+0000] {logging_mixin.py:188} INFO - [2024-04-14T19:11:57.766+0000] {dag.py:3954} INFO - Setting next_dagrun for example_branch_dop_operator_v3 to 2024-04-14 19:10:00+00:00, run_after=2024-04-14 19:11:00+00:00
[2024-04-14T19:11:57.796+0000] {processor.py:183} INFO - Processing /home/airflow/.local/lib/python3.12/site-packages/airflow/example_dags/example_branch_python_dop_operator_3.py took 0.085 seconds
[2024-04-14T19:12:28.503+0000] {processor.py:161} INFO - Started process (PID=2283) to work on /home/airflow/.local/lib/python3.12/site-packages/airflow/example_dags/example_branch_python_dop_operator_3.py
[2024-04-14T19:12:28.504+0000] {processor.py:830} INFO - Processing file /home/airflow/.local/lib/python3.12/site-packages/airflow/example_dags/example_branch_python_dop_operator_3.py for tasks to queue
[2024-04-14T19:12:28.506+0000] {logging_mixin.py:188} INFO - [2024-04-14T19:12:28.505+0000] {dagbag.py:540} INFO - Filling up the DagBag from /home/airflow/.local/lib/python3.12/site-packages/airflow/example_dags/example_branch_python_dop_operator_3.py
[2024-04-14T19:12:28.512+0000] {processor.py:840} INFO - DAG(s) 'example_branch_dop_operator_v3' retrieved from /home/airflow/.local/lib/python3.12/site-packages/airflow/example_dags/example_branch_python_dop_operator_3.py
[2024-04-14T19:12:28.528+0000] {logging_mixin.py:188} INFO - [2024-04-14T19:12:28.528+0000] {dag.py:3096} INFO - Sync 1 DAGs
[2024-04-14T19:12:28.549+0000] {logging_mixin.py:188} INFO - [2024-04-14T19:12:28.548+0000] {dag.py:3954} INFO - Setting next_dagrun for example_branch_dop_operator_v3 to 2024-04-14 19:11:00+00:00, run_after=2024-04-14 19:12:00+00:00
[2024-04-14T19:12:28.568+0000] {processor.py:183} INFO - Processing /home/airflow/.local/lib/python3.12/site-packages/airflow/example_dags/example_branch_python_dop_operator_3.py took 0.069 seconds
[2024-04-14T19:12:58.741+0000] {processor.py:161} INFO - Started process (PID=2343) to work on /home/airflow/.local/lib/python3.12/site-packages/airflow/example_dags/example_branch_python_dop_operator_3.py
[2024-04-14T19:12:58.741+0000] {processor.py:830} INFO - Processing file /home/airflow/.local/lib/python3.12/site-packages/airflow/example_dags/example_branch_python_dop_operator_3.py for tasks to queue
[2024-04-14T19:12:58.743+0000] {logging_mixin.py:188} INFO - [2024-04-14T19:12:58.743+0000] {dagbag.py:540} INFO - Filling up the DagBag from /home/airflow/.local/lib/python3.12/site-packages/airflow/example_dags/example_branch_python_dop_operator_3.py
[2024-04-14T19:12:58.750+0000] {processor.py:840} INFO - DAG(s) 'example_branch_dop_operator_v3' retrieved from /home/airflow/.local/lib/python3.12/site-packages/airflow/example_dags/example_branch_python_dop_operator_3.py
[2024-04-14T19:12:58.766+0000] {logging_mixin.py:188} INFO - [2024-04-14T19:12:58.766+0000] {dag.py:3096} INFO - Sync 1 DAGs
[2024-04-14T19:12:58.786+0000] {logging_mixin.py:188} INFO - [2024-04-14T19:12:58.786+0000] {dag.py:3954} INFO - Setting next_dagrun for example_branch_dop_operator_v3 to 2024-04-14 19:11:00+00:00, run_after=2024-04-14 19:12:00+00:00
[2024-04-14T19:12:58.802+0000] {processor.py:183} INFO - Processing /home/airflow/.local/lib/python3.12/site-packages/airflow/example_dags/example_branch_python_dop_operator_3.py took 0.066 seconds
[2024-04-14T19:13:28.983+0000] {processor.py:161} INFO - Started process (PID=2403) to work on /home/airflow/.local/lib/python3.12/site-packages/airflow/example_dags/example_branch_python_dop_operator_3.py
[2024-04-14T19:13:28.984+0000] {processor.py:830} INFO - Processing file /home/airflow/.local/lib/python3.12/site-packages/airflow/example_dags/example_branch_python_dop_operator_3.py for tasks to queue
[2024-04-14T19:13:28.986+0000] {logging_mixin.py:188} INFO - [2024-04-14T19:13:28.985+0000] {dagbag.py:540} INFO - Filling up the DagBag from /home/airflow/.local/lib/python3.12/site-packages/airflow/example_dags/example_branch_python_dop_operator_3.py
[2024-04-14T19:13:28.993+0000] {processor.py:840} INFO - DAG(s) 'example_branch_dop_operator_v3' retrieved from /home/airflow/.local/lib/python3.12/site-packages/airflow/example_dags/example_branch_python_dop_operator_3.py
[2024-04-14T19:13:29.009+0000] {logging_mixin.py:188} INFO - [2024-04-14T19:13:29.009+0000] {dag.py:3096} INFO - Sync 1 DAGs
[2024-04-14T19:13:29.030+0000] {logging_mixin.py:188} INFO - [2024-04-14T19:13:29.030+0000] {dag.py:3954} INFO - Setting next_dagrun for example_branch_dop_operator_v3 to 2024-04-14 19:12:00+00:00, run_after=2024-04-14 19:13:00+00:00
[2024-04-14T19:13:29.049+0000] {processor.py:183} INFO - Processing /home/airflow/.local/lib/python3.12/site-packages/airflow/example_dags/example_branch_python_dop_operator_3.py took 0.070 seconds
[2024-04-14T19:13:59.540+0000] {processor.py:161} INFO - Started process (PID=2463) to work on /home/airflow/.local/lib/python3.12/site-packages/airflow/example_dags/example_branch_python_dop_operator_3.py
[2024-04-14T19:13:59.541+0000] {processor.py:830} INFO - Processing file /home/airflow/.local/lib/python3.12/site-packages/airflow/example_dags/example_branch_python_dop_operator_3.py for tasks to queue
[2024-04-14T19:13:59.542+0000] {logging_mixin.py:188} INFO - [2024-04-14T19:13:59.542+0000] {dagbag.py:540} INFO - Filling up the DagBag from /home/airflow/.local/lib/python3.12/site-packages/airflow/example_dags/example_branch_python_dop_operator_3.py
[2024-04-14T19:13:59.550+0000] {processor.py:840} INFO - DAG(s) 'example_branch_dop_operator_v3' retrieved from /home/airflow/.local/lib/python3.12/site-packages/airflow/example_dags/example_branch_python_dop_operator_3.py
[2024-04-14T19:13:59.568+0000] {logging_mixin.py:188} INFO - [2024-04-14T19:13:59.568+0000] {dag.py:3096} INFO - Sync 1 DAGs
[2024-04-14T19:13:59.589+0000] {logging_mixin.py:188} INFO - [2024-04-14T19:13:59.588+0000] {dag.py:3954} INFO - Setting next_dagrun for example_branch_dop_operator_v3 to 2024-04-14 19:12:00+00:00, run_after=2024-04-14 19:13:00+00:00
[2024-04-14T19:13:59.605+0000] {processor.py:183} INFO - Processing /home/airflow/.local/lib/python3.12/site-packages/airflow/example_dags/example_branch_python_dop_operator_3.py took 0.070 seconds
[2024-04-14T19:14:29.879+0000] {processor.py:161} INFO - Started process (PID=2523) to work on /home/airflow/.local/lib/python3.12/site-packages/airflow/example_dags/example_branch_python_dop_operator_3.py
[2024-04-14T19:14:29.880+0000] {processor.py:830} INFO - Processing file /home/airflow/.local/lib/python3.12/site-packages/airflow/example_dags/example_branch_python_dop_operator_3.py for tasks to queue
[2024-04-14T19:14:29.881+0000] {logging_mixin.py:188} INFO - [2024-04-14T19:14:29.881+0000] {dagbag.py:540} INFO - Filling up the DagBag from /home/airflow/.local/lib/python3.12/site-packages/airflow/example_dags/example_branch_python_dop_operator_3.py
[2024-04-14T19:14:29.889+0000] {processor.py:840} INFO - DAG(s) 'example_branch_dop_operator_v3' retrieved from /home/airflow/.local/lib/python3.12/site-packages/airflow/example_dags/example_branch_python_dop_operator_3.py
[2024-04-14T19:14:29.905+0000] {logging_mixin.py:188} INFO - [2024-04-14T19:14:29.905+0000] {dag.py:3096} INFO - Sync 1 DAGs
[2024-04-14T19:14:29.928+0000] {logging_mixin.py:188} INFO - [2024-04-14T19:14:29.928+0000] {dag.py:3954} INFO - Setting next_dagrun for example_branch_dop_operator_v3 to 2024-04-14 19:13:00+00:00, run_after=2024-04-14 19:14:00+00:00
[2024-04-14T19:14:29.946+0000] {processor.py:183} INFO - Processing /home/airflow/.local/lib/python3.12/site-packages/airflow/example_dags/example_branch_python_dop_operator_3.py took 0.071 seconds
[2024-04-14T19:15:00.417+0000] {processor.py:161} INFO - Started process (PID=2585) to work on /home/airflow/.local/lib/python3.12/site-packages/airflow/example_dags/example_branch_python_dop_operator_3.py
[2024-04-14T19:15:00.418+0000] {processor.py:830} INFO - Processing file /home/airflow/.local/lib/python3.12/site-packages/airflow/example_dags/example_branch_python_dop_operator_3.py for tasks to queue
[2024-04-14T19:15:00.420+0000] {logging_mixin.py:188} INFO - [2024-04-14T19:15:00.420+0000] {dagbag.py:540} INFO - Filling up the DagBag from /home/airflow/.local/lib/python3.12/site-packages/airflow/example_dags/example_branch_python_dop_operator_3.py
[2024-04-14T19:15:00.429+0000] {processor.py:840} INFO - DAG(s) 'example_branch_dop_operator_v3' retrieved from /home/airflow/.local/lib/python3.12/site-packages/airflow/example_dags/example_branch_python_dop_operator_3.py
[2024-04-14T19:15:00.444+0000] {logging_mixin.py:188} INFO - [2024-04-14T19:15:00.444+0000] {dag.py:3096} INFO - Sync 1 DAGs
[2024-04-14T19:15:00.464+0000] {logging_mixin.py:188} INFO - [2024-04-14T19:15:00.464+0000] {dag.py:3954} INFO - Setting next_dagrun for example_branch_dop_operator_v3 to 2024-04-14 19:14:00+00:00, run_after=2024-04-14 19:15:00+00:00
[2024-04-14T19:15:00.480+0000] {processor.py:183} INFO - Processing /home/airflow/.local/lib/python3.12/site-packages/airflow/example_dags/example_branch_python_dop_operator_3.py took 0.068 seconds
[2024-04-14T19:15:30.740+0000] {processor.py:161} INFO - Started process (PID=2645) to work on /home/airflow/.local/lib/python3.12/site-packages/airflow/example_dags/example_branch_python_dop_operator_3.py
[2024-04-14T19:15:30.741+0000] {processor.py:830} INFO - Processing file /home/airflow/.local/lib/python3.12/site-packages/airflow/example_dags/example_branch_python_dop_operator_3.py for tasks to queue
[2024-04-14T19:15:30.742+0000] {logging_mixin.py:188} INFO - [2024-04-14T19:15:30.742+0000] {dagbag.py:540} INFO - Filling up the DagBag from /home/airflow/.local/lib/python3.12/site-packages/airflow/example_dags/example_branch_python_dop_operator_3.py
[2024-04-14T19:15:30.749+0000] {processor.py:840} INFO - DAG(s) 'example_branch_dop_operator_v3' retrieved from /home/airflow/.local/lib/python3.12/site-packages/airflow/example_dags/example_branch_python_dop_operator_3.py
[2024-04-14T19:15:30.768+0000] {logging_mixin.py:188} INFO - [2024-04-14T19:15:30.767+0000] {dag.py:3096} INFO - Sync 1 DAGs
[2024-04-14T19:15:30.790+0000] {logging_mixin.py:188} INFO - [2024-04-14T19:15:30.789+0000] {dag.py:3954} INFO - Setting next_dagrun for example_branch_dop_operator_v3 to 2024-04-14 19:14:00+00:00, run_after=2024-04-14 19:15:00+00:00
[2024-04-14T19:15:30.809+0000] {processor.py:183} INFO - Processing /home/airflow/.local/lib/python3.12/site-packages/airflow/example_dags/example_branch_python_dop_operator_3.py took 0.074 seconds
[2024-04-14T19:16:01.039+0000] {processor.py:161} INFO - Started process (PID=2705) to work on /home/airflow/.local/lib/python3.12/site-packages/airflow/example_dags/example_branch_python_dop_operator_3.py
[2024-04-14T19:16:01.040+0000] {processor.py:830} INFO - Processing file /home/airflow/.local/lib/python3.12/site-packages/airflow/example_dags/example_branch_python_dop_operator_3.py for tasks to queue
[2024-04-14T19:16:01.041+0000] {logging_mixin.py:188} INFO - [2024-04-14T19:16:01.041+0000] {dagbag.py:540} INFO - Filling up the DagBag from /home/airflow/.local/lib/python3.12/site-packages/airflow/example_dags/example_branch_python_dop_operator_3.py
[2024-04-14T19:16:01.049+0000] {processor.py:840} INFO - DAG(s) 'example_branch_dop_operator_v3' retrieved from /home/airflow/.local/lib/python3.12/site-packages/airflow/example_dags/example_branch_python_dop_operator_3.py
[2024-04-14T19:16:01.065+0000] {logging_mixin.py:188} INFO - [2024-04-14T19:16:01.065+0000] {dag.py:3096} INFO - Sync 1 DAGs
[2024-04-14T19:16:01.087+0000] {logging_mixin.py:188} INFO - [2024-04-14T19:16:01.087+0000] {dag.py:3954} INFO - Setting next_dagrun for example_branch_dop_operator_v3 to 2024-04-14 19:15:00+00:00, run_after=2024-04-14 19:16:00+00:00
[2024-04-14T19:16:01.105+0000] {processor.py:183} INFO - Processing /home/airflow/.local/lib/python3.12/site-packages/airflow/example_dags/example_branch_python_dop_operator_3.py took 0.071 seconds
[2024-04-14T19:16:31.318+0000] {processor.py:161} INFO - Started process (PID=2765) to work on /home/airflow/.local/lib/python3.12/site-packages/airflow/example_dags/example_branch_python_dop_operator_3.py
[2024-04-14T19:16:31.318+0000] {processor.py:830} INFO - Processing file /home/airflow/.local/lib/python3.12/site-packages/airflow/example_dags/example_branch_python_dop_operator_3.py for tasks to queue
[2024-04-14T19:16:31.320+0000] {logging_mixin.py:188} INFO - [2024-04-14T19:16:31.320+0000] {dagbag.py:540} INFO - Filling up the DagBag from /home/airflow/.local/lib/python3.12/site-packages/airflow/example_dags/example_branch_python_dop_operator_3.py
[2024-04-14T19:16:31.327+0000] {processor.py:840} INFO - DAG(s) 'example_branch_dop_operator_v3' retrieved from /home/airflow/.local/lib/python3.12/site-packages/airflow/example_dags/example_branch_python_dop_operator_3.py
[2024-04-14T19:16:31.343+0000] {logging_mixin.py:188} INFO - [2024-04-14T19:16:31.343+0000] {dag.py:3096} INFO - Sync 1 DAGs
[2024-04-14T19:16:31.366+0000] {logging_mixin.py:188} INFO - [2024-04-14T19:16:31.365+0000] {dag.py:3954} INFO - Setting next_dagrun for example_branch_dop_operator_v3 to 2024-04-14 19:15:00+00:00, run_after=2024-04-14 19:16:00+00:00
[2024-04-14T19:16:31.384+0000] {processor.py:183} INFO - Processing /home/airflow/.local/lib/python3.12/site-packages/airflow/example_dags/example_branch_python_dop_operator_3.py took 0.072 seconds
[2024-04-14T19:17:01.812+0000] {processor.py:161} INFO - Started process (PID=2825) to work on /home/airflow/.local/lib/python3.12/site-packages/airflow/example_dags/example_branch_python_dop_operator_3.py
[2024-04-14T19:17:01.813+0000] {processor.py:830} INFO - Processing file /home/airflow/.local/lib/python3.12/site-packages/airflow/example_dags/example_branch_python_dop_operator_3.py for tasks to queue
[2024-04-14T19:17:01.815+0000] {logging_mixin.py:188} INFO - [2024-04-14T19:17:01.815+0000] {dagbag.py:540} INFO - Filling up the DagBag from /home/airflow/.local/lib/python3.12/site-packages/airflow/example_dags/example_branch_python_dop_operator_3.py
[2024-04-14T19:17:01.821+0000] {processor.py:840} INFO - DAG(s) 'example_branch_dop_operator_v3' retrieved from /home/airflow/.local/lib/python3.12/site-packages/airflow/example_dags/example_branch_python_dop_operator_3.py
[2024-04-14T19:17:01.837+0000] {logging_mixin.py:188} INFO - [2024-04-14T19:17:01.836+0000] {dag.py:3096} INFO - Sync 1 DAGs
[2024-04-14T19:17:01.857+0000] {logging_mixin.py:188} INFO - [2024-04-14T19:17:01.857+0000] {dag.py:3954} INFO - Setting next_dagrun for example_branch_dop_operator_v3 to 2024-04-14 19:16:00+00:00, run_after=2024-04-14 19:17:00+00:00
[2024-04-14T19:17:01.873+0000] {processor.py:183} INFO - Processing /home/airflow/.local/lib/python3.12/site-packages/airflow/example_dags/example_branch_python_dop_operator_3.py took 0.066 seconds
[2024-04-14T19:17:32.395+0000] {processor.py:161} INFO - Started process (PID=2885) to work on /home/airflow/.local/lib/python3.12/site-packages/airflow/example_dags/example_branch_python_dop_operator_3.py
[2024-04-14T19:17:32.396+0000] {processor.py:830} INFO - Processing file /home/airflow/.local/lib/python3.12/site-packages/airflow/example_dags/example_branch_python_dop_operator_3.py for tasks to queue
[2024-04-14T19:17:32.398+0000] {logging_mixin.py:188} INFO - [2024-04-14T19:17:32.397+0000] {dagbag.py:540} INFO - Filling up the DagBag from /home/airflow/.local/lib/python3.12/site-packages/airflow/example_dags/example_branch_python_dop_operator_3.py
[2024-04-14T19:17:32.404+0000] {processor.py:840} INFO - DAG(s) 'example_branch_dop_operator_v3' retrieved from /home/airflow/.local/lib/python3.12/site-packages/airflow/example_dags/example_branch_python_dop_operator_3.py
[2024-04-14T19:17:32.423+0000] {logging_mixin.py:188} INFO - [2024-04-14T19:17:32.423+0000] {dag.py:3096} INFO - Sync 1 DAGs
[2024-04-14T19:17:32.447+0000] {logging_mixin.py:188} INFO - [2024-04-14T19:17:32.446+0000] {dag.py:3954} INFO - Setting next_dagrun for example_branch_dop_operator_v3 to 2024-04-14 19:16:00+00:00, run_after=2024-04-14 19:17:00+00:00
[2024-04-14T19:17:32.464+0000] {processor.py:183} INFO - Processing /home/airflow/.local/lib/python3.12/site-packages/airflow/example_dags/example_branch_python_dop_operator_3.py took 0.075 seconds
[2024-04-14T19:18:02.497+0000] {processor.py:161} INFO - Started process (PID=2951) to work on /home/airflow/.local/lib/python3.12/site-packages/airflow/example_dags/example_branch_python_dop_operator_3.py
[2024-04-14T19:18:02.498+0000] {processor.py:830} INFO - Processing file /home/airflow/.local/lib/python3.12/site-packages/airflow/example_dags/example_branch_python_dop_operator_3.py for tasks to queue
[2024-04-14T19:18:02.499+0000] {logging_mixin.py:188} INFO - [2024-04-14T19:18:02.499+0000] {dagbag.py:540} INFO - Filling up the DagBag from /home/airflow/.local/lib/python3.12/site-packages/airflow/example_dags/example_branch_python_dop_operator_3.py
[2024-04-14T19:18:02.506+0000] {processor.py:840} INFO - DAG(s) 'example_branch_dop_operator_v3' retrieved from /home/airflow/.local/lib/python3.12/site-packages/airflow/example_dags/example_branch_python_dop_operator_3.py
[2024-04-14T19:18:02.521+0000] {logging_mixin.py:188} INFO - [2024-04-14T19:18:02.521+0000] {dag.py:3096} INFO - Sync 1 DAGs
[2024-04-14T19:18:02.540+0000] {logging_mixin.py:188} INFO - [2024-04-14T19:18:02.540+0000] {dag.py:3954} INFO - Setting next_dagrun for example_branch_dop_operator_v3 to 2024-04-14 19:17:00+00:00, run_after=2024-04-14 19:18:00+00:00
[2024-04-14T19:18:02.559+0000] {processor.py:183} INFO - Processing /home/airflow/.local/lib/python3.12/site-packages/airflow/example_dags/example_branch_python_dop_operator_3.py took 0.066 seconds
[2024-04-14T19:18:32.918+0000] {processor.py:161} INFO - Started process (PID=3011) to work on /home/airflow/.local/lib/python3.12/site-packages/airflow/example_dags/example_branch_python_dop_operator_3.py
[2024-04-14T19:18:32.918+0000] {processor.py:830} INFO - Processing file /home/airflow/.local/lib/python3.12/site-packages/airflow/example_dags/example_branch_python_dop_operator_3.py for tasks to queue
[2024-04-14T19:18:32.920+0000] {logging_mixin.py:188} INFO - [2024-04-14T19:18:32.920+0000] {dagbag.py:540} INFO - Filling up the DagBag from /home/airflow/.local/lib/python3.12/site-packages/airflow/example_dags/example_branch_python_dop_operator_3.py
[2024-04-14T19:18:32.928+0000] {processor.py:840} INFO - DAG(s) 'example_branch_dop_operator_v3' retrieved from /home/airflow/.local/lib/python3.12/site-packages/airflow/example_dags/example_branch_python_dop_operator_3.py
[2024-04-14T19:18:32.946+0000] {logging_mixin.py:188} INFO - [2024-04-14T19:18:32.946+0000] {dag.py:3096} INFO - Sync 1 DAGs
[2024-04-14T19:18:32.973+0000] {logging_mixin.py:188} INFO - [2024-04-14T19:18:32.973+0000] {dag.py:3954} INFO - Setting next_dagrun for example_branch_dop_operator_v3 to 2024-04-14 19:17:00+00:00, run_after=2024-04-14 19:18:00+00:00
[2024-04-14T19:18:32.997+0000] {processor.py:183} INFO - Processing /home/airflow/.local/lib/python3.12/site-packages/airflow/example_dags/example_branch_python_dop_operator_3.py took 0.084 seconds
[2024-04-14T19:19:03.375+0000] {processor.py:161} INFO - Started process (PID=3072) to work on /home/airflow/.local/lib/python3.12/site-packages/airflow/example_dags/example_branch_python_dop_operator_3.py
[2024-04-14T19:19:03.376+0000] {processor.py:830} INFO - Processing file /home/airflow/.local/lib/python3.12/site-packages/airflow/example_dags/example_branch_python_dop_operator_3.py for tasks to queue
[2024-04-14T19:19:03.378+0000] {logging_mixin.py:188} INFO - [2024-04-14T19:19:03.378+0000] {dagbag.py:540} INFO - Filling up the DagBag from /home/airflow/.local/lib/python3.12/site-packages/airflow/example_dags/example_branch_python_dop_operator_3.py
[2024-04-14T19:19:03.386+0000] {processor.py:840} INFO - DAG(s) 'example_branch_dop_operator_v3' retrieved from /home/airflow/.local/lib/python3.12/site-packages/airflow/example_dags/example_branch_python_dop_operator_3.py
[2024-04-14T19:19:03.403+0000] {logging_mixin.py:188} INFO - [2024-04-14T19:19:03.403+0000] {dag.py:3096} INFO - Sync 1 DAGs
[2024-04-14T19:19:03.432+0000] {logging_mixin.py:188} INFO - [2024-04-14T19:19:03.432+0000] {dag.py:3954} INFO - Setting next_dagrun for example_branch_dop_operator_v3 to 2024-04-14 19:18:00+00:00, run_after=2024-04-14 19:19:00+00:00
[2024-04-14T19:19:03.457+0000] {processor.py:183} INFO - Processing /home/airflow/.local/lib/python3.12/site-packages/airflow/example_dags/example_branch_python_dop_operator_3.py took 0.086 seconds
[2024-04-14T19:19:33.873+0000] {processor.py:161} INFO - Started process (PID=3132) to work on /home/airflow/.local/lib/python3.12/site-packages/airflow/example_dags/example_branch_python_dop_operator_3.py
[2024-04-14T19:19:33.874+0000] {processor.py:830} INFO - Processing file /home/airflow/.local/lib/python3.12/site-packages/airflow/example_dags/example_branch_python_dop_operator_3.py for tasks to queue
[2024-04-14T19:19:33.875+0000] {logging_mixin.py:188} INFO - [2024-04-14T19:19:33.875+0000] {dagbag.py:540} INFO - Filling up the DagBag from /home/airflow/.local/lib/python3.12/site-packages/airflow/example_dags/example_branch_python_dop_operator_3.py
[2024-04-14T19:19:33.882+0000] {processor.py:840} INFO - DAG(s) 'example_branch_dop_operator_v3' retrieved from /home/airflow/.local/lib/python3.12/site-packages/airflow/example_dags/example_branch_python_dop_operator_3.py
[2024-04-14T19:19:33.898+0000] {logging_mixin.py:188} INFO - [2024-04-14T19:19:33.898+0000] {dag.py:3096} INFO - Sync 1 DAGs
[2024-04-14T19:19:33.920+0000] {logging_mixin.py:188} INFO - [2024-04-14T19:19:33.920+0000] {dag.py:3954} INFO - Setting next_dagrun for example_branch_dop_operator_v3 to 2024-04-14 19:18:00+00:00, run_after=2024-04-14 19:19:00+00:00
[2024-04-14T19:19:33.937+0000] {processor.py:183} INFO - Processing /home/airflow/.local/lib/python3.12/site-packages/airflow/example_dags/example_branch_python_dop_operator_3.py took 0.068 seconds
[2024-04-14T19:20:04.138+0000] {processor.py:161} INFO - Started process (PID=3192) to work on /home/airflow/.local/lib/python3.12/site-packages/airflow/example_dags/example_branch_python_dop_operator_3.py
[2024-04-14T19:20:04.139+0000] {processor.py:830} INFO - Processing file /home/airflow/.local/lib/python3.12/site-packages/airflow/example_dags/example_branch_python_dop_operator_3.py for tasks to queue
[2024-04-14T19:20:04.140+0000] {logging_mixin.py:188} INFO - [2024-04-14T19:20:04.140+0000] {dagbag.py:540} INFO - Filling up the DagBag from /home/airflow/.local/lib/python3.12/site-packages/airflow/example_dags/example_branch_python_dop_operator_3.py
[2024-04-14T19:20:04.147+0000] {processor.py:840} INFO - DAG(s) 'example_branch_dop_operator_v3' retrieved from /home/airflow/.local/lib/python3.12/site-packages/airflow/example_dags/example_branch_python_dop_operator_3.py
[2024-04-14T19:20:04.164+0000] {logging_mixin.py:188} INFO - [2024-04-14T19:20:04.163+0000] {dag.py:3096} INFO - Sync 1 DAGs
[2024-04-14T19:20:04.184+0000] {logging_mixin.py:188} INFO - [2024-04-14T19:20:04.184+0000] {dag.py:3954} INFO - Setting next_dagrun for example_branch_dop_operator_v3 to 2024-04-14 19:19:00+00:00, run_after=2024-04-14 19:20:00+00:00
[2024-04-14T19:20:04.201+0000] {processor.py:183} INFO - Processing /home/airflow/.local/lib/python3.12/site-packages/airflow/example_dags/example_branch_python_dop_operator_3.py took 0.067 seconds
[2024-04-14T19:20:34.875+0000] {processor.py:161} INFO - Started process (PID=3252) to work on /home/airflow/.local/lib/python3.12/site-packages/airflow/example_dags/example_branch_python_dop_operator_3.py
[2024-04-14T19:20:34.876+0000] {processor.py:830} INFO - Processing file /home/airflow/.local/lib/python3.12/site-packages/airflow/example_dags/example_branch_python_dop_operator_3.py for tasks to queue
[2024-04-14T19:20:34.877+0000] {logging_mixin.py:188} INFO - [2024-04-14T19:20:34.877+0000] {dagbag.py:540} INFO - Filling up the DagBag from /home/airflow/.local/lib/python3.12/site-packages/airflow/example_dags/example_branch_python_dop_operator_3.py
[2024-04-14T19:20:34.884+0000] {processor.py:840} INFO - DAG(s) 'example_branch_dop_operator_v3' retrieved from /home/airflow/.local/lib/python3.12/site-packages/airflow/example_dags/example_branch_python_dop_operator_3.py
[2024-04-14T19:20:34.901+0000] {logging_mixin.py:188} INFO - [2024-04-14T19:20:34.900+0000] {dag.py:3096} INFO - Sync 1 DAGs
[2024-04-14T19:20:34.921+0000] {logging_mixin.py:188} INFO - [2024-04-14T19:20:34.920+0000] {dag.py:3954} INFO - Setting next_dagrun for example_branch_dop_operator_v3 to 2024-04-14 19:19:00+00:00, run_after=2024-04-14 19:20:00+00:00
[2024-04-14T19:20:34.938+0000] {processor.py:183} INFO - Processing /home/airflow/.local/lib/python3.12/site-packages/airflow/example_dags/example_branch_python_dop_operator_3.py took 0.067 seconds
[2024-04-14T19:21:05.141+0000] {processor.py:161} INFO - Started process (PID=3312) to work on /home/airflow/.local/lib/python3.12/site-packages/airflow/example_dags/example_branch_python_dop_operator_3.py
[2024-04-14T19:21:05.142+0000] {processor.py:830} INFO - Processing file /home/airflow/.local/lib/python3.12/site-packages/airflow/example_dags/example_branch_python_dop_operator_3.py for tasks to queue
[2024-04-14T19:21:05.144+0000] {logging_mixin.py:188} INFO - [2024-04-14T19:21:05.144+0000] {dagbag.py:540} INFO - Filling up the DagBag from /home/airflow/.local/lib/python3.12/site-packages/airflow/example_dags/example_branch_python_dop_operator_3.py
[2024-04-14T19:21:05.153+0000] {processor.py:840} INFO - DAG(s) 'example_branch_dop_operator_v3' retrieved from /home/airflow/.local/lib/python3.12/site-packages/airflow/example_dags/example_branch_python_dop_operator_3.py
[2024-04-14T19:21:05.176+0000] {logging_mixin.py:188} INFO - [2024-04-14T19:21:05.176+0000] {dag.py:3096} INFO - Sync 1 DAGs
[2024-04-14T19:21:05.212+0000] {logging_mixin.py:188} INFO - [2024-04-14T19:21:05.211+0000] {dag.py:3954} INFO - Setting next_dagrun for example_branch_dop_operator_v3 to 2024-04-14 19:20:00+00:00, run_after=2024-04-14 19:21:00+00:00
[2024-04-14T19:21:05.245+0000] {processor.py:183} INFO - Processing /home/airflow/.local/lib/python3.12/site-packages/airflow/example_dags/example_branch_python_dop_operator_3.py took 0.109 seconds
