[2024-04-14T18:53:54.772+0000] {processor.py:161} INFO - Started process (PID=55) to work on /home/airflow/.local/lib/python3.12/site-packages/airflow/example_dags/example_branch_labels.py
[2024-04-14T18:53:54.774+0000] {processor.py:830} INFO - Processing file /home/airflow/.local/lib/python3.12/site-packages/airflow/example_dags/example_branch_labels.py for tasks to queue
[2024-04-14T18:53:54.776+0000] {logging_mixin.py:188} INFO - [2024-04-14T18:53:54.776+0000] {dagbag.py:540} INFO - Filling up the DagBag from /home/airflow/.local/lib/python3.12/site-packages/airflow/example_dags/example_branch_labels.py
[2024-04-14T18:53:54.786+0000] {processor.py:840} INFO - DAG(s) 'example_branch_labels' retrieved from /home/airflow/.local/lib/python3.12/site-packages/airflow/example_dags/example_branch_labels.py
[2024-04-14T18:53:54.932+0000] {logging_mixin.py:188} INFO - [2024-04-14T18:53:54.930+0000] {override.py:1829} INFO - Created Permission View: can edit on DAG:example_branch_labels
[2024-04-14T18:53:54.961+0000] {logging_mixin.py:188} INFO - [2024-04-14T18:53:54.960+0000] {override.py:1829} INFO - Created Permission View: can delete on DAG:example_branch_labels
[2024-04-14T18:53:54.971+0000] {logging_mixin.py:188} INFO - [2024-04-14T18:53:54.970+0000] {override.py:1829} INFO - Created Permission View: can read on DAG:example_branch_labels
[2024-04-14T18:53:54.972+0000] {logging_mixin.py:188} INFO - [2024-04-14T18:53:54.972+0000] {dag.py:3096} INFO - Sync 1 DAGs
[2024-04-14T18:53:55.012+0000] {logging_mixin.py:188} INFO - [2024-04-14T18:53:55.011+0000] {dag.py:3118} INFO - Creating ORM DAG for example_branch_labels
[2024-04-14T18:53:55.049+0000] {logging_mixin.py:188} INFO - [2024-04-14T18:53:55.048+0000] {dag.py:3954} INFO - Setting next_dagrun for example_branch_labels to 2024-04-13 00:00:00+00:00, run_after=2024-04-14 00:00:00+00:00
[2024-04-14T18:53:55.083+0000] {processor.py:183} INFO - Processing /home/airflow/.local/lib/python3.12/site-packages/airflow/example_dags/example_branch_labels.py took 0.317 seconds
[2024-04-14T18:54:25.367+0000] {processor.py:161} INFO - Started process (PID=115) to work on /home/airflow/.local/lib/python3.12/site-packages/airflow/example_dags/example_branch_labels.py
[2024-04-14T18:54:25.368+0000] {processor.py:830} INFO - Processing file /home/airflow/.local/lib/python3.12/site-packages/airflow/example_dags/example_branch_labels.py for tasks to queue
[2024-04-14T18:54:25.372+0000] {logging_mixin.py:188} INFO - [2024-04-14T18:54:25.371+0000] {dagbag.py:540} INFO - Filling up the DagBag from /home/airflow/.local/lib/python3.12/site-packages/airflow/example_dags/example_branch_labels.py
[2024-04-14T18:54:25.380+0000] {processor.py:840} INFO - DAG(s) 'example_branch_labels' retrieved from /home/airflow/.local/lib/python3.12/site-packages/airflow/example_dags/example_branch_labels.py
[2024-04-14T18:54:25.407+0000] {logging_mixin.py:188} INFO - [2024-04-14T18:54:25.406+0000] {dag.py:3096} INFO - Sync 1 DAGs
[2024-04-14T18:54:25.448+0000] {logging_mixin.py:188} INFO - [2024-04-14T18:54:25.447+0000] {dag.py:3954} INFO - Setting next_dagrun for example_branch_labels to 2024-04-13 00:00:00+00:00, run_after=2024-04-14 00:00:00+00:00
[2024-04-14T18:54:25.470+0000] {processor.py:183} INFO - Processing /home/airflow/.local/lib/python3.12/site-packages/airflow/example_dags/example_branch_labels.py took 0.110 seconds
[2024-04-14T18:54:56.298+0000] {processor.py:161} INFO - Started process (PID=175) to work on /home/airflow/.local/lib/python3.12/site-packages/airflow/example_dags/example_branch_labels.py
[2024-04-14T18:54:56.300+0000] {processor.py:830} INFO - Processing file /home/airflow/.local/lib/python3.12/site-packages/airflow/example_dags/example_branch_labels.py for tasks to queue
[2024-04-14T18:54:56.301+0000] {logging_mixin.py:188} INFO - [2024-04-14T18:54:56.301+0000] {dagbag.py:540} INFO - Filling up the DagBag from /home/airflow/.local/lib/python3.12/site-packages/airflow/example_dags/example_branch_labels.py
[2024-04-14T18:54:56.308+0000] {processor.py:840} INFO - DAG(s) 'example_branch_labels' retrieved from /home/airflow/.local/lib/python3.12/site-packages/airflow/example_dags/example_branch_labels.py
[2024-04-14T18:54:56.329+0000] {logging_mixin.py:188} INFO - [2024-04-14T18:54:56.328+0000] {dag.py:3096} INFO - Sync 1 DAGs
[2024-04-14T18:54:56.351+0000] {logging_mixin.py:188} INFO - [2024-04-14T18:54:56.351+0000] {dag.py:3954} INFO - Setting next_dagrun for example_branch_labels to 2024-04-13 00:00:00+00:00, run_after=2024-04-14 00:00:00+00:00
[2024-04-14T18:54:56.372+0000] {processor.py:183} INFO - Processing /home/airflow/.local/lib/python3.12/site-packages/airflow/example_dags/example_branch_labels.py took 0.079 seconds
[2024-04-14T18:55:27.161+0000] {processor.py:161} INFO - Started process (PID=234) to work on /home/airflow/.local/lib/python3.12/site-packages/airflow/example_dags/example_branch_labels.py
[2024-04-14T18:55:27.163+0000] {processor.py:830} INFO - Processing file /home/airflow/.local/lib/python3.12/site-packages/airflow/example_dags/example_branch_labels.py for tasks to queue
[2024-04-14T18:55:27.166+0000] {logging_mixin.py:188} INFO - [2024-04-14T18:55:27.166+0000] {dagbag.py:540} INFO - Filling up the DagBag from /home/airflow/.local/lib/python3.12/site-packages/airflow/example_dags/example_branch_labels.py
[2024-04-14T18:55:27.190+0000] {processor.py:840} INFO - DAG(s) 'example_branch_labels' retrieved from /home/airflow/.local/lib/python3.12/site-packages/airflow/example_dags/example_branch_labels.py
[2024-04-14T18:55:27.244+0000] {logging_mixin.py:188} INFO - [2024-04-14T18:55:27.244+0000] {dag.py:3096} INFO - Sync 1 DAGs
[2024-04-14T18:55:27.306+0000] {logging_mixin.py:188} INFO - [2024-04-14T18:55:27.306+0000] {dag.py:3954} INFO - Setting next_dagrun for example_branch_labels to 2024-04-13 00:00:00+00:00, run_after=2024-04-14 00:00:00+00:00
[2024-04-14T18:55:27.352+0000] {processor.py:183} INFO - Processing /home/airflow/.local/lib/python3.12/site-packages/airflow/example_dags/example_branch_labels.py took 0.210 seconds
[2024-04-14T18:55:57.450+0000] {processor.py:161} INFO - Started process (PID=293) to work on /home/airflow/.local/lib/python3.12/site-packages/airflow/example_dags/example_branch_labels.py
[2024-04-14T18:55:57.452+0000] {processor.py:830} INFO - Processing file /home/airflow/.local/lib/python3.12/site-packages/airflow/example_dags/example_branch_labels.py for tasks to queue
[2024-04-14T18:55:57.456+0000] {logging_mixin.py:188} INFO - [2024-04-14T18:55:57.455+0000] {dagbag.py:540} INFO - Filling up the DagBag from /home/airflow/.local/lib/python3.12/site-packages/airflow/example_dags/example_branch_labels.py
[2024-04-14T18:55:57.474+0000] {processor.py:840} INFO - DAG(s) 'example_branch_labels' retrieved from /home/airflow/.local/lib/python3.12/site-packages/airflow/example_dags/example_branch_labels.py
[2024-04-14T18:55:57.505+0000] {logging_mixin.py:188} INFO - [2024-04-14T18:55:57.504+0000] {dag.py:3096} INFO - Sync 1 DAGs
[2024-04-14T18:55:57.545+0000] {logging_mixin.py:188} INFO - [2024-04-14T18:55:57.544+0000] {dag.py:3954} INFO - Setting next_dagrun for example_branch_labels to 2024-04-13 00:00:00+00:00, run_after=2024-04-14 00:00:00+00:00
[2024-04-14T18:55:57.584+0000] {processor.py:183} INFO - Processing /home/airflow/.local/lib/python3.12/site-packages/airflow/example_dags/example_branch_labels.py took 0.141 seconds
[2024-04-14T18:56:27.849+0000] {processor.py:161} INFO - Started process (PID=354) to work on /home/airflow/.local/lib/python3.12/site-packages/airflow/example_dags/example_branch_labels.py
[2024-04-14T18:56:27.850+0000] {processor.py:830} INFO - Processing file /home/airflow/.local/lib/python3.12/site-packages/airflow/example_dags/example_branch_labels.py for tasks to queue
[2024-04-14T18:56:27.852+0000] {logging_mixin.py:188} INFO - [2024-04-14T18:56:27.852+0000] {dagbag.py:540} INFO - Filling up the DagBag from /home/airflow/.local/lib/python3.12/site-packages/airflow/example_dags/example_branch_labels.py
[2024-04-14T18:56:27.859+0000] {processor.py:840} INFO - DAG(s) 'example_branch_labels' retrieved from /home/airflow/.local/lib/python3.12/site-packages/airflow/example_dags/example_branch_labels.py
[2024-04-14T18:56:27.879+0000] {logging_mixin.py:188} INFO - [2024-04-14T18:56:27.879+0000] {dag.py:3096} INFO - Sync 1 DAGs
[2024-04-14T18:56:27.901+0000] {logging_mixin.py:188} INFO - [2024-04-14T18:56:27.901+0000] {dag.py:3954} INFO - Setting next_dagrun for example_branch_labels to 2024-04-13 00:00:00+00:00, run_after=2024-04-14 00:00:00+00:00
[2024-04-14T18:56:27.919+0000] {processor.py:183} INFO - Processing /home/airflow/.local/lib/python3.12/site-packages/airflow/example_dags/example_branch_labels.py took 0.076 seconds
[2024-04-14T18:56:58.224+0000] {processor.py:161} INFO - Started process (PID=414) to work on /home/airflow/.local/lib/python3.12/site-packages/airflow/example_dags/example_branch_labels.py
[2024-04-14T18:56:58.225+0000] {processor.py:830} INFO - Processing file /home/airflow/.local/lib/python3.12/site-packages/airflow/example_dags/example_branch_labels.py for tasks to queue
[2024-04-14T18:56:58.228+0000] {logging_mixin.py:188} INFO - [2024-04-14T18:56:58.227+0000] {dagbag.py:540} INFO - Filling up the DagBag from /home/airflow/.local/lib/python3.12/site-packages/airflow/example_dags/example_branch_labels.py
[2024-04-14T18:56:58.239+0000] {processor.py:840} INFO - DAG(s) 'example_branch_labels' retrieved from /home/airflow/.local/lib/python3.12/site-packages/airflow/example_dags/example_branch_labels.py
[2024-04-14T18:56:58.268+0000] {logging_mixin.py:188} INFO - [2024-04-14T18:56:58.268+0000] {dag.py:3096} INFO - Sync 1 DAGs
[2024-04-14T18:56:58.308+0000] {logging_mixin.py:188} INFO - [2024-04-14T18:56:58.307+0000] {dag.py:3954} INFO - Setting next_dagrun for example_branch_labels to 2024-04-13 00:00:00+00:00, run_after=2024-04-14 00:00:00+00:00
[2024-04-14T18:56:58.338+0000] {processor.py:183} INFO - Processing /home/airflow/.local/lib/python3.12/site-packages/airflow/example_dags/example_branch_labels.py took 0.122 seconds
[2024-04-14T18:57:28.834+0000] {processor.py:161} INFO - Started process (PID=476) to work on /home/airflow/.local/lib/python3.12/site-packages/airflow/example_dags/example_branch_labels.py
[2024-04-14T18:57:28.835+0000] {processor.py:830} INFO - Processing file /home/airflow/.local/lib/python3.12/site-packages/airflow/example_dags/example_branch_labels.py for tasks to queue
[2024-04-14T18:57:28.839+0000] {logging_mixin.py:188} INFO - [2024-04-14T18:57:28.838+0000] {dagbag.py:540} INFO - Filling up the DagBag from /home/airflow/.local/lib/python3.12/site-packages/airflow/example_dags/example_branch_labels.py
[2024-04-14T18:57:28.847+0000] {processor.py:840} INFO - DAG(s) 'example_branch_labels' retrieved from /home/airflow/.local/lib/python3.12/site-packages/airflow/example_dags/example_branch_labels.py
[2024-04-14T18:57:28.886+0000] {logging_mixin.py:188} INFO - [2024-04-14T18:57:28.886+0000] {dag.py:3096} INFO - Sync 1 DAGs
[2024-04-14T18:57:28.930+0000] {logging_mixin.py:188} INFO - [2024-04-14T18:57:28.930+0000] {dag.py:3954} INFO - Setting next_dagrun for example_branch_labels to 2024-04-13 00:00:00+00:00, run_after=2024-04-14 00:00:00+00:00
[2024-04-14T18:57:28.974+0000] {processor.py:183} INFO - Processing /home/airflow/.local/lib/python3.12/site-packages/airflow/example_dags/example_branch_labels.py took 0.148 seconds
[2024-04-14T18:57:59.672+0000] {processor.py:161} INFO - Started process (PID=537) to work on /home/airflow/.local/lib/python3.12/site-packages/airflow/example_dags/example_branch_labels.py
[2024-04-14T18:57:59.673+0000] {processor.py:830} INFO - Processing file /home/airflow/.local/lib/python3.12/site-packages/airflow/example_dags/example_branch_labels.py for tasks to queue
[2024-04-14T18:57:59.675+0000] {logging_mixin.py:188} INFO - [2024-04-14T18:57:59.674+0000] {dagbag.py:540} INFO - Filling up the DagBag from /home/airflow/.local/lib/python3.12/site-packages/airflow/example_dags/example_branch_labels.py
[2024-04-14T18:57:59.682+0000] {processor.py:840} INFO - DAG(s) 'example_branch_labels' retrieved from /home/airflow/.local/lib/python3.12/site-packages/airflow/example_dags/example_branch_labels.py
[2024-04-14T18:57:59.704+0000] {logging_mixin.py:188} INFO - [2024-04-14T18:57:59.704+0000] {dag.py:3096} INFO - Sync 1 DAGs
[2024-04-14T18:57:59.732+0000] {logging_mixin.py:188} INFO - [2024-04-14T18:57:59.732+0000] {dag.py:3954} INFO - Setting next_dagrun for example_branch_labels to 2024-04-13 00:00:00+00:00, run_after=2024-04-14 00:00:00+00:00
[2024-04-14T18:57:59.753+0000] {processor.py:183} INFO - Processing /home/airflow/.local/lib/python3.12/site-packages/airflow/example_dags/example_branch_labels.py took 0.088 seconds
[2024-04-14T18:58:30.309+0000] {processor.py:161} INFO - Started process (PID=597) to work on /home/airflow/.local/lib/python3.12/site-packages/airflow/example_dags/example_branch_labels.py
[2024-04-14T18:58:30.310+0000] {processor.py:830} INFO - Processing file /home/airflow/.local/lib/python3.12/site-packages/airflow/example_dags/example_branch_labels.py for tasks to queue
[2024-04-14T18:58:30.312+0000] {logging_mixin.py:188} INFO - [2024-04-14T18:58:30.311+0000] {dagbag.py:540} INFO - Filling up the DagBag from /home/airflow/.local/lib/python3.12/site-packages/airflow/example_dags/example_branch_labels.py
[2024-04-14T18:58:30.318+0000] {processor.py:840} INFO - DAG(s) 'example_branch_labels' retrieved from /home/airflow/.local/lib/python3.12/site-packages/airflow/example_dags/example_branch_labels.py
[2024-04-14T18:58:30.339+0000] {logging_mixin.py:188} INFO - [2024-04-14T18:58:30.338+0000] {dag.py:3096} INFO - Sync 1 DAGs
[2024-04-14T18:58:30.360+0000] {logging_mixin.py:188} INFO - [2024-04-14T18:58:30.360+0000] {dag.py:3954} INFO - Setting next_dagrun for example_branch_labels to 2024-04-13 00:00:00+00:00, run_after=2024-04-14 00:00:00+00:00
[2024-04-14T18:58:30.379+0000] {processor.py:183} INFO - Processing /home/airflow/.local/lib/python3.12/site-packages/airflow/example_dags/example_branch_labels.py took 0.074 seconds
[2024-04-14T18:59:00.700+0000] {processor.py:161} INFO - Started process (PID=657) to work on /home/airflow/.local/lib/python3.12/site-packages/airflow/example_dags/example_branch_labels.py
[2024-04-14T18:59:00.701+0000] {processor.py:830} INFO - Processing file /home/airflow/.local/lib/python3.12/site-packages/airflow/example_dags/example_branch_labels.py for tasks to queue
[2024-04-14T18:59:00.703+0000] {logging_mixin.py:188} INFO - [2024-04-14T18:59:00.702+0000] {dagbag.py:540} INFO - Filling up the DagBag from /home/airflow/.local/lib/python3.12/site-packages/airflow/example_dags/example_branch_labels.py
[2024-04-14T18:59:00.710+0000] {processor.py:840} INFO - DAG(s) 'example_branch_labels' retrieved from /home/airflow/.local/lib/python3.12/site-packages/airflow/example_dags/example_branch_labels.py
[2024-04-14T18:59:00.729+0000] {logging_mixin.py:188} INFO - [2024-04-14T18:59:00.729+0000] {dag.py:3096} INFO - Sync 1 DAGs
[2024-04-14T18:59:00.750+0000] {logging_mixin.py:188} INFO - [2024-04-14T18:59:00.749+0000] {dag.py:3954} INFO - Setting next_dagrun for example_branch_labels to 2024-04-13 00:00:00+00:00, run_after=2024-04-14 00:00:00+00:00
[2024-04-14T18:59:00.768+0000] {processor.py:183} INFO - Processing /home/airflow/.local/lib/python3.12/site-packages/airflow/example_dags/example_branch_labels.py took 0.073 seconds
[2024-04-14T18:59:30.963+0000] {processor.py:161} INFO - Started process (PID=722) to work on /home/airflow/.local/lib/python3.12/site-packages/airflow/example_dags/example_branch_labels.py
[2024-04-14T18:59:30.964+0000] {processor.py:830} INFO - Processing file /home/airflow/.local/lib/python3.12/site-packages/airflow/example_dags/example_branch_labels.py for tasks to queue
[2024-04-14T18:59:30.965+0000] {logging_mixin.py:188} INFO - [2024-04-14T18:59:30.965+0000] {dagbag.py:540} INFO - Filling up the DagBag from /home/airflow/.local/lib/python3.12/site-packages/airflow/example_dags/example_branch_labels.py
[2024-04-14T18:59:30.971+0000] {processor.py:840} INFO - DAG(s) 'example_branch_labels' retrieved from /home/airflow/.local/lib/python3.12/site-packages/airflow/example_dags/example_branch_labels.py
[2024-04-14T18:59:30.991+0000] {logging_mixin.py:188} INFO - [2024-04-14T18:59:30.991+0000] {dag.py:3096} INFO - Sync 1 DAGs
[2024-04-14T18:59:31.012+0000] {logging_mixin.py:188} INFO - [2024-04-14T18:59:31.011+0000] {dag.py:3954} INFO - Setting next_dagrun for example_branch_labels to 2024-04-13 00:00:00+00:00, run_after=2024-04-14 00:00:00+00:00
[2024-04-14T18:59:31.029+0000] {processor.py:183} INFO - Processing /home/airflow/.local/lib/python3.12/site-packages/airflow/example_dags/example_branch_labels.py took 0.071 seconds
[2024-04-14T19:00:01.276+0000] {processor.py:161} INFO - Started process (PID=784) to work on /home/airflow/.local/lib/python3.12/site-packages/airflow/example_dags/example_branch_labels.py
[2024-04-14T19:00:01.277+0000] {processor.py:830} INFO - Processing file /home/airflow/.local/lib/python3.12/site-packages/airflow/example_dags/example_branch_labels.py for tasks to queue
[2024-04-14T19:00:01.280+0000] {logging_mixin.py:188} INFO - [2024-04-14T19:00:01.279+0000] {dagbag.py:540} INFO - Filling up the DagBag from /home/airflow/.local/lib/python3.12/site-packages/airflow/example_dags/example_branch_labels.py
[2024-04-14T19:00:01.290+0000] {processor.py:840} INFO - DAG(s) 'example_branch_labels' retrieved from /home/airflow/.local/lib/python3.12/site-packages/airflow/example_dags/example_branch_labels.py
[2024-04-14T19:00:01.312+0000] {logging_mixin.py:188} INFO - [2024-04-14T19:00:01.312+0000] {dag.py:3096} INFO - Sync 1 DAGs
[2024-04-14T19:00:01.333+0000] {logging_mixin.py:188} INFO - [2024-04-14T19:00:01.332+0000] {dag.py:3954} INFO - Setting next_dagrun for example_branch_labels to 2024-04-13 00:00:00+00:00, run_after=2024-04-14 00:00:00+00:00
[2024-04-14T19:00:01.354+0000] {processor.py:183} INFO - Processing /home/airflow/.local/lib/python3.12/site-packages/airflow/example_dags/example_branch_labels.py took 0.085 seconds
[2024-04-14T19:00:31.522+0000] {processor.py:161} INFO - Started process (PID=844) to work on /home/airflow/.local/lib/python3.12/site-packages/airflow/example_dags/example_branch_labels.py
[2024-04-14T19:00:31.523+0000] {processor.py:830} INFO - Processing file /home/airflow/.local/lib/python3.12/site-packages/airflow/example_dags/example_branch_labels.py for tasks to queue
[2024-04-14T19:00:31.524+0000] {logging_mixin.py:188} INFO - [2024-04-14T19:00:31.524+0000] {dagbag.py:540} INFO - Filling up the DagBag from /home/airflow/.local/lib/python3.12/site-packages/airflow/example_dags/example_branch_labels.py
[2024-04-14T19:00:31.530+0000] {processor.py:840} INFO - DAG(s) 'example_branch_labels' retrieved from /home/airflow/.local/lib/python3.12/site-packages/airflow/example_dags/example_branch_labels.py
[2024-04-14T19:00:31.549+0000] {logging_mixin.py:188} INFO - [2024-04-14T19:00:31.549+0000] {dag.py:3096} INFO - Sync 1 DAGs
[2024-04-14T19:00:31.571+0000] {logging_mixin.py:188} INFO - [2024-04-14T19:00:31.570+0000] {dag.py:3954} INFO - Setting next_dagrun for example_branch_labels to 2024-04-13 00:00:00+00:00, run_after=2024-04-14 00:00:00+00:00
[2024-04-14T19:00:31.589+0000] {processor.py:183} INFO - Processing /home/airflow/.local/lib/python3.12/site-packages/airflow/example_dags/example_branch_labels.py took 0.072 seconds
[2024-04-14T19:01:02.096+0000] {processor.py:161} INFO - Started process (PID=908) to work on /home/airflow/.local/lib/python3.12/site-packages/airflow/example_dags/example_branch_labels.py
[2024-04-14T19:01:02.097+0000] {processor.py:830} INFO - Processing file /home/airflow/.local/lib/python3.12/site-packages/airflow/example_dags/example_branch_labels.py for tasks to queue
[2024-04-14T19:01:02.098+0000] {logging_mixin.py:188} INFO - [2024-04-14T19:01:02.098+0000] {dagbag.py:540} INFO - Filling up the DagBag from /home/airflow/.local/lib/python3.12/site-packages/airflow/example_dags/example_branch_labels.py
[2024-04-14T19:01:02.104+0000] {processor.py:840} INFO - DAG(s) 'example_branch_labels' retrieved from /home/airflow/.local/lib/python3.12/site-packages/airflow/example_dags/example_branch_labels.py
[2024-04-14T19:01:02.121+0000] {logging_mixin.py:188} INFO - [2024-04-14T19:01:02.121+0000] {dag.py:3096} INFO - Sync 1 DAGs
[2024-04-14T19:01:02.140+0000] {logging_mixin.py:188} INFO - [2024-04-14T19:01:02.139+0000] {dag.py:3954} INFO - Setting next_dagrun for example_branch_labels to 2024-04-13 00:00:00+00:00, run_after=2024-04-14 00:00:00+00:00
[2024-04-14T19:01:02.168+0000] {processor.py:183} INFO - Processing /home/airflow/.local/lib/python3.12/site-packages/airflow/example_dags/example_branch_labels.py took 0.076 seconds
[2024-04-14T19:01:32.285+0000] {processor.py:161} INFO - Started process (PID=968) to work on /home/airflow/.local/lib/python3.12/site-packages/airflow/example_dags/example_branch_labels.py
[2024-04-14T19:01:32.285+0000] {processor.py:830} INFO - Processing file /home/airflow/.local/lib/python3.12/site-packages/airflow/example_dags/example_branch_labels.py for tasks to queue
[2024-04-14T19:01:32.287+0000] {logging_mixin.py:188} INFO - [2024-04-14T19:01:32.286+0000] {dagbag.py:540} INFO - Filling up the DagBag from /home/airflow/.local/lib/python3.12/site-packages/airflow/example_dags/example_branch_labels.py
[2024-04-14T19:01:32.292+0000] {processor.py:840} INFO - DAG(s) 'example_branch_labels' retrieved from /home/airflow/.local/lib/python3.12/site-packages/airflow/example_dags/example_branch_labels.py
[2024-04-14T19:01:32.310+0000] {logging_mixin.py:188} INFO - [2024-04-14T19:01:32.310+0000] {dag.py:3096} INFO - Sync 1 DAGs
[2024-04-14T19:01:32.329+0000] {logging_mixin.py:188} INFO - [2024-04-14T19:01:32.328+0000] {dag.py:3954} INFO - Setting next_dagrun for example_branch_labels to 2024-04-13 00:00:00+00:00, run_after=2024-04-14 00:00:00+00:00
[2024-04-14T19:01:32.345+0000] {processor.py:183} INFO - Processing /home/airflow/.local/lib/python3.12/site-packages/airflow/example_dags/example_branch_labels.py took 0.065 seconds
[2024-04-14T19:02:02.662+0000] {processor.py:161} INFO - Started process (PID=1028) to work on /home/airflow/.local/lib/python3.12/site-packages/airflow/example_dags/example_branch_labels.py
[2024-04-14T19:02:02.663+0000] {processor.py:830} INFO - Processing file /home/airflow/.local/lib/python3.12/site-packages/airflow/example_dags/example_branch_labels.py for tasks to queue
[2024-04-14T19:02:02.665+0000] {logging_mixin.py:188} INFO - [2024-04-14T19:02:02.665+0000] {dagbag.py:540} INFO - Filling up the DagBag from /home/airflow/.local/lib/python3.12/site-packages/airflow/example_dags/example_branch_labels.py
[2024-04-14T19:02:02.675+0000] {processor.py:840} INFO - DAG(s) 'example_branch_labels' retrieved from /home/airflow/.local/lib/python3.12/site-packages/airflow/example_dags/example_branch_labels.py
[2024-04-14T19:02:02.705+0000] {logging_mixin.py:188} INFO - [2024-04-14T19:02:02.705+0000] {dag.py:3096} INFO - Sync 1 DAGs
[2024-04-14T19:02:02.772+0000] {logging_mixin.py:188} INFO - [2024-04-14T19:02:02.772+0000] {dag.py:3954} INFO - Setting next_dagrun for example_branch_labels to 2024-04-13 00:00:00+00:00, run_after=2024-04-14 00:00:00+00:00
[2024-04-14T19:02:02.804+0000] {processor.py:183} INFO - Processing /home/airflow/.local/lib/python3.12/site-packages/airflow/example_dags/example_branch_labels.py took 0.148 seconds
[2024-04-14T19:02:33.355+0000] {processor.py:161} INFO - Started process (PID=1086) to work on /home/airflow/.local/lib/python3.12/site-packages/airflow/example_dags/example_branch_labels.py
[2024-04-14T19:02:33.356+0000] {processor.py:830} INFO - Processing file /home/airflow/.local/lib/python3.12/site-packages/airflow/example_dags/example_branch_labels.py for tasks to queue
[2024-04-14T19:02:33.358+0000] {logging_mixin.py:188} INFO - [2024-04-14T19:02:33.357+0000] {dagbag.py:540} INFO - Filling up the DagBag from /home/airflow/.local/lib/python3.12/site-packages/airflow/example_dags/example_branch_labels.py
[2024-04-14T19:02:33.364+0000] {processor.py:840} INFO - DAG(s) 'example_branch_labels' retrieved from /home/airflow/.local/lib/python3.12/site-packages/airflow/example_dags/example_branch_labels.py
[2024-04-14T19:02:33.387+0000] {logging_mixin.py:188} INFO - [2024-04-14T19:02:33.387+0000] {dag.py:3096} INFO - Sync 1 DAGs
[2024-04-14T19:02:33.412+0000] {logging_mixin.py:188} INFO - [2024-04-14T19:02:33.412+0000] {dag.py:3954} INFO - Setting next_dagrun for example_branch_labels to 2024-04-13 00:00:00+00:00, run_after=2024-04-14 00:00:00+00:00
[2024-04-14T19:02:33.433+0000] {processor.py:183} INFO - Processing /home/airflow/.local/lib/python3.12/site-packages/airflow/example_dags/example_branch_labels.py took 0.083 seconds
[2024-04-14T19:03:03.714+0000] {processor.py:161} INFO - Started process (PID=1146) to work on /home/airflow/.local/lib/python3.12/site-packages/airflow/example_dags/example_branch_labels.py
[2024-04-14T19:03:03.714+0000] {processor.py:830} INFO - Processing file /home/airflow/.local/lib/python3.12/site-packages/airflow/example_dags/example_branch_labels.py for tasks to queue
[2024-04-14T19:03:03.716+0000] {logging_mixin.py:188} INFO - [2024-04-14T19:03:03.716+0000] {dagbag.py:540} INFO - Filling up the DagBag from /home/airflow/.local/lib/python3.12/site-packages/airflow/example_dags/example_branch_labels.py
[2024-04-14T19:03:03.722+0000] {processor.py:840} INFO - DAG(s) 'example_branch_labels' retrieved from /home/airflow/.local/lib/python3.12/site-packages/airflow/example_dags/example_branch_labels.py
[2024-04-14T19:03:03.741+0000] {logging_mixin.py:188} INFO - [2024-04-14T19:03:03.741+0000] {dag.py:3096} INFO - Sync 1 DAGs
[2024-04-14T19:03:03.764+0000] {logging_mixin.py:188} INFO - [2024-04-14T19:03:03.764+0000] {dag.py:3954} INFO - Setting next_dagrun for example_branch_labels to 2024-04-13 00:00:00+00:00, run_after=2024-04-14 00:00:00+00:00
[2024-04-14T19:03:03.785+0000] {processor.py:183} INFO - Processing /home/airflow/.local/lib/python3.12/site-packages/airflow/example_dags/example_branch_labels.py took 0.076 seconds
[2024-04-14T19:03:34.003+0000] {processor.py:161} INFO - Started process (PID=1207) to work on /home/airflow/.local/lib/python3.12/site-packages/airflow/example_dags/example_branch_labels.py
[2024-04-14T19:03:34.004+0000] {processor.py:830} INFO - Processing file /home/airflow/.local/lib/python3.12/site-packages/airflow/example_dags/example_branch_labels.py for tasks to queue
[2024-04-14T19:03:34.005+0000] {logging_mixin.py:188} INFO - [2024-04-14T19:03:34.005+0000] {dagbag.py:540} INFO - Filling up the DagBag from /home/airflow/.local/lib/python3.12/site-packages/airflow/example_dags/example_branch_labels.py
[2024-04-14T19:03:34.012+0000] {processor.py:840} INFO - DAG(s) 'example_branch_labels' retrieved from /home/airflow/.local/lib/python3.12/site-packages/airflow/example_dags/example_branch_labels.py
[2024-04-14T19:03:34.030+0000] {logging_mixin.py:188} INFO - [2024-04-14T19:03:34.030+0000] {dag.py:3096} INFO - Sync 1 DAGs
[2024-04-14T19:03:34.049+0000] {logging_mixin.py:188} INFO - [2024-04-14T19:03:34.049+0000] {dag.py:3954} INFO - Setting next_dagrun for example_branch_labels to 2024-04-13 00:00:00+00:00, run_after=2024-04-14 00:00:00+00:00
[2024-04-14T19:03:34.068+0000] {processor.py:183} INFO - Processing /home/airflow/.local/lib/python3.12/site-packages/airflow/example_dags/example_branch_labels.py took 0.069 seconds
[2024-04-14T19:04:04.597+0000] {processor.py:161} INFO - Started process (PID=1267) to work on /home/airflow/.local/lib/python3.12/site-packages/airflow/example_dags/example_branch_labels.py
[2024-04-14T19:04:04.597+0000] {processor.py:830} INFO - Processing file /home/airflow/.local/lib/python3.12/site-packages/airflow/example_dags/example_branch_labels.py for tasks to queue
[2024-04-14T19:04:04.599+0000] {logging_mixin.py:188} INFO - [2024-04-14T19:04:04.599+0000] {dagbag.py:540} INFO - Filling up the DagBag from /home/airflow/.local/lib/python3.12/site-packages/airflow/example_dags/example_branch_labels.py
[2024-04-14T19:04:04.607+0000] {processor.py:840} INFO - DAG(s) 'example_branch_labels' retrieved from /home/airflow/.local/lib/python3.12/site-packages/airflow/example_dags/example_branch_labels.py
[2024-04-14T19:04:04.627+0000] {logging_mixin.py:188} INFO - [2024-04-14T19:04:04.627+0000] {dag.py:3096} INFO - Sync 1 DAGs
[2024-04-14T19:04:04.648+0000] {logging_mixin.py:188} INFO - [2024-04-14T19:04:04.648+0000] {dag.py:3954} INFO - Setting next_dagrun for example_branch_labels to 2024-04-13 00:00:00+00:00, run_after=2024-04-14 00:00:00+00:00
[2024-04-14T19:04:04.668+0000] {processor.py:183} INFO - Processing /home/airflow/.local/lib/python3.12/site-packages/airflow/example_dags/example_branch_labels.py took 0.077 seconds
[2024-04-14T19:04:34.911+0000] {processor.py:161} INFO - Started process (PID=1326) to work on /home/airflow/.local/lib/python3.12/site-packages/airflow/example_dags/example_branch_labels.py
[2024-04-14T19:04:34.912+0000] {processor.py:830} INFO - Processing file /home/airflow/.local/lib/python3.12/site-packages/airflow/example_dags/example_branch_labels.py for tasks to queue
[2024-04-14T19:04:34.914+0000] {logging_mixin.py:188} INFO - [2024-04-14T19:04:34.913+0000] {dagbag.py:540} INFO - Filling up the DagBag from /home/airflow/.local/lib/python3.12/site-packages/airflow/example_dags/example_branch_labels.py
[2024-04-14T19:04:34.921+0000] {processor.py:840} INFO - DAG(s) 'example_branch_labels' retrieved from /home/airflow/.local/lib/python3.12/site-packages/airflow/example_dags/example_branch_labels.py
[2024-04-14T19:04:34.939+0000] {logging_mixin.py:188} INFO - [2024-04-14T19:04:34.939+0000] {dag.py:3096} INFO - Sync 1 DAGs
[2024-04-14T19:04:34.960+0000] {logging_mixin.py:188} INFO - [2024-04-14T19:04:34.960+0000] {dag.py:3954} INFO - Setting next_dagrun for example_branch_labels to 2024-04-13 00:00:00+00:00, run_after=2024-04-14 00:00:00+00:00
[2024-04-14T19:04:34.979+0000] {processor.py:183} INFO - Processing /home/airflow/.local/lib/python3.12/site-packages/airflow/example_dags/example_branch_labels.py took 0.072 seconds
[2024-04-14T19:05:05.413+0000] {processor.py:161} INFO - Started process (PID=1385) to work on /home/airflow/.local/lib/python3.12/site-packages/airflow/example_dags/example_branch_labels.py
[2024-04-14T19:05:05.414+0000] {processor.py:830} INFO - Processing file /home/airflow/.local/lib/python3.12/site-packages/airflow/example_dags/example_branch_labels.py for tasks to queue
[2024-04-14T19:05:05.415+0000] {logging_mixin.py:188} INFO - [2024-04-14T19:05:05.415+0000] {dagbag.py:540} INFO - Filling up the DagBag from /home/airflow/.local/lib/python3.12/site-packages/airflow/example_dags/example_branch_labels.py
[2024-04-14T19:05:05.421+0000] {processor.py:840} INFO - DAG(s) 'example_branch_labels' retrieved from /home/airflow/.local/lib/python3.12/site-packages/airflow/example_dags/example_branch_labels.py
[2024-04-14T19:05:05.440+0000] {logging_mixin.py:188} INFO - [2024-04-14T19:05:05.440+0000] {dag.py:3096} INFO - Sync 1 DAGs
[2024-04-14T19:05:05.614+0000] {logging_mixin.py:188} INFO - [2024-04-14T19:05:05.614+0000] {dag.py:3954} INFO - Setting next_dagrun for example_branch_labels to 2024-04-13 00:00:00+00:00, run_after=2024-04-14 00:00:00+00:00
[2024-04-14T19:05:05.631+0000] {processor.py:183} INFO - Processing /home/airflow/.local/lib/python3.12/site-packages/airflow/example_dags/example_branch_labels.py took 0.223 seconds
[2024-04-14T19:05:36.042+0000] {processor.py:161} INFO - Started process (PID=1445) to work on /home/airflow/.local/lib/python3.12/site-packages/airflow/example_dags/example_branch_labels.py
[2024-04-14T19:05:36.043+0000] {processor.py:830} INFO - Processing file /home/airflow/.local/lib/python3.12/site-packages/airflow/example_dags/example_branch_labels.py for tasks to queue
[2024-04-14T19:05:36.045+0000] {logging_mixin.py:188} INFO - [2024-04-14T19:05:36.044+0000] {dagbag.py:540} INFO - Filling up the DagBag from /home/airflow/.local/lib/python3.12/site-packages/airflow/example_dags/example_branch_labels.py
[2024-04-14T19:05:36.051+0000] {processor.py:840} INFO - DAG(s) 'example_branch_labels' retrieved from /home/airflow/.local/lib/python3.12/site-packages/airflow/example_dags/example_branch_labels.py
[2024-04-14T19:05:36.070+0000] {logging_mixin.py:188} INFO - [2024-04-14T19:05:36.070+0000] {dag.py:3096} INFO - Sync 1 DAGs
[2024-04-14T19:05:36.241+0000] {logging_mixin.py:188} INFO - [2024-04-14T19:05:36.240+0000] {dag.py:3954} INFO - Setting next_dagrun for example_branch_labels to 2024-04-13 00:00:00+00:00, run_after=2024-04-14 00:00:00+00:00
[2024-04-14T19:05:36.259+0000] {processor.py:183} INFO - Processing /home/airflow/.local/lib/python3.12/site-packages/airflow/example_dags/example_branch_labels.py took 0.221 seconds
[2024-04-14T19:06:06.849+0000] {processor.py:161} INFO - Started process (PID=1505) to work on /home/airflow/.local/lib/python3.12/site-packages/airflow/example_dags/example_branch_labels.py
[2024-04-14T19:06:06.850+0000] {processor.py:830} INFO - Processing file /home/airflow/.local/lib/python3.12/site-packages/airflow/example_dags/example_branch_labels.py for tasks to queue
[2024-04-14T19:06:06.852+0000] {logging_mixin.py:188} INFO - [2024-04-14T19:06:06.851+0000] {dagbag.py:540} INFO - Filling up the DagBag from /home/airflow/.local/lib/python3.12/site-packages/airflow/example_dags/example_branch_labels.py
[2024-04-14T19:06:06.858+0000] {processor.py:840} INFO - DAG(s) 'example_branch_labels' retrieved from /home/airflow/.local/lib/python3.12/site-packages/airflow/example_dags/example_branch_labels.py
[2024-04-14T19:06:06.878+0000] {logging_mixin.py:188} INFO - [2024-04-14T19:06:06.878+0000] {dag.py:3096} INFO - Sync 1 DAGs
[2024-04-14T19:06:06.899+0000] {logging_mixin.py:188} INFO - [2024-04-14T19:06:06.899+0000] {dag.py:3954} INFO - Setting next_dagrun for example_branch_labels to 2024-04-13 00:00:00+00:00, run_after=2024-04-14 00:00:00+00:00
[2024-04-14T19:06:06.918+0000] {processor.py:183} INFO - Processing /home/airflow/.local/lib/python3.12/site-packages/airflow/example_dags/example_branch_labels.py took 0.074 seconds
[2024-04-14T19:06:37.027+0000] {processor.py:161} INFO - Started process (PID=1565) to work on /home/airflow/.local/lib/python3.12/site-packages/airflow/example_dags/example_branch_labels.py
[2024-04-14T19:06:37.028+0000] {processor.py:830} INFO - Processing file /home/airflow/.local/lib/python3.12/site-packages/airflow/example_dags/example_branch_labels.py for tasks to queue
[2024-04-14T19:06:37.030+0000] {logging_mixin.py:188} INFO - [2024-04-14T19:06:37.029+0000] {dagbag.py:540} INFO - Filling up the DagBag from /home/airflow/.local/lib/python3.12/site-packages/airflow/example_dags/example_branch_labels.py
[2024-04-14T19:06:37.035+0000] {processor.py:840} INFO - DAG(s) 'example_branch_labels' retrieved from /home/airflow/.local/lib/python3.12/site-packages/airflow/example_dags/example_branch_labels.py
[2024-04-14T19:06:37.053+0000] {logging_mixin.py:188} INFO - [2024-04-14T19:06:37.052+0000] {dag.py:3096} INFO - Sync 1 DAGs
[2024-04-14T19:06:37.070+0000] {logging_mixin.py:188} INFO - [2024-04-14T19:06:37.070+0000] {dag.py:3954} INFO - Setting next_dagrun for example_branch_labels to 2024-04-13 00:00:00+00:00, run_after=2024-04-14 00:00:00+00:00
[2024-04-14T19:06:37.098+0000] {processor.py:183} INFO - Processing /home/airflow/.local/lib/python3.12/site-packages/airflow/example_dags/example_branch_labels.py took 0.076 seconds
[2024-04-14T19:07:07.315+0000] {processor.py:161} INFO - Started process (PID=1625) to work on /home/airflow/.local/lib/python3.12/site-packages/airflow/example_dags/example_branch_labels.py
[2024-04-14T19:07:07.316+0000] {processor.py:830} INFO - Processing file /home/airflow/.local/lib/python3.12/site-packages/airflow/example_dags/example_branch_labels.py for tasks to queue
[2024-04-14T19:07:07.318+0000] {logging_mixin.py:188} INFO - [2024-04-14T19:07:07.317+0000] {dagbag.py:540} INFO - Filling up the DagBag from /home/airflow/.local/lib/python3.12/site-packages/airflow/example_dags/example_branch_labels.py
[2024-04-14T19:07:07.325+0000] {processor.py:840} INFO - DAG(s) 'example_branch_labels' retrieved from /home/airflow/.local/lib/python3.12/site-packages/airflow/example_dags/example_branch_labels.py
[2024-04-14T19:07:07.344+0000] {logging_mixin.py:188} INFO - [2024-04-14T19:07:07.344+0000] {dag.py:3096} INFO - Sync 1 DAGs
[2024-04-14T19:07:07.363+0000] {logging_mixin.py:188} INFO - [2024-04-14T19:07:07.363+0000] {dag.py:3954} INFO - Setting next_dagrun for example_branch_labels to 2024-04-13 00:00:00+00:00, run_after=2024-04-14 00:00:00+00:00
[2024-04-14T19:07:07.395+0000] {processor.py:183} INFO - Processing /home/airflow/.local/lib/python3.12/site-packages/airflow/example_dags/example_branch_labels.py took 0.085 seconds
[2024-04-14T19:07:37.905+0000] {processor.py:161} INFO - Started process (PID=1685) to work on /home/airflow/.local/lib/python3.12/site-packages/airflow/example_dags/example_branch_labels.py
[2024-04-14T19:07:37.906+0000] {processor.py:830} INFO - Processing file /home/airflow/.local/lib/python3.12/site-packages/airflow/example_dags/example_branch_labels.py for tasks to queue
[2024-04-14T19:07:37.908+0000] {logging_mixin.py:188} INFO - [2024-04-14T19:07:37.908+0000] {dagbag.py:540} INFO - Filling up the DagBag from /home/airflow/.local/lib/python3.12/site-packages/airflow/example_dags/example_branch_labels.py
[2024-04-14T19:07:37.914+0000] {processor.py:840} INFO - DAG(s) 'example_branch_labels' retrieved from /home/airflow/.local/lib/python3.12/site-packages/airflow/example_dags/example_branch_labels.py
[2024-04-14T19:07:37.933+0000] {logging_mixin.py:188} INFO - [2024-04-14T19:07:37.933+0000] {dag.py:3096} INFO - Sync 1 DAGs
[2024-04-14T19:07:37.953+0000] {logging_mixin.py:188} INFO - [2024-04-14T19:07:37.953+0000] {dag.py:3954} INFO - Setting next_dagrun for example_branch_labels to 2024-04-13 00:00:00+00:00, run_after=2024-04-14 00:00:00+00:00
[2024-04-14T19:07:37.970+0000] {processor.py:183} INFO - Processing /home/airflow/.local/lib/python3.12/site-packages/airflow/example_dags/example_branch_labels.py took 0.069 seconds
[2024-04-14T19:08:08.100+0000] {processor.py:161} INFO - Started process (PID=1751) to work on /home/airflow/.local/lib/python3.12/site-packages/airflow/example_dags/example_branch_labels.py
[2024-04-14T19:08:08.101+0000] {processor.py:830} INFO - Processing file /home/airflow/.local/lib/python3.12/site-packages/airflow/example_dags/example_branch_labels.py for tasks to queue
[2024-04-14T19:08:08.102+0000] {logging_mixin.py:188} INFO - [2024-04-14T19:08:08.102+0000] {dagbag.py:540} INFO - Filling up the DagBag from /home/airflow/.local/lib/python3.12/site-packages/airflow/example_dags/example_branch_labels.py
[2024-04-14T19:08:08.108+0000] {processor.py:840} INFO - DAG(s) 'example_branch_labels' retrieved from /home/airflow/.local/lib/python3.12/site-packages/airflow/example_dags/example_branch_labels.py
[2024-04-14T19:08:08.126+0000] {logging_mixin.py:188} INFO - [2024-04-14T19:08:08.126+0000] {dag.py:3096} INFO - Sync 1 DAGs
[2024-04-14T19:08:08.147+0000] {logging_mixin.py:188} INFO - [2024-04-14T19:08:08.147+0000] {dag.py:3954} INFO - Setting next_dagrun for example_branch_labels to 2024-04-13 00:00:00+00:00, run_after=2024-04-14 00:00:00+00:00
[2024-04-14T19:08:08.176+0000] {processor.py:183} INFO - Processing /home/airflow/.local/lib/python3.12/site-packages/airflow/example_dags/example_branch_labels.py took 0.082 seconds
[2024-04-14T19:08:38.761+0000] {processor.py:161} INFO - Started process (PID=1811) to work on /home/airflow/.local/lib/python3.12/site-packages/airflow/example_dags/example_branch_labels.py
[2024-04-14T19:08:38.762+0000] {processor.py:830} INFO - Processing file /home/airflow/.local/lib/python3.12/site-packages/airflow/example_dags/example_branch_labels.py for tasks to queue
[2024-04-14T19:08:38.764+0000] {logging_mixin.py:188} INFO - [2024-04-14T19:08:38.763+0000] {dagbag.py:540} INFO - Filling up the DagBag from /home/airflow/.local/lib/python3.12/site-packages/airflow/example_dags/example_branch_labels.py
[2024-04-14T19:08:38.770+0000] {processor.py:840} INFO - DAG(s) 'example_branch_labels' retrieved from /home/airflow/.local/lib/python3.12/site-packages/airflow/example_dags/example_branch_labels.py
[2024-04-14T19:08:38.787+0000] {logging_mixin.py:188} INFO - [2024-04-14T19:08:38.787+0000] {dag.py:3096} INFO - Sync 1 DAGs
[2024-04-14T19:08:38.806+0000] {logging_mixin.py:188} INFO - [2024-04-14T19:08:38.806+0000] {dag.py:3954} INFO - Setting next_dagrun for example_branch_labels to 2024-04-13 00:00:00+00:00, run_after=2024-04-14 00:00:00+00:00
[2024-04-14T19:08:38.834+0000] {processor.py:183} INFO - Processing /home/airflow/.local/lib/python3.12/site-packages/airflow/example_dags/example_branch_labels.py took 0.077 seconds
[2024-04-14T19:09:09.628+0000] {processor.py:161} INFO - Started process (PID=1873) to work on /home/airflow/.local/lib/python3.12/site-packages/airflow/example_dags/example_branch_labels.py
[2024-04-14T19:09:09.628+0000] {processor.py:830} INFO - Processing file /home/airflow/.local/lib/python3.12/site-packages/airflow/example_dags/example_branch_labels.py for tasks to queue
[2024-04-14T19:09:09.630+0000] {logging_mixin.py:188} INFO - [2024-04-14T19:09:09.629+0000] {dagbag.py:540} INFO - Filling up the DagBag from /home/airflow/.local/lib/python3.12/site-packages/airflow/example_dags/example_branch_labels.py
[2024-04-14T19:09:09.635+0000] {processor.py:840} INFO - DAG(s) 'example_branch_labels' retrieved from /home/airflow/.local/lib/python3.12/site-packages/airflow/example_dags/example_branch_labels.py
[2024-04-14T19:09:09.653+0000] {logging_mixin.py:188} INFO - [2024-04-14T19:09:09.652+0000] {dag.py:3096} INFO - Sync 1 DAGs
[2024-04-14T19:09:09.672+0000] {logging_mixin.py:188} INFO - [2024-04-14T19:09:09.671+0000] {dag.py:3954} INFO - Setting next_dagrun for example_branch_labels to 2024-04-13 00:00:00+00:00, run_after=2024-04-14 00:00:00+00:00
[2024-04-14T19:09:09.690+0000] {processor.py:183} INFO - Processing /home/airflow/.local/lib/python3.12/site-packages/airflow/example_dags/example_branch_labels.py took 0.067 seconds
[2024-04-14T19:09:40.529+0000] {processor.py:161} INFO - Started process (PID=1933) to work on /home/airflow/.local/lib/python3.12/site-packages/airflow/example_dags/example_branch_labels.py
[2024-04-14T19:09:40.529+0000] {processor.py:830} INFO - Processing file /home/airflow/.local/lib/python3.12/site-packages/airflow/example_dags/example_branch_labels.py for tasks to queue
[2024-04-14T19:09:40.531+0000] {logging_mixin.py:188} INFO - [2024-04-14T19:09:40.531+0000] {dagbag.py:540} INFO - Filling up the DagBag from /home/airflow/.local/lib/python3.12/site-packages/airflow/example_dags/example_branch_labels.py
[2024-04-14T19:09:40.537+0000] {processor.py:840} INFO - DAG(s) 'example_branch_labels' retrieved from /home/airflow/.local/lib/python3.12/site-packages/airflow/example_dags/example_branch_labels.py
[2024-04-14T19:09:40.554+0000] {logging_mixin.py:188} INFO - [2024-04-14T19:09:40.554+0000] {dag.py:3096} INFO - Sync 1 DAGs
[2024-04-14T19:09:40.574+0000] {logging_mixin.py:188} INFO - [2024-04-14T19:09:40.573+0000] {dag.py:3954} INFO - Setting next_dagrun for example_branch_labels to 2024-04-13 00:00:00+00:00, run_after=2024-04-14 00:00:00+00:00
[2024-04-14T19:09:40.602+0000] {processor.py:183} INFO - Processing /home/airflow/.local/lib/python3.12/site-packages/airflow/example_dags/example_branch_labels.py took 0.078 seconds
[2024-04-14T19:10:11.262+0000] {processor.py:161} INFO - Started process (PID=1997) to work on /home/airflow/.local/lib/python3.12/site-packages/airflow/example_dags/example_branch_labels.py
[2024-04-14T19:10:11.263+0000] {processor.py:830} INFO - Processing file /home/airflow/.local/lib/python3.12/site-packages/airflow/example_dags/example_branch_labels.py for tasks to queue
[2024-04-14T19:10:11.265+0000] {logging_mixin.py:188} INFO - [2024-04-14T19:10:11.265+0000] {dagbag.py:540} INFO - Filling up the DagBag from /home/airflow/.local/lib/python3.12/site-packages/airflow/example_dags/example_branch_labels.py
[2024-04-14T19:10:11.271+0000] {processor.py:840} INFO - DAG(s) 'example_branch_labels' retrieved from /home/airflow/.local/lib/python3.12/site-packages/airflow/example_dags/example_branch_labels.py
[2024-04-14T19:10:11.289+0000] {logging_mixin.py:188} INFO - [2024-04-14T19:10:11.289+0000] {dag.py:3096} INFO - Sync 1 DAGs
[2024-04-14T19:10:11.307+0000] {logging_mixin.py:188} INFO - [2024-04-14T19:10:11.307+0000] {dag.py:3954} INFO - Setting next_dagrun for example_branch_labels to 2024-04-13 00:00:00+00:00, run_after=2024-04-14 00:00:00+00:00
[2024-04-14T19:10:11.324+0000] {processor.py:183} INFO - Processing /home/airflow/.local/lib/python3.12/site-packages/airflow/example_dags/example_branch_labels.py took 0.066 seconds
[2024-04-14T19:10:41.399+0000] {processor.py:161} INFO - Started process (PID=2057) to work on /home/airflow/.local/lib/python3.12/site-packages/airflow/example_dags/example_branch_labels.py
[2024-04-14T19:10:41.400+0000] {processor.py:830} INFO - Processing file /home/airflow/.local/lib/python3.12/site-packages/airflow/example_dags/example_branch_labels.py for tasks to queue
[2024-04-14T19:10:41.401+0000] {logging_mixin.py:188} INFO - [2024-04-14T19:10:41.401+0000] {dagbag.py:540} INFO - Filling up the DagBag from /home/airflow/.local/lib/python3.12/site-packages/airflow/example_dags/example_branch_labels.py
[2024-04-14T19:10:41.407+0000] {processor.py:840} INFO - DAG(s) 'example_branch_labels' retrieved from /home/airflow/.local/lib/python3.12/site-packages/airflow/example_dags/example_branch_labels.py
[2024-04-14T19:10:41.424+0000] {logging_mixin.py:188} INFO - [2024-04-14T19:10:41.424+0000] {dag.py:3096} INFO - Sync 1 DAGs
[2024-04-14T19:10:41.442+0000] {logging_mixin.py:188} INFO - [2024-04-14T19:10:41.442+0000] {dag.py:3954} INFO - Setting next_dagrun for example_branch_labels to 2024-04-13 00:00:00+00:00, run_after=2024-04-14 00:00:00+00:00
[2024-04-14T19:10:41.458+0000] {processor.py:183} INFO - Processing /home/airflow/.local/lib/python3.12/site-packages/airflow/example_dags/example_branch_labels.py took 0.064 seconds
[2024-04-14T19:11:11.799+0000] {processor.py:161} INFO - Started process (PID=2117) to work on /home/airflow/.local/lib/python3.12/site-packages/airflow/example_dags/example_branch_labels.py
[2024-04-14T19:11:11.800+0000] {processor.py:830} INFO - Processing file /home/airflow/.local/lib/python3.12/site-packages/airflow/example_dags/example_branch_labels.py for tasks to queue
[2024-04-14T19:11:11.801+0000] {logging_mixin.py:188} INFO - [2024-04-14T19:11:11.801+0000] {dagbag.py:540} INFO - Filling up the DagBag from /home/airflow/.local/lib/python3.12/site-packages/airflow/example_dags/example_branch_labels.py
[2024-04-14T19:11:11.808+0000] {processor.py:840} INFO - DAG(s) 'example_branch_labels' retrieved from /home/airflow/.local/lib/python3.12/site-packages/airflow/example_dags/example_branch_labels.py
[2024-04-14T19:11:11.827+0000] {logging_mixin.py:188} INFO - [2024-04-14T19:11:11.826+0000] {dag.py:3096} INFO - Sync 1 DAGs
[2024-04-14T19:11:11.848+0000] {logging_mixin.py:188} INFO - [2024-04-14T19:11:11.848+0000] {dag.py:3954} INFO - Setting next_dagrun for example_branch_labels to 2024-04-13 00:00:00+00:00, run_after=2024-04-14 00:00:00+00:00
[2024-04-14T19:11:11.880+0000] {processor.py:183} INFO - Processing /home/airflow/.local/lib/python3.12/site-packages/airflow/example_dags/example_branch_labels.py took 0.086 seconds
[2024-04-14T19:11:41.965+0000] {processor.py:161} INFO - Started process (PID=2181) to work on /home/airflow/.local/lib/python3.12/site-packages/airflow/example_dags/example_branch_labels.py
[2024-04-14T19:11:41.966+0000] {processor.py:830} INFO - Processing file /home/airflow/.local/lib/python3.12/site-packages/airflow/example_dags/example_branch_labels.py for tasks to queue
[2024-04-14T19:11:41.967+0000] {logging_mixin.py:188} INFO - [2024-04-14T19:11:41.967+0000] {dagbag.py:540} INFO - Filling up the DagBag from /home/airflow/.local/lib/python3.12/site-packages/airflow/example_dags/example_branch_labels.py
[2024-04-14T19:11:41.973+0000] {processor.py:840} INFO - DAG(s) 'example_branch_labels' retrieved from /home/airflow/.local/lib/python3.12/site-packages/airflow/example_dags/example_branch_labels.py
[2024-04-14T19:11:41.992+0000] {logging_mixin.py:188} INFO - [2024-04-14T19:11:41.992+0000] {dag.py:3096} INFO - Sync 1 DAGs
[2024-04-14T19:11:42.012+0000] {logging_mixin.py:188} INFO - [2024-04-14T19:11:42.012+0000] {dag.py:3954} INFO - Setting next_dagrun for example_branch_labels to 2024-04-13 00:00:00+00:00, run_after=2024-04-14 00:00:00+00:00
[2024-04-14T19:11:42.040+0000] {processor.py:183} INFO - Processing /home/airflow/.local/lib/python3.12/site-packages/airflow/example_dags/example_branch_labels.py took 0.080 seconds
[2024-04-14T19:12:12.746+0000] {processor.py:161} INFO - Started process (PID=2241) to work on /home/airflow/.local/lib/python3.12/site-packages/airflow/example_dags/example_branch_labels.py
[2024-04-14T19:12:12.747+0000] {processor.py:830} INFO - Processing file /home/airflow/.local/lib/python3.12/site-packages/airflow/example_dags/example_branch_labels.py for tasks to queue
[2024-04-14T19:12:12.748+0000] {logging_mixin.py:188} INFO - [2024-04-14T19:12:12.748+0000] {dagbag.py:540} INFO - Filling up the DagBag from /home/airflow/.local/lib/python3.12/site-packages/airflow/example_dags/example_branch_labels.py
[2024-04-14T19:12:12.754+0000] {processor.py:840} INFO - DAG(s) 'example_branch_labels' retrieved from /home/airflow/.local/lib/python3.12/site-packages/airflow/example_dags/example_branch_labels.py
[2024-04-14T19:12:12.772+0000] {logging_mixin.py:188} INFO - [2024-04-14T19:12:12.772+0000] {dag.py:3096} INFO - Sync 1 DAGs
[2024-04-14T19:12:12.790+0000] {logging_mixin.py:188} INFO - [2024-04-14T19:12:12.790+0000] {dag.py:3954} INFO - Setting next_dagrun for example_branch_labels to 2024-04-13 00:00:00+00:00, run_after=2024-04-14 00:00:00+00:00
[2024-04-14T19:12:12.806+0000] {processor.py:183} INFO - Processing /home/airflow/.local/lib/python3.12/site-packages/airflow/example_dags/example_branch_labels.py took 0.065 seconds
[2024-04-14T19:12:43.243+0000] {processor.py:161} INFO - Started process (PID=2301) to work on /home/airflow/.local/lib/python3.12/site-packages/airflow/example_dags/example_branch_labels.py
[2024-04-14T19:12:43.244+0000] {processor.py:830} INFO - Processing file /home/airflow/.local/lib/python3.12/site-packages/airflow/example_dags/example_branch_labels.py for tasks to queue
[2024-04-14T19:12:43.245+0000] {logging_mixin.py:188} INFO - [2024-04-14T19:12:43.245+0000] {dagbag.py:540} INFO - Filling up the DagBag from /home/airflow/.local/lib/python3.12/site-packages/airflow/example_dags/example_branch_labels.py
[2024-04-14T19:12:43.251+0000] {processor.py:840} INFO - DAG(s) 'example_branch_labels' retrieved from /home/airflow/.local/lib/python3.12/site-packages/airflow/example_dags/example_branch_labels.py
[2024-04-14T19:12:43.269+0000] {logging_mixin.py:188} INFO - [2024-04-14T19:12:43.269+0000] {dag.py:3096} INFO - Sync 1 DAGs
[2024-04-14T19:12:43.290+0000] {logging_mixin.py:188} INFO - [2024-04-14T19:12:43.289+0000] {dag.py:3954} INFO - Setting next_dagrun for example_branch_labels to 2024-04-13 00:00:00+00:00, run_after=2024-04-14 00:00:00+00:00
[2024-04-14T19:12:43.308+0000] {processor.py:183} INFO - Processing /home/airflow/.local/lib/python3.12/site-packages/airflow/example_dags/example_branch_labels.py took 0.069 seconds
[2024-04-14T19:13:13.534+0000] {processor.py:161} INFO - Started process (PID=2363) to work on /home/airflow/.local/lib/python3.12/site-packages/airflow/example_dags/example_branch_labels.py
[2024-04-14T19:13:13.535+0000] {processor.py:830} INFO - Processing file /home/airflow/.local/lib/python3.12/site-packages/airflow/example_dags/example_branch_labels.py for tasks to queue
[2024-04-14T19:13:13.536+0000] {logging_mixin.py:188} INFO - [2024-04-14T19:13:13.536+0000] {dagbag.py:540} INFO - Filling up the DagBag from /home/airflow/.local/lib/python3.12/site-packages/airflow/example_dags/example_branch_labels.py
[2024-04-14T19:13:13.542+0000] {processor.py:840} INFO - DAG(s) 'example_branch_labels' retrieved from /home/airflow/.local/lib/python3.12/site-packages/airflow/example_dags/example_branch_labels.py
[2024-04-14T19:13:13.559+0000] {logging_mixin.py:188} INFO - [2024-04-14T19:13:13.559+0000] {dag.py:3096} INFO - Sync 1 DAGs
[2024-04-14T19:13:13.577+0000] {logging_mixin.py:188} INFO - [2024-04-14T19:13:13.576+0000] {dag.py:3954} INFO - Setting next_dagrun for example_branch_labels to 2024-04-13 00:00:00+00:00, run_after=2024-04-14 00:00:00+00:00
[2024-04-14T19:13:13.593+0000] {processor.py:183} INFO - Processing /home/airflow/.local/lib/python3.12/site-packages/airflow/example_dags/example_branch_labels.py took 0.064 seconds
[2024-04-14T19:13:43.844+0000] {processor.py:161} INFO - Started process (PID=2423) to work on /home/airflow/.local/lib/python3.12/site-packages/airflow/example_dags/example_branch_labels.py
[2024-04-14T19:13:43.844+0000] {processor.py:830} INFO - Processing file /home/airflow/.local/lib/python3.12/site-packages/airflow/example_dags/example_branch_labels.py for tasks to queue
[2024-04-14T19:13:43.846+0000] {logging_mixin.py:188} INFO - [2024-04-14T19:13:43.846+0000] {dagbag.py:540} INFO - Filling up the DagBag from /home/airflow/.local/lib/python3.12/site-packages/airflow/example_dags/example_branch_labels.py
[2024-04-14T19:13:43.852+0000] {processor.py:840} INFO - DAG(s) 'example_branch_labels' retrieved from /home/airflow/.local/lib/python3.12/site-packages/airflow/example_dags/example_branch_labels.py
[2024-04-14T19:13:43.871+0000] {logging_mixin.py:188} INFO - [2024-04-14T19:13:43.871+0000] {dag.py:3096} INFO - Sync 1 DAGs
[2024-04-14T19:13:43.890+0000] {logging_mixin.py:188} INFO - [2024-04-14T19:13:43.890+0000] {dag.py:3954} INFO - Setting next_dagrun for example_branch_labels to 2024-04-13 00:00:00+00:00, run_after=2024-04-14 00:00:00+00:00
[2024-04-14T19:13:43.905+0000] {processor.py:183} INFO - Processing /home/airflow/.local/lib/python3.12/site-packages/airflow/example_dags/example_branch_labels.py took 0.067 seconds
[2024-04-14T19:14:14.416+0000] {processor.py:161} INFO - Started process (PID=2483) to work on /home/airflow/.local/lib/python3.12/site-packages/airflow/example_dags/example_branch_labels.py
[2024-04-14T19:14:14.417+0000] {processor.py:830} INFO - Processing file /home/airflow/.local/lib/python3.12/site-packages/airflow/example_dags/example_branch_labels.py for tasks to queue
[2024-04-14T19:14:14.419+0000] {logging_mixin.py:188} INFO - [2024-04-14T19:14:14.419+0000] {dagbag.py:540} INFO - Filling up the DagBag from /home/airflow/.local/lib/python3.12/site-packages/airflow/example_dags/example_branch_labels.py
[2024-04-14T19:14:14.426+0000] {processor.py:840} INFO - DAG(s) 'example_branch_labels' retrieved from /home/airflow/.local/lib/python3.12/site-packages/airflow/example_dags/example_branch_labels.py
[2024-04-14T19:14:14.446+0000] {logging_mixin.py:188} INFO - [2024-04-14T19:14:14.446+0000] {dag.py:3096} INFO - Sync 1 DAGs
[2024-04-14T19:14:14.469+0000] {logging_mixin.py:188} INFO - [2024-04-14T19:14:14.469+0000] {dag.py:3954} INFO - Setting next_dagrun for example_branch_labels to 2024-04-13 00:00:00+00:00, run_after=2024-04-14 00:00:00+00:00
[2024-04-14T19:14:14.489+0000] {processor.py:183} INFO - Processing /home/airflow/.local/lib/python3.12/site-packages/airflow/example_dags/example_branch_labels.py took 0.080 seconds
[2024-04-14T19:14:44.894+0000] {processor.py:161} INFO - Started process (PID=2545) to work on /home/airflow/.local/lib/python3.12/site-packages/airflow/example_dags/example_branch_labels.py
[2024-04-14T19:14:44.895+0000] {processor.py:830} INFO - Processing file /home/airflow/.local/lib/python3.12/site-packages/airflow/example_dags/example_branch_labels.py for tasks to queue
[2024-04-14T19:14:44.896+0000] {logging_mixin.py:188} INFO - [2024-04-14T19:14:44.896+0000] {dagbag.py:540} INFO - Filling up the DagBag from /home/airflow/.local/lib/python3.12/site-packages/airflow/example_dags/example_branch_labels.py
[2024-04-14T19:14:44.902+0000] {processor.py:840} INFO - DAG(s) 'example_branch_labels' retrieved from /home/airflow/.local/lib/python3.12/site-packages/airflow/example_dags/example_branch_labels.py
[2024-04-14T19:14:44.921+0000] {logging_mixin.py:188} INFO - [2024-04-14T19:14:44.921+0000] {dag.py:3096} INFO - Sync 1 DAGs
[2024-04-14T19:14:44.940+0000] {logging_mixin.py:188} INFO - [2024-04-14T19:14:44.940+0000] {dag.py:3954} INFO - Setting next_dagrun for example_branch_labels to 2024-04-13 00:00:00+00:00, run_after=2024-04-14 00:00:00+00:00
[2024-04-14T19:14:44.960+0000] {processor.py:183} INFO - Processing /home/airflow/.local/lib/python3.12/site-packages/airflow/example_dags/example_branch_labels.py took 0.070 seconds
[2024-04-14T19:15:15.227+0000] {processor.py:161} INFO - Started process (PID=2605) to work on /home/airflow/.local/lib/python3.12/site-packages/airflow/example_dags/example_branch_labels.py
[2024-04-14T19:15:15.227+0000] {processor.py:830} INFO - Processing file /home/airflow/.local/lib/python3.12/site-packages/airflow/example_dags/example_branch_labels.py for tasks to queue
[2024-04-14T19:15:15.229+0000] {logging_mixin.py:188} INFO - [2024-04-14T19:15:15.229+0000] {dagbag.py:540} INFO - Filling up the DagBag from /home/airflow/.local/lib/python3.12/site-packages/airflow/example_dags/example_branch_labels.py
[2024-04-14T19:15:15.239+0000] {processor.py:840} INFO - DAG(s) 'example_branch_labels' retrieved from /home/airflow/.local/lib/python3.12/site-packages/airflow/example_dags/example_branch_labels.py
[2024-04-14T19:15:15.275+0000] {logging_mixin.py:188} INFO - [2024-04-14T19:15:15.275+0000] {dag.py:3096} INFO - Sync 1 DAGs
[2024-04-14T19:15:15.294+0000] {logging_mixin.py:188} INFO - [2024-04-14T19:15:15.294+0000] {dag.py:3954} INFO - Setting next_dagrun for example_branch_labels to 2024-04-13 00:00:00+00:00, run_after=2024-04-14 00:00:00+00:00
[2024-04-14T19:15:15.311+0000] {processor.py:183} INFO - Processing /home/airflow/.local/lib/python3.12/site-packages/airflow/example_dags/example_branch_labels.py took 0.088 seconds
[2024-04-14T19:15:45.570+0000] {processor.py:161} INFO - Started process (PID=2665) to work on /home/airflow/.local/lib/python3.12/site-packages/airflow/example_dags/example_branch_labels.py
[2024-04-14T19:15:45.571+0000] {processor.py:830} INFO - Processing file /home/airflow/.local/lib/python3.12/site-packages/airflow/example_dags/example_branch_labels.py for tasks to queue
[2024-04-14T19:15:45.573+0000] {logging_mixin.py:188} INFO - [2024-04-14T19:15:45.572+0000] {dagbag.py:540} INFO - Filling up the DagBag from /home/airflow/.local/lib/python3.12/site-packages/airflow/example_dags/example_branch_labels.py
[2024-04-14T19:15:45.579+0000] {processor.py:840} INFO - DAG(s) 'example_branch_labels' retrieved from /home/airflow/.local/lib/python3.12/site-packages/airflow/example_dags/example_branch_labels.py
[2024-04-14T19:15:45.599+0000] {logging_mixin.py:188} INFO - [2024-04-14T19:15:45.598+0000] {dag.py:3096} INFO - Sync 1 DAGs
[2024-04-14T19:15:45.619+0000] {logging_mixin.py:188} INFO - [2024-04-14T19:15:45.619+0000] {dag.py:3954} INFO - Setting next_dagrun for example_branch_labels to 2024-04-13 00:00:00+00:00, run_after=2024-04-14 00:00:00+00:00
[2024-04-14T19:15:45.635+0000] {processor.py:183} INFO - Processing /home/airflow/.local/lib/python3.12/site-packages/airflow/example_dags/example_branch_labels.py took 0.070 seconds
[2024-04-14T19:16:15.864+0000] {processor.py:161} INFO - Started process (PID=2725) to work on /home/airflow/.local/lib/python3.12/site-packages/airflow/example_dags/example_branch_labels.py
[2024-04-14T19:16:15.865+0000] {processor.py:830} INFO - Processing file /home/airflow/.local/lib/python3.12/site-packages/airflow/example_dags/example_branch_labels.py for tasks to queue
[2024-04-14T19:16:15.866+0000] {logging_mixin.py:188} INFO - [2024-04-14T19:16:15.866+0000] {dagbag.py:540} INFO - Filling up the DagBag from /home/airflow/.local/lib/python3.12/site-packages/airflow/example_dags/example_branch_labels.py
[2024-04-14T19:16:15.872+0000] {processor.py:840} INFO - DAG(s) 'example_branch_labels' retrieved from /home/airflow/.local/lib/python3.12/site-packages/airflow/example_dags/example_branch_labels.py
[2024-04-14T19:16:15.890+0000] {logging_mixin.py:188} INFO - [2024-04-14T19:16:15.890+0000] {dag.py:3096} INFO - Sync 1 DAGs
[2024-04-14T19:16:15.909+0000] {logging_mixin.py:188} INFO - [2024-04-14T19:16:15.909+0000] {dag.py:3954} INFO - Setting next_dagrun for example_branch_labels to 2024-04-13 00:00:00+00:00, run_after=2024-04-14 00:00:00+00:00
[2024-04-14T19:16:15.925+0000] {processor.py:183} INFO - Processing /home/airflow/.local/lib/python3.12/site-packages/airflow/example_dags/example_branch_labels.py took 0.066 seconds
[2024-04-14T19:16:46.250+0000] {processor.py:161} INFO - Started process (PID=2785) to work on /home/airflow/.local/lib/python3.12/site-packages/airflow/example_dags/example_branch_labels.py
[2024-04-14T19:16:46.251+0000] {processor.py:830} INFO - Processing file /home/airflow/.local/lib/python3.12/site-packages/airflow/example_dags/example_branch_labels.py for tasks to queue
[2024-04-14T19:16:46.252+0000] {logging_mixin.py:188} INFO - [2024-04-14T19:16:46.252+0000] {dagbag.py:540} INFO - Filling up the DagBag from /home/airflow/.local/lib/python3.12/site-packages/airflow/example_dags/example_branch_labels.py
[2024-04-14T19:16:46.258+0000] {processor.py:840} INFO - DAG(s) 'example_branch_labels' retrieved from /home/airflow/.local/lib/python3.12/site-packages/airflow/example_dags/example_branch_labels.py
[2024-04-14T19:16:46.277+0000] {logging_mixin.py:188} INFO - [2024-04-14T19:16:46.277+0000] {dag.py:3096} INFO - Sync 1 DAGs
[2024-04-14T19:16:46.301+0000] {logging_mixin.py:188} INFO - [2024-04-14T19:16:46.301+0000] {dag.py:3954} INFO - Setting next_dagrun for example_branch_labels to 2024-04-13 00:00:00+00:00, run_after=2024-04-14 00:00:00+00:00
[2024-04-14T19:16:46.320+0000] {processor.py:183} INFO - Processing /home/airflow/.local/lib/python3.12/site-packages/airflow/example_dags/example_branch_labels.py took 0.075 seconds
[2024-04-14T19:17:16.745+0000] {processor.py:161} INFO - Started process (PID=2845) to work on /home/airflow/.local/lib/python3.12/site-packages/airflow/example_dags/example_branch_labels.py
[2024-04-14T19:17:16.746+0000] {processor.py:830} INFO - Processing file /home/airflow/.local/lib/python3.12/site-packages/airflow/example_dags/example_branch_labels.py for tasks to queue
[2024-04-14T19:17:16.748+0000] {logging_mixin.py:188} INFO - [2024-04-14T19:17:16.748+0000] {dagbag.py:540} INFO - Filling up the DagBag from /home/airflow/.local/lib/python3.12/site-packages/airflow/example_dags/example_branch_labels.py
[2024-04-14T19:17:16.754+0000] {processor.py:840} INFO - DAG(s) 'example_branch_labels' retrieved from /home/airflow/.local/lib/python3.12/site-packages/airflow/example_dags/example_branch_labels.py
[2024-04-14T19:17:16.777+0000] {logging_mixin.py:188} INFO - [2024-04-14T19:17:16.777+0000] {dag.py:3096} INFO - Sync 1 DAGs
[2024-04-14T19:17:16.799+0000] {logging_mixin.py:188} INFO - [2024-04-14T19:17:16.799+0000] {dag.py:3954} INFO - Setting next_dagrun for example_branch_labels to 2024-04-13 00:00:00+00:00, run_after=2024-04-14 00:00:00+00:00
[2024-04-14T19:17:16.819+0000] {processor.py:183} INFO - Processing /home/airflow/.local/lib/python3.12/site-packages/airflow/example_dags/example_branch_labels.py took 0.079 seconds
[2024-04-14T19:17:47.364+0000] {processor.py:161} INFO - Started process (PID=2905) to work on /home/airflow/.local/lib/python3.12/site-packages/airflow/example_dags/example_branch_labels.py
[2024-04-14T19:17:47.365+0000] {processor.py:830} INFO - Processing file /home/airflow/.local/lib/python3.12/site-packages/airflow/example_dags/example_branch_labels.py for tasks to queue
[2024-04-14T19:17:47.367+0000] {logging_mixin.py:188} INFO - [2024-04-14T19:17:47.367+0000] {dagbag.py:540} INFO - Filling up the DagBag from /home/airflow/.local/lib/python3.12/site-packages/airflow/example_dags/example_branch_labels.py
[2024-04-14T19:17:47.373+0000] {processor.py:840} INFO - DAG(s) 'example_branch_labels' retrieved from /home/airflow/.local/lib/python3.12/site-packages/airflow/example_dags/example_branch_labels.py
[2024-04-14T19:17:47.395+0000] {logging_mixin.py:188} INFO - [2024-04-14T19:17:47.394+0000] {dag.py:3096} INFO - Sync 1 DAGs
[2024-04-14T19:17:47.413+0000] {logging_mixin.py:188} INFO - [2024-04-14T19:17:47.413+0000] {dag.py:3954} INFO - Setting next_dagrun for example_branch_labels to 2024-04-13 00:00:00+00:00, run_after=2024-04-14 00:00:00+00:00
[2024-04-14T19:17:47.428+0000] {processor.py:183} INFO - Processing /home/airflow/.local/lib/python3.12/site-packages/airflow/example_dags/example_branch_labels.py took 0.069 seconds
[2024-04-14T19:18:17.638+0000] {processor.py:161} INFO - Started process (PID=2969) to work on /home/airflow/.local/lib/python3.12/site-packages/airflow/example_dags/example_branch_labels.py
[2024-04-14T19:18:17.639+0000] {processor.py:830} INFO - Processing file /home/airflow/.local/lib/python3.12/site-packages/airflow/example_dags/example_branch_labels.py for tasks to queue
[2024-04-14T19:18:17.641+0000] {logging_mixin.py:188} INFO - [2024-04-14T19:18:17.640+0000] {dagbag.py:540} INFO - Filling up the DagBag from /home/airflow/.local/lib/python3.12/site-packages/airflow/example_dags/example_branch_labels.py
[2024-04-14T19:18:17.646+0000] {processor.py:840} INFO - DAG(s) 'example_branch_labels' retrieved from /home/airflow/.local/lib/python3.12/site-packages/airflow/example_dags/example_branch_labels.py
[2024-04-14T19:18:17.665+0000] {logging_mixin.py:188} INFO - [2024-04-14T19:18:17.665+0000] {dag.py:3096} INFO - Sync 1 DAGs
[2024-04-14T19:18:17.683+0000] {logging_mixin.py:188} INFO - [2024-04-14T19:18:17.683+0000] {dag.py:3954} INFO - Setting next_dagrun for example_branch_labels to 2024-04-13 00:00:00+00:00, run_after=2024-04-14 00:00:00+00:00
[2024-04-14T19:18:17.699+0000] {processor.py:183} INFO - Processing /home/airflow/.local/lib/python3.12/site-packages/airflow/example_dags/example_branch_labels.py took 0.065 seconds
[2024-04-14T19:18:47.907+0000] {processor.py:161} INFO - Started process (PID=3029) to work on /home/airflow/.local/lib/python3.12/site-packages/airflow/example_dags/example_branch_labels.py
[2024-04-14T19:18:47.908+0000] {processor.py:830} INFO - Processing file /home/airflow/.local/lib/python3.12/site-packages/airflow/example_dags/example_branch_labels.py for tasks to queue
[2024-04-14T19:18:47.910+0000] {logging_mixin.py:188} INFO - [2024-04-14T19:18:47.909+0000] {dagbag.py:540} INFO - Filling up the DagBag from /home/airflow/.local/lib/python3.12/site-packages/airflow/example_dags/example_branch_labels.py
[2024-04-14T19:18:47.916+0000] {processor.py:840} INFO - DAG(s) 'example_branch_labels' retrieved from /home/airflow/.local/lib/python3.12/site-packages/airflow/example_dags/example_branch_labels.py
[2024-04-14T19:18:47.935+0000] {logging_mixin.py:188} INFO - [2024-04-14T19:18:47.935+0000] {dag.py:3096} INFO - Sync 1 DAGs
[2024-04-14T19:18:47.955+0000] {logging_mixin.py:188} INFO - [2024-04-14T19:18:47.955+0000] {dag.py:3954} INFO - Setting next_dagrun for example_branch_labels to 2024-04-13 00:00:00+00:00, run_after=2024-04-14 00:00:00+00:00
[2024-04-14T19:18:47.981+0000] {processor.py:183} INFO - Processing /home/airflow/.local/lib/python3.12/site-packages/airflow/example_dags/example_branch_labels.py took 0.078 seconds
[2024-04-14T19:19:18.049+0000] {processor.py:161} INFO - Started process (PID=3090) to work on /home/airflow/.local/lib/python3.12/site-packages/airflow/example_dags/example_branch_labels.py
[2024-04-14T19:19:18.049+0000] {processor.py:830} INFO - Processing file /home/airflow/.local/lib/python3.12/site-packages/airflow/example_dags/example_branch_labels.py for tasks to queue
[2024-04-14T19:19:18.051+0000] {logging_mixin.py:188} INFO - [2024-04-14T19:19:18.051+0000] {dagbag.py:540} INFO - Filling up the DagBag from /home/airflow/.local/lib/python3.12/site-packages/airflow/example_dags/example_branch_labels.py
[2024-04-14T19:19:18.057+0000] {processor.py:840} INFO - DAG(s) 'example_branch_labels' retrieved from /home/airflow/.local/lib/python3.12/site-packages/airflow/example_dags/example_branch_labels.py
[2024-04-14T19:19:18.076+0000] {logging_mixin.py:188} INFO - [2024-04-14T19:19:18.076+0000] {dag.py:3096} INFO - Sync 1 DAGs
[2024-04-14T19:19:18.096+0000] {logging_mixin.py:188} INFO - [2024-04-14T19:19:18.096+0000] {dag.py:3954} INFO - Setting next_dagrun for example_branch_labels to 2024-04-13 00:00:00+00:00, run_after=2024-04-14 00:00:00+00:00
[2024-04-14T19:19:18.112+0000] {processor.py:183} INFO - Processing /home/airflow/.local/lib/python3.12/site-packages/airflow/example_dags/example_branch_labels.py took 0.068 seconds
[2024-04-14T19:19:48.553+0000] {processor.py:161} INFO - Started process (PID=3150) to work on /home/airflow/.local/lib/python3.12/site-packages/airflow/example_dags/example_branch_labels.py
[2024-04-14T19:19:48.553+0000] {processor.py:830} INFO - Processing file /home/airflow/.local/lib/python3.12/site-packages/airflow/example_dags/example_branch_labels.py for tasks to queue
[2024-04-14T19:19:48.554+0000] {logging_mixin.py:188} INFO - [2024-04-14T19:19:48.554+0000] {dagbag.py:540} INFO - Filling up the DagBag from /home/airflow/.local/lib/python3.12/site-packages/airflow/example_dags/example_branch_labels.py
[2024-04-14T19:19:48.560+0000] {processor.py:840} INFO - DAG(s) 'example_branch_labels' retrieved from /home/airflow/.local/lib/python3.12/site-packages/airflow/example_dags/example_branch_labels.py
[2024-04-14T19:19:48.580+0000] {logging_mixin.py:188} INFO - [2024-04-14T19:19:48.579+0000] {dag.py:3096} INFO - Sync 1 DAGs
[2024-04-14T19:19:48.598+0000] {logging_mixin.py:188} INFO - [2024-04-14T19:19:48.597+0000] {dag.py:3954} INFO - Setting next_dagrun for example_branch_labels to 2024-04-13 00:00:00+00:00, run_after=2024-04-14 00:00:00+00:00
[2024-04-14T19:19:48.614+0000] {processor.py:183} INFO - Processing /home/airflow/.local/lib/python3.12/site-packages/airflow/example_dags/example_branch_labels.py took 0.066 seconds
[2024-04-14T19:20:18.837+0000] {processor.py:161} INFO - Started process (PID=3210) to work on /home/airflow/.local/lib/python3.12/site-packages/airflow/example_dags/example_branch_labels.py
[2024-04-14T19:20:18.838+0000] {processor.py:830} INFO - Processing file /home/airflow/.local/lib/python3.12/site-packages/airflow/example_dags/example_branch_labels.py for tasks to queue
[2024-04-14T19:20:18.839+0000] {logging_mixin.py:188} INFO - [2024-04-14T19:20:18.839+0000] {dagbag.py:540} INFO - Filling up the DagBag from /home/airflow/.local/lib/python3.12/site-packages/airflow/example_dags/example_branch_labels.py
[2024-04-14T19:20:18.846+0000] {processor.py:840} INFO - DAG(s) 'example_branch_labels' retrieved from /home/airflow/.local/lib/python3.12/site-packages/airflow/example_dags/example_branch_labels.py
[2024-04-14T19:20:18.865+0000] {logging_mixin.py:188} INFO - [2024-04-14T19:20:18.864+0000] {dag.py:3096} INFO - Sync 1 DAGs
[2024-04-14T19:20:18.885+0000] {logging_mixin.py:188} INFO - [2024-04-14T19:20:18.885+0000] {dag.py:3954} INFO - Setting next_dagrun for example_branch_labels to 2024-04-13 00:00:00+00:00, run_after=2024-04-14 00:00:00+00:00
[2024-04-14T19:20:18.904+0000] {processor.py:183} INFO - Processing /home/airflow/.local/lib/python3.12/site-packages/airflow/example_dags/example_branch_labels.py took 0.072 seconds
[2024-04-14T19:20:49.744+0000] {processor.py:161} INFO - Started process (PID=3270) to work on /home/airflow/.local/lib/python3.12/site-packages/airflow/example_dags/example_branch_labels.py
[2024-04-14T19:20:49.745+0000] {processor.py:830} INFO - Processing file /home/airflow/.local/lib/python3.12/site-packages/airflow/example_dags/example_branch_labels.py for tasks to queue
[2024-04-14T19:20:49.747+0000] {logging_mixin.py:188} INFO - [2024-04-14T19:20:49.747+0000] {dagbag.py:540} INFO - Filling up the DagBag from /home/airflow/.local/lib/python3.12/site-packages/airflow/example_dags/example_branch_labels.py
[2024-04-14T19:20:49.753+0000] {processor.py:840} INFO - DAG(s) 'example_branch_labels' retrieved from /home/airflow/.local/lib/python3.12/site-packages/airflow/example_dags/example_branch_labels.py
[2024-04-14T19:20:49.771+0000] {logging_mixin.py:188} INFO - [2024-04-14T19:20:49.771+0000] {dag.py:3096} INFO - Sync 1 DAGs
[2024-04-14T19:20:49.791+0000] {logging_mixin.py:188} INFO - [2024-04-14T19:20:49.791+0000] {dag.py:3954} INFO - Setting next_dagrun for example_branch_labels to 2024-04-13 00:00:00+00:00, run_after=2024-04-14 00:00:00+00:00
[2024-04-14T19:20:49.812+0000] {processor.py:183} INFO - Processing /home/airflow/.local/lib/python3.12/site-packages/airflow/example_dags/example_branch_labels.py took 0.072 seconds
[2024-04-14T19:21:19.959+0000] {processor.py:161} INFO - Started process (PID=3330) to work on /home/airflow/.local/lib/python3.12/site-packages/airflow/example_dags/example_branch_labels.py
[2024-04-14T19:21:19.960+0000] {processor.py:830} INFO - Processing file /home/airflow/.local/lib/python3.12/site-packages/airflow/example_dags/example_branch_labels.py for tasks to queue
[2024-04-14T19:21:19.961+0000] {logging_mixin.py:188} INFO - [2024-04-14T19:21:19.961+0000] {dagbag.py:540} INFO - Filling up the DagBag from /home/airflow/.local/lib/python3.12/site-packages/airflow/example_dags/example_branch_labels.py
[2024-04-14T19:21:19.967+0000] {processor.py:840} INFO - DAG(s) 'example_branch_labels' retrieved from /home/airflow/.local/lib/python3.12/site-packages/airflow/example_dags/example_branch_labels.py
[2024-04-14T19:21:19.985+0000] {logging_mixin.py:188} INFO - [2024-04-14T19:21:19.984+0000] {dag.py:3096} INFO - Sync 1 DAGs
[2024-04-14T19:21:20.004+0000] {logging_mixin.py:188} INFO - [2024-04-14T19:21:20.003+0000] {dag.py:3954} INFO - Setting next_dagrun for example_branch_labels to 2024-04-13 00:00:00+00:00, run_after=2024-04-14 00:00:00+00:00
[2024-04-14T19:21:20.019+0000] {processor.py:183} INFO - Processing /home/airflow/.local/lib/python3.12/site-packages/airflow/example_dags/example_branch_labels.py took 0.065 seconds
