[2024-04-14T18:54:05.184+0000] {processor.py:161} INFO - Started process (PID=93) to work on /home/airflow/.local/lib/python3.12/site-packages/airflow/example_dags/example_kubernetes_executor.py
[2024-04-14T18:54:05.185+0000] {processor.py:830} INFO - Processing file /home/airflow/.local/lib/python3.12/site-packages/airflow/example_dags/example_kubernetes_executor.py for tasks to queue
[2024-04-14T18:54:05.187+0000] {logging_mixin.py:188} INFO - [2024-04-14T18:54:05.186+0000] {dagbag.py:540} INFO - Filling up the DagBag from /home/airflow/.local/lib/python3.12/site-packages/airflow/example_dags/example_kubernetes_executor.py
[2024-04-14T18:54:05.212+0000] {processor.py:840} INFO - DAG(s) 'example_kubernetes_executor' retrieved from /home/airflow/.local/lib/python3.12/site-packages/airflow/example_dags/example_kubernetes_executor.py
[2024-04-14T18:54:05.578+0000] {logging_mixin.py:188} INFO - [2024-04-14T18:54:05.576+0000] {override.py:1829} INFO - Created Permission View: can edit on DAG:example_kubernetes_executor
[2024-04-14T18:54:05.593+0000] {logging_mixin.py:188} INFO - [2024-04-14T18:54:05.592+0000] {override.py:1829} INFO - Created Permission View: can delete on DAG:example_kubernetes_executor
[2024-04-14T18:54:05.602+0000] {logging_mixin.py:188} INFO - [2024-04-14T18:54:05.601+0000] {override.py:1829} INFO - Created Permission View: can read on DAG:example_kubernetes_executor
[2024-04-14T18:54:05.603+0000] {logging_mixin.py:188} INFO - [2024-04-14T18:54:05.602+0000] {dag.py:3096} INFO - Sync 1 DAGs
[2024-04-14T18:54:05.633+0000] {logging_mixin.py:188} INFO - [2024-04-14T18:54:05.632+0000] {dag.py:3118} INFO - Creating ORM DAG for example_kubernetes_executor
[2024-04-14T18:54:05.635+0000] {logging_mixin.py:188} INFO - [2024-04-14T18:54:05.635+0000] {dag.py:3954} INFO - Setting next_dagrun for example_kubernetes_executor to None, run_after=None
[2024-04-14T18:54:05.664+0000] {processor.py:183} INFO - Processing /home/airflow/.local/lib/python3.12/site-packages/airflow/example_dags/example_kubernetes_executor.py took 0.486 seconds
[2024-04-14T18:54:35.824+0000] {processor.py:161} INFO - Started process (PID=153) to work on /home/airflow/.local/lib/python3.12/site-packages/airflow/example_dags/example_kubernetes_executor.py
[2024-04-14T18:54:35.827+0000] {processor.py:830} INFO - Processing file /home/airflow/.local/lib/python3.12/site-packages/airflow/example_dags/example_kubernetes_executor.py for tasks to queue
[2024-04-14T18:54:35.830+0000] {logging_mixin.py:188} INFO - [2024-04-14T18:54:35.829+0000] {dagbag.py:540} INFO - Filling up the DagBag from /home/airflow/.local/lib/python3.12/site-packages/airflow/example_dags/example_kubernetes_executor.py
[2024-04-14T18:54:35.861+0000] {processor.py:840} INFO - DAG(s) 'example_kubernetes_executor' retrieved from /home/airflow/.local/lib/python3.12/site-packages/airflow/example_dags/example_kubernetes_executor.py
[2024-04-14T18:54:35.955+0000] {logging_mixin.py:188} INFO - [2024-04-14T18:54:35.955+0000] {dag.py:3096} INFO - Sync 1 DAGs
[2024-04-14T18:54:35.998+0000] {logging_mixin.py:188} INFO - [2024-04-14T18:54:35.998+0000] {dag.py:3954} INFO - Setting next_dagrun for example_kubernetes_executor to None, run_after=None
[2024-04-14T18:54:36.055+0000] {processor.py:183} INFO - Processing /home/airflow/.local/lib/python3.12/site-packages/airflow/example_dags/example_kubernetes_executor.py took 0.242 seconds
[2024-04-14T18:55:06.689+0000] {processor.py:161} INFO - Started process (PID=213) to work on /home/airflow/.local/lib/python3.12/site-packages/airflow/example_dags/example_kubernetes_executor.py
[2024-04-14T18:55:06.691+0000] {processor.py:830} INFO - Processing file /home/airflow/.local/lib/python3.12/site-packages/airflow/example_dags/example_kubernetes_executor.py for tasks to queue
[2024-04-14T18:55:06.696+0000] {logging_mixin.py:188} INFO - [2024-04-14T18:55:06.695+0000] {dagbag.py:540} INFO - Filling up the DagBag from /home/airflow/.local/lib/python3.12/site-packages/airflow/example_dags/example_kubernetes_executor.py
[2024-04-14T18:55:06.718+0000] {processor.py:840} INFO - DAG(s) 'example_kubernetes_executor' retrieved from /home/airflow/.local/lib/python3.12/site-packages/airflow/example_dags/example_kubernetes_executor.py
[2024-04-14T18:55:06.768+0000] {logging_mixin.py:188} INFO - [2024-04-14T18:55:06.768+0000] {dag.py:3096} INFO - Sync 1 DAGs
[2024-04-14T18:55:06.780+0000] {logging_mixin.py:188} INFO - [2024-04-14T18:55:06.780+0000] {dag.py:3954} INFO - Setting next_dagrun for example_kubernetes_executor to None, run_after=None
[2024-04-14T18:55:06.801+0000] {processor.py:183} INFO - Processing /home/airflow/.local/lib/python3.12/site-packages/airflow/example_dags/example_kubernetes_executor.py took 0.124 seconds
[2024-04-14T18:55:39.430+0000] {processor.py:161} INFO - Started process (PID=273) to work on /home/airflow/.local/lib/python3.12/site-packages/airflow/example_dags/example_kubernetes_executor.py
[2024-04-14T18:55:39.434+0000] {processor.py:830} INFO - Processing file /home/airflow/.local/lib/python3.12/site-packages/airflow/example_dags/example_kubernetes_executor.py for tasks to queue
[2024-04-14T18:55:39.439+0000] {logging_mixin.py:188} INFO - [2024-04-14T18:55:39.438+0000] {dagbag.py:540} INFO - Filling up the DagBag from /home/airflow/.local/lib/python3.12/site-packages/airflow/example_dags/example_kubernetes_executor.py
[2024-04-14T18:55:39.473+0000] {processor.py:840} INFO - DAG(s) 'example_kubernetes_executor' retrieved from /home/airflow/.local/lib/python3.12/site-packages/airflow/example_dags/example_kubernetes_executor.py
[2024-04-14T18:55:39.566+0000] {logging_mixin.py:188} INFO - [2024-04-14T18:55:39.566+0000] {dag.py:3096} INFO - Sync 1 DAGs
[2024-04-14T18:55:39.616+0000] {logging_mixin.py:188} INFO - [2024-04-14T18:55:39.615+0000] {dag.py:3954} INFO - Setting next_dagrun for example_kubernetes_executor to None, run_after=None
[2024-04-14T18:55:39.672+0000] {processor.py:183} INFO - Processing /home/airflow/.local/lib/python3.12/site-packages/airflow/example_dags/example_kubernetes_executor.py took 0.253 seconds
[2024-04-14T18:56:13.926+0000] {processor.py:161} INFO - Started process (PID=333) to work on /home/airflow/.local/lib/python3.12/site-packages/airflow/example_dags/example_kubernetes_executor.py
[2024-04-14T18:56:13.928+0000] {processor.py:830} INFO - Processing file /home/airflow/.local/lib/python3.12/site-packages/airflow/example_dags/example_kubernetes_executor.py for tasks to queue
[2024-04-14T18:56:13.933+0000] {logging_mixin.py:188} INFO - [2024-04-14T18:56:13.932+0000] {dagbag.py:540} INFO - Filling up the DagBag from /home/airflow/.local/lib/python3.12/site-packages/airflow/example_dags/example_kubernetes_executor.py
[2024-04-14T18:56:13.975+0000] {processor.py:840} INFO - DAG(s) 'example_kubernetes_executor' retrieved from /home/airflow/.local/lib/python3.12/site-packages/airflow/example_dags/example_kubernetes_executor.py
[2024-04-14T18:56:14.271+0000] {logging_mixin.py:188} INFO - [2024-04-14T18:56:14.270+0000] {dag.py:3096} INFO - Sync 1 DAGs
[2024-04-14T18:56:14.339+0000] {logging_mixin.py:188} INFO - [2024-04-14T18:56:14.339+0000] {dag.py:3954} INFO - Setting next_dagrun for example_kubernetes_executor to None, run_after=None
[2024-04-14T18:56:14.428+0000] {processor.py:183} INFO - Processing /home/airflow/.local/lib/python3.12/site-packages/airflow/example_dags/example_kubernetes_executor.py took 0.526 seconds
[2024-04-14T18:56:44.536+0000] {processor.py:161} INFO - Started process (PID=394) to work on /home/airflow/.local/lib/python3.12/site-packages/airflow/example_dags/example_kubernetes_executor.py
[2024-04-14T18:56:44.537+0000] {processor.py:830} INFO - Processing file /home/airflow/.local/lib/python3.12/site-packages/airflow/example_dags/example_kubernetes_executor.py for tasks to queue
[2024-04-14T18:56:44.539+0000] {logging_mixin.py:188} INFO - [2024-04-14T18:56:44.539+0000] {dagbag.py:540} INFO - Filling up the DagBag from /home/airflow/.local/lib/python3.12/site-packages/airflow/example_dags/example_kubernetes_executor.py
[2024-04-14T18:56:44.551+0000] {processor.py:840} INFO - DAG(s) 'example_kubernetes_executor' retrieved from /home/airflow/.local/lib/python3.12/site-packages/airflow/example_dags/example_kubernetes_executor.py
[2024-04-14T18:56:44.590+0000] {logging_mixin.py:188} INFO - [2024-04-14T18:56:44.589+0000] {dag.py:3096} INFO - Sync 1 DAGs
[2024-04-14T18:56:44.603+0000] {logging_mixin.py:188} INFO - [2024-04-14T18:56:44.603+0000] {dag.py:3954} INFO - Setting next_dagrun for example_kubernetes_executor to None, run_after=None
[2024-04-14T18:56:44.630+0000] {processor.py:183} INFO - Processing /home/airflow/.local/lib/python3.12/site-packages/airflow/example_dags/example_kubernetes_executor.py took 0.101 seconds
[2024-04-14T18:57:14.924+0000] {processor.py:161} INFO - Started process (PID=454) to work on /home/airflow/.local/lib/python3.12/site-packages/airflow/example_dags/example_kubernetes_executor.py
[2024-04-14T18:57:14.925+0000] {processor.py:830} INFO - Processing file /home/airflow/.local/lib/python3.12/site-packages/airflow/example_dags/example_kubernetes_executor.py for tasks to queue
[2024-04-14T18:57:14.926+0000] {logging_mixin.py:188} INFO - [2024-04-14T18:57:14.926+0000] {dagbag.py:540} INFO - Filling up the DagBag from /home/airflow/.local/lib/python3.12/site-packages/airflow/example_dags/example_kubernetes_executor.py
[2024-04-14T18:57:14.937+0000] {processor.py:840} INFO - DAG(s) 'example_kubernetes_executor' retrieved from /home/airflow/.local/lib/python3.12/site-packages/airflow/example_dags/example_kubernetes_executor.py
[2024-04-14T18:57:14.973+0000] {logging_mixin.py:188} INFO - [2024-04-14T18:57:14.972+0000] {dag.py:3096} INFO - Sync 1 DAGs
[2024-04-14T18:57:14.984+0000] {logging_mixin.py:188} INFO - [2024-04-14T18:57:14.984+0000] {dag.py:3954} INFO - Setting next_dagrun for example_kubernetes_executor to None, run_after=None
[2024-04-14T18:57:15.018+0000] {processor.py:183} INFO - Processing /home/airflow/.local/lib/python3.12/site-packages/airflow/example_dags/example_kubernetes_executor.py took 0.100 seconds
[2024-04-14T18:57:46.107+0000] {processor.py:161} INFO - Started process (PID=514) to work on /home/airflow/.local/lib/python3.12/site-packages/airflow/example_dags/example_kubernetes_executor.py
[2024-04-14T18:57:46.109+0000] {processor.py:830} INFO - Processing file /home/airflow/.local/lib/python3.12/site-packages/airflow/example_dags/example_kubernetes_executor.py for tasks to queue
[2024-04-14T18:57:46.116+0000] {logging_mixin.py:188} INFO - [2024-04-14T18:57:46.114+0000] {dagbag.py:540} INFO - Filling up the DagBag from /home/airflow/.local/lib/python3.12/site-packages/airflow/example_dags/example_kubernetes_executor.py
[2024-04-14T18:57:46.139+0000] {processor.py:840} INFO - DAG(s) 'example_kubernetes_executor' retrieved from /home/airflow/.local/lib/python3.12/site-packages/airflow/example_dags/example_kubernetes_executor.py
[2024-04-14T18:57:46.211+0000] {logging_mixin.py:188} INFO - [2024-04-14T18:57:46.211+0000] {dag.py:3096} INFO - Sync 1 DAGs
[2024-04-14T18:57:46.241+0000] {logging_mixin.py:188} INFO - [2024-04-14T18:57:46.240+0000] {dag.py:3954} INFO - Setting next_dagrun for example_kubernetes_executor to None, run_after=None
[2024-04-14T18:57:46.298+0000] {processor.py:183} INFO - Processing /home/airflow/.local/lib/python3.12/site-packages/airflow/example_dags/example_kubernetes_executor.py took 0.203 seconds
[2024-04-14T18:58:17.129+0000] {processor.py:161} INFO - Started process (PID=575) to work on /home/airflow/.local/lib/python3.12/site-packages/airflow/example_dags/example_kubernetes_executor.py
[2024-04-14T18:58:17.131+0000] {processor.py:830} INFO - Processing file /home/airflow/.local/lib/python3.12/site-packages/airflow/example_dags/example_kubernetes_executor.py for tasks to queue
[2024-04-14T18:58:17.137+0000] {logging_mixin.py:188} INFO - [2024-04-14T18:58:17.136+0000] {dagbag.py:540} INFO - Filling up the DagBag from /home/airflow/.local/lib/python3.12/site-packages/airflow/example_dags/example_kubernetes_executor.py
[2024-04-14T18:58:17.159+0000] {processor.py:840} INFO - DAG(s) 'example_kubernetes_executor' retrieved from /home/airflow/.local/lib/python3.12/site-packages/airflow/example_dags/example_kubernetes_executor.py
[2024-04-14T18:58:17.233+0000] {logging_mixin.py:188} INFO - [2024-04-14T18:58:17.233+0000] {dag.py:3096} INFO - Sync 1 DAGs
[2024-04-14T18:58:17.250+0000] {logging_mixin.py:188} INFO - [2024-04-14T18:58:17.250+0000] {dag.py:3954} INFO - Setting next_dagrun for example_kubernetes_executor to None, run_after=None
[2024-04-14T18:58:17.279+0000] {processor.py:183} INFO - Processing /home/airflow/.local/lib/python3.12/site-packages/airflow/example_dags/example_kubernetes_executor.py took 0.159 seconds
[2024-04-14T18:58:47.429+0000] {processor.py:161} INFO - Started process (PID=634) to work on /home/airflow/.local/lib/python3.12/site-packages/airflow/example_dags/example_kubernetes_executor.py
[2024-04-14T18:58:47.430+0000] {processor.py:830} INFO - Processing file /home/airflow/.local/lib/python3.12/site-packages/airflow/example_dags/example_kubernetes_executor.py for tasks to queue
[2024-04-14T18:58:47.431+0000] {logging_mixin.py:188} INFO - [2024-04-14T18:58:47.431+0000] {dagbag.py:540} INFO - Filling up the DagBag from /home/airflow/.local/lib/python3.12/site-packages/airflow/example_dags/example_kubernetes_executor.py
[2024-04-14T18:58:47.443+0000] {processor.py:840} INFO - DAG(s) 'example_kubernetes_executor' retrieved from /home/airflow/.local/lib/python3.12/site-packages/airflow/example_dags/example_kubernetes_executor.py
[2024-04-14T18:58:47.484+0000] {logging_mixin.py:188} INFO - [2024-04-14T18:58:47.484+0000] {dag.py:3096} INFO - Sync 1 DAGs
[2024-04-14T18:58:47.497+0000] {logging_mixin.py:188} INFO - [2024-04-14T18:58:47.497+0000] {dag.py:3954} INFO - Setting next_dagrun for example_kubernetes_executor to None, run_after=None
[2024-04-14T18:58:47.519+0000] {processor.py:183} INFO - Processing /home/airflow/.local/lib/python3.12/site-packages/airflow/example_dags/example_kubernetes_executor.py took 0.096 seconds
[2024-04-14T18:59:17.680+0000] {processor.py:161} INFO - Started process (PID=694) to work on /home/airflow/.local/lib/python3.12/site-packages/airflow/example_dags/example_kubernetes_executor.py
[2024-04-14T18:59:17.681+0000] {processor.py:830} INFO - Processing file /home/airflow/.local/lib/python3.12/site-packages/airflow/example_dags/example_kubernetes_executor.py for tasks to queue
[2024-04-14T18:59:17.683+0000] {logging_mixin.py:188} INFO - [2024-04-14T18:59:17.682+0000] {dagbag.py:540} INFO - Filling up the DagBag from /home/airflow/.local/lib/python3.12/site-packages/airflow/example_dags/example_kubernetes_executor.py
[2024-04-14T18:59:17.693+0000] {processor.py:840} INFO - DAG(s) 'example_kubernetes_executor' retrieved from /home/airflow/.local/lib/python3.12/site-packages/airflow/example_dags/example_kubernetes_executor.py
[2024-04-14T18:59:17.726+0000] {logging_mixin.py:188} INFO - [2024-04-14T18:59:17.725+0000] {dag.py:3096} INFO - Sync 1 DAGs
[2024-04-14T18:59:17.739+0000] {logging_mixin.py:188} INFO - [2024-04-14T18:59:17.738+0000] {dag.py:3954} INFO - Setting next_dagrun for example_kubernetes_executor to None, run_after=None
[2024-04-14T18:59:17.759+0000] {processor.py:183} INFO - Processing /home/airflow/.local/lib/python3.12/site-packages/airflow/example_dags/example_kubernetes_executor.py took 0.083 seconds
[2024-04-14T18:59:48.204+0000] {processor.py:161} INFO - Started process (PID=763) to work on /home/airflow/.local/lib/python3.12/site-packages/airflow/example_dags/example_kubernetes_executor.py
[2024-04-14T18:59:48.205+0000] {processor.py:830} INFO - Processing file /home/airflow/.local/lib/python3.12/site-packages/airflow/example_dags/example_kubernetes_executor.py for tasks to queue
[2024-04-14T18:59:48.206+0000] {logging_mixin.py:188} INFO - [2024-04-14T18:59:48.206+0000] {dagbag.py:540} INFO - Filling up the DagBag from /home/airflow/.local/lib/python3.12/site-packages/airflow/example_dags/example_kubernetes_executor.py
[2024-04-14T18:59:48.216+0000] {processor.py:840} INFO - DAG(s) 'example_kubernetes_executor' retrieved from /home/airflow/.local/lib/python3.12/site-packages/airflow/example_dags/example_kubernetes_executor.py
[2024-04-14T18:59:48.250+0000] {logging_mixin.py:188} INFO - [2024-04-14T18:59:48.250+0000] {dag.py:3096} INFO - Sync 1 DAGs
[2024-04-14T18:59:48.261+0000] {logging_mixin.py:188} INFO - [2024-04-14T18:59:48.261+0000] {dag.py:3954} INFO - Setting next_dagrun for example_kubernetes_executor to None, run_after=None
[2024-04-14T18:59:48.280+0000] {processor.py:183} INFO - Processing /home/airflow/.local/lib/python3.12/site-packages/airflow/example_dags/example_kubernetes_executor.py took 0.081 seconds
[2024-04-14T19:00:18.392+0000] {processor.py:161} INFO - Started process (PID=823) to work on /home/airflow/.local/lib/python3.12/site-packages/airflow/example_dags/example_kubernetes_executor.py
[2024-04-14T19:00:18.393+0000] {processor.py:830} INFO - Processing file /home/airflow/.local/lib/python3.12/site-packages/airflow/example_dags/example_kubernetes_executor.py for tasks to queue
[2024-04-14T19:00:18.394+0000] {logging_mixin.py:188} INFO - [2024-04-14T19:00:18.394+0000] {dagbag.py:540} INFO - Filling up the DagBag from /home/airflow/.local/lib/python3.12/site-packages/airflow/example_dags/example_kubernetes_executor.py
[2024-04-14T19:00:18.404+0000] {processor.py:840} INFO - DAG(s) 'example_kubernetes_executor' retrieved from /home/airflow/.local/lib/python3.12/site-packages/airflow/example_dags/example_kubernetes_executor.py
[2024-04-14T19:00:18.436+0000] {logging_mixin.py:188} INFO - [2024-04-14T19:00:18.436+0000] {dag.py:3096} INFO - Sync 1 DAGs
[2024-04-14T19:00:18.447+0000] {logging_mixin.py:188} INFO - [2024-04-14T19:00:18.447+0000] {dag.py:3954} INFO - Setting next_dagrun for example_kubernetes_executor to None, run_after=None
[2024-04-14T19:00:18.465+0000] {processor.py:183} INFO - Processing /home/airflow/.local/lib/python3.12/site-packages/airflow/example_dags/example_kubernetes_executor.py took 0.077 seconds
[2024-04-14T19:00:49.081+0000] {processor.py:161} INFO - Started process (PID=883) to work on /home/airflow/.local/lib/python3.12/site-packages/airflow/example_dags/example_kubernetes_executor.py
[2024-04-14T19:00:49.082+0000] {processor.py:830} INFO - Processing file /home/airflow/.local/lib/python3.12/site-packages/airflow/example_dags/example_kubernetes_executor.py for tasks to queue
[2024-04-14T19:00:49.083+0000] {logging_mixin.py:188} INFO - [2024-04-14T19:00:49.083+0000] {dagbag.py:540} INFO - Filling up the DagBag from /home/airflow/.local/lib/python3.12/site-packages/airflow/example_dags/example_kubernetes_executor.py
[2024-04-14T19:00:49.093+0000] {processor.py:840} INFO - DAG(s) 'example_kubernetes_executor' retrieved from /home/airflow/.local/lib/python3.12/site-packages/airflow/example_dags/example_kubernetes_executor.py
[2024-04-14T19:00:49.124+0000] {logging_mixin.py:188} INFO - [2024-04-14T19:00:49.124+0000] {dag.py:3096} INFO - Sync 1 DAGs
[2024-04-14T19:00:49.135+0000] {logging_mixin.py:188} INFO - [2024-04-14T19:00:49.135+0000] {dag.py:3954} INFO - Setting next_dagrun for example_kubernetes_executor to None, run_after=None
[2024-04-14T19:00:49.153+0000] {processor.py:183} INFO - Processing /home/airflow/.local/lib/python3.12/site-packages/airflow/example_dags/example_kubernetes_executor.py took 0.077 seconds
[2024-04-14T19:01:19.880+0000] {processor.py:161} INFO - Started process (PID=945) to work on /home/airflow/.local/lib/python3.12/site-packages/airflow/example_dags/example_kubernetes_executor.py
[2024-04-14T19:01:19.880+0000] {processor.py:830} INFO - Processing file /home/airflow/.local/lib/python3.12/site-packages/airflow/example_dags/example_kubernetes_executor.py for tasks to queue
[2024-04-14T19:01:19.882+0000] {logging_mixin.py:188} INFO - [2024-04-14T19:01:19.882+0000] {dagbag.py:540} INFO - Filling up the DagBag from /home/airflow/.local/lib/python3.12/site-packages/airflow/example_dags/example_kubernetes_executor.py
[2024-04-14T19:01:19.892+0000] {processor.py:840} INFO - DAG(s) 'example_kubernetes_executor' retrieved from /home/airflow/.local/lib/python3.12/site-packages/airflow/example_dags/example_kubernetes_executor.py
[2024-04-14T19:01:19.925+0000] {logging_mixin.py:188} INFO - [2024-04-14T19:01:19.924+0000] {dag.py:3096} INFO - Sync 1 DAGs
[2024-04-14T19:01:19.937+0000] {logging_mixin.py:188} INFO - [2024-04-14T19:01:19.937+0000] {dag.py:3954} INFO - Setting next_dagrun for example_kubernetes_executor to None, run_after=None
[2024-04-14T19:01:19.955+0000] {processor.py:183} INFO - Processing /home/airflow/.local/lib/python3.12/site-packages/airflow/example_dags/example_kubernetes_executor.py took 0.080 seconds
[2024-04-14T19:01:49.994+0000] {processor.py:161} INFO - Started process (PID=1005) to work on /home/airflow/.local/lib/python3.12/site-packages/airflow/example_dags/example_kubernetes_executor.py
[2024-04-14T19:01:49.995+0000] {processor.py:830} INFO - Processing file /home/airflow/.local/lib/python3.12/site-packages/airflow/example_dags/example_kubernetes_executor.py for tasks to queue
[2024-04-14T19:01:49.997+0000] {logging_mixin.py:188} INFO - [2024-04-14T19:01:49.996+0000] {dagbag.py:540} INFO - Filling up the DagBag from /home/airflow/.local/lib/python3.12/site-packages/airflow/example_dags/example_kubernetes_executor.py
[2024-04-14T19:01:50.007+0000] {processor.py:840} INFO - DAG(s) 'example_kubernetes_executor' retrieved from /home/airflow/.local/lib/python3.12/site-packages/airflow/example_dags/example_kubernetes_executor.py
[2024-04-14T19:01:50.038+0000] {logging_mixin.py:188} INFO - [2024-04-14T19:01:50.038+0000] {dag.py:3096} INFO - Sync 1 DAGs
[2024-04-14T19:01:50.049+0000] {logging_mixin.py:188} INFO - [2024-04-14T19:01:50.048+0000] {dag.py:3954} INFO - Setting next_dagrun for example_kubernetes_executor to None, run_after=None
[2024-04-14T19:01:50.066+0000] {processor.py:183} INFO - Processing /home/airflow/.local/lib/python3.12/site-packages/airflow/example_dags/example_kubernetes_executor.py took 0.077 seconds
[2024-04-14T19:02:20.662+0000] {processor.py:161} INFO - Started process (PID=1065) to work on /home/airflow/.local/lib/python3.12/site-packages/airflow/example_dags/example_kubernetes_executor.py
[2024-04-14T19:02:20.663+0000] {processor.py:830} INFO - Processing file /home/airflow/.local/lib/python3.12/site-packages/airflow/example_dags/example_kubernetes_executor.py for tasks to queue
[2024-04-14T19:02:20.664+0000] {logging_mixin.py:188} INFO - [2024-04-14T19:02:20.664+0000] {dagbag.py:540} INFO - Filling up the DagBag from /home/airflow/.local/lib/python3.12/site-packages/airflow/example_dags/example_kubernetes_executor.py
[2024-04-14T19:02:20.674+0000] {processor.py:840} INFO - DAG(s) 'example_kubernetes_executor' retrieved from /home/airflow/.local/lib/python3.12/site-packages/airflow/example_dags/example_kubernetes_executor.py
[2024-04-14T19:02:20.708+0000] {logging_mixin.py:188} INFO - [2024-04-14T19:02:20.708+0000] {dag.py:3096} INFO - Sync 1 DAGs
[2024-04-14T19:02:20.721+0000] {logging_mixin.py:188} INFO - [2024-04-14T19:02:20.721+0000] {dag.py:3954} INFO - Setting next_dagrun for example_kubernetes_executor to None, run_after=None
[2024-04-14T19:02:20.755+0000] {processor.py:183} INFO - Processing /home/airflow/.local/lib/python3.12/site-packages/airflow/example_dags/example_kubernetes_executor.py took 0.098 seconds
[2024-04-14T19:02:51.363+0000] {processor.py:161} INFO - Started process (PID=1131) to work on /home/airflow/.local/lib/python3.12/site-packages/airflow/example_dags/example_kubernetes_executor.py
[2024-04-14T19:02:51.364+0000] {processor.py:830} INFO - Processing file /home/airflow/.local/lib/python3.12/site-packages/airflow/example_dags/example_kubernetes_executor.py for tasks to queue
[2024-04-14T19:02:51.366+0000] {logging_mixin.py:188} INFO - [2024-04-14T19:02:51.365+0000] {dagbag.py:540} INFO - Filling up the DagBag from /home/airflow/.local/lib/python3.12/site-packages/airflow/example_dags/example_kubernetes_executor.py
[2024-04-14T19:02:51.376+0000] {processor.py:840} INFO - DAG(s) 'example_kubernetes_executor' retrieved from /home/airflow/.local/lib/python3.12/site-packages/airflow/example_dags/example_kubernetes_executor.py
[2024-04-14T19:02:51.407+0000] {logging_mixin.py:188} INFO - [2024-04-14T19:02:51.407+0000] {dag.py:3096} INFO - Sync 1 DAGs
[2024-04-14T19:02:51.418+0000] {logging_mixin.py:188} INFO - [2024-04-14T19:02:51.418+0000] {dag.py:3954} INFO - Setting next_dagrun for example_kubernetes_executor to None, run_after=None
[2024-04-14T19:02:51.435+0000] {processor.py:183} INFO - Processing /home/airflow/.local/lib/python3.12/site-packages/airflow/example_dags/example_kubernetes_executor.py took 0.076 seconds
[2024-04-14T19:03:22.017+0000] {processor.py:161} INFO - Started process (PID=1192) to work on /home/airflow/.local/lib/python3.12/site-packages/airflow/example_dags/example_kubernetes_executor.py
[2024-04-14T19:03:22.018+0000] {processor.py:830} INFO - Processing file /home/airflow/.local/lib/python3.12/site-packages/airflow/example_dags/example_kubernetes_executor.py for tasks to queue
[2024-04-14T19:03:22.020+0000] {logging_mixin.py:188} INFO - [2024-04-14T19:03:22.019+0000] {dagbag.py:540} INFO - Filling up the DagBag from /home/airflow/.local/lib/python3.12/site-packages/airflow/example_dags/example_kubernetes_executor.py
[2024-04-14T19:03:22.033+0000] {processor.py:840} INFO - DAG(s) 'example_kubernetes_executor' retrieved from /home/airflow/.local/lib/python3.12/site-packages/airflow/example_dags/example_kubernetes_executor.py
[2024-04-14T19:03:22.071+0000] {logging_mixin.py:188} INFO - [2024-04-14T19:03:22.071+0000] {dag.py:3096} INFO - Sync 1 DAGs
[2024-04-14T19:03:22.084+0000] {logging_mixin.py:188} INFO - [2024-04-14T19:03:22.083+0000] {dag.py:3954} INFO - Setting next_dagrun for example_kubernetes_executor to None, run_after=None
[2024-04-14T19:03:22.105+0000] {processor.py:183} INFO - Processing /home/airflow/.local/lib/python3.12/site-packages/airflow/example_dags/example_kubernetes_executor.py took 0.092 seconds
[2024-04-14T19:03:52.734+0000] {processor.py:161} INFO - Started process (PID=1252) to work on /home/airflow/.local/lib/python3.12/site-packages/airflow/example_dags/example_kubernetes_executor.py
[2024-04-14T19:03:52.735+0000] {processor.py:830} INFO - Processing file /home/airflow/.local/lib/python3.12/site-packages/airflow/example_dags/example_kubernetes_executor.py for tasks to queue
[2024-04-14T19:03:52.737+0000] {logging_mixin.py:188} INFO - [2024-04-14T19:03:52.736+0000] {dagbag.py:540} INFO - Filling up the DagBag from /home/airflow/.local/lib/python3.12/site-packages/airflow/example_dags/example_kubernetes_executor.py
[2024-04-14T19:03:52.746+0000] {processor.py:840} INFO - DAG(s) 'example_kubernetes_executor' retrieved from /home/airflow/.local/lib/python3.12/site-packages/airflow/example_dags/example_kubernetes_executor.py
[2024-04-14T19:03:52.779+0000] {logging_mixin.py:188} INFO - [2024-04-14T19:03:52.779+0000] {dag.py:3096} INFO - Sync 1 DAGs
[2024-04-14T19:03:52.792+0000] {logging_mixin.py:188} INFO - [2024-04-14T19:03:52.792+0000] {dag.py:3954} INFO - Setting next_dagrun for example_kubernetes_executor to None, run_after=None
[2024-04-14T19:03:52.811+0000] {processor.py:183} INFO - Processing /home/airflow/.local/lib/python3.12/site-packages/airflow/example_dags/example_kubernetes_executor.py took 0.081 seconds
[2024-04-14T19:04:23.667+0000] {processor.py:161} INFO - Started process (PID=1312) to work on /home/airflow/.local/lib/python3.12/site-packages/airflow/example_dags/example_kubernetes_executor.py
[2024-04-14T19:04:23.668+0000] {processor.py:830} INFO - Processing file /home/airflow/.local/lib/python3.12/site-packages/airflow/example_dags/example_kubernetes_executor.py for tasks to queue
[2024-04-14T19:04:23.669+0000] {logging_mixin.py:188} INFO - [2024-04-14T19:04:23.669+0000] {dagbag.py:540} INFO - Filling up the DagBag from /home/airflow/.local/lib/python3.12/site-packages/airflow/example_dags/example_kubernetes_executor.py
[2024-04-14T19:04:23.680+0000] {processor.py:840} INFO - DAG(s) 'example_kubernetes_executor' retrieved from /home/airflow/.local/lib/python3.12/site-packages/airflow/example_dags/example_kubernetes_executor.py
[2024-04-14T19:04:23.858+0000] {logging_mixin.py:188} INFO - [2024-04-14T19:04:23.858+0000] {dag.py:3096} INFO - Sync 1 DAGs
[2024-04-14T19:04:23.867+0000] {logging_mixin.py:188} INFO - [2024-04-14T19:04:23.867+0000] {dag.py:3954} INFO - Setting next_dagrun for example_kubernetes_executor to None, run_after=None
[2024-04-14T19:04:23.884+0000] {processor.py:183} INFO - Processing /home/airflow/.local/lib/python3.12/site-packages/airflow/example_dags/example_kubernetes_executor.py took 0.221 seconds
[2024-04-14T19:04:53.950+0000] {processor.py:161} INFO - Started process (PID=1376) to work on /home/airflow/.local/lib/python3.12/site-packages/airflow/example_dags/example_kubernetes_executor.py
[2024-04-14T19:04:53.951+0000] {processor.py:830} INFO - Processing file /home/airflow/.local/lib/python3.12/site-packages/airflow/example_dags/example_kubernetes_executor.py for tasks to queue
[2024-04-14T19:04:53.952+0000] {logging_mixin.py:188} INFO - [2024-04-14T19:04:53.952+0000] {dagbag.py:540} INFO - Filling up the DagBag from /home/airflow/.local/lib/python3.12/site-packages/airflow/example_dags/example_kubernetes_executor.py
[2024-04-14T19:04:53.962+0000] {processor.py:840} INFO - DAG(s) 'example_kubernetes_executor' retrieved from /home/airflow/.local/lib/python3.12/site-packages/airflow/example_dags/example_kubernetes_executor.py
[2024-04-14T19:04:53.996+0000] {logging_mixin.py:188} INFO - [2024-04-14T19:04:53.995+0000] {dag.py:3096} INFO - Sync 1 DAGs
[2024-04-14T19:04:54.137+0000] {logging_mixin.py:188} INFO - [2024-04-14T19:04:54.137+0000] {dag.py:3954} INFO - Setting next_dagrun for example_kubernetes_executor to None, run_after=None
[2024-04-14T19:04:54.154+0000] {processor.py:183} INFO - Processing /home/airflow/.local/lib/python3.12/site-packages/airflow/example_dags/example_kubernetes_executor.py took 0.208 seconds
[2024-04-14T19:05:24.425+0000] {processor.py:161} INFO - Started process (PID=1432) to work on /home/airflow/.local/lib/python3.12/site-packages/airflow/example_dags/example_kubernetes_executor.py
[2024-04-14T19:05:24.425+0000] {processor.py:830} INFO - Processing file /home/airflow/.local/lib/python3.12/site-packages/airflow/example_dags/example_kubernetes_executor.py for tasks to queue
[2024-04-14T19:05:24.427+0000] {logging_mixin.py:188} INFO - [2024-04-14T19:05:24.426+0000] {dagbag.py:540} INFO - Filling up the DagBag from /home/airflow/.local/lib/python3.12/site-packages/airflow/example_dags/example_kubernetes_executor.py
[2024-04-14T19:05:24.438+0000] {processor.py:840} INFO - DAG(s) 'example_kubernetes_executor' retrieved from /home/airflow/.local/lib/python3.12/site-packages/airflow/example_dags/example_kubernetes_executor.py
[2024-04-14T19:05:24.471+0000] {logging_mixin.py:188} INFO - [2024-04-14T19:05:24.471+0000] {dag.py:3096} INFO - Sync 1 DAGs
[2024-04-14T19:05:24.484+0000] {logging_mixin.py:188} INFO - [2024-04-14T19:05:24.483+0000] {dag.py:3954} INFO - Setting next_dagrun for example_kubernetes_executor to None, run_after=None
[2024-04-14T19:05:24.663+0000] {processor.py:183} INFO - Processing /home/airflow/.local/lib/python3.12/site-packages/airflow/example_dags/example_kubernetes_executor.py took 0.243 seconds
[2024-04-14T19:05:54.899+0000] {processor.py:161} INFO - Started process (PID=1492) to work on /home/airflow/.local/lib/python3.12/site-packages/airflow/example_dags/example_kubernetes_executor.py
[2024-04-14T19:05:54.899+0000] {processor.py:830} INFO - Processing file /home/airflow/.local/lib/python3.12/site-packages/airflow/example_dags/example_kubernetes_executor.py for tasks to queue
[2024-04-14T19:05:54.901+0000] {logging_mixin.py:188} INFO - [2024-04-14T19:05:54.901+0000] {dagbag.py:540} INFO - Filling up the DagBag from /home/airflow/.local/lib/python3.12/site-packages/airflow/example_dags/example_kubernetes_executor.py
[2024-04-14T19:05:54.911+0000] {processor.py:840} INFO - DAG(s) 'example_kubernetes_executor' retrieved from /home/airflow/.local/lib/python3.12/site-packages/airflow/example_dags/example_kubernetes_executor.py
[2024-04-14T19:05:54.943+0000] {logging_mixin.py:188} INFO - [2024-04-14T19:05:54.942+0000] {dag.py:3096} INFO - Sync 1 DAGs
[2024-04-14T19:05:54.953+0000] {logging_mixin.py:188} INFO - [2024-04-14T19:05:54.952+0000] {dag.py:3954} INFO - Setting next_dagrun for example_kubernetes_executor to None, run_after=None
[2024-04-14T19:05:54.971+0000] {processor.py:183} INFO - Processing /home/airflow/.local/lib/python3.12/site-packages/airflow/example_dags/example_kubernetes_executor.py took 0.077 seconds
[2024-04-14T19:06:25.130+0000] {processor.py:161} INFO - Started process (PID=1552) to work on /home/airflow/.local/lib/python3.12/site-packages/airflow/example_dags/example_kubernetes_executor.py
[2024-04-14T19:06:25.131+0000] {processor.py:830} INFO - Processing file /home/airflow/.local/lib/python3.12/site-packages/airflow/example_dags/example_kubernetes_executor.py for tasks to queue
[2024-04-14T19:06:25.133+0000] {logging_mixin.py:188} INFO - [2024-04-14T19:06:25.133+0000] {dagbag.py:540} INFO - Filling up the DagBag from /home/airflow/.local/lib/python3.12/site-packages/airflow/example_dags/example_kubernetes_executor.py
[2024-04-14T19:06:25.143+0000] {processor.py:840} INFO - DAG(s) 'example_kubernetes_executor' retrieved from /home/airflow/.local/lib/python3.12/site-packages/airflow/example_dags/example_kubernetes_executor.py
[2024-04-14T19:06:25.173+0000] {logging_mixin.py:188} INFO - [2024-04-14T19:06:25.173+0000] {dag.py:3096} INFO - Sync 1 DAGs
[2024-04-14T19:06:25.184+0000] {logging_mixin.py:188} INFO - [2024-04-14T19:06:25.184+0000] {dag.py:3954} INFO - Setting next_dagrun for example_kubernetes_executor to None, run_after=None
[2024-04-14T19:06:25.201+0000] {processor.py:183} INFO - Processing /home/airflow/.local/lib/python3.12/site-packages/airflow/example_dags/example_kubernetes_executor.py took 0.076 seconds
[2024-04-14T19:06:55.780+0000] {processor.py:161} INFO - Started process (PID=1612) to work on /home/airflow/.local/lib/python3.12/site-packages/airflow/example_dags/example_kubernetes_executor.py
[2024-04-14T19:06:55.781+0000] {processor.py:830} INFO - Processing file /home/airflow/.local/lib/python3.12/site-packages/airflow/example_dags/example_kubernetes_executor.py for tasks to queue
[2024-04-14T19:06:55.783+0000] {logging_mixin.py:188} INFO - [2024-04-14T19:06:55.783+0000] {dagbag.py:540} INFO - Filling up the DagBag from /home/airflow/.local/lib/python3.12/site-packages/airflow/example_dags/example_kubernetes_executor.py
[2024-04-14T19:06:55.794+0000] {processor.py:840} INFO - DAG(s) 'example_kubernetes_executor' retrieved from /home/airflow/.local/lib/python3.12/site-packages/airflow/example_dags/example_kubernetes_executor.py
[2024-04-14T19:06:55.829+0000] {logging_mixin.py:188} INFO - [2024-04-14T19:06:55.829+0000] {dag.py:3096} INFO - Sync 1 DAGs
[2024-04-14T19:06:55.841+0000] {logging_mixin.py:188} INFO - [2024-04-14T19:06:55.841+0000] {dag.py:3954} INFO - Setting next_dagrun for example_kubernetes_executor to None, run_after=None
[2024-04-14T19:06:55.870+0000] {processor.py:183} INFO - Processing /home/airflow/.local/lib/python3.12/site-packages/airflow/example_dags/example_kubernetes_executor.py took 0.094 seconds
[2024-04-14T19:07:26.199+0000] {processor.py:161} INFO - Started process (PID=1672) to work on /home/airflow/.local/lib/python3.12/site-packages/airflow/example_dags/example_kubernetes_executor.py
[2024-04-14T19:07:26.200+0000] {processor.py:830} INFO - Processing file /home/airflow/.local/lib/python3.12/site-packages/airflow/example_dags/example_kubernetes_executor.py for tasks to queue
[2024-04-14T19:07:26.202+0000] {logging_mixin.py:188} INFO - [2024-04-14T19:07:26.201+0000] {dagbag.py:540} INFO - Filling up the DagBag from /home/airflow/.local/lib/python3.12/site-packages/airflow/example_dags/example_kubernetes_executor.py
[2024-04-14T19:07:26.212+0000] {processor.py:840} INFO - DAG(s) 'example_kubernetes_executor' retrieved from /home/airflow/.local/lib/python3.12/site-packages/airflow/example_dags/example_kubernetes_executor.py
[2024-04-14T19:07:26.245+0000] {logging_mixin.py:188} INFO - [2024-04-14T19:07:26.245+0000] {dag.py:3096} INFO - Sync 1 DAGs
[2024-04-14T19:07:26.257+0000] {logging_mixin.py:188} INFO - [2024-04-14T19:07:26.257+0000] {dag.py:3954} INFO - Setting next_dagrun for example_kubernetes_executor to None, run_after=None
[2024-04-14T19:07:26.287+0000] {processor.py:183} INFO - Processing /home/airflow/.local/lib/python3.12/site-packages/airflow/example_dags/example_kubernetes_executor.py took 0.092 seconds
[2024-04-14T19:07:56.426+0000] {processor.py:161} INFO - Started process (PID=1738) to work on /home/airflow/.local/lib/python3.12/site-packages/airflow/example_dags/example_kubernetes_executor.py
[2024-04-14T19:07:56.427+0000] {processor.py:830} INFO - Processing file /home/airflow/.local/lib/python3.12/site-packages/airflow/example_dags/example_kubernetes_executor.py for tasks to queue
[2024-04-14T19:07:56.428+0000] {logging_mixin.py:188} INFO - [2024-04-14T19:07:56.428+0000] {dagbag.py:540} INFO - Filling up the DagBag from /home/airflow/.local/lib/python3.12/site-packages/airflow/example_dags/example_kubernetes_executor.py
[2024-04-14T19:07:56.439+0000] {processor.py:840} INFO - DAG(s) 'example_kubernetes_executor' retrieved from /home/airflow/.local/lib/python3.12/site-packages/airflow/example_dags/example_kubernetes_executor.py
[2024-04-14T19:07:56.473+0000] {logging_mixin.py:188} INFO - [2024-04-14T19:07:56.472+0000] {dag.py:3096} INFO - Sync 1 DAGs
[2024-04-14T19:07:56.485+0000] {logging_mixin.py:188} INFO - [2024-04-14T19:07:56.485+0000] {dag.py:3954} INFO - Setting next_dagrun for example_kubernetes_executor to None, run_after=None
[2024-04-14T19:07:56.504+0000] {processor.py:183} INFO - Processing /home/airflow/.local/lib/python3.12/site-packages/airflow/example_dags/example_kubernetes_executor.py took 0.083 seconds
[2024-04-14T19:08:27.206+0000] {processor.py:161} INFO - Started process (PID=1798) to work on /home/airflow/.local/lib/python3.12/site-packages/airflow/example_dags/example_kubernetes_executor.py
[2024-04-14T19:08:27.206+0000] {processor.py:830} INFO - Processing file /home/airflow/.local/lib/python3.12/site-packages/airflow/example_dags/example_kubernetes_executor.py for tasks to queue
[2024-04-14T19:08:27.208+0000] {logging_mixin.py:188} INFO - [2024-04-14T19:08:27.208+0000] {dagbag.py:540} INFO - Filling up the DagBag from /home/airflow/.local/lib/python3.12/site-packages/airflow/example_dags/example_kubernetes_executor.py
[2024-04-14T19:08:27.218+0000] {processor.py:840} INFO - DAG(s) 'example_kubernetes_executor' retrieved from /home/airflow/.local/lib/python3.12/site-packages/airflow/example_dags/example_kubernetes_executor.py
[2024-04-14T19:08:27.250+0000] {logging_mixin.py:188} INFO - [2024-04-14T19:08:27.249+0000] {dag.py:3096} INFO - Sync 1 DAGs
[2024-04-14T19:08:27.261+0000] {logging_mixin.py:188} INFO - [2024-04-14T19:08:27.261+0000] {dag.py:3954} INFO - Setting next_dagrun for example_kubernetes_executor to None, run_after=None
[2024-04-14T19:08:27.290+0000] {processor.py:183} INFO - Processing /home/airflow/.local/lib/python3.12/site-packages/airflow/example_dags/example_kubernetes_executor.py took 0.089 seconds
[2024-04-14T19:08:57.991+0000] {processor.py:161} INFO - Started process (PID=1860) to work on /home/airflow/.local/lib/python3.12/site-packages/airflow/example_dags/example_kubernetes_executor.py
[2024-04-14T19:08:57.992+0000] {processor.py:830} INFO - Processing file /home/airflow/.local/lib/python3.12/site-packages/airflow/example_dags/example_kubernetes_executor.py for tasks to queue
[2024-04-14T19:08:57.994+0000] {logging_mixin.py:188} INFO - [2024-04-14T19:08:57.993+0000] {dagbag.py:540} INFO - Filling up the DagBag from /home/airflow/.local/lib/python3.12/site-packages/airflow/example_dags/example_kubernetes_executor.py
[2024-04-14T19:08:58.003+0000] {processor.py:840} INFO - DAG(s) 'example_kubernetes_executor' retrieved from /home/airflow/.local/lib/python3.12/site-packages/airflow/example_dags/example_kubernetes_executor.py
[2024-04-14T19:08:58.035+0000] {logging_mixin.py:188} INFO - [2024-04-14T19:08:58.035+0000] {dag.py:3096} INFO - Sync 1 DAGs
[2024-04-14T19:08:58.045+0000] {logging_mixin.py:188} INFO - [2024-04-14T19:08:58.045+0000] {dag.py:3954} INFO - Setting next_dagrun for example_kubernetes_executor to None, run_after=None
[2024-04-14T19:08:58.062+0000] {processor.py:183} INFO - Processing /home/airflow/.local/lib/python3.12/site-packages/airflow/example_dags/example_kubernetes_executor.py took 0.075 seconds
[2024-04-14T19:09:28.936+0000] {processor.py:161} INFO - Started process (PID=1920) to work on /home/airflow/.local/lib/python3.12/site-packages/airflow/example_dags/example_kubernetes_executor.py
[2024-04-14T19:09:28.937+0000] {processor.py:830} INFO - Processing file /home/airflow/.local/lib/python3.12/site-packages/airflow/example_dags/example_kubernetes_executor.py for tasks to queue
[2024-04-14T19:09:28.938+0000] {logging_mixin.py:188} INFO - [2024-04-14T19:09:28.938+0000] {dagbag.py:540} INFO - Filling up the DagBag from /home/airflow/.local/lib/python3.12/site-packages/airflow/example_dags/example_kubernetes_executor.py
[2024-04-14T19:09:28.949+0000] {processor.py:840} INFO - DAG(s) 'example_kubernetes_executor' retrieved from /home/airflow/.local/lib/python3.12/site-packages/airflow/example_dags/example_kubernetes_executor.py
[2024-04-14T19:09:28.981+0000] {logging_mixin.py:188} INFO - [2024-04-14T19:09:28.981+0000] {dag.py:3096} INFO - Sync 1 DAGs
[2024-04-14T19:09:28.991+0000] {logging_mixin.py:188} INFO - [2024-04-14T19:09:28.991+0000] {dag.py:3954} INFO - Setting next_dagrun for example_kubernetes_executor to None, run_after=None
[2024-04-14T19:09:29.007+0000] {processor.py:183} INFO - Processing /home/airflow/.local/lib/python3.12/site-packages/airflow/example_dags/example_kubernetes_executor.py took 0.076 seconds
[2024-04-14T19:09:59.088+0000] {processor.py:161} INFO - Started process (PID=1978) to work on /home/airflow/.local/lib/python3.12/site-packages/airflow/example_dags/example_kubernetes_executor.py
[2024-04-14T19:09:59.089+0000] {processor.py:830} INFO - Processing file /home/airflow/.local/lib/python3.12/site-packages/airflow/example_dags/example_kubernetes_executor.py for tasks to queue
[2024-04-14T19:09:59.091+0000] {logging_mixin.py:188} INFO - [2024-04-14T19:09:59.090+0000] {dagbag.py:540} INFO - Filling up the DagBag from /home/airflow/.local/lib/python3.12/site-packages/airflow/example_dags/example_kubernetes_executor.py
[2024-04-14T19:09:59.101+0000] {processor.py:840} INFO - DAG(s) 'example_kubernetes_executor' retrieved from /home/airflow/.local/lib/python3.12/site-packages/airflow/example_dags/example_kubernetes_executor.py
[2024-04-14T19:09:59.133+0000] {logging_mixin.py:188} INFO - [2024-04-14T19:09:59.133+0000] {dag.py:3096} INFO - Sync 1 DAGs
[2024-04-14T19:09:59.144+0000] {logging_mixin.py:188} INFO - [2024-04-14T19:09:59.144+0000] {dag.py:3954} INFO - Setting next_dagrun for example_kubernetes_executor to None, run_after=None
[2024-04-14T19:09:59.177+0000] {processor.py:183} INFO - Processing /home/airflow/.local/lib/python3.12/site-packages/airflow/example_dags/example_kubernetes_executor.py took 0.093 seconds
[2024-04-14T19:10:29.312+0000] {processor.py:161} INFO - Started process (PID=2042) to work on /home/airflow/.local/lib/python3.12/site-packages/airflow/example_dags/example_kubernetes_executor.py
[2024-04-14T19:10:29.313+0000] {processor.py:830} INFO - Processing file /home/airflow/.local/lib/python3.12/site-packages/airflow/example_dags/example_kubernetes_executor.py for tasks to queue
[2024-04-14T19:10:29.314+0000] {logging_mixin.py:188} INFO - [2024-04-14T19:10:29.314+0000] {dagbag.py:540} INFO - Filling up the DagBag from /home/airflow/.local/lib/python3.12/site-packages/airflow/example_dags/example_kubernetes_executor.py
[2024-04-14T19:10:29.324+0000] {processor.py:840} INFO - DAG(s) 'example_kubernetes_executor' retrieved from /home/airflow/.local/lib/python3.12/site-packages/airflow/example_dags/example_kubernetes_executor.py
[2024-04-14T19:10:29.357+0000] {logging_mixin.py:188} INFO - [2024-04-14T19:10:29.357+0000] {dag.py:3096} INFO - Sync 1 DAGs
[2024-04-14T19:10:29.369+0000] {logging_mixin.py:188} INFO - [2024-04-14T19:10:29.369+0000] {dag.py:3954} INFO - Setting next_dagrun for example_kubernetes_executor to None, run_after=None
[2024-04-14T19:10:29.387+0000] {processor.py:183} INFO - Processing /home/airflow/.local/lib/python3.12/site-packages/airflow/example_dags/example_kubernetes_executor.py took 0.080 seconds
[2024-04-14T19:10:59.567+0000] {processor.py:161} INFO - Started process (PID=2102) to work on /home/airflow/.local/lib/python3.12/site-packages/airflow/example_dags/example_kubernetes_executor.py
[2024-04-14T19:10:59.568+0000] {processor.py:830} INFO - Processing file /home/airflow/.local/lib/python3.12/site-packages/airflow/example_dags/example_kubernetes_executor.py for tasks to queue
[2024-04-14T19:10:59.569+0000] {logging_mixin.py:188} INFO - [2024-04-14T19:10:59.569+0000] {dagbag.py:540} INFO - Filling up the DagBag from /home/airflow/.local/lib/python3.12/site-packages/airflow/example_dags/example_kubernetes_executor.py
[2024-04-14T19:10:59.580+0000] {processor.py:840} INFO - DAG(s) 'example_kubernetes_executor' retrieved from /home/airflow/.local/lib/python3.12/site-packages/airflow/example_dags/example_kubernetes_executor.py
[2024-04-14T19:10:59.612+0000] {logging_mixin.py:188} INFO - [2024-04-14T19:10:59.612+0000] {dag.py:3096} INFO - Sync 1 DAGs
[2024-04-14T19:10:59.623+0000] {logging_mixin.py:188} INFO - [2024-04-14T19:10:59.623+0000] {dag.py:3954} INFO - Setting next_dagrun for example_kubernetes_executor to None, run_after=None
[2024-04-14T19:10:59.642+0000] {processor.py:183} INFO - Processing /home/airflow/.local/lib/python3.12/site-packages/airflow/example_dags/example_kubernetes_executor.py took 0.079 seconds
[2024-04-14T19:11:29.876+0000] {processor.py:161} INFO - Started process (PID=2165) to work on /home/airflow/.local/lib/python3.12/site-packages/airflow/example_dags/example_kubernetes_executor.py
[2024-04-14T19:11:29.877+0000] {processor.py:830} INFO - Processing file /home/airflow/.local/lib/python3.12/site-packages/airflow/example_dags/example_kubernetes_executor.py for tasks to queue
[2024-04-14T19:11:29.879+0000] {logging_mixin.py:188} INFO - [2024-04-14T19:11:29.878+0000] {dagbag.py:540} INFO - Filling up the DagBag from /home/airflow/.local/lib/python3.12/site-packages/airflow/example_dags/example_kubernetes_executor.py
[2024-04-14T19:11:29.889+0000] {processor.py:840} INFO - DAG(s) 'example_kubernetes_executor' retrieved from /home/airflow/.local/lib/python3.12/site-packages/airflow/example_dags/example_kubernetes_executor.py
[2024-04-14T19:11:29.924+0000] {logging_mixin.py:188} INFO - [2024-04-14T19:11:29.924+0000] {dag.py:3096} INFO - Sync 1 DAGs
[2024-04-14T19:11:29.935+0000] {logging_mixin.py:188} INFO - [2024-04-14T19:11:29.935+0000] {dag.py:3954} INFO - Setting next_dagrun for example_kubernetes_executor to None, run_after=None
[2024-04-14T19:11:29.953+0000] {processor.py:183} INFO - Processing /home/airflow/.local/lib/python3.12/site-packages/airflow/example_dags/example_kubernetes_executor.py took 0.082 seconds
[2024-04-14T19:12:00.031+0000] {processor.py:161} INFO - Started process (PID=2228) to work on /home/airflow/.local/lib/python3.12/site-packages/airflow/example_dags/example_kubernetes_executor.py
[2024-04-14T19:12:00.032+0000] {processor.py:830} INFO - Processing file /home/airflow/.local/lib/python3.12/site-packages/airflow/example_dags/example_kubernetes_executor.py for tasks to queue
[2024-04-14T19:12:00.033+0000] {logging_mixin.py:188} INFO - [2024-04-14T19:12:00.033+0000] {dagbag.py:540} INFO - Filling up the DagBag from /home/airflow/.local/lib/python3.12/site-packages/airflow/example_dags/example_kubernetes_executor.py
[2024-04-14T19:12:00.043+0000] {processor.py:840} INFO - DAG(s) 'example_kubernetes_executor' retrieved from /home/airflow/.local/lib/python3.12/site-packages/airflow/example_dags/example_kubernetes_executor.py
[2024-04-14T19:12:00.076+0000] {logging_mixin.py:188} INFO - [2024-04-14T19:12:00.075+0000] {dag.py:3096} INFO - Sync 1 DAGs
[2024-04-14T19:12:00.086+0000] {logging_mixin.py:188} INFO - [2024-04-14T19:12:00.086+0000] {dag.py:3954} INFO - Setting next_dagrun for example_kubernetes_executor to None, run_after=None
[2024-04-14T19:12:00.102+0000] {processor.py:183} INFO - Processing /home/airflow/.local/lib/python3.12/site-packages/airflow/example_dags/example_kubernetes_executor.py took 0.076 seconds
[2024-04-14T19:12:30.623+0000] {processor.py:161} INFO - Started process (PID=2288) to work on /home/airflow/.local/lib/python3.12/site-packages/airflow/example_dags/example_kubernetes_executor.py
[2024-04-14T19:12:30.624+0000] {processor.py:830} INFO - Processing file /home/airflow/.local/lib/python3.12/site-packages/airflow/example_dags/example_kubernetes_executor.py for tasks to queue
[2024-04-14T19:12:30.625+0000] {logging_mixin.py:188} INFO - [2024-04-14T19:12:30.625+0000] {dagbag.py:540} INFO - Filling up the DagBag from /home/airflow/.local/lib/python3.12/site-packages/airflow/example_dags/example_kubernetes_executor.py
[2024-04-14T19:12:30.636+0000] {processor.py:840} INFO - DAG(s) 'example_kubernetes_executor' retrieved from /home/airflow/.local/lib/python3.12/site-packages/airflow/example_dags/example_kubernetes_executor.py
[2024-04-14T19:12:30.667+0000] {logging_mixin.py:188} INFO - [2024-04-14T19:12:30.666+0000] {dag.py:3096} INFO - Sync 1 DAGs
[2024-04-14T19:12:30.678+0000] {logging_mixin.py:188} INFO - [2024-04-14T19:12:30.678+0000] {dag.py:3954} INFO - Setting next_dagrun for example_kubernetes_executor to None, run_after=None
[2024-04-14T19:12:30.697+0000] {processor.py:183} INFO - Processing /home/airflow/.local/lib/python3.12/site-packages/airflow/example_dags/example_kubernetes_executor.py took 0.079 seconds
[2024-04-14T19:13:00.933+0000] {processor.py:161} INFO - Started process (PID=2348) to work on /home/airflow/.local/lib/python3.12/site-packages/airflow/example_dags/example_kubernetes_executor.py
[2024-04-14T19:13:00.933+0000] {processor.py:830} INFO - Processing file /home/airflow/.local/lib/python3.12/site-packages/airflow/example_dags/example_kubernetes_executor.py for tasks to queue
[2024-04-14T19:13:00.935+0000] {logging_mixin.py:188} INFO - [2024-04-14T19:13:00.934+0000] {dagbag.py:540} INFO - Filling up the DagBag from /home/airflow/.local/lib/python3.12/site-packages/airflow/example_dags/example_kubernetes_executor.py
[2024-04-14T19:13:00.945+0000] {processor.py:840} INFO - DAG(s) 'example_kubernetes_executor' retrieved from /home/airflow/.local/lib/python3.12/site-packages/airflow/example_dags/example_kubernetes_executor.py
[2024-04-14T19:13:00.979+0000] {logging_mixin.py:188} INFO - [2024-04-14T19:13:00.978+0000] {dag.py:3096} INFO - Sync 1 DAGs
[2024-04-14T19:13:00.990+0000] {logging_mixin.py:188} INFO - [2024-04-14T19:13:00.990+0000] {dag.py:3954} INFO - Setting next_dagrun for example_kubernetes_executor to None, run_after=None
[2024-04-14T19:13:01.009+0000] {processor.py:183} INFO - Processing /home/airflow/.local/lib/python3.12/site-packages/airflow/example_dags/example_kubernetes_executor.py took 0.081 seconds
[2024-04-14T19:13:31.184+0000] {processor.py:161} INFO - Started process (PID=2408) to work on /home/airflow/.local/lib/python3.12/site-packages/airflow/example_dags/example_kubernetes_executor.py
[2024-04-14T19:13:31.184+0000] {processor.py:830} INFO - Processing file /home/airflow/.local/lib/python3.12/site-packages/airflow/example_dags/example_kubernetes_executor.py for tasks to queue
[2024-04-14T19:13:31.186+0000] {logging_mixin.py:188} INFO - [2024-04-14T19:13:31.186+0000] {dagbag.py:540} INFO - Filling up the DagBag from /home/airflow/.local/lib/python3.12/site-packages/airflow/example_dags/example_kubernetes_executor.py
[2024-04-14T19:13:31.197+0000] {processor.py:840} INFO - DAG(s) 'example_kubernetes_executor' retrieved from /home/airflow/.local/lib/python3.12/site-packages/airflow/example_dags/example_kubernetes_executor.py
[2024-04-14T19:13:31.230+0000] {logging_mixin.py:188} INFO - [2024-04-14T19:13:31.230+0000] {dag.py:3096} INFO - Sync 1 DAGs
[2024-04-14T19:13:31.242+0000] {logging_mixin.py:188} INFO - [2024-04-14T19:13:31.242+0000] {dag.py:3954} INFO - Setting next_dagrun for example_kubernetes_executor to None, run_after=None
[2024-04-14T19:13:31.259+0000] {processor.py:183} INFO - Processing /home/airflow/.local/lib/python3.12/site-packages/airflow/example_dags/example_kubernetes_executor.py took 0.081 seconds
[2024-04-14T19:14:01.757+0000] {processor.py:161} INFO - Started process (PID=2470) to work on /home/airflow/.local/lib/python3.12/site-packages/airflow/example_dags/example_kubernetes_executor.py
[2024-04-14T19:14:01.758+0000] {processor.py:830} INFO - Processing file /home/airflow/.local/lib/python3.12/site-packages/airflow/example_dags/example_kubernetes_executor.py for tasks to queue
[2024-04-14T19:14:01.759+0000] {logging_mixin.py:188} INFO - [2024-04-14T19:14:01.759+0000] {dagbag.py:540} INFO - Filling up the DagBag from /home/airflow/.local/lib/python3.12/site-packages/airflow/example_dags/example_kubernetes_executor.py
[2024-04-14T19:14:01.769+0000] {processor.py:840} INFO - DAG(s) 'example_kubernetes_executor' retrieved from /home/airflow/.local/lib/python3.12/site-packages/airflow/example_dags/example_kubernetes_executor.py
[2024-04-14T19:14:01.801+0000] {logging_mixin.py:188} INFO - [2024-04-14T19:14:01.801+0000] {dag.py:3096} INFO - Sync 1 DAGs
[2024-04-14T19:14:01.812+0000] {logging_mixin.py:188} INFO - [2024-04-14T19:14:01.812+0000] {dag.py:3954} INFO - Setting next_dagrun for example_kubernetes_executor to None, run_after=None
[2024-04-14T19:14:01.829+0000] {processor.py:183} INFO - Processing /home/airflow/.local/lib/python3.12/site-packages/airflow/example_dags/example_kubernetes_executor.py took 0.077 seconds
[2024-04-14T19:14:32.188+0000] {processor.py:161} INFO - Started process (PID=2530) to work on /home/airflow/.local/lib/python3.12/site-packages/airflow/example_dags/example_kubernetes_executor.py
[2024-04-14T19:14:32.188+0000] {processor.py:830} INFO - Processing file /home/airflow/.local/lib/python3.12/site-packages/airflow/example_dags/example_kubernetes_executor.py for tasks to queue
[2024-04-14T19:14:32.190+0000] {logging_mixin.py:188} INFO - [2024-04-14T19:14:32.190+0000] {dagbag.py:540} INFO - Filling up the DagBag from /home/airflow/.local/lib/python3.12/site-packages/airflow/example_dags/example_kubernetes_executor.py
[2024-04-14T19:14:32.200+0000] {processor.py:840} INFO - DAG(s) 'example_kubernetes_executor' retrieved from /home/airflow/.local/lib/python3.12/site-packages/airflow/example_dags/example_kubernetes_executor.py
[2024-04-14T19:14:32.237+0000] {logging_mixin.py:188} INFO - [2024-04-14T19:14:32.236+0000] {dag.py:3096} INFO - Sync 1 DAGs
[2024-04-14T19:14:32.247+0000] {logging_mixin.py:188} INFO - [2024-04-14T19:14:32.246+0000] {dag.py:3954} INFO - Setting next_dagrun for example_kubernetes_executor to None, run_after=None
[2024-04-14T19:14:32.268+0000] {processor.py:183} INFO - Processing /home/airflow/.local/lib/python3.12/site-packages/airflow/example_dags/example_kubernetes_executor.py took 0.086 seconds
[2024-04-14T19:15:02.612+0000] {processor.py:161} INFO - Started process (PID=2590) to work on /home/airflow/.local/lib/python3.12/site-packages/airflow/example_dags/example_kubernetes_executor.py
[2024-04-14T19:15:02.613+0000] {processor.py:830} INFO - Processing file /home/airflow/.local/lib/python3.12/site-packages/airflow/example_dags/example_kubernetes_executor.py for tasks to queue
[2024-04-14T19:15:02.615+0000] {logging_mixin.py:188} INFO - [2024-04-14T19:15:02.614+0000] {dagbag.py:540} INFO - Filling up the DagBag from /home/airflow/.local/lib/python3.12/site-packages/airflow/example_dags/example_kubernetes_executor.py
[2024-04-14T19:15:02.625+0000] {processor.py:840} INFO - DAG(s) 'example_kubernetes_executor' retrieved from /home/airflow/.local/lib/python3.12/site-packages/airflow/example_dags/example_kubernetes_executor.py
[2024-04-14T19:15:02.658+0000] {logging_mixin.py:188} INFO - [2024-04-14T19:15:02.658+0000] {dag.py:3096} INFO - Sync 1 DAGs
[2024-04-14T19:15:02.668+0000] {logging_mixin.py:188} INFO - [2024-04-14T19:15:02.668+0000] {dag.py:3954} INFO - Setting next_dagrun for example_kubernetes_executor to None, run_after=None
[2024-04-14T19:15:02.687+0000] {processor.py:183} INFO - Processing /home/airflow/.local/lib/python3.12/site-packages/airflow/example_dags/example_kubernetes_executor.py took 0.079 seconds
[2024-04-14T19:15:32.863+0000] {processor.py:161} INFO - Started process (PID=2650) to work on /home/airflow/.local/lib/python3.12/site-packages/airflow/example_dags/example_kubernetes_executor.py
[2024-04-14T19:15:32.864+0000] {processor.py:830} INFO - Processing file /home/airflow/.local/lib/python3.12/site-packages/airflow/example_dags/example_kubernetes_executor.py for tasks to queue
[2024-04-14T19:15:32.865+0000] {logging_mixin.py:188} INFO - [2024-04-14T19:15:32.865+0000] {dagbag.py:540} INFO - Filling up the DagBag from /home/airflow/.local/lib/python3.12/site-packages/airflow/example_dags/example_kubernetes_executor.py
[2024-04-14T19:15:32.875+0000] {processor.py:840} INFO - DAG(s) 'example_kubernetes_executor' retrieved from /home/airflow/.local/lib/python3.12/site-packages/airflow/example_dags/example_kubernetes_executor.py
[2024-04-14T19:15:32.906+0000] {logging_mixin.py:188} INFO - [2024-04-14T19:15:32.906+0000] {dag.py:3096} INFO - Sync 1 DAGs
[2024-04-14T19:15:32.916+0000] {logging_mixin.py:188} INFO - [2024-04-14T19:15:32.916+0000] {dag.py:3954} INFO - Setting next_dagrun for example_kubernetes_executor to None, run_after=None
[2024-04-14T19:15:32.934+0000] {processor.py:183} INFO - Processing /home/airflow/.local/lib/python3.12/site-packages/airflow/example_dags/example_kubernetes_executor.py took 0.075 seconds
[2024-04-14T19:16:03.241+0000] {processor.py:161} INFO - Started process (PID=2710) to work on /home/airflow/.local/lib/python3.12/site-packages/airflow/example_dags/example_kubernetes_executor.py
[2024-04-14T19:16:03.242+0000] {processor.py:830} INFO - Processing file /home/airflow/.local/lib/python3.12/site-packages/airflow/example_dags/example_kubernetes_executor.py for tasks to queue
[2024-04-14T19:16:03.244+0000] {logging_mixin.py:188} INFO - [2024-04-14T19:16:03.243+0000] {dagbag.py:540} INFO - Filling up the DagBag from /home/airflow/.local/lib/python3.12/site-packages/airflow/example_dags/example_kubernetes_executor.py
[2024-04-14T19:16:03.254+0000] {processor.py:840} INFO - DAG(s) 'example_kubernetes_executor' retrieved from /home/airflow/.local/lib/python3.12/site-packages/airflow/example_dags/example_kubernetes_executor.py
[2024-04-14T19:16:03.287+0000] {logging_mixin.py:188} INFO - [2024-04-14T19:16:03.287+0000] {dag.py:3096} INFO - Sync 1 DAGs
[2024-04-14T19:16:03.299+0000] {logging_mixin.py:188} INFO - [2024-04-14T19:16:03.298+0000] {dag.py:3954} INFO - Setting next_dagrun for example_kubernetes_executor to None, run_after=None
[2024-04-14T19:16:03.317+0000] {processor.py:183} INFO - Processing /home/airflow/.local/lib/python3.12/site-packages/airflow/example_dags/example_kubernetes_executor.py took 0.081 seconds
[2024-04-14T19:16:33.514+0000] {processor.py:161} INFO - Started process (PID=2770) to work on /home/airflow/.local/lib/python3.12/site-packages/airflow/example_dags/example_kubernetes_executor.py
[2024-04-14T19:16:33.515+0000] {processor.py:830} INFO - Processing file /home/airflow/.local/lib/python3.12/site-packages/airflow/example_dags/example_kubernetes_executor.py for tasks to queue
[2024-04-14T19:16:33.516+0000] {logging_mixin.py:188} INFO - [2024-04-14T19:16:33.516+0000] {dagbag.py:540} INFO - Filling up the DagBag from /home/airflow/.local/lib/python3.12/site-packages/airflow/example_dags/example_kubernetes_executor.py
[2024-04-14T19:16:33.526+0000] {processor.py:840} INFO - DAG(s) 'example_kubernetes_executor' retrieved from /home/airflow/.local/lib/python3.12/site-packages/airflow/example_dags/example_kubernetes_executor.py
[2024-04-14T19:16:33.557+0000] {logging_mixin.py:188} INFO - [2024-04-14T19:16:33.557+0000] {dag.py:3096} INFO - Sync 1 DAGs
[2024-04-14T19:16:33.568+0000] {logging_mixin.py:188} INFO - [2024-04-14T19:16:33.568+0000] {dag.py:3954} INFO - Setting next_dagrun for example_kubernetes_executor to None, run_after=None
[2024-04-14T19:16:33.587+0000] {processor.py:183} INFO - Processing /home/airflow/.local/lib/python3.12/site-packages/airflow/example_dags/example_kubernetes_executor.py took 0.078 seconds
[2024-04-14T19:17:04.038+0000] {processor.py:161} INFO - Started process (PID=2830) to work on /home/airflow/.local/lib/python3.12/site-packages/airflow/example_dags/example_kubernetes_executor.py
[2024-04-14T19:17:04.039+0000] {processor.py:830} INFO - Processing file /home/airflow/.local/lib/python3.12/site-packages/airflow/example_dags/example_kubernetes_executor.py for tasks to queue
[2024-04-14T19:17:04.040+0000] {logging_mixin.py:188} INFO - [2024-04-14T19:17:04.040+0000] {dagbag.py:540} INFO - Filling up the DagBag from /home/airflow/.local/lib/python3.12/site-packages/airflow/example_dags/example_kubernetes_executor.py
[2024-04-14T19:17:04.052+0000] {processor.py:840} INFO - DAG(s) 'example_kubernetes_executor' retrieved from /home/airflow/.local/lib/python3.12/site-packages/airflow/example_dags/example_kubernetes_executor.py
[2024-04-14T19:17:04.086+0000] {logging_mixin.py:188} INFO - [2024-04-14T19:17:04.086+0000] {dag.py:3096} INFO - Sync 1 DAGs
[2024-04-14T19:17:04.097+0000] {logging_mixin.py:188} INFO - [2024-04-14T19:17:04.097+0000] {dag.py:3954} INFO - Setting next_dagrun for example_kubernetes_executor to None, run_after=None
[2024-04-14T19:17:04.115+0000] {processor.py:183} INFO - Processing /home/airflow/.local/lib/python3.12/site-packages/airflow/example_dags/example_kubernetes_executor.py took 0.082 seconds
[2024-04-14T19:17:34.617+0000] {processor.py:161} INFO - Started process (PID=2890) to work on /home/airflow/.local/lib/python3.12/site-packages/airflow/example_dags/example_kubernetes_executor.py
[2024-04-14T19:17:34.618+0000] {processor.py:830} INFO - Processing file /home/airflow/.local/lib/python3.12/site-packages/airflow/example_dags/example_kubernetes_executor.py for tasks to queue
[2024-04-14T19:17:34.620+0000] {logging_mixin.py:188} INFO - [2024-04-14T19:17:34.619+0000] {dagbag.py:540} INFO - Filling up the DagBag from /home/airflow/.local/lib/python3.12/site-packages/airflow/example_dags/example_kubernetes_executor.py
[2024-04-14T19:17:34.630+0000] {processor.py:840} INFO - DAG(s) 'example_kubernetes_executor' retrieved from /home/airflow/.local/lib/python3.12/site-packages/airflow/example_dags/example_kubernetes_executor.py
[2024-04-14T19:17:34.666+0000] {logging_mixin.py:188} INFO - [2024-04-14T19:17:34.666+0000] {dag.py:3096} INFO - Sync 1 DAGs
[2024-04-14T19:17:34.679+0000] {logging_mixin.py:188} INFO - [2024-04-14T19:17:34.678+0000] {dag.py:3954} INFO - Setting next_dagrun for example_kubernetes_executor to None, run_after=None
[2024-04-14T19:17:34.701+0000] {processor.py:183} INFO - Processing /home/airflow/.local/lib/python3.12/site-packages/airflow/example_dags/example_kubernetes_executor.py took 0.089 seconds
[2024-04-14T19:18:04.831+0000] {processor.py:161} INFO - Started process (PID=2956) to work on /home/airflow/.local/lib/python3.12/site-packages/airflow/example_dags/example_kubernetes_executor.py
[2024-04-14T19:18:04.832+0000] {processor.py:830} INFO - Processing file /home/airflow/.local/lib/python3.12/site-packages/airflow/example_dags/example_kubernetes_executor.py for tasks to queue
[2024-04-14T19:18:04.833+0000] {logging_mixin.py:188} INFO - [2024-04-14T19:18:04.833+0000] {dagbag.py:540} INFO - Filling up the DagBag from /home/airflow/.local/lib/python3.12/site-packages/airflow/example_dags/example_kubernetes_executor.py
[2024-04-14T19:18:04.843+0000] {processor.py:840} INFO - DAG(s) 'example_kubernetes_executor' retrieved from /home/airflow/.local/lib/python3.12/site-packages/airflow/example_dags/example_kubernetes_executor.py
[2024-04-14T19:18:04.876+0000] {logging_mixin.py:188} INFO - [2024-04-14T19:18:04.876+0000] {dag.py:3096} INFO - Sync 1 DAGs
[2024-04-14T19:18:04.887+0000] {logging_mixin.py:188} INFO - [2024-04-14T19:18:04.887+0000] {dag.py:3954} INFO - Setting next_dagrun for example_kubernetes_executor to None, run_after=None
[2024-04-14T19:18:04.904+0000] {processor.py:183} INFO - Processing /home/airflow/.local/lib/python3.12/site-packages/airflow/example_dags/example_kubernetes_executor.py took 0.078 seconds
[2024-04-14T19:18:35.129+0000] {processor.py:161} INFO - Started process (PID=3016) to work on /home/airflow/.local/lib/python3.12/site-packages/airflow/example_dags/example_kubernetes_executor.py
[2024-04-14T19:18:35.129+0000] {processor.py:830} INFO - Processing file /home/airflow/.local/lib/python3.12/site-packages/airflow/example_dags/example_kubernetes_executor.py for tasks to queue
[2024-04-14T19:18:35.131+0000] {logging_mixin.py:188} INFO - [2024-04-14T19:18:35.131+0000] {dagbag.py:540} INFO - Filling up the DagBag from /home/airflow/.local/lib/python3.12/site-packages/airflow/example_dags/example_kubernetes_executor.py
[2024-04-14T19:18:35.141+0000] {processor.py:840} INFO - DAG(s) 'example_kubernetes_executor' retrieved from /home/airflow/.local/lib/python3.12/site-packages/airflow/example_dags/example_kubernetes_executor.py
[2024-04-14T19:18:35.173+0000] {logging_mixin.py:188} INFO - [2024-04-14T19:18:35.172+0000] {dag.py:3096} INFO - Sync 1 DAGs
[2024-04-14T19:18:35.185+0000] {logging_mixin.py:188} INFO - [2024-04-14T19:18:35.185+0000] {dag.py:3954} INFO - Setting next_dagrun for example_kubernetes_executor to None, run_after=None
[2024-04-14T19:18:35.211+0000] {processor.py:183} INFO - Processing /home/airflow/.local/lib/python3.12/site-packages/airflow/example_dags/example_kubernetes_executor.py took 0.087 seconds
[2024-04-14T19:19:06.435+0000] {processor.py:161} INFO - Started process (PID=3077) to work on /home/airflow/.local/lib/python3.12/site-packages/airflow/example_dags/example_kubernetes_executor.py
[2024-04-14T19:19:06.435+0000] {processor.py:830} INFO - Processing file /home/airflow/.local/lib/python3.12/site-packages/airflow/example_dags/example_kubernetes_executor.py for tasks to queue
[2024-04-14T19:19:06.437+0000] {logging_mixin.py:188} INFO - [2024-04-14T19:19:06.437+0000] {dagbag.py:540} INFO - Filling up the DagBag from /home/airflow/.local/lib/python3.12/site-packages/airflow/example_dags/example_kubernetes_executor.py
[2024-04-14T19:19:06.447+0000] {processor.py:840} INFO - DAG(s) 'example_kubernetes_executor' retrieved from /home/airflow/.local/lib/python3.12/site-packages/airflow/example_dags/example_kubernetes_executor.py
[2024-04-14T19:19:06.479+0000] {logging_mixin.py:188} INFO - [2024-04-14T19:19:06.479+0000] {dag.py:3096} INFO - Sync 1 DAGs
[2024-04-14T19:19:06.490+0000] {logging_mixin.py:188} INFO - [2024-04-14T19:19:06.490+0000] {dag.py:3954} INFO - Setting next_dagrun for example_kubernetes_executor to None, run_after=None
[2024-04-14T19:19:06.509+0000] {processor.py:183} INFO - Processing /home/airflow/.local/lib/python3.12/site-packages/airflow/example_dags/example_kubernetes_executor.py took 0.079 seconds
[2024-04-14T19:19:37.005+0000] {processor.py:161} INFO - Started process (PID=3137) to work on /home/airflow/.local/lib/python3.12/site-packages/airflow/example_dags/example_kubernetes_executor.py
[2024-04-14T19:19:37.006+0000] {processor.py:830} INFO - Processing file /home/airflow/.local/lib/python3.12/site-packages/airflow/example_dags/example_kubernetes_executor.py for tasks to queue
[2024-04-14T19:19:37.007+0000] {logging_mixin.py:188} INFO - [2024-04-14T19:19:37.007+0000] {dagbag.py:540} INFO - Filling up the DagBag from /home/airflow/.local/lib/python3.12/site-packages/airflow/example_dags/example_kubernetes_executor.py
[2024-04-14T19:19:37.023+0000] {processor.py:840} INFO - DAG(s) 'example_kubernetes_executor' retrieved from /home/airflow/.local/lib/python3.12/site-packages/airflow/example_dags/example_kubernetes_executor.py
[2024-04-14T19:19:37.066+0000] {logging_mixin.py:188} INFO - [2024-04-14T19:19:37.066+0000] {dag.py:3096} INFO - Sync 1 DAGs
[2024-04-14T19:19:37.078+0000] {logging_mixin.py:188} INFO - [2024-04-14T19:19:37.078+0000] {dag.py:3954} INFO - Setting next_dagrun for example_kubernetes_executor to None, run_after=None
[2024-04-14T19:19:37.096+0000] {processor.py:183} INFO - Processing /home/airflow/.local/lib/python3.12/site-packages/airflow/example_dags/example_kubernetes_executor.py took 0.096 seconds
[2024-04-14T19:20:07.275+0000] {processor.py:161} INFO - Started process (PID=3197) to work on /home/airflow/.local/lib/python3.12/site-packages/airflow/example_dags/example_kubernetes_executor.py
[2024-04-14T19:20:07.276+0000] {processor.py:830} INFO - Processing file /home/airflow/.local/lib/python3.12/site-packages/airflow/example_dags/example_kubernetes_executor.py for tasks to queue
[2024-04-14T19:20:07.278+0000] {logging_mixin.py:188} INFO - [2024-04-14T19:20:07.277+0000] {dagbag.py:540} INFO - Filling up the DagBag from /home/airflow/.local/lib/python3.12/site-packages/airflow/example_dags/example_kubernetes_executor.py
[2024-04-14T19:20:07.288+0000] {processor.py:840} INFO - DAG(s) 'example_kubernetes_executor' retrieved from /home/airflow/.local/lib/python3.12/site-packages/airflow/example_dags/example_kubernetes_executor.py
[2024-04-14T19:20:07.323+0000] {logging_mixin.py:188} INFO - [2024-04-14T19:20:07.322+0000] {dag.py:3096} INFO - Sync 1 DAGs
[2024-04-14T19:20:07.337+0000] {logging_mixin.py:188} INFO - [2024-04-14T19:20:07.336+0000] {dag.py:3954} INFO - Setting next_dagrun for example_kubernetes_executor to None, run_after=None
[2024-04-14T19:20:07.359+0000] {processor.py:183} INFO - Processing /home/airflow/.local/lib/python3.12/site-packages/airflow/example_dags/example_kubernetes_executor.py took 0.088 seconds
[2024-04-14T19:20:38.073+0000] {processor.py:161} INFO - Started process (PID=3257) to work on /home/airflow/.local/lib/python3.12/site-packages/airflow/example_dags/example_kubernetes_executor.py
[2024-04-14T19:20:38.074+0000] {processor.py:830} INFO - Processing file /home/airflow/.local/lib/python3.12/site-packages/airflow/example_dags/example_kubernetes_executor.py for tasks to queue
[2024-04-14T19:20:38.075+0000] {logging_mixin.py:188} INFO - [2024-04-14T19:20:38.075+0000] {dagbag.py:540} INFO - Filling up the DagBag from /home/airflow/.local/lib/python3.12/site-packages/airflow/example_dags/example_kubernetes_executor.py
[2024-04-14T19:20:38.086+0000] {processor.py:840} INFO - DAG(s) 'example_kubernetes_executor' retrieved from /home/airflow/.local/lib/python3.12/site-packages/airflow/example_dags/example_kubernetes_executor.py
[2024-04-14T19:20:38.118+0000] {logging_mixin.py:188} INFO - [2024-04-14T19:20:38.117+0000] {dag.py:3096} INFO - Sync 1 DAGs
[2024-04-14T19:20:38.131+0000] {logging_mixin.py:188} INFO - [2024-04-14T19:20:38.130+0000] {dag.py:3954} INFO - Setting next_dagrun for example_kubernetes_executor to None, run_after=None
[2024-04-14T19:20:38.159+0000] {processor.py:183} INFO - Processing /home/airflow/.local/lib/python3.12/site-packages/airflow/example_dags/example_kubernetes_executor.py took 0.090 seconds
[2024-04-14T19:21:08.337+0000] {processor.py:161} INFO - Started process (PID=3317) to work on /home/airflow/.local/lib/python3.12/site-packages/airflow/example_dags/example_kubernetes_executor.py
[2024-04-14T19:21:08.337+0000] {processor.py:830} INFO - Processing file /home/airflow/.local/lib/python3.12/site-packages/airflow/example_dags/example_kubernetes_executor.py for tasks to queue
[2024-04-14T19:21:08.339+0000] {logging_mixin.py:188} INFO - [2024-04-14T19:21:08.339+0000] {dagbag.py:540} INFO - Filling up the DagBag from /home/airflow/.local/lib/python3.12/site-packages/airflow/example_dags/example_kubernetes_executor.py
[2024-04-14T19:21:08.349+0000] {processor.py:840} INFO - DAG(s) 'example_kubernetes_executor' retrieved from /home/airflow/.local/lib/python3.12/site-packages/airflow/example_dags/example_kubernetes_executor.py
[2024-04-14T19:21:08.382+0000] {logging_mixin.py:188} INFO - [2024-04-14T19:21:08.382+0000] {dag.py:3096} INFO - Sync 1 DAGs
[2024-04-14T19:21:08.392+0000] {logging_mixin.py:188} INFO - [2024-04-14T19:21:08.392+0000] {dag.py:3954} INFO - Setting next_dagrun for example_kubernetes_executor to None, run_after=None
[2024-04-14T19:21:08.411+0000] {processor.py:183} INFO - Processing /home/airflow/.local/lib/python3.12/site-packages/airflow/example_dags/example_kubernetes_executor.py took 0.079 seconds
