[2024-04-14T18:53:57.307+0000] {processor.py:161} INFO - Started process (PID=65) to work on /home/airflow/.local/lib/python3.12/site-packages/airflow/example_dags/example_branch_operator.py
[2024-04-14T18:53:57.312+0000] {processor.py:830} INFO - Processing file /home/airflow/.local/lib/python3.12/site-packages/airflow/example_dags/example_branch_operator.py for tasks to queue
[2024-04-14T18:53:57.323+0000] {logging_mixin.py:188} INFO - [2024-04-14T18:53:57.322+0000] {dagbag.py:540} INFO - Filling up the DagBag from /home/airflow/.local/lib/python3.12/site-packages/airflow/example_dags/example_branch_operator.py
[2024-04-14T18:53:57.393+0000] {processor.py:840} INFO - DAG(s) 'example_branch_operator' retrieved from /home/airflow/.local/lib/python3.12/site-packages/airflow/example_dags/example_branch_operator.py
[2024-04-14T18:53:57.642+0000] {logging_mixin.py:188} INFO - [2024-04-14T18:53:57.640+0000] {override.py:1829} INFO - Created Permission View: can edit on DAG:example_branch_operator
[2024-04-14T18:53:57.669+0000] {logging_mixin.py:188} INFO - [2024-04-14T18:53:57.669+0000] {override.py:1829} INFO - Created Permission View: can delete on DAG:example_branch_operator
[2024-04-14T18:53:57.681+0000] {logging_mixin.py:188} INFO - [2024-04-14T18:53:57.681+0000] {override.py:1829} INFO - Created Permission View: can read on DAG:example_branch_operator
[2024-04-14T18:53:57.682+0000] {logging_mixin.py:188} INFO - [2024-04-14T18:53:57.682+0000] {dag.py:3096} INFO - Sync 1 DAGs
[2024-04-14T18:53:57.713+0000] {logging_mixin.py:188} INFO - [2024-04-14T18:53:57.713+0000] {dag.py:3118} INFO - Creating ORM DAG for example_branch_operator
[2024-04-14T18:53:57.745+0000] {logging_mixin.py:188} INFO - [2024-04-14T18:53:57.744+0000] {dag.py:3954} INFO - Setting next_dagrun for example_branch_operator to 2024-04-13 00:00:00+00:00, run_after=2024-04-14 00:00:00+00:00
[2024-04-14T18:53:57.782+0000] {processor.py:183} INFO - Processing /home/airflow/.local/lib/python3.12/site-packages/airflow/example_dags/example_branch_operator.py took 0.509 seconds
[2024-04-14T18:54:28.173+0000] {processor.py:161} INFO - Started process (PID=125) to work on /home/airflow/.local/lib/python3.12/site-packages/airflow/example_dags/example_branch_operator.py
[2024-04-14T18:54:28.174+0000] {processor.py:830} INFO - Processing file /home/airflow/.local/lib/python3.12/site-packages/airflow/example_dags/example_branch_operator.py for tasks to queue
[2024-04-14T18:54:28.176+0000] {logging_mixin.py:188} INFO - [2024-04-14T18:54:28.175+0000] {dagbag.py:540} INFO - Filling up the DagBag from /home/airflow/.local/lib/python3.12/site-packages/airflow/example_dags/example_branch_operator.py
[2024-04-14T18:54:28.196+0000] {processor.py:840} INFO - DAG(s) 'example_branch_operator' retrieved from /home/airflow/.local/lib/python3.12/site-packages/airflow/example_dags/example_branch_operator.py
[2024-04-14T18:54:28.227+0000] {logging_mixin.py:188} INFO - [2024-04-14T18:54:28.227+0000] {dag.py:3096} INFO - Sync 1 DAGs
[2024-04-14T18:54:28.251+0000] {logging_mixin.py:188} INFO - [2024-04-14T18:54:28.251+0000] {dag.py:3954} INFO - Setting next_dagrun for example_branch_operator to 2024-04-13 00:00:00+00:00, run_after=2024-04-14 00:00:00+00:00
[2024-04-14T18:54:28.272+0000] {processor.py:183} INFO - Processing /home/airflow/.local/lib/python3.12/site-packages/airflow/example_dags/example_branch_operator.py took 0.105 seconds
[2024-04-14T18:54:58.954+0000] {processor.py:161} INFO - Started process (PID=185) to work on /home/airflow/.local/lib/python3.12/site-packages/airflow/example_dags/example_branch_operator.py
[2024-04-14T18:54:58.955+0000] {processor.py:830} INFO - Processing file /home/airflow/.local/lib/python3.12/site-packages/airflow/example_dags/example_branch_operator.py for tasks to queue
[2024-04-14T18:54:58.956+0000] {logging_mixin.py:188} INFO - [2024-04-14T18:54:58.956+0000] {dagbag.py:540} INFO - Filling up the DagBag from /home/airflow/.local/lib/python3.12/site-packages/airflow/example_dags/example_branch_operator.py
[2024-04-14T18:54:58.971+0000] {processor.py:840} INFO - DAG(s) 'example_branch_operator' retrieved from /home/airflow/.local/lib/python3.12/site-packages/airflow/example_dags/example_branch_operator.py
[2024-04-14T18:54:59.017+0000] {logging_mixin.py:188} INFO - [2024-04-14T18:54:59.017+0000] {dag.py:3096} INFO - Sync 1 DAGs
[2024-04-14T18:54:59.050+0000] {logging_mixin.py:188} INFO - [2024-04-14T18:54:59.050+0000] {dag.py:3954} INFO - Setting next_dagrun for example_branch_operator to 2024-04-13 00:00:00+00:00, run_after=2024-04-14 00:00:00+00:00
[2024-04-14T18:54:59.073+0000] {processor.py:183} INFO - Processing /home/airflow/.local/lib/python3.12/site-packages/airflow/example_dags/example_branch_operator.py took 0.124 seconds
[2024-04-14T18:55:29.648+0000] {processor.py:161} INFO - Started process (PID=245) to work on /home/airflow/.local/lib/python3.12/site-packages/airflow/example_dags/example_branch_operator.py
[2024-04-14T18:55:29.650+0000] {processor.py:830} INFO - Processing file /home/airflow/.local/lib/python3.12/site-packages/airflow/example_dags/example_branch_operator.py for tasks to queue
[2024-04-14T18:55:29.655+0000] {logging_mixin.py:188} INFO - [2024-04-14T18:55:29.654+0000] {dagbag.py:540} INFO - Filling up the DagBag from /home/airflow/.local/lib/python3.12/site-packages/airflow/example_dags/example_branch_operator.py
[2024-04-14T18:55:29.725+0000] {processor.py:840} INFO - DAG(s) 'example_branch_operator' retrieved from /home/airflow/.local/lib/python3.12/site-packages/airflow/example_dags/example_branch_operator.py
[2024-04-14T18:55:29.846+0000] {logging_mixin.py:188} INFO - [2024-04-14T18:55:29.845+0000] {dag.py:3096} INFO - Sync 1 DAGs
[2024-04-14T18:55:29.966+0000] {logging_mixin.py:188} INFO - [2024-04-14T18:55:29.966+0000] {dag.py:3954} INFO - Setting next_dagrun for example_branch_operator to 2024-04-13 00:00:00+00:00, run_after=2024-04-14 00:00:00+00:00
[2024-04-14T18:55:30.044+0000] {processor.py:183} INFO - Processing /home/airflow/.local/lib/python3.12/site-packages/airflow/example_dags/example_branch_operator.py took 0.414 seconds
[2024-04-14T18:56:03.300+0000] {processor.py:161} INFO - Started process (PID=305) to work on /home/airflow/.local/lib/python3.12/site-packages/airflow/example_dags/example_branch_operator.py
[2024-04-14T18:56:03.303+0000] {processor.py:830} INFO - Processing file /home/airflow/.local/lib/python3.12/site-packages/airflow/example_dags/example_branch_operator.py for tasks to queue
[2024-04-14T18:56:03.315+0000] {logging_mixin.py:188} INFO - [2024-04-14T18:56:03.311+0000] {dagbag.py:540} INFO - Filling up the DagBag from /home/airflow/.local/lib/python3.12/site-packages/airflow/example_dags/example_branch_operator.py
[2024-04-14T18:56:03.404+0000] {processor.py:840} INFO - DAG(s) 'example_branch_operator' retrieved from /home/airflow/.local/lib/python3.12/site-packages/airflow/example_dags/example_branch_operator.py
[2024-04-14T18:56:03.609+0000] {logging_mixin.py:188} INFO - [2024-04-14T18:56:03.609+0000] {dag.py:3096} INFO - Sync 1 DAGs
[2024-04-14T18:56:03.747+0000] {logging_mixin.py:188} INFO - [2024-04-14T18:56:03.746+0000] {dag.py:3954} INFO - Setting next_dagrun for example_branch_operator to 2024-04-13 00:00:00+00:00, run_after=2024-04-14 00:00:00+00:00
[2024-04-14T18:56:03.808+0000] {processor.py:183} INFO - Processing /home/airflow/.local/lib/python3.12/site-packages/airflow/example_dags/example_branch_operator.py took 0.530 seconds
[2024-04-14T18:56:34.485+0000] {processor.py:161} INFO - Started process (PID=365) to work on /home/airflow/.local/lib/python3.12/site-packages/airflow/example_dags/example_branch_operator.py
[2024-04-14T18:56:34.486+0000] {processor.py:830} INFO - Processing file /home/airflow/.local/lib/python3.12/site-packages/airflow/example_dags/example_branch_operator.py for tasks to queue
[2024-04-14T18:56:34.488+0000] {logging_mixin.py:188} INFO - [2024-04-14T18:56:34.488+0000] {dagbag.py:540} INFO - Filling up the DagBag from /home/airflow/.local/lib/python3.12/site-packages/airflow/example_dags/example_branch_operator.py
[2024-04-14T18:56:34.508+0000] {processor.py:840} INFO - DAG(s) 'example_branch_operator' retrieved from /home/airflow/.local/lib/python3.12/site-packages/airflow/example_dags/example_branch_operator.py
[2024-04-14T18:56:34.544+0000] {logging_mixin.py:188} INFO - [2024-04-14T18:56:34.543+0000] {dag.py:3096} INFO - Sync 1 DAGs
[2024-04-14T18:56:34.570+0000] {logging_mixin.py:188} INFO - [2024-04-14T18:56:34.570+0000] {dag.py:3954} INFO - Setting next_dagrun for example_branch_operator to 2024-04-13 00:00:00+00:00, run_after=2024-04-14 00:00:00+00:00
[2024-04-14T18:56:34.600+0000] {processor.py:183} INFO - Processing /home/airflow/.local/lib/python3.12/site-packages/airflow/example_dags/example_branch_operator.py took 0.121 seconds
[2024-04-14T18:57:04.857+0000] {processor.py:161} INFO - Started process (PID=424) to work on /home/airflow/.local/lib/python3.12/site-packages/airflow/example_dags/example_branch_operator.py
[2024-04-14T18:57:04.858+0000] {processor.py:830} INFO - Processing file /home/airflow/.local/lib/python3.12/site-packages/airflow/example_dags/example_branch_operator.py for tasks to queue
[2024-04-14T18:57:04.860+0000] {logging_mixin.py:188} INFO - [2024-04-14T18:57:04.859+0000] {dagbag.py:540} INFO - Filling up the DagBag from /home/airflow/.local/lib/python3.12/site-packages/airflow/example_dags/example_branch_operator.py
[2024-04-14T18:57:04.877+0000] {processor.py:840} INFO - DAG(s) 'example_branch_operator' retrieved from /home/airflow/.local/lib/python3.12/site-packages/airflow/example_dags/example_branch_operator.py
[2024-04-14T18:57:04.907+0000] {logging_mixin.py:188} INFO - [2024-04-14T18:57:04.907+0000] {dag.py:3096} INFO - Sync 1 DAGs
[2024-04-14T18:57:04.933+0000] {logging_mixin.py:188} INFO - [2024-04-14T18:57:04.932+0000] {dag.py:3954} INFO - Setting next_dagrun for example_branch_operator to 2024-04-13 00:00:00+00:00, run_after=2024-04-14 00:00:00+00:00
[2024-04-14T18:57:04.958+0000] {processor.py:183} INFO - Processing /home/airflow/.local/lib/python3.12/site-packages/airflow/example_dags/example_branch_operator.py took 0.108 seconds
[2024-04-14T18:57:35.724+0000] {processor.py:161} INFO - Started process (PID=486) to work on /home/airflow/.local/lib/python3.12/site-packages/airflow/example_dags/example_branch_operator.py
[2024-04-14T18:57:35.726+0000] {processor.py:830} INFO - Processing file /home/airflow/.local/lib/python3.12/site-packages/airflow/example_dags/example_branch_operator.py for tasks to queue
[2024-04-14T18:57:35.729+0000] {logging_mixin.py:188} INFO - [2024-04-14T18:57:35.729+0000] {dagbag.py:540} INFO - Filling up the DagBag from /home/airflow/.local/lib/python3.12/site-packages/airflow/example_dags/example_branch_operator.py
[2024-04-14T18:57:35.755+0000] {processor.py:840} INFO - DAG(s) 'example_branch_operator' retrieved from /home/airflow/.local/lib/python3.12/site-packages/airflow/example_dags/example_branch_operator.py
[2024-04-14T18:57:35.788+0000] {logging_mixin.py:188} INFO - [2024-04-14T18:57:35.788+0000] {dag.py:3096} INFO - Sync 1 DAGs
[2024-04-14T18:57:35.810+0000] {logging_mixin.py:188} INFO - [2024-04-14T18:57:35.810+0000] {dag.py:3954} INFO - Setting next_dagrun for example_branch_operator to 2024-04-13 00:00:00+00:00, run_after=2024-04-14 00:00:00+00:00
[2024-04-14T18:57:35.834+0000] {processor.py:183} INFO - Processing /home/airflow/.local/lib/python3.12/site-packages/airflow/example_dags/example_branch_operator.py took 0.127 seconds
[2024-04-14T18:58:06.393+0000] {processor.py:161} INFO - Started process (PID=547) to work on /home/airflow/.local/lib/python3.12/site-packages/airflow/example_dags/example_branch_operator.py
[2024-04-14T18:58:06.394+0000] {processor.py:830} INFO - Processing file /home/airflow/.local/lib/python3.12/site-packages/airflow/example_dags/example_branch_operator.py for tasks to queue
[2024-04-14T18:58:06.396+0000] {logging_mixin.py:188} INFO - [2024-04-14T18:58:06.395+0000] {dagbag.py:540} INFO - Filling up the DagBag from /home/airflow/.local/lib/python3.12/site-packages/airflow/example_dags/example_branch_operator.py
[2024-04-14T18:58:06.410+0000] {processor.py:840} INFO - DAG(s) 'example_branch_operator' retrieved from /home/airflow/.local/lib/python3.12/site-packages/airflow/example_dags/example_branch_operator.py
[2024-04-14T18:58:06.436+0000] {logging_mixin.py:188} INFO - [2024-04-14T18:58:06.436+0000] {dag.py:3096} INFO - Sync 1 DAGs
[2024-04-14T18:58:06.458+0000] {logging_mixin.py:188} INFO - [2024-04-14T18:58:06.458+0000] {dag.py:3954} INFO - Setting next_dagrun for example_branch_operator to 2024-04-13 00:00:00+00:00, run_after=2024-04-14 00:00:00+00:00
[2024-04-14T18:58:06.477+0000] {processor.py:183} INFO - Processing /home/airflow/.local/lib/python3.12/site-packages/airflow/example_dags/example_branch_operator.py took 0.089 seconds
[2024-04-14T18:58:37.140+0000] {processor.py:161} INFO - Started process (PID=607) to work on /home/airflow/.local/lib/python3.12/site-packages/airflow/example_dags/example_branch_operator.py
[2024-04-14T18:58:37.141+0000] {processor.py:830} INFO - Processing file /home/airflow/.local/lib/python3.12/site-packages/airflow/example_dags/example_branch_operator.py for tasks to queue
[2024-04-14T18:58:37.143+0000] {logging_mixin.py:188} INFO - [2024-04-14T18:58:37.142+0000] {dagbag.py:540} INFO - Filling up the DagBag from /home/airflow/.local/lib/python3.12/site-packages/airflow/example_dags/example_branch_operator.py
[2024-04-14T18:58:37.157+0000] {processor.py:840} INFO - DAG(s) 'example_branch_operator' retrieved from /home/airflow/.local/lib/python3.12/site-packages/airflow/example_dags/example_branch_operator.py
[2024-04-14T18:58:37.186+0000] {logging_mixin.py:188} INFO - [2024-04-14T18:58:37.185+0000] {dag.py:3096} INFO - Sync 1 DAGs
[2024-04-14T18:58:37.214+0000] {logging_mixin.py:188} INFO - [2024-04-14T18:58:37.214+0000] {dag.py:3954} INFO - Setting next_dagrun for example_branch_operator to 2024-04-13 00:00:00+00:00, run_after=2024-04-14 00:00:00+00:00
[2024-04-14T18:58:37.235+0000] {processor.py:183} INFO - Processing /home/airflow/.local/lib/python3.12/site-packages/airflow/example_dags/example_branch_operator.py took 0.101 seconds
[2024-04-14T18:59:07.328+0000] {processor.py:161} INFO - Started process (PID=667) to work on /home/airflow/.local/lib/python3.12/site-packages/airflow/example_dags/example_branch_operator.py
[2024-04-14T18:59:07.329+0000] {processor.py:830} INFO - Processing file /home/airflow/.local/lib/python3.12/site-packages/airflow/example_dags/example_branch_operator.py for tasks to queue
[2024-04-14T18:59:07.330+0000] {logging_mixin.py:188} INFO - [2024-04-14T18:59:07.330+0000] {dagbag.py:540} INFO - Filling up the DagBag from /home/airflow/.local/lib/python3.12/site-packages/airflow/example_dags/example_branch_operator.py
[2024-04-14T18:59:07.352+0000] {processor.py:840} INFO - DAG(s) 'example_branch_operator' retrieved from /home/airflow/.local/lib/python3.12/site-packages/airflow/example_dags/example_branch_operator.py
[2024-04-14T18:59:07.398+0000] {logging_mixin.py:188} INFO - [2024-04-14T18:59:07.398+0000] {dag.py:3096} INFO - Sync 1 DAGs
[2024-04-14T18:59:07.428+0000] {logging_mixin.py:188} INFO - [2024-04-14T18:59:07.428+0000] {dag.py:3954} INFO - Setting next_dagrun for example_branch_operator to 2024-04-13 00:00:00+00:00, run_after=2024-04-14 00:00:00+00:00
[2024-04-14T18:59:07.448+0000] {processor.py:183} INFO - Processing /home/airflow/.local/lib/python3.12/site-packages/airflow/example_dags/example_branch_operator.py took 0.130 seconds
[2024-04-14T18:59:37.612+0000] {processor.py:161} INFO - Started process (PID=734) to work on /home/airflow/.local/lib/python3.12/site-packages/airflow/example_dags/example_branch_operator.py
[2024-04-14T18:59:37.613+0000] {processor.py:830} INFO - Processing file /home/airflow/.local/lib/python3.12/site-packages/airflow/example_dags/example_branch_operator.py for tasks to queue
[2024-04-14T18:59:37.615+0000] {logging_mixin.py:188} INFO - [2024-04-14T18:59:37.614+0000] {dagbag.py:540} INFO - Filling up the DagBag from /home/airflow/.local/lib/python3.12/site-packages/airflow/example_dags/example_branch_operator.py
[2024-04-14T18:59:37.628+0000] {processor.py:840} INFO - DAG(s) 'example_branch_operator' retrieved from /home/airflow/.local/lib/python3.12/site-packages/airflow/example_dags/example_branch_operator.py
[2024-04-14T18:59:37.653+0000] {logging_mixin.py:188} INFO - [2024-04-14T18:59:37.653+0000] {dag.py:3096} INFO - Sync 1 DAGs
[2024-04-14T18:59:37.673+0000] {logging_mixin.py:188} INFO - [2024-04-14T18:59:37.672+0000] {dag.py:3954} INFO - Setting next_dagrun for example_branch_operator to 2024-04-13 00:00:00+00:00, run_after=2024-04-14 00:00:00+00:00
[2024-04-14T18:59:37.691+0000] {processor.py:183} INFO - Processing /home/airflow/.local/lib/python3.12/site-packages/airflow/example_dags/example_branch_operator.py took 0.083 seconds
[2024-04-14T19:00:07.720+0000] {processor.py:161} INFO - Started process (PID=795) to work on /home/airflow/.local/lib/python3.12/site-packages/airflow/example_dags/example_branch_operator.py
[2024-04-14T19:00:07.721+0000] {processor.py:830} INFO - Processing file /home/airflow/.local/lib/python3.12/site-packages/airflow/example_dags/example_branch_operator.py for tasks to queue
[2024-04-14T19:00:07.723+0000] {logging_mixin.py:188} INFO - [2024-04-14T19:00:07.722+0000] {dagbag.py:540} INFO - Filling up the DagBag from /home/airflow/.local/lib/python3.12/site-packages/airflow/example_dags/example_branch_operator.py
[2024-04-14T19:00:07.737+0000] {processor.py:840} INFO - DAG(s) 'example_branch_operator' retrieved from /home/airflow/.local/lib/python3.12/site-packages/airflow/example_dags/example_branch_operator.py
[2024-04-14T19:00:07.762+0000] {logging_mixin.py:188} INFO - [2024-04-14T19:00:07.761+0000] {dag.py:3096} INFO - Sync 1 DAGs
[2024-04-14T19:00:07.783+0000] {logging_mixin.py:188} INFO - [2024-04-14T19:00:07.783+0000] {dag.py:3954} INFO - Setting next_dagrun for example_branch_operator to 2024-04-13 00:00:00+00:00, run_after=2024-04-14 00:00:00+00:00
[2024-04-14T19:00:07.803+0000] {processor.py:183} INFO - Processing /home/airflow/.local/lib/python3.12/site-packages/airflow/example_dags/example_branch_operator.py took 0.088 seconds
[2024-04-14T19:00:37.948+0000] {processor.py:161} INFO - Started process (PID=854) to work on /home/airflow/.local/lib/python3.12/site-packages/airflow/example_dags/example_branch_operator.py
[2024-04-14T19:00:37.949+0000] {processor.py:830} INFO - Processing file /home/airflow/.local/lib/python3.12/site-packages/airflow/example_dags/example_branch_operator.py for tasks to queue
[2024-04-14T19:00:37.951+0000] {logging_mixin.py:188} INFO - [2024-04-14T19:00:37.951+0000] {dagbag.py:540} INFO - Filling up the DagBag from /home/airflow/.local/lib/python3.12/site-packages/airflow/example_dags/example_branch_operator.py
[2024-04-14T19:00:37.964+0000] {processor.py:840} INFO - DAG(s) 'example_branch_operator' retrieved from /home/airflow/.local/lib/python3.12/site-packages/airflow/example_dags/example_branch_operator.py
[2024-04-14T19:00:37.989+0000] {logging_mixin.py:188} INFO - [2024-04-14T19:00:37.989+0000] {dag.py:3096} INFO - Sync 1 DAGs
[2024-04-14T19:00:38.010+0000] {logging_mixin.py:188} INFO - [2024-04-14T19:00:38.010+0000] {dag.py:3954} INFO - Setting next_dagrun for example_branch_operator to 2024-04-13 00:00:00+00:00, run_after=2024-04-14 00:00:00+00:00
[2024-04-14T19:00:38.031+0000] {processor.py:183} INFO - Processing /home/airflow/.local/lib/python3.12/site-packages/airflow/example_dags/example_branch_operator.py took 0.087 seconds
[2024-04-14T19:01:08.534+0000] {processor.py:161} INFO - Started process (PID=918) to work on /home/airflow/.local/lib/python3.12/site-packages/airflow/example_dags/example_branch_operator.py
[2024-04-14T19:01:08.535+0000] {processor.py:830} INFO - Processing file /home/airflow/.local/lib/python3.12/site-packages/airflow/example_dags/example_branch_operator.py for tasks to queue
[2024-04-14T19:01:08.537+0000] {logging_mixin.py:188} INFO - [2024-04-14T19:01:08.537+0000] {dagbag.py:540} INFO - Filling up the DagBag from /home/airflow/.local/lib/python3.12/site-packages/airflow/example_dags/example_branch_operator.py
[2024-04-14T19:01:08.552+0000] {processor.py:840} INFO - DAG(s) 'example_branch_operator' retrieved from /home/airflow/.local/lib/python3.12/site-packages/airflow/example_dags/example_branch_operator.py
[2024-04-14T19:01:08.580+0000] {logging_mixin.py:188} INFO - [2024-04-14T19:01:08.579+0000] {dag.py:3096} INFO - Sync 1 DAGs
[2024-04-14T19:01:08.600+0000] {logging_mixin.py:188} INFO - [2024-04-14T19:01:08.599+0000] {dag.py:3954} INFO - Setting next_dagrun for example_branch_operator to 2024-04-13 00:00:00+00:00, run_after=2024-04-14 00:00:00+00:00
[2024-04-14T19:01:08.618+0000] {processor.py:183} INFO - Processing /home/airflow/.local/lib/python3.12/site-packages/airflow/example_dags/example_branch_operator.py took 0.088 seconds
[2024-04-14T19:01:38.740+0000] {processor.py:161} INFO - Started process (PID=978) to work on /home/airflow/.local/lib/python3.12/site-packages/airflow/example_dags/example_branch_operator.py
[2024-04-14T19:01:38.740+0000] {processor.py:830} INFO - Processing file /home/airflow/.local/lib/python3.12/site-packages/airflow/example_dags/example_branch_operator.py for tasks to queue
[2024-04-14T19:01:38.742+0000] {logging_mixin.py:188} INFO - [2024-04-14T19:01:38.742+0000] {dagbag.py:540} INFO - Filling up the DagBag from /home/airflow/.local/lib/python3.12/site-packages/airflow/example_dags/example_branch_operator.py
[2024-04-14T19:01:38.756+0000] {processor.py:840} INFO - DAG(s) 'example_branch_operator' retrieved from /home/airflow/.local/lib/python3.12/site-packages/airflow/example_dags/example_branch_operator.py
[2024-04-14T19:01:38.781+0000] {logging_mixin.py:188} INFO - [2024-04-14T19:01:38.781+0000] {dag.py:3096} INFO - Sync 1 DAGs
[2024-04-14T19:01:38.803+0000] {logging_mixin.py:188} INFO - [2024-04-14T19:01:38.802+0000] {dag.py:3954} INFO - Setting next_dagrun for example_branch_operator to 2024-04-13 00:00:00+00:00, run_after=2024-04-14 00:00:00+00:00
[2024-04-14T19:01:38.966+0000] {processor.py:183} INFO - Processing /home/airflow/.local/lib/python3.12/site-packages/airflow/example_dags/example_branch_operator.py took 0.231 seconds
[2024-04-14T19:02:09.390+0000] {processor.py:161} INFO - Started process (PID=1038) to work on /home/airflow/.local/lib/python3.12/site-packages/airflow/example_dags/example_branch_operator.py
[2024-04-14T19:02:09.391+0000] {processor.py:830} INFO - Processing file /home/airflow/.local/lib/python3.12/site-packages/airflow/example_dags/example_branch_operator.py for tasks to queue
[2024-04-14T19:02:09.392+0000] {logging_mixin.py:188} INFO - [2024-04-14T19:02:09.392+0000] {dagbag.py:540} INFO - Filling up the DagBag from /home/airflow/.local/lib/python3.12/site-packages/airflow/example_dags/example_branch_operator.py
[2024-04-14T19:02:09.405+0000] {processor.py:840} INFO - DAG(s) 'example_branch_operator' retrieved from /home/airflow/.local/lib/python3.12/site-packages/airflow/example_dags/example_branch_operator.py
[2024-04-14T19:02:09.430+0000] {logging_mixin.py:188} INFO - [2024-04-14T19:02:09.430+0000] {dag.py:3096} INFO - Sync 1 DAGs
[2024-04-14T19:02:09.449+0000] {logging_mixin.py:188} INFO - [2024-04-14T19:02:09.448+0000] {dag.py:3954} INFO - Setting next_dagrun for example_branch_operator to 2024-04-13 00:00:00+00:00, run_after=2024-04-14 00:00:00+00:00
[2024-04-14T19:02:09.466+0000] {processor.py:183} INFO - Processing /home/airflow/.local/lib/python3.12/site-packages/airflow/example_dags/example_branch_operator.py took 0.080 seconds
[2024-04-14T19:02:40.006+0000] {processor.py:161} INFO - Started process (PID=1098) to work on /home/airflow/.local/lib/python3.12/site-packages/airflow/example_dags/example_branch_operator.py
[2024-04-14T19:02:40.007+0000] {processor.py:830} INFO - Processing file /home/airflow/.local/lib/python3.12/site-packages/airflow/example_dags/example_branch_operator.py for tasks to queue
[2024-04-14T19:02:40.008+0000] {logging_mixin.py:188} INFO - [2024-04-14T19:02:40.008+0000] {dagbag.py:540} INFO - Filling up the DagBag from /home/airflow/.local/lib/python3.12/site-packages/airflow/example_dags/example_branch_operator.py
[2024-04-14T19:02:40.022+0000] {processor.py:840} INFO - DAG(s) 'example_branch_operator' retrieved from /home/airflow/.local/lib/python3.12/site-packages/airflow/example_dags/example_branch_operator.py
[2024-04-14T19:02:40.046+0000] {logging_mixin.py:188} INFO - [2024-04-14T19:02:40.046+0000] {dag.py:3096} INFO - Sync 1 DAGs
[2024-04-14T19:02:40.064+0000] {logging_mixin.py:188} INFO - [2024-04-14T19:02:40.064+0000] {dag.py:3954} INFO - Setting next_dagrun for example_branch_operator to 2024-04-13 00:00:00+00:00, run_after=2024-04-14 00:00:00+00:00
[2024-04-14T19:02:40.082+0000] {processor.py:183} INFO - Processing /home/airflow/.local/lib/python3.12/site-packages/airflow/example_dags/example_branch_operator.py took 0.080 seconds
[2024-04-14T19:03:10.316+0000] {processor.py:161} INFO - Started process (PID=1158) to work on /home/airflow/.local/lib/python3.12/site-packages/airflow/example_dags/example_branch_operator.py
[2024-04-14T19:03:10.316+0000] {processor.py:830} INFO - Processing file /home/airflow/.local/lib/python3.12/site-packages/airflow/example_dags/example_branch_operator.py for tasks to queue
[2024-04-14T19:03:10.318+0000] {logging_mixin.py:188} INFO - [2024-04-14T19:03:10.318+0000] {dagbag.py:540} INFO - Filling up the DagBag from /home/airflow/.local/lib/python3.12/site-packages/airflow/example_dags/example_branch_operator.py
[2024-04-14T19:03:10.331+0000] {processor.py:840} INFO - DAG(s) 'example_branch_operator' retrieved from /home/airflow/.local/lib/python3.12/site-packages/airflow/example_dags/example_branch_operator.py
[2024-04-14T19:03:10.359+0000] {logging_mixin.py:188} INFO - [2024-04-14T19:03:10.359+0000] {dag.py:3096} INFO - Sync 1 DAGs
[2024-04-14T19:03:10.561+0000] {logging_mixin.py:188} INFO - [2024-04-14T19:03:10.560+0000] {dag.py:3954} INFO - Setting next_dagrun for example_branch_operator to 2024-04-13 00:00:00+00:00, run_after=2024-04-14 00:00:00+00:00
[2024-04-14T19:03:10.580+0000] {processor.py:183} INFO - Processing /home/airflow/.local/lib/python3.12/site-packages/airflow/example_dags/example_branch_operator.py took 0.268 seconds
[2024-04-14T19:03:41.551+0000] {processor.py:161} INFO - Started process (PID=1219) to work on /home/airflow/.local/lib/python3.12/site-packages/airflow/example_dags/example_branch_operator.py
[2024-04-14T19:03:41.552+0000] {processor.py:830} INFO - Processing file /home/airflow/.local/lib/python3.12/site-packages/airflow/example_dags/example_branch_operator.py for tasks to queue
[2024-04-14T19:03:41.553+0000] {logging_mixin.py:188} INFO - [2024-04-14T19:03:41.553+0000] {dagbag.py:540} INFO - Filling up the DagBag from /home/airflow/.local/lib/python3.12/site-packages/airflow/example_dags/example_branch_operator.py
[2024-04-14T19:03:41.566+0000] {processor.py:840} INFO - DAG(s) 'example_branch_operator' retrieved from /home/airflow/.local/lib/python3.12/site-packages/airflow/example_dags/example_branch_operator.py
[2024-04-14T19:03:41.589+0000] {logging_mixin.py:188} INFO - [2024-04-14T19:03:41.588+0000] {dag.py:3096} INFO - Sync 1 DAGs
[2024-04-14T19:03:41.608+0000] {logging_mixin.py:188} INFO - [2024-04-14T19:03:41.607+0000] {dag.py:3954} INFO - Setting next_dagrun for example_branch_operator to 2024-04-13 00:00:00+00:00, run_after=2024-04-14 00:00:00+00:00
[2024-04-14T19:03:41.756+0000] {processor.py:183} INFO - Processing /home/airflow/.local/lib/python3.12/site-packages/airflow/example_dags/example_branch_operator.py took 0.210 seconds
[2024-04-14T19:04:12.168+0000] {processor.py:161} INFO - Started process (PID=1279) to work on /home/airflow/.local/lib/python3.12/site-packages/airflow/example_dags/example_branch_operator.py
[2024-04-14T19:04:12.169+0000] {processor.py:830} INFO - Processing file /home/airflow/.local/lib/python3.12/site-packages/airflow/example_dags/example_branch_operator.py for tasks to queue
[2024-04-14T19:04:12.171+0000] {logging_mixin.py:188} INFO - [2024-04-14T19:04:12.170+0000] {dagbag.py:540} INFO - Filling up the DagBag from /home/airflow/.local/lib/python3.12/site-packages/airflow/example_dags/example_branch_operator.py
[2024-04-14T19:04:12.187+0000] {processor.py:840} INFO - DAG(s) 'example_branch_operator' retrieved from /home/airflow/.local/lib/python3.12/site-packages/airflow/example_dags/example_branch_operator.py
[2024-04-14T19:04:12.212+0000] {logging_mixin.py:188} INFO - [2024-04-14T19:04:12.212+0000] {dag.py:3096} INFO - Sync 1 DAGs
[2024-04-14T19:04:12.233+0000] {logging_mixin.py:188} INFO - [2024-04-14T19:04:12.233+0000] {dag.py:3954} INFO - Setting next_dagrun for example_branch_operator to 2024-04-13 00:00:00+00:00, run_after=2024-04-14 00:00:00+00:00
[2024-04-14T19:04:12.255+0000] {processor.py:183} INFO - Processing /home/airflow/.local/lib/python3.12/site-packages/airflow/example_dags/example_branch_operator.py took 0.092 seconds
[2024-04-14T19:04:42.474+0000] {processor.py:161} INFO - Started process (PID=1339) to work on /home/airflow/.local/lib/python3.12/site-packages/airflow/example_dags/example_branch_operator.py
[2024-04-14T19:04:42.474+0000] {processor.py:830} INFO - Processing file /home/airflow/.local/lib/python3.12/site-packages/airflow/example_dags/example_branch_operator.py for tasks to queue
[2024-04-14T19:04:42.476+0000] {logging_mixin.py:188} INFO - [2024-04-14T19:04:42.476+0000] {dagbag.py:540} INFO - Filling up the DagBag from /home/airflow/.local/lib/python3.12/site-packages/airflow/example_dags/example_branch_operator.py
[2024-04-14T19:04:42.488+0000] {processor.py:840} INFO - DAG(s) 'example_branch_operator' retrieved from /home/airflow/.local/lib/python3.12/site-packages/airflow/example_dags/example_branch_operator.py
[2024-04-14T19:04:42.511+0000] {logging_mixin.py:188} INFO - [2024-04-14T19:04:42.511+0000] {dag.py:3096} INFO - Sync 1 DAGs
[2024-04-14T19:04:42.529+0000] {logging_mixin.py:188} INFO - [2024-04-14T19:04:42.529+0000] {dag.py:3954} INFO - Setting next_dagrun for example_branch_operator to 2024-04-13 00:00:00+00:00, run_after=2024-04-14 00:00:00+00:00
[2024-04-14T19:04:42.546+0000] {processor.py:183} INFO - Processing /home/airflow/.local/lib/python3.12/site-packages/airflow/example_dags/example_branch_operator.py took 0.077 seconds
[2024-04-14T19:05:13.009+0000] {processor.py:161} INFO - Started process (PID=1399) to work on /home/airflow/.local/lib/python3.12/site-packages/airflow/example_dags/example_branch_operator.py
[2024-04-14T19:05:13.009+0000] {processor.py:830} INFO - Processing file /home/airflow/.local/lib/python3.12/site-packages/airflow/example_dags/example_branch_operator.py for tasks to queue
[2024-04-14T19:05:13.011+0000] {logging_mixin.py:188} INFO - [2024-04-14T19:05:13.011+0000] {dagbag.py:540} INFO - Filling up the DagBag from /home/airflow/.local/lib/python3.12/site-packages/airflow/example_dags/example_branch_operator.py
[2024-04-14T19:05:13.024+0000] {processor.py:840} INFO - DAG(s) 'example_branch_operator' retrieved from /home/airflow/.local/lib/python3.12/site-packages/airflow/example_dags/example_branch_operator.py
[2024-04-14T19:05:13.048+0000] {logging_mixin.py:188} INFO - [2024-04-14T19:05:13.048+0000] {dag.py:3096} INFO - Sync 1 DAGs
[2024-04-14T19:05:13.067+0000] {logging_mixin.py:188} INFO - [2024-04-14T19:05:13.066+0000] {dag.py:3954} INFO - Setting next_dagrun for example_branch_operator to 2024-04-13 00:00:00+00:00, run_after=2024-04-14 00:00:00+00:00
[2024-04-14T19:05:13.085+0000] {processor.py:183} INFO - Processing /home/airflow/.local/lib/python3.12/site-packages/airflow/example_dags/example_branch_operator.py took 0.081 seconds
[2024-04-14T19:05:43.356+0000] {processor.py:161} INFO - Started process (PID=1459) to work on /home/airflow/.local/lib/python3.12/site-packages/airflow/example_dags/example_branch_operator.py
[2024-04-14T19:05:43.357+0000] {processor.py:830} INFO - Processing file /home/airflow/.local/lib/python3.12/site-packages/airflow/example_dags/example_branch_operator.py for tasks to queue
[2024-04-14T19:05:43.358+0000] {logging_mixin.py:188} INFO - [2024-04-14T19:05:43.358+0000] {dagbag.py:540} INFO - Filling up the DagBag from /home/airflow/.local/lib/python3.12/site-packages/airflow/example_dags/example_branch_operator.py
[2024-04-14T19:05:43.371+0000] {processor.py:840} INFO - DAG(s) 'example_branch_operator' retrieved from /home/airflow/.local/lib/python3.12/site-packages/airflow/example_dags/example_branch_operator.py
[2024-04-14T19:05:43.573+0000] {logging_mixin.py:188} INFO - [2024-04-14T19:05:43.572+0000] {dag.py:3096} INFO - Sync 1 DAGs
[2024-04-14T19:05:43.591+0000] {logging_mixin.py:188} INFO - [2024-04-14T19:05:43.591+0000] {dag.py:3954} INFO - Setting next_dagrun for example_branch_operator to 2024-04-13 00:00:00+00:00, run_after=2024-04-14 00:00:00+00:00
[2024-04-14T19:05:43.609+0000] {processor.py:183} INFO - Processing /home/airflow/.local/lib/python3.12/site-packages/airflow/example_dags/example_branch_operator.py took 0.258 seconds
[2024-04-14T19:06:13.804+0000] {processor.py:161} INFO - Started process (PID=1519) to work on /home/airflow/.local/lib/python3.12/site-packages/airflow/example_dags/example_branch_operator.py
[2024-04-14T19:06:13.805+0000] {processor.py:830} INFO - Processing file /home/airflow/.local/lib/python3.12/site-packages/airflow/example_dags/example_branch_operator.py for tasks to queue
[2024-04-14T19:06:13.806+0000] {logging_mixin.py:188} INFO - [2024-04-14T19:06:13.806+0000] {dagbag.py:540} INFO - Filling up the DagBag from /home/airflow/.local/lib/python3.12/site-packages/airflow/example_dags/example_branch_operator.py
[2024-04-14T19:06:13.820+0000] {processor.py:840} INFO - DAG(s) 'example_branch_operator' retrieved from /home/airflow/.local/lib/python3.12/site-packages/airflow/example_dags/example_branch_operator.py
[2024-04-14T19:06:13.843+0000] {logging_mixin.py:188} INFO - [2024-04-14T19:06:13.843+0000] {dag.py:3096} INFO - Sync 1 DAGs
[2024-04-14T19:06:13.862+0000] {logging_mixin.py:188} INFO - [2024-04-14T19:06:13.862+0000] {dag.py:3954} INFO - Setting next_dagrun for example_branch_operator to 2024-04-13 00:00:00+00:00, run_after=2024-04-14 00:00:00+00:00
[2024-04-14T19:06:13.884+0000] {processor.py:183} INFO - Processing /home/airflow/.local/lib/python3.12/site-packages/airflow/example_dags/example_branch_operator.py took 0.085 seconds
[2024-04-14T19:06:44.590+0000] {processor.py:161} INFO - Started process (PID=1579) to work on /home/airflow/.local/lib/python3.12/site-packages/airflow/example_dags/example_branch_operator.py
[2024-04-14T19:06:44.591+0000] {processor.py:830} INFO - Processing file /home/airflow/.local/lib/python3.12/site-packages/airflow/example_dags/example_branch_operator.py for tasks to queue
[2024-04-14T19:06:44.592+0000] {logging_mixin.py:188} INFO - [2024-04-14T19:06:44.592+0000] {dagbag.py:540} INFO - Filling up the DagBag from /home/airflow/.local/lib/python3.12/site-packages/airflow/example_dags/example_branch_operator.py
[2024-04-14T19:06:44.605+0000] {processor.py:840} INFO - DAG(s) 'example_branch_operator' retrieved from /home/airflow/.local/lib/python3.12/site-packages/airflow/example_dags/example_branch_operator.py
[2024-04-14T19:06:44.629+0000] {logging_mixin.py:188} INFO - [2024-04-14T19:06:44.629+0000] {dag.py:3096} INFO - Sync 1 DAGs
[2024-04-14T19:06:44.648+0000] {logging_mixin.py:188} INFO - [2024-04-14T19:06:44.648+0000] {dag.py:3954} INFO - Setting next_dagrun for example_branch_operator to 2024-04-13 00:00:00+00:00, run_after=2024-04-14 00:00:00+00:00
[2024-04-14T19:06:44.671+0000] {processor.py:183} INFO - Processing /home/airflow/.local/lib/python3.12/site-packages/airflow/example_dags/example_branch_operator.py took 0.085 seconds
[2024-04-14T19:07:14.929+0000] {processor.py:161} INFO - Started process (PID=1639) to work on /home/airflow/.local/lib/python3.12/site-packages/airflow/example_dags/example_branch_operator.py
[2024-04-14T19:07:14.929+0000] {processor.py:830} INFO - Processing file /home/airflow/.local/lib/python3.12/site-packages/airflow/example_dags/example_branch_operator.py for tasks to queue
[2024-04-14T19:07:14.931+0000] {logging_mixin.py:188} INFO - [2024-04-14T19:07:14.931+0000] {dagbag.py:540} INFO - Filling up the DagBag from /home/airflow/.local/lib/python3.12/site-packages/airflow/example_dags/example_branch_operator.py
[2024-04-14T19:07:14.945+0000] {processor.py:840} INFO - DAG(s) 'example_branch_operator' retrieved from /home/airflow/.local/lib/python3.12/site-packages/airflow/example_dags/example_branch_operator.py
[2024-04-14T19:07:14.971+0000] {logging_mixin.py:188} INFO - [2024-04-14T19:07:14.971+0000] {dag.py:3096} INFO - Sync 1 DAGs
[2024-04-14T19:07:14.991+0000] {logging_mixin.py:188} INFO - [2024-04-14T19:07:14.991+0000] {dag.py:3954} INFO - Setting next_dagrun for example_branch_operator to 2024-04-13 00:00:00+00:00, run_after=2024-04-14 00:00:00+00:00
[2024-04-14T19:07:15.014+0000] {processor.py:183} INFO - Processing /home/airflow/.local/lib/python3.12/site-packages/airflow/example_dags/example_branch_operator.py took 0.090 seconds
[2024-04-14T19:07:45.551+0000] {processor.py:161} INFO - Started process (PID=1699) to work on /home/airflow/.local/lib/python3.12/site-packages/airflow/example_dags/example_branch_operator.py
[2024-04-14T19:07:45.552+0000] {processor.py:830} INFO - Processing file /home/airflow/.local/lib/python3.12/site-packages/airflow/example_dags/example_branch_operator.py for tasks to queue
[2024-04-14T19:07:45.554+0000] {logging_mixin.py:188} INFO - [2024-04-14T19:07:45.554+0000] {dagbag.py:540} INFO - Filling up the DagBag from /home/airflow/.local/lib/python3.12/site-packages/airflow/example_dags/example_branch_operator.py
[2024-04-14T19:07:45.567+0000] {processor.py:840} INFO - DAG(s) 'example_branch_operator' retrieved from /home/airflow/.local/lib/python3.12/site-packages/airflow/example_dags/example_branch_operator.py
[2024-04-14T19:07:45.594+0000] {logging_mixin.py:188} INFO - [2024-04-14T19:07:45.593+0000] {dag.py:3096} INFO - Sync 1 DAGs
[2024-04-14T19:07:45.614+0000] {logging_mixin.py:188} INFO - [2024-04-14T19:07:45.614+0000] {dag.py:3954} INFO - Setting next_dagrun for example_branch_operator to 2024-04-13 00:00:00+00:00, run_after=2024-04-14 00:00:00+00:00
[2024-04-14T19:07:45.632+0000] {processor.py:183} INFO - Processing /home/airflow/.local/lib/python3.12/site-packages/airflow/example_dags/example_branch_operator.py took 0.086 seconds
[2024-04-14T19:08:15.704+0000] {processor.py:161} INFO - Started process (PID=1763) to work on /home/airflow/.local/lib/python3.12/site-packages/airflow/example_dags/example_branch_operator.py
[2024-04-14T19:08:15.711+0000] {processor.py:830} INFO - Processing file /home/airflow/.local/lib/python3.12/site-packages/airflow/example_dags/example_branch_operator.py for tasks to queue
[2024-04-14T19:08:15.717+0000] {logging_mixin.py:188} INFO - [2024-04-14T19:08:15.716+0000] {dagbag.py:540} INFO - Filling up the DagBag from /home/airflow/.local/lib/python3.12/site-packages/airflow/example_dags/example_branch_operator.py
[2024-04-14T19:08:15.733+0000] {processor.py:840} INFO - DAG(s) 'example_branch_operator' retrieved from /home/airflow/.local/lib/python3.12/site-packages/airflow/example_dags/example_branch_operator.py
[2024-04-14T19:08:15.761+0000] {logging_mixin.py:188} INFO - [2024-04-14T19:08:15.760+0000] {dag.py:3096} INFO - Sync 1 DAGs
[2024-04-14T19:08:15.783+0000] {logging_mixin.py:188} INFO - [2024-04-14T19:08:15.783+0000] {dag.py:3954} INFO - Setting next_dagrun for example_branch_operator to 2024-04-13 00:00:00+00:00, run_after=2024-04-14 00:00:00+00:00
[2024-04-14T19:08:15.805+0000] {processor.py:183} INFO - Processing /home/airflow/.local/lib/python3.12/site-packages/airflow/example_dags/example_branch_operator.py took 0.110 seconds
[2024-04-14T19:08:46.223+0000] {processor.py:161} INFO - Started process (PID=1823) to work on /home/airflow/.local/lib/python3.12/site-packages/airflow/example_dags/example_branch_operator.py
[2024-04-14T19:08:46.225+0000] {processor.py:830} INFO - Processing file /home/airflow/.local/lib/python3.12/site-packages/airflow/example_dags/example_branch_operator.py for tasks to queue
[2024-04-14T19:08:46.226+0000] {logging_mixin.py:188} INFO - [2024-04-14T19:08:46.226+0000] {dagbag.py:540} INFO - Filling up the DagBag from /home/airflow/.local/lib/python3.12/site-packages/airflow/example_dags/example_branch_operator.py
[2024-04-14T19:08:46.240+0000] {processor.py:840} INFO - DAG(s) 'example_branch_operator' retrieved from /home/airflow/.local/lib/python3.12/site-packages/airflow/example_dags/example_branch_operator.py
[2024-04-14T19:08:46.263+0000] {logging_mixin.py:188} INFO - [2024-04-14T19:08:46.263+0000] {dag.py:3096} INFO - Sync 1 DAGs
[2024-04-14T19:08:46.281+0000] {logging_mixin.py:188} INFO - [2024-04-14T19:08:46.281+0000] {dag.py:3954} INFO - Setting next_dagrun for example_branch_operator to 2024-04-13 00:00:00+00:00, run_after=2024-04-14 00:00:00+00:00
[2024-04-14T19:08:46.300+0000] {processor.py:183} INFO - Processing /home/airflow/.local/lib/python3.12/site-packages/airflow/example_dags/example_branch_operator.py took 0.082 seconds
[2024-04-14T19:09:16.443+0000] {processor.py:161} INFO - Started process (PID=1885) to work on /home/airflow/.local/lib/python3.12/site-packages/airflow/example_dags/example_branch_operator.py
[2024-04-14T19:09:16.443+0000] {processor.py:830} INFO - Processing file /home/airflow/.local/lib/python3.12/site-packages/airflow/example_dags/example_branch_operator.py for tasks to queue
[2024-04-14T19:09:16.445+0000] {logging_mixin.py:188} INFO - [2024-04-14T19:09:16.445+0000] {dagbag.py:540} INFO - Filling up the DagBag from /home/airflow/.local/lib/python3.12/site-packages/airflow/example_dags/example_branch_operator.py
[2024-04-14T19:09:16.457+0000] {processor.py:840} INFO - DAG(s) 'example_branch_operator' retrieved from /home/airflow/.local/lib/python3.12/site-packages/airflow/example_dags/example_branch_operator.py
[2024-04-14T19:09:16.480+0000] {logging_mixin.py:188} INFO - [2024-04-14T19:09:16.480+0000] {dag.py:3096} INFO - Sync 1 DAGs
[2024-04-14T19:09:16.498+0000] {logging_mixin.py:188} INFO - [2024-04-14T19:09:16.498+0000] {dag.py:3954} INFO - Setting next_dagrun for example_branch_operator to 2024-04-13 00:00:00+00:00, run_after=2024-04-14 00:00:00+00:00
[2024-04-14T19:09:16.514+0000] {processor.py:183} INFO - Processing /home/airflow/.local/lib/python3.12/site-packages/airflow/example_dags/example_branch_operator.py took 0.076 seconds
[2024-04-14T19:09:46.887+0000] {processor.py:161} INFO - Started process (PID=1943) to work on /home/airflow/.local/lib/python3.12/site-packages/airflow/example_dags/example_branch_operator.py
[2024-04-14T19:09:46.887+0000] {processor.py:830} INFO - Processing file /home/airflow/.local/lib/python3.12/site-packages/airflow/example_dags/example_branch_operator.py for tasks to queue
[2024-04-14T19:09:46.889+0000] {logging_mixin.py:188} INFO - [2024-04-14T19:09:46.889+0000] {dagbag.py:540} INFO - Filling up the DagBag from /home/airflow/.local/lib/python3.12/site-packages/airflow/example_dags/example_branch_operator.py
[2024-04-14T19:09:46.903+0000] {processor.py:840} INFO - DAG(s) 'example_branch_operator' retrieved from /home/airflow/.local/lib/python3.12/site-packages/airflow/example_dags/example_branch_operator.py
[2024-04-14T19:09:46.927+0000] {logging_mixin.py:188} INFO - [2024-04-14T19:09:46.926+0000] {dag.py:3096} INFO - Sync 1 DAGs
[2024-04-14T19:09:46.946+0000] {logging_mixin.py:188} INFO - [2024-04-14T19:09:46.945+0000] {dag.py:3954} INFO - Setting next_dagrun for example_branch_operator to 2024-04-13 00:00:00+00:00, run_after=2024-04-14 00:00:00+00:00
[2024-04-14T19:09:46.965+0000] {processor.py:183} INFO - Processing /home/airflow/.local/lib/python3.12/site-packages/airflow/example_dags/example_branch_operator.py took 0.083 seconds
[2024-04-14T19:10:17.725+0000] {processor.py:161} INFO - Started process (PID=2007) to work on /home/airflow/.local/lib/python3.12/site-packages/airflow/example_dags/example_branch_operator.py
[2024-04-14T19:10:17.726+0000] {processor.py:830} INFO - Processing file /home/airflow/.local/lib/python3.12/site-packages/airflow/example_dags/example_branch_operator.py for tasks to queue
[2024-04-14T19:10:17.728+0000] {logging_mixin.py:188} INFO - [2024-04-14T19:10:17.728+0000] {dagbag.py:540} INFO - Filling up the DagBag from /home/airflow/.local/lib/python3.12/site-packages/airflow/example_dags/example_branch_operator.py
[2024-04-14T19:10:17.741+0000] {processor.py:840} INFO - DAG(s) 'example_branch_operator' retrieved from /home/airflow/.local/lib/python3.12/site-packages/airflow/example_dags/example_branch_operator.py
[2024-04-14T19:10:17.766+0000] {logging_mixin.py:188} INFO - [2024-04-14T19:10:17.766+0000] {dag.py:3096} INFO - Sync 1 DAGs
[2024-04-14T19:10:17.786+0000] {logging_mixin.py:188} INFO - [2024-04-14T19:10:17.786+0000] {dag.py:3954} INFO - Setting next_dagrun for example_branch_operator to 2024-04-13 00:00:00+00:00, run_after=2024-04-14 00:00:00+00:00
[2024-04-14T19:10:17.805+0000] {processor.py:183} INFO - Processing /home/airflow/.local/lib/python3.12/site-packages/airflow/example_dags/example_branch_operator.py took 0.084 seconds
[2024-04-14T19:10:47.912+0000] {processor.py:161} INFO - Started process (PID=2067) to work on /home/airflow/.local/lib/python3.12/site-packages/airflow/example_dags/example_branch_operator.py
[2024-04-14T19:10:47.913+0000] {processor.py:830} INFO - Processing file /home/airflow/.local/lib/python3.12/site-packages/airflow/example_dags/example_branch_operator.py for tasks to queue
[2024-04-14T19:10:47.914+0000] {logging_mixin.py:188} INFO - [2024-04-14T19:10:47.914+0000] {dagbag.py:540} INFO - Filling up the DagBag from /home/airflow/.local/lib/python3.12/site-packages/airflow/example_dags/example_branch_operator.py
[2024-04-14T19:10:47.927+0000] {processor.py:840} INFO - DAG(s) 'example_branch_operator' retrieved from /home/airflow/.local/lib/python3.12/site-packages/airflow/example_dags/example_branch_operator.py
[2024-04-14T19:10:47.953+0000] {logging_mixin.py:188} INFO - [2024-04-14T19:10:47.952+0000] {dag.py:3096} INFO - Sync 1 DAGs
[2024-04-14T19:10:47.972+0000] {logging_mixin.py:188} INFO - [2024-04-14T19:10:47.972+0000] {dag.py:3954} INFO - Setting next_dagrun for example_branch_operator to 2024-04-13 00:00:00+00:00, run_after=2024-04-14 00:00:00+00:00
[2024-04-14T19:10:47.993+0000] {processor.py:183} INFO - Processing /home/airflow/.local/lib/python3.12/site-packages/airflow/example_dags/example_branch_operator.py took 0.086 seconds
[2024-04-14T19:11:18.165+0000] {processor.py:161} INFO - Started process (PID=2127) to work on /home/airflow/.local/lib/python3.12/site-packages/airflow/example_dags/example_branch_operator.py
[2024-04-14T19:11:18.166+0000] {processor.py:830} INFO - Processing file /home/airflow/.local/lib/python3.12/site-packages/airflow/example_dags/example_branch_operator.py for tasks to queue
[2024-04-14T19:11:18.168+0000] {logging_mixin.py:188} INFO - [2024-04-14T19:11:18.168+0000] {dagbag.py:540} INFO - Filling up the DagBag from /home/airflow/.local/lib/python3.12/site-packages/airflow/example_dags/example_branch_operator.py
[2024-04-14T19:11:18.181+0000] {processor.py:840} INFO - DAG(s) 'example_branch_operator' retrieved from /home/airflow/.local/lib/python3.12/site-packages/airflow/example_dags/example_branch_operator.py
[2024-04-14T19:11:18.205+0000] {logging_mixin.py:188} INFO - [2024-04-14T19:11:18.205+0000] {dag.py:3096} INFO - Sync 1 DAGs
[2024-04-14T19:11:18.224+0000] {logging_mixin.py:188} INFO - [2024-04-14T19:11:18.224+0000] {dag.py:3954} INFO - Setting next_dagrun for example_branch_operator to 2024-04-13 00:00:00+00:00, run_after=2024-04-14 00:00:00+00:00
[2024-04-14T19:11:18.242+0000] {processor.py:183} INFO - Processing /home/airflow/.local/lib/python3.12/site-packages/airflow/example_dags/example_branch_operator.py took 0.082 seconds
[2024-04-14T19:11:48.532+0000] {processor.py:161} INFO - Started process (PID=2191) to work on /home/airflow/.local/lib/python3.12/site-packages/airflow/example_dags/example_branch_operator.py
[2024-04-14T19:11:48.533+0000] {processor.py:830} INFO - Processing file /home/airflow/.local/lib/python3.12/site-packages/airflow/example_dags/example_branch_operator.py for tasks to queue
[2024-04-14T19:11:48.535+0000] {logging_mixin.py:188} INFO - [2024-04-14T19:11:48.535+0000] {dagbag.py:540} INFO - Filling up the DagBag from /home/airflow/.local/lib/python3.12/site-packages/airflow/example_dags/example_branch_operator.py
[2024-04-14T19:11:48.549+0000] {processor.py:840} INFO - DAG(s) 'example_branch_operator' retrieved from /home/airflow/.local/lib/python3.12/site-packages/airflow/example_dags/example_branch_operator.py
[2024-04-14T19:11:48.574+0000] {logging_mixin.py:188} INFO - [2024-04-14T19:11:48.574+0000] {dag.py:3096} INFO - Sync 1 DAGs
[2024-04-14T19:11:48.594+0000] {logging_mixin.py:188} INFO - [2024-04-14T19:11:48.594+0000] {dag.py:3954} INFO - Setting next_dagrun for example_branch_operator to 2024-04-13 00:00:00+00:00, run_after=2024-04-14 00:00:00+00:00
[2024-04-14T19:11:48.613+0000] {processor.py:183} INFO - Processing /home/airflow/.local/lib/python3.12/site-packages/airflow/example_dags/example_branch_operator.py took 0.086 seconds
[2024-04-14T19:12:19.281+0000] {processor.py:161} INFO - Started process (PID=2251) to work on /home/airflow/.local/lib/python3.12/site-packages/airflow/example_dags/example_branch_operator.py
[2024-04-14T19:12:19.282+0000] {processor.py:830} INFO - Processing file /home/airflow/.local/lib/python3.12/site-packages/airflow/example_dags/example_branch_operator.py for tasks to queue
[2024-04-14T19:12:19.283+0000] {logging_mixin.py:188} INFO - [2024-04-14T19:12:19.283+0000] {dagbag.py:540} INFO - Filling up the DagBag from /home/airflow/.local/lib/python3.12/site-packages/airflow/example_dags/example_branch_operator.py
[2024-04-14T19:12:19.296+0000] {processor.py:840} INFO - DAG(s) 'example_branch_operator' retrieved from /home/airflow/.local/lib/python3.12/site-packages/airflow/example_dags/example_branch_operator.py
[2024-04-14T19:12:19.321+0000] {logging_mixin.py:188} INFO - [2024-04-14T19:12:19.321+0000] {dag.py:3096} INFO - Sync 1 DAGs
[2024-04-14T19:12:19.340+0000] {logging_mixin.py:188} INFO - [2024-04-14T19:12:19.340+0000] {dag.py:3954} INFO - Setting next_dagrun for example_branch_operator to 2024-04-13 00:00:00+00:00, run_after=2024-04-14 00:00:00+00:00
[2024-04-14T19:12:19.358+0000] {processor.py:183} INFO - Processing /home/airflow/.local/lib/python3.12/site-packages/airflow/example_dags/example_branch_operator.py took 0.082 seconds
[2024-04-14T19:12:49.659+0000] {processor.py:161} INFO - Started process (PID=2311) to work on /home/airflow/.local/lib/python3.12/site-packages/airflow/example_dags/example_branch_operator.py
[2024-04-14T19:12:49.660+0000] {processor.py:830} INFO - Processing file /home/airflow/.local/lib/python3.12/site-packages/airflow/example_dags/example_branch_operator.py for tasks to queue
[2024-04-14T19:12:49.662+0000] {logging_mixin.py:188} INFO - [2024-04-14T19:12:49.661+0000] {dagbag.py:540} INFO - Filling up the DagBag from /home/airflow/.local/lib/python3.12/site-packages/airflow/example_dags/example_branch_operator.py
[2024-04-14T19:12:49.674+0000] {processor.py:840} INFO - DAG(s) 'example_branch_operator' retrieved from /home/airflow/.local/lib/python3.12/site-packages/airflow/example_dags/example_branch_operator.py
[2024-04-14T19:12:49.697+0000] {logging_mixin.py:188} INFO - [2024-04-14T19:12:49.697+0000] {dag.py:3096} INFO - Sync 1 DAGs
[2024-04-14T19:12:49.715+0000] {logging_mixin.py:188} INFO - [2024-04-14T19:12:49.714+0000] {dag.py:3954} INFO - Setting next_dagrun for example_branch_operator to 2024-04-13 00:00:00+00:00, run_after=2024-04-14 00:00:00+00:00
[2024-04-14T19:12:49.732+0000] {processor.py:183} INFO - Processing /home/airflow/.local/lib/python3.12/site-packages/airflow/example_dags/example_branch_operator.py took 0.078 seconds
[2024-04-14T19:13:19.960+0000] {processor.py:161} INFO - Started process (PID=2373) to work on /home/airflow/.local/lib/python3.12/site-packages/airflow/example_dags/example_branch_operator.py
[2024-04-14T19:13:19.961+0000] {processor.py:830} INFO - Processing file /home/airflow/.local/lib/python3.12/site-packages/airflow/example_dags/example_branch_operator.py for tasks to queue
[2024-04-14T19:13:19.963+0000] {logging_mixin.py:188} INFO - [2024-04-14T19:13:19.962+0000] {dagbag.py:540} INFO - Filling up the DagBag from /home/airflow/.local/lib/python3.12/site-packages/airflow/example_dags/example_branch_operator.py
[2024-04-14T19:13:19.975+0000] {processor.py:840} INFO - DAG(s) 'example_branch_operator' retrieved from /home/airflow/.local/lib/python3.12/site-packages/airflow/example_dags/example_branch_operator.py
[2024-04-14T19:13:19.997+0000] {logging_mixin.py:188} INFO - [2024-04-14T19:13:19.997+0000] {dag.py:3096} INFO - Sync 1 DAGs
[2024-04-14T19:13:20.016+0000] {logging_mixin.py:188} INFO - [2024-04-14T19:13:20.016+0000] {dag.py:3954} INFO - Setting next_dagrun for example_branch_operator to 2024-04-13 00:00:00+00:00, run_after=2024-04-14 00:00:00+00:00
[2024-04-14T19:13:20.033+0000] {processor.py:183} INFO - Processing /home/airflow/.local/lib/python3.12/site-packages/airflow/example_dags/example_branch_operator.py took 0.077 seconds
[2024-04-14T19:13:50.265+0000] {processor.py:161} INFO - Started process (PID=2433) to work on /home/airflow/.local/lib/python3.12/site-packages/airflow/example_dags/example_branch_operator.py
[2024-04-14T19:13:50.266+0000] {processor.py:830} INFO - Processing file /home/airflow/.local/lib/python3.12/site-packages/airflow/example_dags/example_branch_operator.py for tasks to queue
[2024-04-14T19:13:50.267+0000] {logging_mixin.py:188} INFO - [2024-04-14T19:13:50.267+0000] {dagbag.py:540} INFO - Filling up the DagBag from /home/airflow/.local/lib/python3.12/site-packages/airflow/example_dags/example_branch_operator.py
[2024-04-14T19:13:50.280+0000] {processor.py:840} INFO - DAG(s) 'example_branch_operator' retrieved from /home/airflow/.local/lib/python3.12/site-packages/airflow/example_dags/example_branch_operator.py
[2024-04-14T19:13:50.302+0000] {logging_mixin.py:188} INFO - [2024-04-14T19:13:50.301+0000] {dag.py:3096} INFO - Sync 1 DAGs
[2024-04-14T19:13:50.320+0000] {logging_mixin.py:188} INFO - [2024-04-14T19:13:50.320+0000] {dag.py:3954} INFO - Setting next_dagrun for example_branch_operator to 2024-04-13 00:00:00+00:00, run_after=2024-04-14 00:00:00+00:00
[2024-04-14T19:13:50.337+0000] {processor.py:183} INFO - Processing /home/airflow/.local/lib/python3.12/site-packages/airflow/example_dags/example_branch_operator.py took 0.077 seconds
[2024-04-14T19:14:20.899+0000] {processor.py:161} INFO - Started process (PID=2493) to work on /home/airflow/.local/lib/python3.12/site-packages/airflow/example_dags/example_branch_operator.py
[2024-04-14T19:14:20.900+0000] {processor.py:830} INFO - Processing file /home/airflow/.local/lib/python3.12/site-packages/airflow/example_dags/example_branch_operator.py for tasks to queue
[2024-04-14T19:14:20.902+0000] {logging_mixin.py:188} INFO - [2024-04-14T19:14:20.902+0000] {dagbag.py:540} INFO - Filling up the DagBag from /home/airflow/.local/lib/python3.12/site-packages/airflow/example_dags/example_branch_operator.py
[2024-04-14T19:14:20.915+0000] {processor.py:840} INFO - DAG(s) 'example_branch_operator' retrieved from /home/airflow/.local/lib/python3.12/site-packages/airflow/example_dags/example_branch_operator.py
[2024-04-14T19:14:20.941+0000] {logging_mixin.py:188} INFO - [2024-04-14T19:14:20.941+0000] {dag.py:3096} INFO - Sync 1 DAGs
[2024-04-14T19:14:20.963+0000] {logging_mixin.py:188} INFO - [2024-04-14T19:14:20.963+0000] {dag.py:3954} INFO - Setting next_dagrun for example_branch_operator to 2024-04-13 00:00:00+00:00, run_after=2024-04-14 00:00:00+00:00
[2024-04-14T19:14:20.985+0000] {processor.py:183} INFO - Processing /home/airflow/.local/lib/python3.12/site-packages/airflow/example_dags/example_branch_operator.py took 0.091 seconds
[2024-04-14T19:14:51.415+0000] {processor.py:161} INFO - Started process (PID=2555) to work on /home/airflow/.local/lib/python3.12/site-packages/airflow/example_dags/example_branch_operator.py
[2024-04-14T19:14:51.416+0000] {processor.py:830} INFO - Processing file /home/airflow/.local/lib/python3.12/site-packages/airflow/example_dags/example_branch_operator.py for tasks to queue
[2024-04-14T19:14:51.418+0000] {logging_mixin.py:188} INFO - [2024-04-14T19:14:51.418+0000] {dagbag.py:540} INFO - Filling up the DagBag from /home/airflow/.local/lib/python3.12/site-packages/airflow/example_dags/example_branch_operator.py
[2024-04-14T19:14:51.432+0000] {processor.py:840} INFO - DAG(s) 'example_branch_operator' retrieved from /home/airflow/.local/lib/python3.12/site-packages/airflow/example_dags/example_branch_operator.py
[2024-04-14T19:14:51.455+0000] {logging_mixin.py:188} INFO - [2024-04-14T19:14:51.455+0000] {dag.py:3096} INFO - Sync 1 DAGs
[2024-04-14T19:14:51.474+0000] {logging_mixin.py:188} INFO - [2024-04-14T19:14:51.474+0000] {dag.py:3954} INFO - Setting next_dagrun for example_branch_operator to 2024-04-13 00:00:00+00:00, run_after=2024-04-14 00:00:00+00:00
[2024-04-14T19:14:51.492+0000] {processor.py:183} INFO - Processing /home/airflow/.local/lib/python3.12/site-packages/airflow/example_dags/example_branch_operator.py took 0.081 seconds
[2024-04-14T19:15:21.667+0000] {processor.py:161} INFO - Started process (PID=2615) to work on /home/airflow/.local/lib/python3.12/site-packages/airflow/example_dags/example_branch_operator.py
[2024-04-14T19:15:21.668+0000] {processor.py:830} INFO - Processing file /home/airflow/.local/lib/python3.12/site-packages/airflow/example_dags/example_branch_operator.py for tasks to queue
[2024-04-14T19:15:21.670+0000] {logging_mixin.py:188} INFO - [2024-04-14T19:15:21.669+0000] {dagbag.py:540} INFO - Filling up the DagBag from /home/airflow/.local/lib/python3.12/site-packages/airflow/example_dags/example_branch_operator.py
[2024-04-14T19:15:21.682+0000] {processor.py:840} INFO - DAG(s) 'example_branch_operator' retrieved from /home/airflow/.local/lib/python3.12/site-packages/airflow/example_dags/example_branch_operator.py
[2024-04-14T19:15:21.704+0000] {logging_mixin.py:188} INFO - [2024-04-14T19:15:21.704+0000] {dag.py:3096} INFO - Sync 1 DAGs
[2024-04-14T19:15:21.723+0000] {logging_mixin.py:188} INFO - [2024-04-14T19:15:21.723+0000] {dag.py:3954} INFO - Setting next_dagrun for example_branch_operator to 2024-04-13 00:00:00+00:00, run_after=2024-04-14 00:00:00+00:00
[2024-04-14T19:15:21.741+0000] {processor.py:183} INFO - Processing /home/airflow/.local/lib/python3.12/site-packages/airflow/example_dags/example_branch_operator.py took 0.079 seconds
[2024-04-14T19:15:52.024+0000] {processor.py:161} INFO - Started process (PID=2681) to work on /home/airflow/.local/lib/python3.12/site-packages/airflow/example_dags/example_branch_operator.py
[2024-04-14T19:15:52.025+0000] {processor.py:830} INFO - Processing file /home/airflow/.local/lib/python3.12/site-packages/airflow/example_dags/example_branch_operator.py for tasks to queue
[2024-04-14T19:15:52.027+0000] {logging_mixin.py:188} INFO - [2024-04-14T19:15:52.027+0000] {dagbag.py:540} INFO - Filling up the DagBag from /home/airflow/.local/lib/python3.12/site-packages/airflow/example_dags/example_branch_operator.py
[2024-04-14T19:15:52.041+0000] {processor.py:840} INFO - DAG(s) 'example_branch_operator' retrieved from /home/airflow/.local/lib/python3.12/site-packages/airflow/example_dags/example_branch_operator.py
[2024-04-14T19:15:52.070+0000] {logging_mixin.py:188} INFO - [2024-04-14T19:15:52.070+0000] {dag.py:3096} INFO - Sync 1 DAGs
[2024-04-14T19:15:52.098+0000] {logging_mixin.py:188} INFO - [2024-04-14T19:15:52.097+0000] {dag.py:3954} INFO - Setting next_dagrun for example_branch_operator to 2024-04-13 00:00:00+00:00, run_after=2024-04-14 00:00:00+00:00
[2024-04-14T19:15:52.122+0000] {processor.py:183} INFO - Processing /home/airflow/.local/lib/python3.12/site-packages/airflow/example_dags/example_branch_operator.py took 0.103 seconds
[2024-04-14T19:16:22.310+0000] {processor.py:161} INFO - Started process (PID=2741) to work on /home/airflow/.local/lib/python3.12/site-packages/airflow/example_dags/example_branch_operator.py
[2024-04-14T19:16:22.312+0000] {processor.py:830} INFO - Processing file /home/airflow/.local/lib/python3.12/site-packages/airflow/example_dags/example_branch_operator.py for tasks to queue
[2024-04-14T19:16:22.314+0000] {logging_mixin.py:188} INFO - [2024-04-14T19:16:22.313+0000] {dagbag.py:540} INFO - Filling up the DagBag from /home/airflow/.local/lib/python3.12/site-packages/airflow/example_dags/example_branch_operator.py
[2024-04-14T19:16:22.331+0000] {processor.py:840} INFO - DAG(s) 'example_branch_operator' retrieved from /home/airflow/.local/lib/python3.12/site-packages/airflow/example_dags/example_branch_operator.py
[2024-04-14T19:16:22.358+0000] {logging_mixin.py:188} INFO - [2024-04-14T19:16:22.358+0000] {dag.py:3096} INFO - Sync 1 DAGs
[2024-04-14T19:16:22.377+0000] {logging_mixin.py:188} INFO - [2024-04-14T19:16:22.377+0000] {dag.py:3954} INFO - Setting next_dagrun for example_branch_operator to 2024-04-13 00:00:00+00:00, run_after=2024-04-14 00:00:00+00:00
[2024-04-14T19:16:22.396+0000] {processor.py:183} INFO - Processing /home/airflow/.local/lib/python3.12/site-packages/airflow/example_dags/example_branch_operator.py took 0.090 seconds
[2024-04-14T19:16:52.788+0000] {processor.py:161} INFO - Started process (PID=2801) to work on /home/airflow/.local/lib/python3.12/site-packages/airflow/example_dags/example_branch_operator.py
[2024-04-14T19:16:52.789+0000] {processor.py:830} INFO - Processing file /home/airflow/.local/lib/python3.12/site-packages/airflow/example_dags/example_branch_operator.py for tasks to queue
[2024-04-14T19:16:52.790+0000] {logging_mixin.py:188} INFO - [2024-04-14T19:16:52.790+0000] {dagbag.py:540} INFO - Filling up the DagBag from /home/airflow/.local/lib/python3.12/site-packages/airflow/example_dags/example_branch_operator.py
[2024-04-14T19:16:52.804+0000] {processor.py:840} INFO - DAG(s) 'example_branch_operator' retrieved from /home/airflow/.local/lib/python3.12/site-packages/airflow/example_dags/example_branch_operator.py
[2024-04-14T19:16:52.830+0000] {logging_mixin.py:188} INFO - [2024-04-14T19:16:52.830+0000] {dag.py:3096} INFO - Sync 1 DAGs
[2024-04-14T19:16:52.851+0000] {logging_mixin.py:188} INFO - [2024-04-14T19:16:52.851+0000] {dag.py:3954} INFO - Setting next_dagrun for example_branch_operator to 2024-04-13 00:00:00+00:00, run_after=2024-04-14 00:00:00+00:00
[2024-04-14T19:16:52.873+0000] {processor.py:183} INFO - Processing /home/airflow/.local/lib/python3.12/site-packages/airflow/example_dags/example_branch_operator.py took 0.090 seconds
[2024-04-14T19:17:23.307+0000] {processor.py:161} INFO - Started process (PID=2861) to work on /home/airflow/.local/lib/python3.12/site-packages/airflow/example_dags/example_branch_operator.py
[2024-04-14T19:17:23.308+0000] {processor.py:830} INFO - Processing file /home/airflow/.local/lib/python3.12/site-packages/airflow/example_dags/example_branch_operator.py for tasks to queue
[2024-04-14T19:17:23.309+0000] {logging_mixin.py:188} INFO - [2024-04-14T19:17:23.309+0000] {dagbag.py:540} INFO - Filling up the DagBag from /home/airflow/.local/lib/python3.12/site-packages/airflow/example_dags/example_branch_operator.py
[2024-04-14T19:17:23.322+0000] {processor.py:840} INFO - DAG(s) 'example_branch_operator' retrieved from /home/airflow/.local/lib/python3.12/site-packages/airflow/example_dags/example_branch_operator.py
[2024-04-14T19:17:23.344+0000] {logging_mixin.py:188} INFO - [2024-04-14T19:17:23.344+0000] {dag.py:3096} INFO - Sync 1 DAGs
[2024-04-14T19:17:23.365+0000] {logging_mixin.py:188} INFO - [2024-04-14T19:17:23.365+0000] {dag.py:3954} INFO - Setting next_dagrun for example_branch_operator to 2024-04-13 00:00:00+00:00, run_after=2024-04-14 00:00:00+00:00
[2024-04-14T19:17:23.385+0000] {processor.py:183} INFO - Processing /home/airflow/.local/lib/python3.12/site-packages/airflow/example_dags/example_branch_operator.py took 0.082 seconds
[2024-04-14T19:17:53.806+0000] {processor.py:161} INFO - Started process (PID=2922) to work on /home/airflow/.local/lib/python3.12/site-packages/airflow/example_dags/example_branch_operator.py
[2024-04-14T19:17:53.807+0000] {processor.py:830} INFO - Processing file /home/airflow/.local/lib/python3.12/site-packages/airflow/example_dags/example_branch_operator.py for tasks to queue
[2024-04-14T19:17:53.809+0000] {logging_mixin.py:188} INFO - [2024-04-14T19:17:53.808+0000] {dagbag.py:540} INFO - Filling up the DagBag from /home/airflow/.local/lib/python3.12/site-packages/airflow/example_dags/example_branch_operator.py
[2024-04-14T19:17:53.821+0000] {processor.py:840} INFO - DAG(s) 'example_branch_operator' retrieved from /home/airflow/.local/lib/python3.12/site-packages/airflow/example_dags/example_branch_operator.py
[2024-04-14T19:17:53.848+0000] {logging_mixin.py:188} INFO - [2024-04-14T19:17:53.847+0000] {dag.py:3096} INFO - Sync 1 DAGs
[2024-04-14T19:17:53.865+0000] {logging_mixin.py:188} INFO - [2024-04-14T19:17:53.865+0000] {dag.py:3954} INFO - Setting next_dagrun for example_branch_operator to 2024-04-13 00:00:00+00:00, run_after=2024-04-14 00:00:00+00:00
[2024-04-14T19:17:53.884+0000] {processor.py:183} INFO - Processing /home/airflow/.local/lib/python3.12/site-packages/airflow/example_dags/example_branch_operator.py took 0.082 seconds
[2024-04-14T19:18:24.095+0000] {processor.py:161} INFO - Started process (PID=2985) to work on /home/airflow/.local/lib/python3.12/site-packages/airflow/example_dags/example_branch_operator.py
[2024-04-14T19:18:24.096+0000] {processor.py:830} INFO - Processing file /home/airflow/.local/lib/python3.12/site-packages/airflow/example_dags/example_branch_operator.py for tasks to queue
[2024-04-14T19:18:24.098+0000] {logging_mixin.py:188} INFO - [2024-04-14T19:18:24.098+0000] {dagbag.py:540} INFO - Filling up the DagBag from /home/airflow/.local/lib/python3.12/site-packages/airflow/example_dags/example_branch_operator.py
[2024-04-14T19:18:24.116+0000] {processor.py:840} INFO - DAG(s) 'example_branch_operator' retrieved from /home/airflow/.local/lib/python3.12/site-packages/airflow/example_dags/example_branch_operator.py
[2024-04-14T19:18:24.153+0000] {logging_mixin.py:188} INFO - [2024-04-14T19:18:24.152+0000] {dag.py:3096} INFO - Sync 1 DAGs
[2024-04-14T19:18:24.174+0000] {logging_mixin.py:188} INFO - [2024-04-14T19:18:24.174+0000] {dag.py:3954} INFO - Setting next_dagrun for example_branch_operator to 2024-04-13 00:00:00+00:00, run_after=2024-04-14 00:00:00+00:00
[2024-04-14T19:18:24.193+0000] {processor.py:183} INFO - Processing /home/airflow/.local/lib/python3.12/site-packages/airflow/example_dags/example_branch_operator.py took 0.104 seconds
[2024-04-14T19:18:54.689+0000] {processor.py:161} INFO - Started process (PID=3046) to work on /home/airflow/.local/lib/python3.12/site-packages/airflow/example_dags/example_branch_operator.py
[2024-04-14T19:18:54.690+0000] {processor.py:830} INFO - Processing file /home/airflow/.local/lib/python3.12/site-packages/airflow/example_dags/example_branch_operator.py for tasks to queue
[2024-04-14T19:18:54.691+0000] {logging_mixin.py:188} INFO - [2024-04-14T19:18:54.691+0000] {dagbag.py:540} INFO - Filling up the DagBag from /home/airflow/.local/lib/python3.12/site-packages/airflow/example_dags/example_branch_operator.py
[2024-04-14T19:18:54.703+0000] {processor.py:840} INFO - DAG(s) 'example_branch_operator' retrieved from /home/airflow/.local/lib/python3.12/site-packages/airflow/example_dags/example_branch_operator.py
[2024-04-14T19:18:54.726+0000] {logging_mixin.py:188} INFO - [2024-04-14T19:18:54.726+0000] {dag.py:3096} INFO - Sync 1 DAGs
[2024-04-14T19:18:54.745+0000] {logging_mixin.py:188} INFO - [2024-04-14T19:18:54.745+0000] {dag.py:3954} INFO - Setting next_dagrun for example_branch_operator to 2024-04-13 00:00:00+00:00, run_after=2024-04-14 00:00:00+00:00
[2024-04-14T19:18:54.762+0000] {processor.py:183} INFO - Processing /home/airflow/.local/lib/python3.12/site-packages/airflow/example_dags/example_branch_operator.py took 0.077 seconds
[2024-04-14T19:19:25.589+0000] {processor.py:161} INFO - Started process (PID=3106) to work on /home/airflow/.local/lib/python3.12/site-packages/airflow/example_dags/example_branch_operator.py
[2024-04-14T19:19:25.590+0000] {processor.py:830} INFO - Processing file /home/airflow/.local/lib/python3.12/site-packages/airflow/example_dags/example_branch_operator.py for tasks to queue
[2024-04-14T19:19:25.591+0000] {logging_mixin.py:188} INFO - [2024-04-14T19:19:25.591+0000] {dagbag.py:540} INFO - Filling up the DagBag from /home/airflow/.local/lib/python3.12/site-packages/airflow/example_dags/example_branch_operator.py
[2024-04-14T19:19:25.606+0000] {processor.py:840} INFO - DAG(s) 'example_branch_operator' retrieved from /home/airflow/.local/lib/python3.12/site-packages/airflow/example_dags/example_branch_operator.py
[2024-04-14T19:19:25.637+0000] {logging_mixin.py:188} INFO - [2024-04-14T19:19:25.637+0000] {dag.py:3096} INFO - Sync 1 DAGs
[2024-04-14T19:19:25.661+0000] {logging_mixin.py:188} INFO - [2024-04-14T19:19:25.661+0000] {dag.py:3954} INFO - Setting next_dagrun for example_branch_operator to 2024-04-13 00:00:00+00:00, run_after=2024-04-14 00:00:00+00:00
[2024-04-14T19:19:25.682+0000] {processor.py:183} INFO - Processing /home/airflow/.local/lib/python3.12/site-packages/airflow/example_dags/example_branch_operator.py took 0.099 seconds
[2024-04-14T19:19:56.075+0000] {processor.py:161} INFO - Started process (PID=3166) to work on /home/airflow/.local/lib/python3.12/site-packages/airflow/example_dags/example_branch_operator.py
[2024-04-14T19:19:56.076+0000] {processor.py:830} INFO - Processing file /home/airflow/.local/lib/python3.12/site-packages/airflow/example_dags/example_branch_operator.py for tasks to queue
[2024-04-14T19:19:56.078+0000] {logging_mixin.py:188} INFO - [2024-04-14T19:19:56.078+0000] {dagbag.py:540} INFO - Filling up the DagBag from /home/airflow/.local/lib/python3.12/site-packages/airflow/example_dags/example_branch_operator.py
[2024-04-14T19:19:56.091+0000] {processor.py:840} INFO - DAG(s) 'example_branch_operator' retrieved from /home/airflow/.local/lib/python3.12/site-packages/airflow/example_dags/example_branch_operator.py
[2024-04-14T19:19:56.116+0000] {logging_mixin.py:188} INFO - [2024-04-14T19:19:56.115+0000] {dag.py:3096} INFO - Sync 1 DAGs
[2024-04-14T19:19:56.134+0000] {logging_mixin.py:188} INFO - [2024-04-14T19:19:56.134+0000] {dag.py:3954} INFO - Setting next_dagrun for example_branch_operator to 2024-04-13 00:00:00+00:00, run_after=2024-04-14 00:00:00+00:00
[2024-04-14T19:19:56.151+0000] {processor.py:183} INFO - Processing /home/airflow/.local/lib/python3.12/site-packages/airflow/example_dags/example_branch_operator.py took 0.080 seconds
[2024-04-14T19:20:26.470+0000] {processor.py:161} INFO - Started process (PID=3226) to work on /home/airflow/.local/lib/python3.12/site-packages/airflow/example_dags/example_branch_operator.py
[2024-04-14T19:20:26.471+0000] {processor.py:830} INFO - Processing file /home/airflow/.local/lib/python3.12/site-packages/airflow/example_dags/example_branch_operator.py for tasks to queue
[2024-04-14T19:20:26.473+0000] {logging_mixin.py:188} INFO - [2024-04-14T19:20:26.473+0000] {dagbag.py:540} INFO - Filling up the DagBag from /home/airflow/.local/lib/python3.12/site-packages/airflow/example_dags/example_branch_operator.py
[2024-04-14T19:20:26.494+0000] {processor.py:840} INFO - DAG(s) 'example_branch_operator' retrieved from /home/airflow/.local/lib/python3.12/site-packages/airflow/example_dags/example_branch_operator.py
[2024-04-14T19:20:26.526+0000] {logging_mixin.py:188} INFO - [2024-04-14T19:20:26.526+0000] {dag.py:3096} INFO - Sync 1 DAGs
[2024-04-14T19:20:26.548+0000] {logging_mixin.py:188} INFO - [2024-04-14T19:20:26.548+0000] {dag.py:3954} INFO - Setting next_dagrun for example_branch_operator to 2024-04-13 00:00:00+00:00, run_after=2024-04-14 00:00:00+00:00
[2024-04-14T19:20:26.572+0000] {processor.py:183} INFO - Processing /home/airflow/.local/lib/python3.12/site-packages/airflow/example_dags/example_branch_operator.py took 0.108 seconds
[2024-04-14T19:20:57.264+0000] {processor.py:161} INFO - Started process (PID=3286) to work on /home/airflow/.local/lib/python3.12/site-packages/airflow/example_dags/example_branch_operator.py
[2024-04-14T19:20:57.265+0000] {processor.py:830} INFO - Processing file /home/airflow/.local/lib/python3.12/site-packages/airflow/example_dags/example_branch_operator.py for tasks to queue
[2024-04-14T19:20:57.267+0000] {logging_mixin.py:188} INFO - [2024-04-14T19:20:57.266+0000] {dagbag.py:540} INFO - Filling up the DagBag from /home/airflow/.local/lib/python3.12/site-packages/airflow/example_dags/example_branch_operator.py
[2024-04-14T19:20:57.280+0000] {processor.py:840} INFO - DAG(s) 'example_branch_operator' retrieved from /home/airflow/.local/lib/python3.12/site-packages/airflow/example_dags/example_branch_operator.py
[2024-04-14T19:20:57.307+0000] {logging_mixin.py:188} INFO - [2024-04-14T19:20:57.307+0000] {dag.py:3096} INFO - Sync 1 DAGs
[2024-04-14T19:20:57.334+0000] {logging_mixin.py:188} INFO - [2024-04-14T19:20:57.334+0000] {dag.py:3954} INFO - Setting next_dagrun for example_branch_operator to 2024-04-13 00:00:00+00:00, run_after=2024-04-14 00:00:00+00:00
[2024-04-14T19:20:57.353+0000] {processor.py:183} INFO - Processing /home/airflow/.local/lib/python3.12/site-packages/airflow/example_dags/example_branch_operator.py took 0.095 seconds
