[2024-04-14T18:54:02.621+0000] {processor.py:161} INFO - Started process (PID=82) to work on /home/airflow/.local/lib/python3.12/site-packages/airflow/example_dags/example_nested_branch_dag.py
[2024-04-14T18:54:02.630+0000] {processor.py:830} INFO - Processing file /home/airflow/.local/lib/python3.12/site-packages/airflow/example_dags/example_nested_branch_dag.py for tasks to queue
[2024-04-14T18:54:02.645+0000] {logging_mixin.py:188} INFO - [2024-04-14T18:54:02.643+0000] {dagbag.py:540} INFO - Filling up the DagBag from /home/airflow/.local/lib/python3.12/site-packages/airflow/example_dags/example_nested_branch_dag.py
[2024-04-14T18:54:02.709+0000] {processor.py:840} INFO - DAG(s) 'example_nested_branch_dag' retrieved from /home/airflow/.local/lib/python3.12/site-packages/airflow/example_dags/example_nested_branch_dag.py
[2024-04-14T18:54:02.973+0000] {logging_mixin.py:188} INFO - [2024-04-14T18:54:02.971+0000] {override.py:1829} INFO - Created Permission View: can edit on DAG:example_nested_branch_dag
[2024-04-14T18:54:02.999+0000] {logging_mixin.py:188} INFO - [2024-04-14T18:54:02.999+0000] {override.py:1829} INFO - Created Permission View: can delete on DAG:example_nested_branch_dag
[2024-04-14T18:54:03.011+0000] {logging_mixin.py:188} INFO - [2024-04-14T18:54:03.010+0000] {override.py:1829} INFO - Created Permission View: can read on DAG:example_nested_branch_dag
[2024-04-14T18:54:03.012+0000] {logging_mixin.py:188} INFO - [2024-04-14T18:54:03.011+0000] {dag.py:3096} INFO - Sync 1 DAGs
[2024-04-14T18:54:03.049+0000] {logging_mixin.py:188} INFO - [2024-04-14T18:54:03.049+0000] {dag.py:3118} INFO - Creating ORM DAG for example_nested_branch_dag
[2024-04-14T18:54:03.075+0000] {logging_mixin.py:188} INFO - [2024-04-14T18:54:03.074+0000] {dag.py:3954} INFO - Setting next_dagrun for example_nested_branch_dag to 2024-04-13 00:00:00+00:00, run_after=2024-04-14 00:00:00+00:00
[2024-04-14T18:54:03.111+0000] {processor.py:183} INFO - Processing /home/airflow/.local/lib/python3.12/site-packages/airflow/example_dags/example_nested_branch_dag.py took 0.540 seconds
[2024-04-14T18:54:33.578+0000] {processor.py:161} INFO - Started process (PID=142) to work on /home/airflow/.local/lib/python3.12/site-packages/airflow/example_dags/example_nested_branch_dag.py
[2024-04-14T18:54:33.580+0000] {processor.py:830} INFO - Processing file /home/airflow/.local/lib/python3.12/site-packages/airflow/example_dags/example_nested_branch_dag.py for tasks to queue
[2024-04-14T18:54:33.582+0000] {logging_mixin.py:188} INFO - [2024-04-14T18:54:33.582+0000] {dagbag.py:540} INFO - Filling up the DagBag from /home/airflow/.local/lib/python3.12/site-packages/airflow/example_dags/example_nested_branch_dag.py
[2024-04-14T18:54:33.605+0000] {processor.py:840} INFO - DAG(s) 'example_nested_branch_dag' retrieved from /home/airflow/.local/lib/python3.12/site-packages/airflow/example_dags/example_nested_branch_dag.py
[2024-04-14T18:54:33.650+0000] {logging_mixin.py:188} INFO - [2024-04-14T18:54:33.649+0000] {dag.py:3096} INFO - Sync 1 DAGs
[2024-04-14T18:54:33.701+0000] {logging_mixin.py:188} INFO - [2024-04-14T18:54:33.700+0000] {dag.py:3954} INFO - Setting next_dagrun for example_nested_branch_dag to 2024-04-13 00:00:00+00:00, run_after=2024-04-14 00:00:00+00:00
[2024-04-14T18:54:33.742+0000] {processor.py:183} INFO - Processing /home/airflow/.local/lib/python3.12/site-packages/airflow/example_dags/example_nested_branch_dag.py took 0.173 seconds
[2024-04-14T18:55:04.107+0000] {processor.py:161} INFO - Started process (PID=202) to work on /home/airflow/.local/lib/python3.12/site-packages/airflow/example_dags/example_nested_branch_dag.py
[2024-04-14T18:55:04.108+0000] {processor.py:830} INFO - Processing file /home/airflow/.local/lib/python3.12/site-packages/airflow/example_dags/example_nested_branch_dag.py for tasks to queue
[2024-04-14T18:55:04.109+0000] {logging_mixin.py:188} INFO - [2024-04-14T18:55:04.109+0000] {dagbag.py:540} INFO - Filling up the DagBag from /home/airflow/.local/lib/python3.12/site-packages/airflow/example_dags/example_nested_branch_dag.py
[2024-04-14T18:55:04.118+0000] {processor.py:840} INFO - DAG(s) 'example_nested_branch_dag' retrieved from /home/airflow/.local/lib/python3.12/site-packages/airflow/example_dags/example_nested_branch_dag.py
[2024-04-14T18:55:04.137+0000] {logging_mixin.py:188} INFO - [2024-04-14T18:55:04.137+0000] {dag.py:3096} INFO - Sync 1 DAGs
[2024-04-14T18:55:04.157+0000] {logging_mixin.py:188} INFO - [2024-04-14T18:55:04.157+0000] {dag.py:3954} INFO - Setting next_dagrun for example_nested_branch_dag to 2024-04-13 00:00:00+00:00, run_after=2024-04-14 00:00:00+00:00
[2024-04-14T18:55:04.176+0000] {processor.py:183} INFO - Processing /home/airflow/.local/lib/python3.12/site-packages/airflow/example_dags/example_nested_branch_dag.py took 0.074 seconds
[2024-04-14T18:55:36.651+0000] {processor.py:161} INFO - Started process (PID=262) to work on /home/airflow/.local/lib/python3.12/site-packages/airflow/example_dags/example_nested_branch_dag.py
[2024-04-14T18:55:36.654+0000] {processor.py:830} INFO - Processing file /home/airflow/.local/lib/python3.12/site-packages/airflow/example_dags/example_nested_branch_dag.py for tasks to queue
[2024-04-14T18:55:36.663+0000] {logging_mixin.py:188} INFO - [2024-04-14T18:55:36.661+0000] {dagbag.py:540} INFO - Filling up the DagBag from /home/airflow/.local/lib/python3.12/site-packages/airflow/example_dags/example_nested_branch_dag.py
[2024-04-14T18:55:36.706+0000] {processor.py:840} INFO - DAG(s) 'example_nested_branch_dag' retrieved from /home/airflow/.local/lib/python3.12/site-packages/airflow/example_dags/example_nested_branch_dag.py
[2024-04-14T18:55:36.821+0000] {logging_mixin.py:188} INFO - [2024-04-14T18:55:36.819+0000] {dag.py:3096} INFO - Sync 1 DAGs
[2024-04-14T18:55:36.926+0000] {logging_mixin.py:188} INFO - [2024-04-14T18:55:36.925+0000] {dag.py:3954} INFO - Setting next_dagrun for example_nested_branch_dag to 2024-04-13 00:00:00+00:00, run_after=2024-04-14 00:00:00+00:00
[2024-04-14T18:55:37.005+0000] {processor.py:183} INFO - Processing /home/airflow/.local/lib/python3.12/site-packages/airflow/example_dags/example_nested_branch_dag.py took 0.367 seconds
[2024-04-14T18:56:07.776+0000] {processor.py:161} INFO - Started process (PID=321) to work on /home/airflow/.local/lib/python3.12/site-packages/airflow/example_dags/example_nested_branch_dag.py
[2024-04-14T18:56:07.777+0000] {processor.py:830} INFO - Processing file /home/airflow/.local/lib/python3.12/site-packages/airflow/example_dags/example_nested_branch_dag.py for tasks to queue
[2024-04-14T18:56:07.780+0000] {logging_mixin.py:188} INFO - [2024-04-14T18:56:07.779+0000] {dagbag.py:540} INFO - Filling up the DagBag from /home/airflow/.local/lib/python3.12/site-packages/airflow/example_dags/example_nested_branch_dag.py
[2024-04-14T18:56:07.794+0000] {processor.py:840} INFO - DAG(s) 'example_nested_branch_dag' retrieved from /home/airflow/.local/lib/python3.12/site-packages/airflow/example_dags/example_nested_branch_dag.py
[2024-04-14T18:56:07.825+0000] {logging_mixin.py:188} INFO - [2024-04-14T18:56:07.825+0000] {dag.py:3096} INFO - Sync 1 DAGs
[2024-04-14T18:56:07.854+0000] {logging_mixin.py:188} INFO - [2024-04-14T18:56:07.854+0000] {dag.py:3954} INFO - Setting next_dagrun for example_nested_branch_dag to 2024-04-13 00:00:00+00:00, run_after=2024-04-14 00:00:00+00:00
[2024-04-14T18:56:07.898+0000] {processor.py:183} INFO - Processing /home/airflow/.local/lib/python3.12/site-packages/airflow/example_dags/example_nested_branch_dag.py took 0.128 seconds
[2024-04-14T18:56:38.373+0000] {processor.py:161} INFO - Started process (PID=382) to work on /home/airflow/.local/lib/python3.12/site-packages/airflow/example_dags/example_nested_branch_dag.py
[2024-04-14T18:56:38.374+0000] {processor.py:830} INFO - Processing file /home/airflow/.local/lib/python3.12/site-packages/airflow/example_dags/example_nested_branch_dag.py for tasks to queue
[2024-04-14T18:56:38.377+0000] {logging_mixin.py:188} INFO - [2024-04-14T18:56:38.376+0000] {dagbag.py:540} INFO - Filling up the DagBag from /home/airflow/.local/lib/python3.12/site-packages/airflow/example_dags/example_nested_branch_dag.py
[2024-04-14T18:56:38.389+0000] {processor.py:840} INFO - DAG(s) 'example_nested_branch_dag' retrieved from /home/airflow/.local/lib/python3.12/site-packages/airflow/example_dags/example_nested_branch_dag.py
[2024-04-14T18:56:38.414+0000] {logging_mixin.py:188} INFO - [2024-04-14T18:56:38.414+0000] {dag.py:3096} INFO - Sync 1 DAGs
[2024-04-14T18:56:38.439+0000] {logging_mixin.py:188} INFO - [2024-04-14T18:56:38.439+0000] {dag.py:3954} INFO - Setting next_dagrun for example_nested_branch_dag to 2024-04-13 00:00:00+00:00, run_after=2024-04-14 00:00:00+00:00
[2024-04-14T18:56:38.463+0000] {processor.py:183} INFO - Processing /home/airflow/.local/lib/python3.12/site-packages/airflow/example_dags/example_nested_branch_dag.py took 0.097 seconds
[2024-04-14T18:57:08.841+0000] {processor.py:161} INFO - Started process (PID=442) to work on /home/airflow/.local/lib/python3.12/site-packages/airflow/example_dags/example_nested_branch_dag.py
[2024-04-14T18:57:08.842+0000] {processor.py:830} INFO - Processing file /home/airflow/.local/lib/python3.12/site-packages/airflow/example_dags/example_nested_branch_dag.py for tasks to queue
[2024-04-14T18:57:08.844+0000] {logging_mixin.py:188} INFO - [2024-04-14T18:57:08.844+0000] {dagbag.py:540} INFO - Filling up the DagBag from /home/airflow/.local/lib/python3.12/site-packages/airflow/example_dags/example_nested_branch_dag.py
[2024-04-14T18:57:08.852+0000] {processor.py:840} INFO - DAG(s) 'example_nested_branch_dag' retrieved from /home/airflow/.local/lib/python3.12/site-packages/airflow/example_dags/example_nested_branch_dag.py
[2024-04-14T18:57:08.876+0000] {logging_mixin.py:188} INFO - [2024-04-14T18:57:08.876+0000] {dag.py:3096} INFO - Sync 1 DAGs
[2024-04-14T18:57:08.897+0000] {logging_mixin.py:188} INFO - [2024-04-14T18:57:08.897+0000] {dag.py:3954} INFO - Setting next_dagrun for example_nested_branch_dag to 2024-04-13 00:00:00+00:00, run_after=2024-04-14 00:00:00+00:00
[2024-04-14T18:57:08.916+0000] {processor.py:183} INFO - Processing /home/airflow/.local/lib/python3.12/site-packages/airflow/example_dags/example_nested_branch_dag.py took 0.079 seconds
[2024-04-14T18:57:39.758+0000] {processor.py:161} INFO - Started process (PID=502) to work on /home/airflow/.local/lib/python3.12/site-packages/airflow/example_dags/example_nested_branch_dag.py
[2024-04-14T18:57:39.759+0000] {processor.py:830} INFO - Processing file /home/airflow/.local/lib/python3.12/site-packages/airflow/example_dags/example_nested_branch_dag.py for tasks to queue
[2024-04-14T18:57:39.761+0000] {logging_mixin.py:188} INFO - [2024-04-14T18:57:39.761+0000] {dagbag.py:540} INFO - Filling up the DagBag from /home/airflow/.local/lib/python3.12/site-packages/airflow/example_dags/example_nested_branch_dag.py
[2024-04-14T18:57:39.772+0000] {processor.py:840} INFO - DAG(s) 'example_nested_branch_dag' retrieved from /home/airflow/.local/lib/python3.12/site-packages/airflow/example_dags/example_nested_branch_dag.py
[2024-04-14T18:57:39.795+0000] {logging_mixin.py:188} INFO - [2024-04-14T18:57:39.795+0000] {dag.py:3096} INFO - Sync 1 DAGs
[2024-04-14T18:57:39.817+0000] {logging_mixin.py:188} INFO - [2024-04-14T18:57:39.817+0000] {dag.py:3954} INFO - Setting next_dagrun for example_nested_branch_dag to 2024-04-13 00:00:00+00:00, run_after=2024-04-14 00:00:00+00:00
[2024-04-14T18:57:39.839+0000] {processor.py:183} INFO - Processing /home/airflow/.local/lib/python3.12/site-packages/airflow/example_dags/example_nested_branch_dag.py took 0.086 seconds
[2024-04-14T18:58:10.293+0000] {processor.py:161} INFO - Started process (PID=563) to work on /home/airflow/.local/lib/python3.12/site-packages/airflow/example_dags/example_nested_branch_dag.py
[2024-04-14T18:58:10.294+0000] {processor.py:830} INFO - Processing file /home/airflow/.local/lib/python3.12/site-packages/airflow/example_dags/example_nested_branch_dag.py for tasks to queue
[2024-04-14T18:58:10.296+0000] {logging_mixin.py:188} INFO - [2024-04-14T18:58:10.295+0000] {dagbag.py:540} INFO - Filling up the DagBag from /home/airflow/.local/lib/python3.12/site-packages/airflow/example_dags/example_nested_branch_dag.py
[2024-04-14T18:58:10.304+0000] {processor.py:840} INFO - DAG(s) 'example_nested_branch_dag' retrieved from /home/airflow/.local/lib/python3.12/site-packages/airflow/example_dags/example_nested_branch_dag.py
[2024-04-14T18:58:10.323+0000] {logging_mixin.py:188} INFO - [2024-04-14T18:58:10.323+0000] {dag.py:3096} INFO - Sync 1 DAGs
[2024-04-14T18:58:10.344+0000] {logging_mixin.py:188} INFO - [2024-04-14T18:58:10.343+0000] {dag.py:3954} INFO - Setting next_dagrun for example_nested_branch_dag to 2024-04-13 00:00:00+00:00, run_after=2024-04-14 00:00:00+00:00
[2024-04-14T18:58:10.372+0000] {processor.py:183} INFO - Processing /home/airflow/.local/lib/python3.12/site-packages/airflow/example_dags/example_nested_branch_dag.py took 0.083 seconds
[2024-04-14T18:58:40.888+0000] {processor.py:161} INFO - Started process (PID=623) to work on /home/airflow/.local/lib/python3.12/site-packages/airflow/example_dags/example_nested_branch_dag.py
[2024-04-14T18:58:40.888+0000] {processor.py:830} INFO - Processing file /home/airflow/.local/lib/python3.12/site-packages/airflow/example_dags/example_nested_branch_dag.py for tasks to queue
[2024-04-14T18:58:40.890+0000] {logging_mixin.py:188} INFO - [2024-04-14T18:58:40.890+0000] {dagbag.py:540} INFO - Filling up the DagBag from /home/airflow/.local/lib/python3.12/site-packages/airflow/example_dags/example_nested_branch_dag.py
[2024-04-14T18:58:40.900+0000] {processor.py:840} INFO - DAG(s) 'example_nested_branch_dag' retrieved from /home/airflow/.local/lib/python3.12/site-packages/airflow/example_dags/example_nested_branch_dag.py
[2024-04-14T18:58:40.919+0000] {logging_mixin.py:188} INFO - [2024-04-14T18:58:40.919+0000] {dag.py:3096} INFO - Sync 1 DAGs
[2024-04-14T18:58:40.940+0000] {logging_mixin.py:188} INFO - [2024-04-14T18:58:40.939+0000] {dag.py:3954} INFO - Setting next_dagrun for example_nested_branch_dag to 2024-04-13 00:00:00+00:00, run_after=2024-04-14 00:00:00+00:00
[2024-04-14T18:58:40.957+0000] {processor.py:183} INFO - Processing /home/airflow/.local/lib/python3.12/site-packages/airflow/example_dags/example_nested_branch_dag.py took 0.074 seconds
[2024-04-14T18:59:11.214+0000] {processor.py:161} INFO - Started process (PID=683) to work on /home/airflow/.local/lib/python3.12/site-packages/airflow/example_dags/example_nested_branch_dag.py
[2024-04-14T18:59:11.215+0000] {processor.py:830} INFO - Processing file /home/airflow/.local/lib/python3.12/site-packages/airflow/example_dags/example_nested_branch_dag.py for tasks to queue
[2024-04-14T18:59:11.216+0000] {logging_mixin.py:188} INFO - [2024-04-14T18:59:11.216+0000] {dagbag.py:540} INFO - Filling up the DagBag from /home/airflow/.local/lib/python3.12/site-packages/airflow/example_dags/example_nested_branch_dag.py
[2024-04-14T18:59:11.226+0000] {processor.py:840} INFO - DAG(s) 'example_nested_branch_dag' retrieved from /home/airflow/.local/lib/python3.12/site-packages/airflow/example_dags/example_nested_branch_dag.py
[2024-04-14T18:59:11.251+0000] {logging_mixin.py:188} INFO - [2024-04-14T18:59:11.251+0000] {dag.py:3096} INFO - Sync 1 DAGs
[2024-04-14T18:59:11.274+0000] {logging_mixin.py:188} INFO - [2024-04-14T18:59:11.273+0000] {dag.py:3954} INFO - Setting next_dagrun for example_nested_branch_dag to 2024-04-13 00:00:00+00:00, run_after=2024-04-14 00:00:00+00:00
[2024-04-14T18:59:11.293+0000] {processor.py:183} INFO - Processing /home/airflow/.local/lib/python3.12/site-packages/airflow/example_dags/example_nested_branch_dag.py took 0.084 seconds
[2024-04-14T18:59:41.777+0000] {processor.py:161} INFO - Started process (PID=752) to work on /home/airflow/.local/lib/python3.12/site-packages/airflow/example_dags/example_nested_branch_dag.py
[2024-04-14T18:59:41.778+0000] {processor.py:830} INFO - Processing file /home/airflow/.local/lib/python3.12/site-packages/airflow/example_dags/example_nested_branch_dag.py for tasks to queue
[2024-04-14T18:59:41.779+0000] {logging_mixin.py:188} INFO - [2024-04-14T18:59:41.779+0000] {dagbag.py:540} INFO - Filling up the DagBag from /home/airflow/.local/lib/python3.12/site-packages/airflow/example_dags/example_nested_branch_dag.py
[2024-04-14T18:59:41.788+0000] {processor.py:840} INFO - DAG(s) 'example_nested_branch_dag' retrieved from /home/airflow/.local/lib/python3.12/site-packages/airflow/example_dags/example_nested_branch_dag.py
[2024-04-14T18:59:41.808+0000] {logging_mixin.py:188} INFO - [2024-04-14T18:59:41.808+0000] {dag.py:3096} INFO - Sync 1 DAGs
[2024-04-14T18:59:41.831+0000] {logging_mixin.py:188} INFO - [2024-04-14T18:59:41.831+0000] {dag.py:3954} INFO - Setting next_dagrun for example_nested_branch_dag to 2024-04-13 00:00:00+00:00, run_after=2024-04-14 00:00:00+00:00
[2024-04-14T18:59:41.853+0000] {processor.py:183} INFO - Processing /home/airflow/.local/lib/python3.12/site-packages/airflow/example_dags/example_nested_branch_dag.py took 0.080 seconds
[2024-04-14T19:00:12.863+0000] {processor.py:161} INFO - Started process (PID=812) to work on /home/airflow/.local/lib/python3.12/site-packages/airflow/example_dags/example_nested_branch_dag.py
[2024-04-14T19:00:12.863+0000] {processor.py:830} INFO - Processing file /home/airflow/.local/lib/python3.12/site-packages/airflow/example_dags/example_nested_branch_dag.py for tasks to queue
[2024-04-14T19:00:12.865+0000] {logging_mixin.py:188} INFO - [2024-04-14T19:00:12.865+0000] {dagbag.py:540} INFO - Filling up the DagBag from /home/airflow/.local/lib/python3.12/site-packages/airflow/example_dags/example_nested_branch_dag.py
[2024-04-14T19:00:12.874+0000] {processor.py:840} INFO - DAG(s) 'example_nested_branch_dag' retrieved from /home/airflow/.local/lib/python3.12/site-packages/airflow/example_dags/example_nested_branch_dag.py
[2024-04-14T19:00:12.896+0000] {logging_mixin.py:188} INFO - [2024-04-14T19:00:12.896+0000] {dag.py:3096} INFO - Sync 1 DAGs
[2024-04-14T19:00:12.922+0000] {logging_mixin.py:188} INFO - [2024-04-14T19:00:12.921+0000] {dag.py:3954} INFO - Setting next_dagrun for example_nested_branch_dag to 2024-04-13 00:00:00+00:00, run_after=2024-04-14 00:00:00+00:00
[2024-04-14T19:00:12.944+0000] {processor.py:183} INFO - Processing /home/airflow/.local/lib/python3.12/site-packages/airflow/example_dags/example_nested_branch_dag.py took 0.086 seconds
[2024-04-14T19:00:43.010+0000] {processor.py:161} INFO - Started process (PID=870) to work on /home/airflow/.local/lib/python3.12/site-packages/airflow/example_dags/example_nested_branch_dag.py
[2024-04-14T19:00:43.011+0000] {processor.py:830} INFO - Processing file /home/airflow/.local/lib/python3.12/site-packages/airflow/example_dags/example_nested_branch_dag.py for tasks to queue
[2024-04-14T19:00:43.012+0000] {logging_mixin.py:188} INFO - [2024-04-14T19:00:43.012+0000] {dagbag.py:540} INFO - Filling up the DagBag from /home/airflow/.local/lib/python3.12/site-packages/airflow/example_dags/example_nested_branch_dag.py
[2024-04-14T19:00:43.021+0000] {processor.py:840} INFO - DAG(s) 'example_nested_branch_dag' retrieved from /home/airflow/.local/lib/python3.12/site-packages/airflow/example_dags/example_nested_branch_dag.py
[2024-04-14T19:00:43.040+0000] {logging_mixin.py:188} INFO - [2024-04-14T19:00:43.040+0000] {dag.py:3096} INFO - Sync 1 DAGs
[2024-04-14T19:00:43.059+0000] {logging_mixin.py:188} INFO - [2024-04-14T19:00:43.059+0000] {dag.py:3954} INFO - Setting next_dagrun for example_nested_branch_dag to 2024-04-13 00:00:00+00:00, run_after=2024-04-14 00:00:00+00:00
[2024-04-14T19:00:43.078+0000] {processor.py:183} INFO - Processing /home/airflow/.local/lib/python3.12/site-packages/airflow/example_dags/example_nested_branch_dag.py took 0.073 seconds
[2024-04-14T19:01:13.364+0000] {processor.py:161} INFO - Started process (PID=934) to work on /home/airflow/.local/lib/python3.12/site-packages/airflow/example_dags/example_nested_branch_dag.py
[2024-04-14T19:01:13.365+0000] {processor.py:830} INFO - Processing file /home/airflow/.local/lib/python3.12/site-packages/airflow/example_dags/example_nested_branch_dag.py for tasks to queue
[2024-04-14T19:01:13.366+0000] {logging_mixin.py:188} INFO - [2024-04-14T19:01:13.366+0000] {dagbag.py:540} INFO - Filling up the DagBag from /home/airflow/.local/lib/python3.12/site-packages/airflow/example_dags/example_nested_branch_dag.py
[2024-04-14T19:01:13.376+0000] {processor.py:840} INFO - DAG(s) 'example_nested_branch_dag' retrieved from /home/airflow/.local/lib/python3.12/site-packages/airflow/example_dags/example_nested_branch_dag.py
[2024-04-14T19:01:13.397+0000] {logging_mixin.py:188} INFO - [2024-04-14T19:01:13.397+0000] {dag.py:3096} INFO - Sync 1 DAGs
[2024-04-14T19:01:13.422+0000] {logging_mixin.py:188} INFO - [2024-04-14T19:01:13.422+0000] {dag.py:3954} INFO - Setting next_dagrun for example_nested_branch_dag to 2024-04-13 00:00:00+00:00, run_after=2024-04-14 00:00:00+00:00
[2024-04-14T19:01:13.443+0000] {processor.py:183} INFO - Processing /home/airflow/.local/lib/python3.12/site-packages/airflow/example_dags/example_nested_branch_dag.py took 0.084 seconds
[2024-04-14T19:01:43.529+0000] {processor.py:161} INFO - Started process (PID=994) to work on /home/airflow/.local/lib/python3.12/site-packages/airflow/example_dags/example_nested_branch_dag.py
[2024-04-14T19:01:43.530+0000] {processor.py:830} INFO - Processing file /home/airflow/.local/lib/python3.12/site-packages/airflow/example_dags/example_nested_branch_dag.py for tasks to queue
[2024-04-14T19:01:43.531+0000] {logging_mixin.py:188} INFO - [2024-04-14T19:01:43.531+0000] {dagbag.py:540} INFO - Filling up the DagBag from /home/airflow/.local/lib/python3.12/site-packages/airflow/example_dags/example_nested_branch_dag.py
[2024-04-14T19:01:43.539+0000] {processor.py:840} INFO - DAG(s) 'example_nested_branch_dag' retrieved from /home/airflow/.local/lib/python3.12/site-packages/airflow/example_dags/example_nested_branch_dag.py
[2024-04-14T19:01:43.558+0000] {logging_mixin.py:188} INFO - [2024-04-14T19:01:43.557+0000] {dag.py:3096} INFO - Sync 1 DAGs
[2024-04-14T19:01:43.579+0000] {logging_mixin.py:188} INFO - [2024-04-14T19:01:43.579+0000] {dag.py:3954} INFO - Setting next_dagrun for example_nested_branch_dag to 2024-04-13 00:00:00+00:00, run_after=2024-04-14 00:00:00+00:00
[2024-04-14T19:01:43.597+0000] {processor.py:183} INFO - Processing /home/airflow/.local/lib/python3.12/site-packages/airflow/example_dags/example_nested_branch_dag.py took 0.072 seconds
[2024-04-14T19:02:14.125+0000] {processor.py:161} INFO - Started process (PID=1054) to work on /home/airflow/.local/lib/python3.12/site-packages/airflow/example_dags/example_nested_branch_dag.py
[2024-04-14T19:02:14.126+0000] {processor.py:830} INFO - Processing file /home/airflow/.local/lib/python3.12/site-packages/airflow/example_dags/example_nested_branch_dag.py for tasks to queue
[2024-04-14T19:02:14.127+0000] {logging_mixin.py:188} INFO - [2024-04-14T19:02:14.127+0000] {dagbag.py:540} INFO - Filling up the DagBag from /home/airflow/.local/lib/python3.12/site-packages/airflow/example_dags/example_nested_branch_dag.py
[2024-04-14T19:02:14.136+0000] {processor.py:840} INFO - DAG(s) 'example_nested_branch_dag' retrieved from /home/airflow/.local/lib/python3.12/site-packages/airflow/example_dags/example_nested_branch_dag.py
[2024-04-14T19:02:14.158+0000] {logging_mixin.py:188} INFO - [2024-04-14T19:02:14.158+0000] {dag.py:3096} INFO - Sync 1 DAGs
[2024-04-14T19:02:14.180+0000] {logging_mixin.py:188} INFO - [2024-04-14T19:02:14.180+0000] {dag.py:3954} INFO - Setting next_dagrun for example_nested_branch_dag to 2024-04-13 00:00:00+00:00, run_after=2024-04-14 00:00:00+00:00
[2024-04-14T19:02:14.200+0000] {processor.py:183} INFO - Processing /home/airflow/.local/lib/python3.12/site-packages/airflow/example_dags/example_nested_branch_dag.py took 0.079 seconds
[2024-04-14T19:02:44.875+0000] {processor.py:161} INFO - Started process (PID=1114) to work on /home/airflow/.local/lib/python3.12/site-packages/airflow/example_dags/example_nested_branch_dag.py
[2024-04-14T19:02:44.876+0000] {processor.py:830} INFO - Processing file /home/airflow/.local/lib/python3.12/site-packages/airflow/example_dags/example_nested_branch_dag.py for tasks to queue
[2024-04-14T19:02:44.877+0000] {logging_mixin.py:188} INFO - [2024-04-14T19:02:44.877+0000] {dagbag.py:540} INFO - Filling up the DagBag from /home/airflow/.local/lib/python3.12/site-packages/airflow/example_dags/example_nested_branch_dag.py
[2024-04-14T19:02:44.886+0000] {processor.py:840} INFO - DAG(s) 'example_nested_branch_dag' retrieved from /home/airflow/.local/lib/python3.12/site-packages/airflow/example_dags/example_nested_branch_dag.py
[2024-04-14T19:02:44.906+0000] {logging_mixin.py:188} INFO - [2024-04-14T19:02:44.906+0000] {dag.py:3096} INFO - Sync 1 DAGs
[2024-04-14T19:02:44.929+0000] {logging_mixin.py:188} INFO - [2024-04-14T19:02:44.929+0000] {dag.py:3954} INFO - Setting next_dagrun for example_nested_branch_dag to 2024-04-13 00:00:00+00:00, run_after=2024-04-14 00:00:00+00:00
[2024-04-14T19:02:44.950+0000] {processor.py:183} INFO - Processing /home/airflow/.local/lib/python3.12/site-packages/airflow/example_dags/example_nested_branch_dag.py took 0.080 seconds
[2024-04-14T19:03:15.499+0000] {processor.py:161} INFO - Started process (PID=1174) to work on /home/airflow/.local/lib/python3.12/site-packages/airflow/example_dags/example_nested_branch_dag.py
[2024-04-14T19:03:15.500+0000] {processor.py:830} INFO - Processing file /home/airflow/.local/lib/python3.12/site-packages/airflow/example_dags/example_nested_branch_dag.py for tasks to queue
[2024-04-14T19:03:15.502+0000] {logging_mixin.py:188} INFO - [2024-04-14T19:03:15.502+0000] {dagbag.py:540} INFO - Filling up the DagBag from /home/airflow/.local/lib/python3.12/site-packages/airflow/example_dags/example_nested_branch_dag.py
[2024-04-14T19:03:15.511+0000] {processor.py:840} INFO - DAG(s) 'example_nested_branch_dag' retrieved from /home/airflow/.local/lib/python3.12/site-packages/airflow/example_dags/example_nested_branch_dag.py
[2024-04-14T19:03:15.529+0000] {logging_mixin.py:188} INFO - [2024-04-14T19:03:15.529+0000] {dag.py:3096} INFO - Sync 1 DAGs
[2024-04-14T19:03:15.551+0000] {logging_mixin.py:188} INFO - [2024-04-14T19:03:15.550+0000] {dag.py:3954} INFO - Setting next_dagrun for example_nested_branch_dag to 2024-04-13 00:00:00+00:00, run_after=2024-04-14 00:00:00+00:00
[2024-04-14T19:03:15.572+0000] {processor.py:183} INFO - Processing /home/airflow/.local/lib/python3.12/site-packages/airflow/example_dags/example_nested_branch_dag.py took 0.077 seconds
[2024-04-14T19:03:46.003+0000] {processor.py:161} INFO - Started process (PID=1235) to work on /home/airflow/.local/lib/python3.12/site-packages/airflow/example_dags/example_nested_branch_dag.py
[2024-04-14T19:03:46.004+0000] {processor.py:830} INFO - Processing file /home/airflow/.local/lib/python3.12/site-packages/airflow/example_dags/example_nested_branch_dag.py for tasks to queue
[2024-04-14T19:03:46.005+0000] {logging_mixin.py:188} INFO - [2024-04-14T19:03:46.005+0000] {dagbag.py:540} INFO - Filling up the DagBag from /home/airflow/.local/lib/python3.12/site-packages/airflow/example_dags/example_nested_branch_dag.py
[2024-04-14T19:03:46.014+0000] {processor.py:840} INFO - DAG(s) 'example_nested_branch_dag' retrieved from /home/airflow/.local/lib/python3.12/site-packages/airflow/example_dags/example_nested_branch_dag.py
[2024-04-14T19:03:46.037+0000] {logging_mixin.py:188} INFO - [2024-04-14T19:03:46.037+0000] {dag.py:3096} INFO - Sync 1 DAGs
[2024-04-14T19:03:46.247+0000] {logging_mixin.py:188} INFO - [2024-04-14T19:03:46.247+0000] {dag.py:3954} INFO - Setting next_dagrun for example_nested_branch_dag to 2024-04-13 00:00:00+00:00, run_after=2024-04-14 00:00:00+00:00
[2024-04-14T19:03:46.263+0000] {processor.py:183} INFO - Processing /home/airflow/.local/lib/python3.12/site-packages/airflow/example_dags/example_nested_branch_dag.py took 0.265 seconds
[2024-04-14T19:04:16.574+0000] {processor.py:161} INFO - Started process (PID=1295) to work on /home/airflow/.local/lib/python3.12/site-packages/airflow/example_dags/example_nested_branch_dag.py
[2024-04-14T19:04:16.575+0000] {processor.py:830} INFO - Processing file /home/airflow/.local/lib/python3.12/site-packages/airflow/example_dags/example_nested_branch_dag.py for tasks to queue
[2024-04-14T19:04:16.576+0000] {logging_mixin.py:188} INFO - [2024-04-14T19:04:16.576+0000] {dagbag.py:540} INFO - Filling up the DagBag from /home/airflow/.local/lib/python3.12/site-packages/airflow/example_dags/example_nested_branch_dag.py
[2024-04-14T19:04:16.585+0000] {processor.py:840} INFO - DAG(s) 'example_nested_branch_dag' retrieved from /home/airflow/.local/lib/python3.12/site-packages/airflow/example_dags/example_nested_branch_dag.py
[2024-04-14T19:04:16.604+0000] {logging_mixin.py:188} INFO - [2024-04-14T19:04:16.604+0000] {dag.py:3096} INFO - Sync 1 DAGs
[2024-04-14T19:04:16.624+0000] {logging_mixin.py:188} INFO - [2024-04-14T19:04:16.624+0000] {dag.py:3954} INFO - Setting next_dagrun for example_nested_branch_dag to 2024-04-13 00:00:00+00:00, run_after=2024-04-14 00:00:00+00:00
[2024-04-14T19:04:16.796+0000] {processor.py:183} INFO - Processing /home/airflow/.local/lib/python3.12/site-packages/airflow/example_dags/example_nested_branch_dag.py took 0.227 seconds
[2024-04-14T19:04:47.296+0000] {processor.py:161} INFO - Started process (PID=1355) to work on /home/airflow/.local/lib/python3.12/site-packages/airflow/example_dags/example_nested_branch_dag.py
[2024-04-14T19:04:47.297+0000] {processor.py:830} INFO - Processing file /home/airflow/.local/lib/python3.12/site-packages/airflow/example_dags/example_nested_branch_dag.py for tasks to queue
[2024-04-14T19:04:47.298+0000] {logging_mixin.py:188} INFO - [2024-04-14T19:04:47.298+0000] {dagbag.py:540} INFO - Filling up the DagBag from /home/airflow/.local/lib/python3.12/site-packages/airflow/example_dags/example_nested_branch_dag.py
[2024-04-14T19:04:47.306+0000] {processor.py:840} INFO - DAG(s) 'example_nested_branch_dag' retrieved from /home/airflow/.local/lib/python3.12/site-packages/airflow/example_dags/example_nested_branch_dag.py
[2024-04-14T19:04:47.327+0000] {logging_mixin.py:188} INFO - [2024-04-14T19:04:47.326+0000] {dag.py:3096} INFO - Sync 1 DAGs
[2024-04-14T19:04:47.347+0000] {logging_mixin.py:188} INFO - [2024-04-14T19:04:47.346+0000] {dag.py:3954} INFO - Setting next_dagrun for example_nested_branch_dag to 2024-04-13 00:00:00+00:00, run_after=2024-04-14 00:00:00+00:00
[2024-04-14T19:04:47.376+0000] {processor.py:183} INFO - Processing /home/airflow/.local/lib/python3.12/site-packages/airflow/example_dags/example_nested_branch_dag.py took 0.085 seconds
[2024-04-14T19:05:17.826+0000] {processor.py:161} INFO - Started process (PID=1415) to work on /home/airflow/.local/lib/python3.12/site-packages/airflow/example_dags/example_nested_branch_dag.py
[2024-04-14T19:05:17.826+0000] {processor.py:830} INFO - Processing file /home/airflow/.local/lib/python3.12/site-packages/airflow/example_dags/example_nested_branch_dag.py for tasks to queue
[2024-04-14T19:05:17.828+0000] {logging_mixin.py:188} INFO - [2024-04-14T19:05:17.827+0000] {dagbag.py:540} INFO - Filling up the DagBag from /home/airflow/.local/lib/python3.12/site-packages/airflow/example_dags/example_nested_branch_dag.py
[2024-04-14T19:05:17.836+0000] {processor.py:840} INFO - DAG(s) 'example_nested_branch_dag' retrieved from /home/airflow/.local/lib/python3.12/site-packages/airflow/example_dags/example_nested_branch_dag.py
[2024-04-14T19:05:17.858+0000] {logging_mixin.py:188} INFO - [2024-04-14T19:05:17.858+0000] {dag.py:3096} INFO - Sync 1 DAGs
[2024-04-14T19:05:17.881+0000] {logging_mixin.py:188} INFO - [2024-04-14T19:05:17.881+0000] {dag.py:3954} INFO - Setting next_dagrun for example_nested_branch_dag to 2024-04-13 00:00:00+00:00, run_after=2024-04-14 00:00:00+00:00
[2024-04-14T19:05:17.910+0000] {processor.py:183} INFO - Processing /home/airflow/.local/lib/python3.12/site-packages/airflow/example_dags/example_nested_branch_dag.py took 0.089 seconds
[2024-04-14T19:05:48.441+0000] {processor.py:161} INFO - Started process (PID=1475) to work on /home/airflow/.local/lib/python3.12/site-packages/airflow/example_dags/example_nested_branch_dag.py
[2024-04-14T19:05:48.442+0000] {processor.py:830} INFO - Processing file /home/airflow/.local/lib/python3.12/site-packages/airflow/example_dags/example_nested_branch_dag.py for tasks to queue
[2024-04-14T19:05:48.443+0000] {logging_mixin.py:188} INFO - [2024-04-14T19:05:48.443+0000] {dagbag.py:540} INFO - Filling up the DagBag from /home/airflow/.local/lib/python3.12/site-packages/airflow/example_dags/example_nested_branch_dag.py
[2024-04-14T19:05:48.451+0000] {processor.py:840} INFO - DAG(s) 'example_nested_branch_dag' retrieved from /home/airflow/.local/lib/python3.12/site-packages/airflow/example_dags/example_nested_branch_dag.py
[2024-04-14T19:05:48.470+0000] {logging_mixin.py:188} INFO - [2024-04-14T19:05:48.470+0000] {dag.py:3096} INFO - Sync 1 DAGs
[2024-04-14T19:05:48.490+0000] {logging_mixin.py:188} INFO - [2024-04-14T19:05:48.490+0000] {dag.py:3954} INFO - Setting next_dagrun for example_nested_branch_dag to 2024-04-13 00:00:00+00:00, run_after=2024-04-14 00:00:00+00:00
[2024-04-14T19:05:48.507+0000] {processor.py:183} INFO - Processing /home/airflow/.local/lib/python3.12/site-packages/airflow/example_dags/example_nested_branch_dag.py took 0.071 seconds
[2024-04-14T19:06:18.656+0000] {processor.py:161} INFO - Started process (PID=1535) to work on /home/airflow/.local/lib/python3.12/site-packages/airflow/example_dags/example_nested_branch_dag.py
[2024-04-14T19:06:18.657+0000] {processor.py:830} INFO - Processing file /home/airflow/.local/lib/python3.12/site-packages/airflow/example_dags/example_nested_branch_dag.py for tasks to queue
[2024-04-14T19:06:18.659+0000] {logging_mixin.py:188} INFO - [2024-04-14T19:06:18.658+0000] {dagbag.py:540} INFO - Filling up the DagBag from /home/airflow/.local/lib/python3.12/site-packages/airflow/example_dags/example_nested_branch_dag.py
[2024-04-14T19:06:18.667+0000] {processor.py:840} INFO - DAG(s) 'example_nested_branch_dag' retrieved from /home/airflow/.local/lib/python3.12/site-packages/airflow/example_dags/example_nested_branch_dag.py
[2024-04-14T19:06:18.687+0000] {logging_mixin.py:188} INFO - [2024-04-14T19:06:18.686+0000] {dag.py:3096} INFO - Sync 1 DAGs
[2024-04-14T19:06:18.709+0000] {logging_mixin.py:188} INFO - [2024-04-14T19:06:18.708+0000] {dag.py:3954} INFO - Setting next_dagrun for example_nested_branch_dag to 2024-04-13 00:00:00+00:00, run_after=2024-04-14 00:00:00+00:00
[2024-04-14T19:06:18.729+0000] {processor.py:183} INFO - Processing /home/airflow/.local/lib/python3.12/site-packages/airflow/example_dags/example_nested_branch_dag.py took 0.078 seconds
[2024-04-14T19:06:49.334+0000] {processor.py:161} INFO - Started process (PID=1595) to work on /home/airflow/.local/lib/python3.12/site-packages/airflow/example_dags/example_nested_branch_dag.py
[2024-04-14T19:06:49.335+0000] {processor.py:830} INFO - Processing file /home/airflow/.local/lib/python3.12/site-packages/airflow/example_dags/example_nested_branch_dag.py for tasks to queue
[2024-04-14T19:06:49.337+0000] {logging_mixin.py:188} INFO - [2024-04-14T19:06:49.337+0000] {dagbag.py:540} INFO - Filling up the DagBag from /home/airflow/.local/lib/python3.12/site-packages/airflow/example_dags/example_nested_branch_dag.py
[2024-04-14T19:06:49.346+0000] {processor.py:840} INFO - DAG(s) 'example_nested_branch_dag' retrieved from /home/airflow/.local/lib/python3.12/site-packages/airflow/example_dags/example_nested_branch_dag.py
[2024-04-14T19:06:49.369+0000] {logging_mixin.py:188} INFO - [2024-04-14T19:06:49.369+0000] {dag.py:3096} INFO - Sync 1 DAGs
[2024-04-14T19:06:49.392+0000] {logging_mixin.py:188} INFO - [2024-04-14T19:06:49.392+0000] {dag.py:3954} INFO - Setting next_dagrun for example_nested_branch_dag to 2024-04-13 00:00:00+00:00, run_after=2024-04-14 00:00:00+00:00
[2024-04-14T19:06:49.412+0000] {processor.py:183} INFO - Processing /home/airflow/.local/lib/python3.12/site-packages/airflow/example_dags/example_nested_branch_dag.py took 0.082 seconds
[2024-04-14T19:07:19.745+0000] {processor.py:161} INFO - Started process (PID=1655) to work on /home/airflow/.local/lib/python3.12/site-packages/airflow/example_dags/example_nested_branch_dag.py
[2024-04-14T19:07:19.746+0000] {processor.py:830} INFO - Processing file /home/airflow/.local/lib/python3.12/site-packages/airflow/example_dags/example_nested_branch_dag.py for tasks to queue
[2024-04-14T19:07:19.748+0000] {logging_mixin.py:188} INFO - [2024-04-14T19:07:19.747+0000] {dagbag.py:540} INFO - Filling up the DagBag from /home/airflow/.local/lib/python3.12/site-packages/airflow/example_dags/example_nested_branch_dag.py
[2024-04-14T19:07:19.756+0000] {processor.py:840} INFO - DAG(s) 'example_nested_branch_dag' retrieved from /home/airflow/.local/lib/python3.12/site-packages/airflow/example_dags/example_nested_branch_dag.py
[2024-04-14T19:07:19.775+0000] {logging_mixin.py:188} INFO - [2024-04-14T19:07:19.775+0000] {dag.py:3096} INFO - Sync 1 DAGs
[2024-04-14T19:07:19.794+0000] {logging_mixin.py:188} INFO - [2024-04-14T19:07:19.794+0000] {dag.py:3954} INFO - Setting next_dagrun for example_nested_branch_dag to 2024-04-13 00:00:00+00:00, run_after=2024-04-14 00:00:00+00:00
[2024-04-14T19:07:19.812+0000] {processor.py:183} INFO - Processing /home/airflow/.local/lib/python3.12/site-packages/airflow/example_dags/example_nested_branch_dag.py took 0.072 seconds
[2024-04-14T19:07:50.483+0000] {processor.py:161} INFO - Started process (PID=1717) to work on /home/airflow/.local/lib/python3.12/site-packages/airflow/example_dags/example_nested_branch_dag.py
[2024-04-14T19:07:50.484+0000] {processor.py:830} INFO - Processing file /home/airflow/.local/lib/python3.12/site-packages/airflow/example_dags/example_nested_branch_dag.py for tasks to queue
[2024-04-14T19:07:50.486+0000] {logging_mixin.py:188} INFO - [2024-04-14T19:07:50.486+0000] {dagbag.py:540} INFO - Filling up the DagBag from /home/airflow/.local/lib/python3.12/site-packages/airflow/example_dags/example_nested_branch_dag.py
[2024-04-14T19:07:50.496+0000] {processor.py:840} INFO - DAG(s) 'example_nested_branch_dag' retrieved from /home/airflow/.local/lib/python3.12/site-packages/airflow/example_dags/example_nested_branch_dag.py
[2024-04-14T19:07:50.516+0000] {logging_mixin.py:188} INFO - [2024-04-14T19:07:50.516+0000] {dag.py:3096} INFO - Sync 1 DAGs
[2024-04-14T19:07:50.539+0000] {logging_mixin.py:188} INFO - [2024-04-14T19:07:50.538+0000] {dag.py:3954} INFO - Setting next_dagrun for example_nested_branch_dag to 2024-04-13 00:00:00+00:00, run_after=2024-04-14 00:00:00+00:00
[2024-04-14T19:07:50.560+0000] {processor.py:183} INFO - Processing /home/airflow/.local/lib/python3.12/site-packages/airflow/example_dags/example_nested_branch_dag.py took 0.082 seconds
[2024-04-14T19:08:20.746+0000] {processor.py:161} INFO - Started process (PID=1779) to work on /home/airflow/.local/lib/python3.12/site-packages/airflow/example_dags/example_nested_branch_dag.py
[2024-04-14T19:08:20.747+0000] {processor.py:830} INFO - Processing file /home/airflow/.local/lib/python3.12/site-packages/airflow/example_dags/example_nested_branch_dag.py for tasks to queue
[2024-04-14T19:08:20.748+0000] {logging_mixin.py:188} INFO - [2024-04-14T19:08:20.748+0000] {dagbag.py:540} INFO - Filling up the DagBag from /home/airflow/.local/lib/python3.12/site-packages/airflow/example_dags/example_nested_branch_dag.py
[2024-04-14T19:08:20.757+0000] {processor.py:840} INFO - DAG(s) 'example_nested_branch_dag' retrieved from /home/airflow/.local/lib/python3.12/site-packages/airflow/example_dags/example_nested_branch_dag.py
[2024-04-14T19:08:20.776+0000] {logging_mixin.py:188} INFO - [2024-04-14T19:08:20.776+0000] {dag.py:3096} INFO - Sync 1 DAGs
[2024-04-14T19:08:20.797+0000] {logging_mixin.py:188} INFO - [2024-04-14T19:08:20.797+0000] {dag.py:3954} INFO - Setting next_dagrun for example_nested_branch_dag to 2024-04-13 00:00:00+00:00, run_after=2024-04-14 00:00:00+00:00
[2024-04-14T19:08:20.817+0000] {processor.py:183} INFO - Processing /home/airflow/.local/lib/python3.12/site-packages/airflow/example_dags/example_nested_branch_dag.py took 0.076 seconds
[2024-04-14T19:08:51.159+0000] {processor.py:161} INFO - Started process (PID=1839) to work on /home/airflow/.local/lib/python3.12/site-packages/airflow/example_dags/example_nested_branch_dag.py
[2024-04-14T19:08:51.160+0000] {processor.py:830} INFO - Processing file /home/airflow/.local/lib/python3.12/site-packages/airflow/example_dags/example_nested_branch_dag.py for tasks to queue
[2024-04-14T19:08:51.161+0000] {logging_mixin.py:188} INFO - [2024-04-14T19:08:51.161+0000] {dagbag.py:540} INFO - Filling up the DagBag from /home/airflow/.local/lib/python3.12/site-packages/airflow/example_dags/example_nested_branch_dag.py
[2024-04-14T19:08:51.170+0000] {processor.py:840} INFO - DAG(s) 'example_nested_branch_dag' retrieved from /home/airflow/.local/lib/python3.12/site-packages/airflow/example_dags/example_nested_branch_dag.py
[2024-04-14T19:08:51.190+0000] {logging_mixin.py:188} INFO - [2024-04-14T19:08:51.190+0000] {dag.py:3096} INFO - Sync 1 DAGs
[2024-04-14T19:08:51.213+0000] {logging_mixin.py:188} INFO - [2024-04-14T19:08:51.213+0000] {dag.py:3954} INFO - Setting next_dagrun for example_nested_branch_dag to 2024-04-13 00:00:00+00:00, run_after=2024-04-14 00:00:00+00:00
[2024-04-14T19:08:51.235+0000] {processor.py:183} INFO - Processing /home/airflow/.local/lib/python3.12/site-packages/airflow/example_dags/example_nested_branch_dag.py took 0.081 seconds
[2024-04-14T19:09:21.279+0000] {processor.py:161} INFO - Started process (PID=1901) to work on /home/airflow/.local/lib/python3.12/site-packages/airflow/example_dags/example_nested_branch_dag.py
[2024-04-14T19:09:21.280+0000] {processor.py:830} INFO - Processing file /home/airflow/.local/lib/python3.12/site-packages/airflow/example_dags/example_nested_branch_dag.py for tasks to queue
[2024-04-14T19:09:21.282+0000] {logging_mixin.py:188} INFO - [2024-04-14T19:09:21.282+0000] {dagbag.py:540} INFO - Filling up the DagBag from /home/airflow/.local/lib/python3.12/site-packages/airflow/example_dags/example_nested_branch_dag.py
[2024-04-14T19:09:21.290+0000] {processor.py:840} INFO - DAG(s) 'example_nested_branch_dag' retrieved from /home/airflow/.local/lib/python3.12/site-packages/airflow/example_dags/example_nested_branch_dag.py
[2024-04-14T19:09:21.309+0000] {logging_mixin.py:188} INFO - [2024-04-14T19:09:21.309+0000] {dag.py:3096} INFO - Sync 1 DAGs
[2024-04-14T19:09:21.327+0000] {logging_mixin.py:188} INFO - [2024-04-14T19:09:21.327+0000] {dag.py:3954} INFO - Setting next_dagrun for example_nested_branch_dag to 2024-04-13 00:00:00+00:00, run_after=2024-04-14 00:00:00+00:00
[2024-04-14T19:09:21.346+0000] {processor.py:183} INFO - Processing /home/airflow/.local/lib/python3.12/site-packages/airflow/example_dags/example_nested_branch_dag.py took 0.071 seconds
[2024-04-14T19:09:51.629+0000] {processor.py:161} INFO - Started process (PID=1967) to work on /home/airflow/.local/lib/python3.12/site-packages/airflow/example_dags/example_nested_branch_dag.py
[2024-04-14T19:09:51.634+0000] {processor.py:830} INFO - Processing file /home/airflow/.local/lib/python3.12/site-packages/airflow/example_dags/example_nested_branch_dag.py for tasks to queue
[2024-04-14T19:09:51.636+0000] {logging_mixin.py:188} INFO - [2024-04-14T19:09:51.636+0000] {dagbag.py:540} INFO - Filling up the DagBag from /home/airflow/.local/lib/python3.12/site-packages/airflow/example_dags/example_nested_branch_dag.py
[2024-04-14T19:09:51.646+0000] {processor.py:840} INFO - DAG(s) 'example_nested_branch_dag' retrieved from /home/airflow/.local/lib/python3.12/site-packages/airflow/example_dags/example_nested_branch_dag.py
[2024-04-14T19:09:51.666+0000] {logging_mixin.py:188} INFO - [2024-04-14T19:09:51.666+0000] {dag.py:3096} INFO - Sync 1 DAGs
[2024-04-14T19:09:51.689+0000] {logging_mixin.py:188} INFO - [2024-04-14T19:09:51.688+0000] {dag.py:3954} INFO - Setting next_dagrun for example_nested_branch_dag to 2024-04-13 00:00:00+00:00, run_after=2024-04-14 00:00:00+00:00
[2024-04-14T19:09:51.709+0000] {processor.py:183} INFO - Processing /home/airflow/.local/lib/python3.12/site-packages/airflow/example_dags/example_nested_branch_dag.py took 0.089 seconds
[2024-04-14T19:10:21.828+0000] {processor.py:161} INFO - Started process (PID=2031) to work on /home/airflow/.local/lib/python3.12/site-packages/airflow/example_dags/example_nested_branch_dag.py
[2024-04-14T19:10:21.829+0000] {processor.py:830} INFO - Processing file /home/airflow/.local/lib/python3.12/site-packages/airflow/example_dags/example_nested_branch_dag.py for tasks to queue
[2024-04-14T19:10:21.830+0000] {logging_mixin.py:188} INFO - [2024-04-14T19:10:21.830+0000] {dagbag.py:540} INFO - Filling up the DagBag from /home/airflow/.local/lib/python3.12/site-packages/airflow/example_dags/example_nested_branch_dag.py
[2024-04-14T19:10:21.838+0000] {processor.py:840} INFO - DAG(s) 'example_nested_branch_dag' retrieved from /home/airflow/.local/lib/python3.12/site-packages/airflow/example_dags/example_nested_branch_dag.py
[2024-04-14T19:10:21.857+0000] {logging_mixin.py:188} INFO - [2024-04-14T19:10:21.857+0000] {dag.py:3096} INFO - Sync 1 DAGs
[2024-04-14T19:10:21.879+0000] {logging_mixin.py:188} INFO - [2024-04-14T19:10:21.878+0000] {dag.py:3954} INFO - Setting next_dagrun for example_nested_branch_dag to 2024-04-13 00:00:00+00:00, run_after=2024-04-14 00:00:00+00:00
[2024-04-14T19:10:21.897+0000] {processor.py:183} INFO - Processing /home/airflow/.local/lib/python3.12/site-packages/airflow/example_dags/example_nested_branch_dag.py took 0.074 seconds
[2024-04-14T19:10:52.086+0000] {processor.py:161} INFO - Started process (PID=2091) to work on /home/airflow/.local/lib/python3.12/site-packages/airflow/example_dags/example_nested_branch_dag.py
[2024-04-14T19:10:52.086+0000] {processor.py:830} INFO - Processing file /home/airflow/.local/lib/python3.12/site-packages/airflow/example_dags/example_nested_branch_dag.py for tasks to queue
[2024-04-14T19:10:52.088+0000] {logging_mixin.py:188} INFO - [2024-04-14T19:10:52.088+0000] {dagbag.py:540} INFO - Filling up the DagBag from /home/airflow/.local/lib/python3.12/site-packages/airflow/example_dags/example_nested_branch_dag.py
[2024-04-14T19:10:52.096+0000] {processor.py:840} INFO - DAG(s) 'example_nested_branch_dag' retrieved from /home/airflow/.local/lib/python3.12/site-packages/airflow/example_dags/example_nested_branch_dag.py
[2024-04-14T19:10:52.115+0000] {logging_mixin.py:188} INFO - [2024-04-14T19:10:52.114+0000] {dag.py:3096} INFO - Sync 1 DAGs
[2024-04-14T19:10:52.137+0000] {logging_mixin.py:188} INFO - [2024-04-14T19:10:52.136+0000] {dag.py:3954} INFO - Setting next_dagrun for example_nested_branch_dag to 2024-04-13 00:00:00+00:00, run_after=2024-04-14 00:00:00+00:00
[2024-04-14T19:10:52.156+0000] {processor.py:183} INFO - Processing /home/airflow/.local/lib/python3.12/site-packages/airflow/example_dags/example_nested_branch_dag.py took 0.076 seconds
[2024-04-14T19:11:22.239+0000] {processor.py:161} INFO - Started process (PID=2151) to work on /home/airflow/.local/lib/python3.12/site-packages/airflow/example_dags/example_nested_branch_dag.py
[2024-04-14T19:11:22.239+0000] {processor.py:830} INFO - Processing file /home/airflow/.local/lib/python3.12/site-packages/airflow/example_dags/example_nested_branch_dag.py for tasks to queue
[2024-04-14T19:11:22.241+0000] {logging_mixin.py:188} INFO - [2024-04-14T19:11:22.241+0000] {dagbag.py:540} INFO - Filling up the DagBag from /home/airflow/.local/lib/python3.12/site-packages/airflow/example_dags/example_nested_branch_dag.py
[2024-04-14T19:11:22.250+0000] {processor.py:840} INFO - DAG(s) 'example_nested_branch_dag' retrieved from /home/airflow/.local/lib/python3.12/site-packages/airflow/example_dags/example_nested_branch_dag.py
[2024-04-14T19:11:22.270+0000] {logging_mixin.py:188} INFO - [2024-04-14T19:11:22.270+0000] {dag.py:3096} INFO - Sync 1 DAGs
[2024-04-14T19:11:22.292+0000] {logging_mixin.py:188} INFO - [2024-04-14T19:11:22.291+0000] {dag.py:3954} INFO - Setting next_dagrun for example_nested_branch_dag to 2024-04-13 00:00:00+00:00, run_after=2024-04-14 00:00:00+00:00
[2024-04-14T19:11:22.320+0000] {processor.py:183} INFO - Processing /home/airflow/.local/lib/python3.12/site-packages/airflow/example_dags/example_nested_branch_dag.py took 0.091 seconds
[2024-04-14T19:11:52.438+0000] {processor.py:161} INFO - Started process (PID=2215) to work on /home/airflow/.local/lib/python3.12/site-packages/airflow/example_dags/example_nested_branch_dag.py
[2024-04-14T19:11:52.438+0000] {processor.py:830} INFO - Processing file /home/airflow/.local/lib/python3.12/site-packages/airflow/example_dags/example_nested_branch_dag.py for tasks to queue
[2024-04-14T19:11:52.440+0000] {logging_mixin.py:188} INFO - [2024-04-14T19:11:52.439+0000] {dagbag.py:540} INFO - Filling up the DagBag from /home/airflow/.local/lib/python3.12/site-packages/airflow/example_dags/example_nested_branch_dag.py
[2024-04-14T19:11:52.447+0000] {processor.py:840} INFO - DAG(s) 'example_nested_branch_dag' retrieved from /home/airflow/.local/lib/python3.12/site-packages/airflow/example_dags/example_nested_branch_dag.py
[2024-04-14T19:11:52.465+0000] {logging_mixin.py:188} INFO - [2024-04-14T19:11:52.465+0000] {dag.py:3096} INFO - Sync 1 DAGs
[2024-04-14T19:11:52.484+0000] {logging_mixin.py:188} INFO - [2024-04-14T19:11:52.484+0000] {dag.py:3954} INFO - Setting next_dagrun for example_nested_branch_dag to 2024-04-13 00:00:00+00:00, run_after=2024-04-14 00:00:00+00:00
[2024-04-14T19:11:52.508+0000] {processor.py:183} INFO - Processing /home/airflow/.local/lib/python3.12/site-packages/airflow/example_dags/example_nested_branch_dag.py took 0.075 seconds
[2024-04-14T19:12:23.103+0000] {processor.py:161} INFO - Started process (PID=2275) to work on /home/airflow/.local/lib/python3.12/site-packages/airflow/example_dags/example_nested_branch_dag.py
[2024-04-14T19:12:23.104+0000] {processor.py:830} INFO - Processing file /home/airflow/.local/lib/python3.12/site-packages/airflow/example_dags/example_nested_branch_dag.py for tasks to queue
[2024-04-14T19:12:23.106+0000] {logging_mixin.py:188} INFO - [2024-04-14T19:12:23.105+0000] {dagbag.py:540} INFO - Filling up the DagBag from /home/airflow/.local/lib/python3.12/site-packages/airflow/example_dags/example_nested_branch_dag.py
[2024-04-14T19:12:23.114+0000] {processor.py:840} INFO - DAG(s) 'example_nested_branch_dag' retrieved from /home/airflow/.local/lib/python3.12/site-packages/airflow/example_dags/example_nested_branch_dag.py
[2024-04-14T19:12:23.133+0000] {logging_mixin.py:188} INFO - [2024-04-14T19:12:23.133+0000] {dag.py:3096} INFO - Sync 1 DAGs
[2024-04-14T19:12:23.154+0000] {logging_mixin.py:188} INFO - [2024-04-14T19:12:23.153+0000] {dag.py:3954} INFO - Setting next_dagrun for example_nested_branch_dag to 2024-04-13 00:00:00+00:00, run_after=2024-04-14 00:00:00+00:00
[2024-04-14T19:12:23.171+0000] {processor.py:183} INFO - Processing /home/airflow/.local/lib/python3.12/site-packages/airflow/example_dags/example_nested_branch_dag.py took 0.074 seconds
[2024-04-14T19:12:53.472+0000] {processor.py:161} INFO - Started process (PID=2335) to work on /home/airflow/.local/lib/python3.12/site-packages/airflow/example_dags/example_nested_branch_dag.py
[2024-04-14T19:12:53.473+0000] {processor.py:830} INFO - Processing file /home/airflow/.local/lib/python3.12/site-packages/airflow/example_dags/example_nested_branch_dag.py for tasks to queue
[2024-04-14T19:12:53.474+0000] {logging_mixin.py:188} INFO - [2024-04-14T19:12:53.474+0000] {dagbag.py:540} INFO - Filling up the DagBag from /home/airflow/.local/lib/python3.12/site-packages/airflow/example_dags/example_nested_branch_dag.py
[2024-04-14T19:12:53.482+0000] {processor.py:840} INFO - DAG(s) 'example_nested_branch_dag' retrieved from /home/airflow/.local/lib/python3.12/site-packages/airflow/example_dags/example_nested_branch_dag.py
[2024-04-14T19:12:53.499+0000] {logging_mixin.py:188} INFO - [2024-04-14T19:12:53.499+0000] {dag.py:3096} INFO - Sync 1 DAGs
[2024-04-14T19:12:53.519+0000] {logging_mixin.py:188} INFO - [2024-04-14T19:12:53.519+0000] {dag.py:3954} INFO - Setting next_dagrun for example_nested_branch_dag to 2024-04-13 00:00:00+00:00, run_after=2024-04-14 00:00:00+00:00
[2024-04-14T19:12:53.535+0000] {processor.py:183} INFO - Processing /home/airflow/.local/lib/python3.12/site-packages/airflow/example_dags/example_nested_branch_dag.py took 0.069 seconds
[2024-04-14T19:13:23.651+0000] {processor.py:161} INFO - Started process (PID=2395) to work on /home/airflow/.local/lib/python3.12/site-packages/airflow/example_dags/example_nested_branch_dag.py
[2024-04-14T19:13:23.652+0000] {processor.py:830} INFO - Processing file /home/airflow/.local/lib/python3.12/site-packages/airflow/example_dags/example_nested_branch_dag.py for tasks to queue
[2024-04-14T19:13:23.653+0000] {logging_mixin.py:188} INFO - [2024-04-14T19:13:23.653+0000] {dagbag.py:540} INFO - Filling up the DagBag from /home/airflow/.local/lib/python3.12/site-packages/airflow/example_dags/example_nested_branch_dag.py
[2024-04-14T19:13:23.661+0000] {processor.py:840} INFO - DAG(s) 'example_nested_branch_dag' retrieved from /home/airflow/.local/lib/python3.12/site-packages/airflow/example_dags/example_nested_branch_dag.py
[2024-04-14T19:13:23.681+0000] {logging_mixin.py:188} INFO - [2024-04-14T19:13:23.681+0000] {dag.py:3096} INFO - Sync 1 DAGs
[2024-04-14T19:13:23.705+0000] {logging_mixin.py:188} INFO - [2024-04-14T19:13:23.704+0000] {dag.py:3954} INFO - Setting next_dagrun for example_nested_branch_dag to 2024-04-13 00:00:00+00:00, run_after=2024-04-14 00:00:00+00:00
[2024-04-14T19:13:23.722+0000] {processor.py:183} INFO - Processing /home/airflow/.local/lib/python3.12/site-packages/airflow/example_dags/example_nested_branch_dag.py took 0.075 seconds
[2024-04-14T19:13:54.241+0000] {processor.py:161} INFO - Started process (PID=2455) to work on /home/airflow/.local/lib/python3.12/site-packages/airflow/example_dags/example_nested_branch_dag.py
[2024-04-14T19:13:54.242+0000] {processor.py:830} INFO - Processing file /home/airflow/.local/lib/python3.12/site-packages/airflow/example_dags/example_nested_branch_dag.py for tasks to queue
[2024-04-14T19:13:54.243+0000] {logging_mixin.py:188} INFO - [2024-04-14T19:13:54.243+0000] {dagbag.py:540} INFO - Filling up the DagBag from /home/airflow/.local/lib/python3.12/site-packages/airflow/example_dags/example_nested_branch_dag.py
[2024-04-14T19:13:54.254+0000] {processor.py:840} INFO - DAG(s) 'example_nested_branch_dag' retrieved from /home/airflow/.local/lib/python3.12/site-packages/airflow/example_dags/example_nested_branch_dag.py
[2024-04-14T19:13:54.274+0000] {logging_mixin.py:188} INFO - [2024-04-14T19:13:54.274+0000] {dag.py:3096} INFO - Sync 1 DAGs
[2024-04-14T19:13:54.297+0000] {logging_mixin.py:188} INFO - [2024-04-14T19:13:54.297+0000] {dag.py:3954} INFO - Setting next_dagrun for example_nested_branch_dag to 2024-04-13 00:00:00+00:00, run_after=2024-04-14 00:00:00+00:00
[2024-04-14T19:13:54.316+0000] {processor.py:183} INFO - Processing /home/airflow/.local/lib/python3.12/site-packages/airflow/example_dags/example_nested_branch_dag.py took 0.080 seconds
[2024-04-14T19:14:24.589+0000] {processor.py:161} INFO - Started process (PID=2515) to work on /home/airflow/.local/lib/python3.12/site-packages/airflow/example_dags/example_nested_branch_dag.py
[2024-04-14T19:14:24.590+0000] {processor.py:830} INFO - Processing file /home/airflow/.local/lib/python3.12/site-packages/airflow/example_dags/example_nested_branch_dag.py for tasks to queue
[2024-04-14T19:14:24.591+0000] {logging_mixin.py:188} INFO - [2024-04-14T19:14:24.591+0000] {dagbag.py:540} INFO - Filling up the DagBag from /home/airflow/.local/lib/python3.12/site-packages/airflow/example_dags/example_nested_branch_dag.py
[2024-04-14T19:14:24.599+0000] {processor.py:840} INFO - DAG(s) 'example_nested_branch_dag' retrieved from /home/airflow/.local/lib/python3.12/site-packages/airflow/example_dags/example_nested_branch_dag.py
[2024-04-14T19:14:24.617+0000] {logging_mixin.py:188} INFO - [2024-04-14T19:14:24.617+0000] {dag.py:3096} INFO - Sync 1 DAGs
[2024-04-14T19:14:24.636+0000] {logging_mixin.py:188} INFO - [2024-04-14T19:14:24.636+0000] {dag.py:3954} INFO - Setting next_dagrun for example_nested_branch_dag to 2024-04-13 00:00:00+00:00, run_after=2024-04-14 00:00:00+00:00
[2024-04-14T19:14:24.654+0000] {processor.py:183} INFO - Processing /home/airflow/.local/lib/python3.12/site-packages/airflow/example_dags/example_nested_branch_dag.py took 0.069 seconds
[2024-04-14T19:14:55.134+0000] {processor.py:161} INFO - Started process (PID=2577) to work on /home/airflow/.local/lib/python3.12/site-packages/airflow/example_dags/example_nested_branch_dag.py
[2024-04-14T19:14:55.135+0000] {processor.py:830} INFO - Processing file /home/airflow/.local/lib/python3.12/site-packages/airflow/example_dags/example_nested_branch_dag.py for tasks to queue
[2024-04-14T19:14:55.136+0000] {logging_mixin.py:188} INFO - [2024-04-14T19:14:55.136+0000] {dagbag.py:540} INFO - Filling up the DagBag from /home/airflow/.local/lib/python3.12/site-packages/airflow/example_dags/example_nested_branch_dag.py
[2024-04-14T19:14:55.144+0000] {processor.py:840} INFO - DAG(s) 'example_nested_branch_dag' retrieved from /home/airflow/.local/lib/python3.12/site-packages/airflow/example_dags/example_nested_branch_dag.py
[2024-04-14T19:14:55.162+0000] {logging_mixin.py:188} INFO - [2024-04-14T19:14:55.162+0000] {dag.py:3096} INFO - Sync 1 DAGs
[2024-04-14T19:14:55.182+0000] {logging_mixin.py:188} INFO - [2024-04-14T19:14:55.182+0000] {dag.py:3954} INFO - Setting next_dagrun for example_nested_branch_dag to 2024-04-13 00:00:00+00:00, run_after=2024-04-14 00:00:00+00:00
[2024-04-14T19:14:55.199+0000] {processor.py:183} INFO - Processing /home/airflow/.local/lib/python3.12/site-packages/airflow/example_dags/example_nested_branch_dag.py took 0.069 seconds
[2024-04-14T19:15:25.405+0000] {processor.py:161} INFO - Started process (PID=2637) to work on /home/airflow/.local/lib/python3.12/site-packages/airflow/example_dags/example_nested_branch_dag.py
[2024-04-14T19:15:25.406+0000] {processor.py:830} INFO - Processing file /home/airflow/.local/lib/python3.12/site-packages/airflow/example_dags/example_nested_branch_dag.py for tasks to queue
[2024-04-14T19:15:25.408+0000] {logging_mixin.py:188} INFO - [2024-04-14T19:15:25.408+0000] {dagbag.py:540} INFO - Filling up the DagBag from /home/airflow/.local/lib/python3.12/site-packages/airflow/example_dags/example_nested_branch_dag.py
[2024-04-14T19:15:25.426+0000] {processor.py:840} INFO - DAG(s) 'example_nested_branch_dag' retrieved from /home/airflow/.local/lib/python3.12/site-packages/airflow/example_dags/example_nested_branch_dag.py
[2024-04-14T19:15:25.446+0000] {logging_mixin.py:188} INFO - [2024-04-14T19:15:25.445+0000] {dag.py:3096} INFO - Sync 1 DAGs
[2024-04-14T19:15:25.470+0000] {logging_mixin.py:188} INFO - [2024-04-14T19:15:25.470+0000] {dag.py:3954} INFO - Setting next_dagrun for example_nested_branch_dag to 2024-04-13 00:00:00+00:00, run_after=2024-04-14 00:00:00+00:00
[2024-04-14T19:15:25.491+0000] {processor.py:183} INFO - Processing /home/airflow/.local/lib/python3.12/site-packages/airflow/example_dags/example_nested_branch_dag.py took 0.092 seconds
[2024-04-14T19:15:55.733+0000] {processor.py:161} INFO - Started process (PID=2697) to work on /home/airflow/.local/lib/python3.12/site-packages/airflow/example_dags/example_nested_branch_dag.py
[2024-04-14T19:15:55.734+0000] {processor.py:830} INFO - Processing file /home/airflow/.local/lib/python3.12/site-packages/airflow/example_dags/example_nested_branch_dag.py for tasks to queue
[2024-04-14T19:15:55.735+0000] {logging_mixin.py:188} INFO - [2024-04-14T19:15:55.735+0000] {dagbag.py:540} INFO - Filling up the DagBag from /home/airflow/.local/lib/python3.12/site-packages/airflow/example_dags/example_nested_branch_dag.py
[2024-04-14T19:15:55.743+0000] {processor.py:840} INFO - DAG(s) 'example_nested_branch_dag' retrieved from /home/airflow/.local/lib/python3.12/site-packages/airflow/example_dags/example_nested_branch_dag.py
[2024-04-14T19:15:55.763+0000] {logging_mixin.py:188} INFO - [2024-04-14T19:15:55.763+0000] {dag.py:3096} INFO - Sync 1 DAGs
[2024-04-14T19:15:55.783+0000] {logging_mixin.py:188} INFO - [2024-04-14T19:15:55.783+0000] {dag.py:3954} INFO - Setting next_dagrun for example_nested_branch_dag to 2024-04-13 00:00:00+00:00, run_after=2024-04-14 00:00:00+00:00
[2024-04-14T19:15:55.801+0000] {processor.py:183} INFO - Processing /home/airflow/.local/lib/python3.12/site-packages/airflow/example_dags/example_nested_branch_dag.py took 0.072 seconds
[2024-04-14T19:16:26.010+0000] {processor.py:161} INFO - Started process (PID=2757) to work on /home/airflow/.local/lib/python3.12/site-packages/airflow/example_dags/example_nested_branch_dag.py
[2024-04-14T19:16:26.011+0000] {processor.py:830} INFO - Processing file /home/airflow/.local/lib/python3.12/site-packages/airflow/example_dags/example_nested_branch_dag.py for tasks to queue
[2024-04-14T19:16:26.012+0000] {logging_mixin.py:188} INFO - [2024-04-14T19:16:26.012+0000] {dagbag.py:540} INFO - Filling up the DagBag from /home/airflow/.local/lib/python3.12/site-packages/airflow/example_dags/example_nested_branch_dag.py
[2024-04-14T19:16:26.021+0000] {processor.py:840} INFO - DAG(s) 'example_nested_branch_dag' retrieved from /home/airflow/.local/lib/python3.12/site-packages/airflow/example_dags/example_nested_branch_dag.py
[2024-04-14T19:16:26.039+0000] {logging_mixin.py:188} INFO - [2024-04-14T19:16:26.039+0000] {dag.py:3096} INFO - Sync 1 DAGs
[2024-04-14T19:16:26.064+0000] {logging_mixin.py:188} INFO - [2024-04-14T19:16:26.063+0000] {dag.py:3954} INFO - Setting next_dagrun for example_nested_branch_dag to 2024-04-13 00:00:00+00:00, run_after=2024-04-14 00:00:00+00:00
[2024-04-14T19:16:26.082+0000] {processor.py:183} INFO - Processing /home/airflow/.local/lib/python3.12/site-packages/airflow/example_dags/example_nested_branch_dag.py took 0.077 seconds
[2024-04-14T19:16:56.532+0000] {processor.py:161} INFO - Started process (PID=2817) to work on /home/airflow/.local/lib/python3.12/site-packages/airflow/example_dags/example_nested_branch_dag.py
[2024-04-14T19:16:56.532+0000] {processor.py:830} INFO - Processing file /home/airflow/.local/lib/python3.12/site-packages/airflow/example_dags/example_nested_branch_dag.py for tasks to queue
[2024-04-14T19:16:56.534+0000] {logging_mixin.py:188} INFO - [2024-04-14T19:16:56.534+0000] {dagbag.py:540} INFO - Filling up the DagBag from /home/airflow/.local/lib/python3.12/site-packages/airflow/example_dags/example_nested_branch_dag.py
[2024-04-14T19:16:56.542+0000] {processor.py:840} INFO - DAG(s) 'example_nested_branch_dag' retrieved from /home/airflow/.local/lib/python3.12/site-packages/airflow/example_dags/example_nested_branch_dag.py
[2024-04-14T19:16:56.560+0000] {logging_mixin.py:188} INFO - [2024-04-14T19:16:56.560+0000] {dag.py:3096} INFO - Sync 1 DAGs
[2024-04-14T19:16:56.580+0000] {logging_mixin.py:188} INFO - [2024-04-14T19:16:56.580+0000] {dag.py:3954} INFO - Setting next_dagrun for example_nested_branch_dag to 2024-04-13 00:00:00+00:00, run_after=2024-04-14 00:00:00+00:00
[2024-04-14T19:16:56.597+0000] {processor.py:183} INFO - Processing /home/airflow/.local/lib/python3.12/site-packages/airflow/example_dags/example_nested_branch_dag.py took 0.070 seconds
[2024-04-14T19:17:27.074+0000] {processor.py:161} INFO - Started process (PID=2877) to work on /home/airflow/.local/lib/python3.12/site-packages/airflow/example_dags/example_nested_branch_dag.py
[2024-04-14T19:17:27.074+0000] {processor.py:830} INFO - Processing file /home/airflow/.local/lib/python3.12/site-packages/airflow/example_dags/example_nested_branch_dag.py for tasks to queue
[2024-04-14T19:17:27.076+0000] {logging_mixin.py:188} INFO - [2024-04-14T19:17:27.075+0000] {dagbag.py:540} INFO - Filling up the DagBag from /home/airflow/.local/lib/python3.12/site-packages/airflow/example_dags/example_nested_branch_dag.py
[2024-04-14T19:17:27.085+0000] {processor.py:840} INFO - DAG(s) 'example_nested_branch_dag' retrieved from /home/airflow/.local/lib/python3.12/site-packages/airflow/example_dags/example_nested_branch_dag.py
[2024-04-14T19:17:27.104+0000] {logging_mixin.py:188} INFO - [2024-04-14T19:17:27.103+0000] {dag.py:3096} INFO - Sync 1 DAGs
[2024-04-14T19:17:27.124+0000] {logging_mixin.py:188} INFO - [2024-04-14T19:17:27.124+0000] {dag.py:3954} INFO - Setting next_dagrun for example_nested_branch_dag to 2024-04-13 00:00:00+00:00, run_after=2024-04-14 00:00:00+00:00
[2024-04-14T19:17:27.142+0000] {processor.py:183} INFO - Processing /home/airflow/.local/lib/python3.12/site-packages/airflow/example_dags/example_nested_branch_dag.py took 0.073 seconds
[2024-04-14T19:17:57.531+0000] {processor.py:161} INFO - Started process (PID=2939) to work on /home/airflow/.local/lib/python3.12/site-packages/airflow/example_dags/example_nested_branch_dag.py
[2024-04-14T19:17:57.532+0000] {processor.py:830} INFO - Processing file /home/airflow/.local/lib/python3.12/site-packages/airflow/example_dags/example_nested_branch_dag.py for tasks to queue
[2024-04-14T19:17:57.533+0000] {logging_mixin.py:188} INFO - [2024-04-14T19:17:57.533+0000] {dagbag.py:540} INFO - Filling up the DagBag from /home/airflow/.local/lib/python3.12/site-packages/airflow/example_dags/example_nested_branch_dag.py
[2024-04-14T19:17:57.541+0000] {processor.py:840} INFO - DAG(s) 'example_nested_branch_dag' retrieved from /home/airflow/.local/lib/python3.12/site-packages/airflow/example_dags/example_nested_branch_dag.py
[2024-04-14T19:17:57.560+0000] {logging_mixin.py:188} INFO - [2024-04-14T19:17:57.560+0000] {dag.py:3096} INFO - Sync 1 DAGs
[2024-04-14T19:17:57.581+0000] {logging_mixin.py:188} INFO - [2024-04-14T19:17:57.581+0000] {dag.py:3954} INFO - Setting next_dagrun for example_nested_branch_dag to 2024-04-13 00:00:00+00:00, run_after=2024-04-14 00:00:00+00:00
[2024-04-14T19:17:57.602+0000] {processor.py:183} INFO - Processing /home/airflow/.local/lib/python3.12/site-packages/airflow/example_dags/example_nested_branch_dag.py took 0.076 seconds
[2024-04-14T19:18:27.841+0000] {processor.py:161} INFO - Started process (PID=3001) to work on /home/airflow/.local/lib/python3.12/site-packages/airflow/example_dags/example_nested_branch_dag.py
[2024-04-14T19:18:27.842+0000] {processor.py:830} INFO - Processing file /home/airflow/.local/lib/python3.12/site-packages/airflow/example_dags/example_nested_branch_dag.py for tasks to queue
[2024-04-14T19:18:27.843+0000] {logging_mixin.py:188} INFO - [2024-04-14T19:18:27.843+0000] {dagbag.py:540} INFO - Filling up the DagBag from /home/airflow/.local/lib/python3.12/site-packages/airflow/example_dags/example_nested_branch_dag.py
[2024-04-14T19:18:27.851+0000] {processor.py:840} INFO - DAG(s) 'example_nested_branch_dag' retrieved from /home/airflow/.local/lib/python3.12/site-packages/airflow/example_dags/example_nested_branch_dag.py
[2024-04-14T19:18:27.869+0000] {logging_mixin.py:188} INFO - [2024-04-14T19:18:27.868+0000] {dag.py:3096} INFO - Sync 1 DAGs
[2024-04-14T19:18:27.887+0000] {logging_mixin.py:188} INFO - [2024-04-14T19:18:27.887+0000] {dag.py:3954} INFO - Setting next_dagrun for example_nested_branch_dag to 2024-04-13 00:00:00+00:00, run_after=2024-04-14 00:00:00+00:00
[2024-04-14T19:18:27.903+0000] {processor.py:183} INFO - Processing /home/airflow/.local/lib/python3.12/site-packages/airflow/example_dags/example_nested_branch_dag.py took 0.066 seconds
[2024-04-14T19:18:58.431+0000] {processor.py:161} INFO - Started process (PID=3062) to work on /home/airflow/.local/lib/python3.12/site-packages/airflow/example_dags/example_nested_branch_dag.py
[2024-04-14T19:18:58.431+0000] {processor.py:830} INFO - Processing file /home/airflow/.local/lib/python3.12/site-packages/airflow/example_dags/example_nested_branch_dag.py for tasks to queue
[2024-04-14T19:18:58.433+0000] {logging_mixin.py:188} INFO - [2024-04-14T19:18:58.433+0000] {dagbag.py:540} INFO - Filling up the DagBag from /home/airflow/.local/lib/python3.12/site-packages/airflow/example_dags/example_nested_branch_dag.py
[2024-04-14T19:18:58.442+0000] {processor.py:840} INFO - DAG(s) 'example_nested_branch_dag' retrieved from /home/airflow/.local/lib/python3.12/site-packages/airflow/example_dags/example_nested_branch_dag.py
[2024-04-14T19:18:58.462+0000] {logging_mixin.py:188} INFO - [2024-04-14T19:18:58.462+0000] {dag.py:3096} INFO - Sync 1 DAGs
[2024-04-14T19:18:58.488+0000] {logging_mixin.py:188} INFO - [2024-04-14T19:18:58.487+0000] {dag.py:3954} INFO - Setting next_dagrun for example_nested_branch_dag to 2024-04-13 00:00:00+00:00, run_after=2024-04-14 00:00:00+00:00
[2024-04-14T19:18:58.512+0000] {processor.py:183} INFO - Processing /home/airflow/.local/lib/python3.12/site-packages/airflow/example_dags/example_nested_branch_dag.py took 0.086 seconds
[2024-04-14T19:19:29.323+0000] {processor.py:161} INFO - Started process (PID=3122) to work on /home/airflow/.local/lib/python3.12/site-packages/airflow/example_dags/example_nested_branch_dag.py
[2024-04-14T19:19:29.324+0000] {processor.py:830} INFO - Processing file /home/airflow/.local/lib/python3.12/site-packages/airflow/example_dags/example_nested_branch_dag.py for tasks to queue
[2024-04-14T19:19:29.326+0000] {logging_mixin.py:188} INFO - [2024-04-14T19:19:29.325+0000] {dagbag.py:540} INFO - Filling up the DagBag from /home/airflow/.local/lib/python3.12/site-packages/airflow/example_dags/example_nested_branch_dag.py
[2024-04-14T19:19:29.337+0000] {processor.py:840} INFO - DAG(s) 'example_nested_branch_dag' retrieved from /home/airflow/.local/lib/python3.12/site-packages/airflow/example_dags/example_nested_branch_dag.py
[2024-04-14T19:19:29.359+0000] {logging_mixin.py:188} INFO - [2024-04-14T19:19:29.359+0000] {dag.py:3096} INFO - Sync 1 DAGs
[2024-04-14T19:19:29.382+0000] {logging_mixin.py:188} INFO - [2024-04-14T19:19:29.382+0000] {dag.py:3954} INFO - Setting next_dagrun for example_nested_branch_dag to 2024-04-13 00:00:00+00:00, run_after=2024-04-14 00:00:00+00:00
[2024-04-14T19:19:29.404+0000] {processor.py:183} INFO - Processing /home/airflow/.local/lib/python3.12/site-packages/airflow/example_dags/example_nested_branch_dag.py took 0.086 seconds
[2024-04-14T19:19:59.769+0000] {processor.py:161} INFO - Started process (PID=3182) to work on /home/airflow/.local/lib/python3.12/site-packages/airflow/example_dags/example_nested_branch_dag.py
[2024-04-14T19:19:59.770+0000] {processor.py:830} INFO - Processing file /home/airflow/.local/lib/python3.12/site-packages/airflow/example_dags/example_nested_branch_dag.py for tasks to queue
[2024-04-14T19:19:59.771+0000] {logging_mixin.py:188} INFO - [2024-04-14T19:19:59.771+0000] {dagbag.py:540} INFO - Filling up the DagBag from /home/airflow/.local/lib/python3.12/site-packages/airflow/example_dags/example_nested_branch_dag.py
[2024-04-14T19:19:59.779+0000] {processor.py:840} INFO - DAG(s) 'example_nested_branch_dag' retrieved from /home/airflow/.local/lib/python3.12/site-packages/airflow/example_dags/example_nested_branch_dag.py
[2024-04-14T19:19:59.796+0000] {logging_mixin.py:188} INFO - [2024-04-14T19:19:59.796+0000] {dag.py:3096} INFO - Sync 1 DAGs
[2024-04-14T19:19:59.815+0000] {logging_mixin.py:188} INFO - [2024-04-14T19:19:59.815+0000] {dag.py:3954} INFO - Setting next_dagrun for example_nested_branch_dag to 2024-04-13 00:00:00+00:00, run_after=2024-04-14 00:00:00+00:00
[2024-04-14T19:19:59.833+0000] {processor.py:183} INFO - Processing /home/airflow/.local/lib/python3.12/site-packages/airflow/example_dags/example_nested_branch_dag.py took 0.068 seconds
[2024-04-14T19:20:30.321+0000] {processor.py:161} INFO - Started process (PID=3242) to work on /home/airflow/.local/lib/python3.12/site-packages/airflow/example_dags/example_nested_branch_dag.py
[2024-04-14T19:20:30.321+0000] {processor.py:830} INFO - Processing file /home/airflow/.local/lib/python3.12/site-packages/airflow/example_dags/example_nested_branch_dag.py for tasks to queue
[2024-04-14T19:20:30.323+0000] {logging_mixin.py:188} INFO - [2024-04-14T19:20:30.323+0000] {dagbag.py:540} INFO - Filling up the DagBag from /home/airflow/.local/lib/python3.12/site-packages/airflow/example_dags/example_nested_branch_dag.py
[2024-04-14T19:20:30.331+0000] {processor.py:840} INFO - DAG(s) 'example_nested_branch_dag' retrieved from /home/airflow/.local/lib/python3.12/site-packages/airflow/example_dags/example_nested_branch_dag.py
[2024-04-14T19:20:30.350+0000] {logging_mixin.py:188} INFO - [2024-04-14T19:20:30.349+0000] {dag.py:3096} INFO - Sync 1 DAGs
[2024-04-14T19:20:30.370+0000] {logging_mixin.py:188} INFO - [2024-04-14T19:20:30.370+0000] {dag.py:3954} INFO - Setting next_dagrun for example_nested_branch_dag to 2024-04-13 00:00:00+00:00, run_after=2024-04-14 00:00:00+00:00
[2024-04-14T19:20:30.388+0000] {processor.py:183} INFO - Processing /home/airflow/.local/lib/python3.12/site-packages/airflow/example_dags/example_nested_branch_dag.py took 0.072 seconds
[2024-04-14T19:21:01.311+0000] {processor.py:161} INFO - Started process (PID=3302) to work on /home/airflow/.local/lib/python3.12/site-packages/airflow/example_dags/example_nested_branch_dag.py
[2024-04-14T19:21:01.312+0000] {processor.py:830} INFO - Processing file /home/airflow/.local/lib/python3.12/site-packages/airflow/example_dags/example_nested_branch_dag.py for tasks to queue
[2024-04-14T19:21:01.315+0000] {logging_mixin.py:188} INFO - [2024-04-14T19:21:01.315+0000] {dagbag.py:540} INFO - Filling up the DagBag from /home/airflow/.local/lib/python3.12/site-packages/airflow/example_dags/example_nested_branch_dag.py
[2024-04-14T19:21:01.332+0000] {processor.py:840} INFO - DAG(s) 'example_nested_branch_dag' retrieved from /home/airflow/.local/lib/python3.12/site-packages/airflow/example_dags/example_nested_branch_dag.py
[2024-04-14T19:21:01.361+0000] {logging_mixin.py:188} INFO - [2024-04-14T19:21:01.360+0000] {dag.py:3096} INFO - Sync 1 DAGs
[2024-04-14T19:21:01.395+0000] {logging_mixin.py:188} INFO - [2024-04-14T19:21:01.394+0000] {dag.py:3954} INFO - Setting next_dagrun for example_nested_branch_dag to 2024-04-13 00:00:00+00:00, run_after=2024-04-14 00:00:00+00:00
[2024-04-14T19:21:01.427+0000] {processor.py:183} INFO - Processing /home/airflow/.local/lib/python3.12/site-packages/airflow/example_dags/example_nested_branch_dag.py took 0.124 seconds
