[2024-04-15T00:51:55.178+0000] {local_task_job_runner.py:120} INFO - ::group::Pre task execution logs
[2024-04-15T00:51:58.103+0000] {taskinstance.py:2073} INFO - Dependencies all met for dep_context=non-requeueable deps ti=<TaskInstance: extract_and_load_equipment_failure_sensors.extract_data scheduled__2022-01-13T00:00:00+00:00 [queued]>
[2024-04-15T00:51:58.131+0000] {taskinstance.py:2073} INFO - Dependencies all met for dep_context=requeueable deps ti=<TaskInstance: extract_and_load_equipment_failure_sensors.extract_data scheduled__2022-01-13T00:00:00+00:00 [queued]>
[2024-04-15T00:51:58.139+0000] {taskinstance.py:2303} INFO - Starting attempt 1 of 1
[2024-04-15T00:51:58.172+0000] {taskinstance.py:2327} INFO - Executing <Task(PythonOperator): extract_data> on 2022-01-13 00:00:00+00:00
[2024-04-15T00:51:58.203+0000] {warnings.py:110} WARNING - /home/***/.local/lib/python3.12/site-packages/***/task/task_runner/standard_task_runner.py:61: DeprecationWarning: This process (pid=493) is multi-threaded, use of fork() may lead to deadlocks in the child.
  pid = os.fork()

[2024-04-15T00:51:58.203+0000] {standard_task_runner.py:90} INFO - Running: ['***', 'tasks', 'run', 'extract_and_load_equipment_failure_sensors', 'extract_data', 'scheduled__2022-01-13T00:00:00+00:00', '--job-id', '2365', '--raw', '--subdir', 'DAGS_FOLDER/dag_equipment_failure_sensors.py', '--cfg-path', '/tmp/tmp4as4fmap']
[2024-04-15T00:51:58.207+0000] {standard_task_runner.py:63} INFO - Started process 513 to run task
[2024-04-15T00:51:58.209+0000] {standard_task_runner.py:91} INFO - Job 2365: Subtask extract_data
[2024-04-15T00:51:58.313+0000] {task_command.py:426} INFO - Running <TaskInstance: extract_and_load_equipment_failure_sensors.extract_data scheduled__2022-01-13T00:00:00+00:00 [running]> on host 5844c8608a80
[2024-04-15T00:51:58.425+0000] {taskinstance.py:2644} INFO - Exporting env vars: AIRFLOW_CTX_DAG_OWNER='***' AIRFLOW_CTX_DAG_ID='extract_and_load_equipment_failure_sensors' AIRFLOW_CTX_TASK_ID='extract_data' AIRFLOW_CTX_EXECUTION_DATE='2022-01-13T00:00:00+00:00' AIRFLOW_CTX_TRY_NUMBER='1' AIRFLOW_CTX_DAG_RUN_ID='scheduled__2022-01-13T00:00:00+00:00'
[2024-04-15T00:51:58.427+0000] {taskinstance.py:430} INFO - ::endgroup::
[2024-04-15T00:54:41.869+0000] {python.py:237} INFO - Done. Returned value was:                                                       item
0        [2021-05-18 0:20:48]\tERROR\tsensor[5820]:\t(t...
1        [2021-05-18 0:20:48]\tERROR\tsensor[5820]:\t(t...
2        [2021-06-14 19:46:9]\tERROR\tsensor[3359]:\t(t...
3        [2020-09-27 22:55:11]\tERROR\tsensor[9503]:\t(...
4        [2019-02-9 20:56:4]\tERROR\tsensor[3437]:\t(te...
...                                                    ...
4999996  [2019-01-6 15:13:22]\tERROR\tsensor[5181]:\t(t...
4999997  [2021-01-28 19:35:0]\tERROR\tsensor[8775]:\t(t...
4999998  [2020-09-25 20:45:28]\tERROR\tsensor[5318]:\t(...
4999999  [2019-03-21 20:4:17]\tERROR\tsensor[465]:\t(te...
5000000  [2019-10-12 17:17:59]\tERROR\tsensor[4078]:\t(...

[5000001 rows x 1 columns]
[2024-04-15T00:54:41.886+0000] {taskinstance.py:441} INFO - ::group::Post task execution logs
[2024-04-15T00:54:45.849+0000] {local_task_job_runner.py:240} INFO - Task exited with return code -9
[2024-04-15T00:54:45.924+0000] {taskinstance.py:3482} INFO - 0 downstream tasks scheduled from follow-on schedule check
[2024-04-15T00:54:45.932+0000] {local_task_job_runner.py:222} INFO - ::endgroup::
