[2024-04-14T20:18:02.286+0000] {processor.py:161} INFO - Started process (PID=1899) to work on /opt/airflow/dags/dag_equipment_sensors.py
[2024-04-14T20:18:02.287+0000] {processor.py:830} INFO - Processing file /opt/airflow/dags/dag_equipment_sensors.py for tasks to queue
[2024-04-14T20:18:02.288+0000] {logging_mixin.py:188} INFO - [2024-04-14T20:18:02.288+0000] {dagbag.py:540} INFO - Filling up the DagBag from /opt/airflow/dags/dag_equipment_sensors.py
[2024-04-14T20:18:02.589+0000] {processor.py:840} INFO - DAG(s) 'extract_and_load_equipment_sensors' retrieved from /opt/airflow/dags/dag_equipment_sensors.py
[2024-04-14T20:18:02.669+0000] {logging_mixin.py:188} INFO - [2024-04-14T20:18:02.668+0000] {override.py:1829} INFO - Created Permission View: can delete on DAG:extract_and_load_equipment_sensors
[2024-04-14T20:18:02.678+0000] {logging_mixin.py:188} INFO - [2024-04-14T20:18:02.678+0000] {override.py:1829} INFO - Created Permission View: can read on DAG:extract_and_load_equipment_sensors
[2024-04-14T20:18:02.684+0000] {logging_mixin.py:188} INFO - [2024-04-14T20:18:02.684+0000] {override.py:1829} INFO - Created Permission View: can edit on DAG:extract_and_load_equipment_sensors
[2024-04-14T20:18:02.685+0000] {logging_mixin.py:188} INFO - [2024-04-14T20:18:02.685+0000] {dag.py:3096} INFO - Sync 1 DAGs
[2024-04-14T20:18:02.693+0000] {logging_mixin.py:188} INFO - [2024-04-14T20:18:02.693+0000] {dag.py:3118} INFO - Creating ORM DAG for extract_and_load_equipment_sensors
[2024-04-14T20:18:02.702+0000] {logging_mixin.py:188} INFO - [2024-04-14T20:18:02.702+0000] {dag.py:3954} INFO - Setting next_dagrun for extract_and_load_equipment_sensors to 2022-01-01 00:00:00+00:00, run_after=2022-01-02 00:00:00+00:00
[2024-04-14T20:18:02.718+0000] {processor.py:183} INFO - Processing /opt/airflow/dags/dag_equipment_sensors.py took 0.437 seconds
[2024-04-14T20:18:32.940+0000] {processor.py:161} INFO - Started process (PID=1963) to work on /opt/airflow/dags/dag_equipment_sensors.py
[2024-04-14T20:18:32.941+0000] {processor.py:830} INFO - Processing file /opt/airflow/dags/dag_equipment_sensors.py for tasks to queue
[2024-04-14T20:18:32.942+0000] {logging_mixin.py:188} INFO - [2024-04-14T20:18:32.942+0000] {dagbag.py:540} INFO - Filling up the DagBag from /opt/airflow/dags/dag_equipment_sensors.py
[2024-04-14T20:18:33.245+0000] {processor.py:840} INFO - DAG(s) 'extract_and_load_equipment_sensors' retrieved from /opt/airflow/dags/dag_equipment_sensors.py
[2024-04-14T20:18:33.259+0000] {logging_mixin.py:188} INFO - [2024-04-14T20:18:33.259+0000] {dag.py:3096} INFO - Sync 1 DAGs
[2024-04-14T20:18:33.275+0000] {logging_mixin.py:188} INFO - [2024-04-14T20:18:33.275+0000] {dag.py:3954} INFO - Setting next_dagrun for extract_and_load_equipment_sensors to 2022-01-01 00:00:00+00:00, run_after=2022-01-02 00:00:00+00:00
[2024-04-14T20:18:33.290+0000] {processor.py:183} INFO - Processing /opt/airflow/dags/dag_equipment_sensors.py took 0.356 seconds
[2024-04-14T20:19:03.695+0000] {processor.py:161} INFO - Started process (PID=2031) to work on /opt/airflow/dags/dag_equipment_sensors.py
[2024-04-14T20:19:03.695+0000] {processor.py:830} INFO - Processing file /opt/airflow/dags/dag_equipment_sensors.py for tasks to queue
[2024-04-14T20:19:03.697+0000] {logging_mixin.py:188} INFO - [2024-04-14T20:19:03.697+0000] {dagbag.py:540} INFO - Filling up the DagBag from /opt/airflow/dags/dag_equipment_sensors.py
[2024-04-14T20:19:03.991+0000] {processor.py:840} INFO - DAG(s) 'extract_and_load_equipment_sensors' retrieved from /opt/airflow/dags/dag_equipment_sensors.py
[2024-04-14T20:19:04.006+0000] {logging_mixin.py:188} INFO - [2024-04-14T20:19:04.006+0000] {dag.py:3096} INFO - Sync 1 DAGs
[2024-04-14T20:19:04.022+0000] {logging_mixin.py:188} INFO - [2024-04-14T20:19:04.022+0000] {dag.py:3954} INFO - Setting next_dagrun for extract_and_load_equipment_sensors to 2022-01-01 00:00:00+00:00, run_after=2022-01-02 00:00:00+00:00
[2024-04-14T20:19:04.037+0000] {processor.py:183} INFO - Processing /opt/airflow/dags/dag_equipment_sensors.py took 0.347 seconds
[2024-04-14T20:19:34.083+0000] {processor.py:161} INFO - Started process (PID=2103) to work on /opt/airflow/dags/dag_equipment_sensors.py
[2024-04-14T20:19:34.084+0000] {processor.py:830} INFO - Processing file /opt/airflow/dags/dag_equipment_sensors.py for tasks to queue
[2024-04-14T20:19:34.085+0000] {logging_mixin.py:188} INFO - [2024-04-14T20:19:34.085+0000] {dagbag.py:540} INFO - Filling up the DagBag from /opt/airflow/dags/dag_equipment_sensors.py
[2024-04-14T20:19:34.376+0000] {processor.py:840} INFO - DAG(s) 'extract_and_load_equipment_sensors' retrieved from /opt/airflow/dags/dag_equipment_sensors.py
[2024-04-14T20:19:34.391+0000] {logging_mixin.py:188} INFO - [2024-04-14T20:19:34.390+0000] {dag.py:3096} INFO - Sync 1 DAGs
[2024-04-14T20:19:34.407+0000] {logging_mixin.py:188} INFO - [2024-04-14T20:19:34.407+0000] {dag.py:3954} INFO - Setting next_dagrun for extract_and_load_equipment_sensors to 2022-01-01 00:00:00+00:00, run_after=2022-01-02 00:00:00+00:00
[2024-04-14T20:19:34.422+0000] {processor.py:183} INFO - Processing /opt/airflow/dags/dag_equipment_sensors.py took 0.344 seconds
[2024-04-14T20:20:04.467+0000] {processor.py:161} INFO - Started process (PID=2167) to work on /opt/airflow/dags/dag_equipment_sensors.py
[2024-04-14T20:20:04.468+0000] {processor.py:830} INFO - Processing file /opt/airflow/dags/dag_equipment_sensors.py for tasks to queue
[2024-04-14T20:20:04.470+0000] {logging_mixin.py:188} INFO - [2024-04-14T20:20:04.469+0000] {dagbag.py:540} INFO - Filling up the DagBag from /opt/airflow/dags/dag_equipment_sensors.py
[2024-04-14T20:20:04.818+0000] {processor.py:840} INFO - DAG(s) 'extract_and_load_equipment_sensors' retrieved from /opt/airflow/dags/dag_equipment_sensors.py
[2024-04-14T20:20:04.834+0000] {logging_mixin.py:188} INFO - [2024-04-14T20:20:04.833+0000] {dag.py:3096} INFO - Sync 1 DAGs
[2024-04-14T20:20:04.851+0000] {logging_mixin.py:188} INFO - [2024-04-14T20:20:04.850+0000] {dag.py:3954} INFO - Setting next_dagrun for extract_and_load_equipment_sensors to 2022-01-01 00:00:00+00:00, run_after=2022-01-02 00:00:00+00:00
[2024-04-14T20:20:04.869+0000] {processor.py:183} INFO - Processing /opt/airflow/dags/dag_equipment_sensors.py took 0.407 seconds
[2024-04-14T20:20:34.945+0000] {processor.py:161} INFO - Started process (PID=2231) to work on /opt/airflow/dags/dag_equipment_sensors.py
[2024-04-14T20:20:34.946+0000] {processor.py:830} INFO - Processing file /opt/airflow/dags/dag_equipment_sensors.py for tasks to queue
[2024-04-14T20:20:34.947+0000] {logging_mixin.py:188} INFO - [2024-04-14T20:20:34.947+0000] {dagbag.py:540} INFO - Filling up the DagBag from /opt/airflow/dags/dag_equipment_sensors.py
[2024-04-14T20:20:35.242+0000] {processor.py:840} INFO - DAG(s) 'extract_and_load_equipment_sensors' retrieved from /opt/airflow/dags/dag_equipment_sensors.py
[2024-04-14T20:20:35.258+0000] {logging_mixin.py:188} INFO - [2024-04-14T20:20:35.258+0000] {dag.py:3096} INFO - Sync 1 DAGs
[2024-04-14T20:20:35.279+0000] {logging_mixin.py:188} INFO - [2024-04-14T20:20:35.279+0000] {dag.py:3954} INFO - Setting next_dagrun for extract_and_load_equipment_sensors to 2022-01-01 00:00:00+00:00, run_after=2022-01-02 00:00:00+00:00
[2024-04-14T20:20:35.297+0000] {processor.py:183} INFO - Processing /opt/airflow/dags/dag_equipment_sensors.py took 0.357 seconds
[2024-04-14T20:21:05.643+0000] {processor.py:161} INFO - Started process (PID=2299) to work on /opt/airflow/dags/dag_equipment_sensors.py
[2024-04-14T20:21:05.643+0000] {processor.py:830} INFO - Processing file /opt/airflow/dags/dag_equipment_sensors.py for tasks to queue
[2024-04-14T20:21:05.645+0000] {logging_mixin.py:188} INFO - [2024-04-14T20:21:05.645+0000] {dagbag.py:540} INFO - Filling up the DagBag from /opt/airflow/dags/dag_equipment_sensors.py
[2024-04-14T20:21:05.963+0000] {processor.py:840} INFO - DAG(s) 'extract_and_load_equipment_sensors' retrieved from /opt/airflow/dags/dag_equipment_sensors.py
[2024-04-14T20:21:05.979+0000] {logging_mixin.py:188} INFO - [2024-04-14T20:21:05.978+0000] {dag.py:3096} INFO - Sync 1 DAGs
[2024-04-14T20:21:05.997+0000] {logging_mixin.py:188} INFO - [2024-04-14T20:21:05.997+0000] {dag.py:3954} INFO - Setting next_dagrun for extract_and_load_equipment_sensors to 2022-01-01 00:00:00+00:00, run_after=2022-01-02 00:00:00+00:00
[2024-04-14T20:21:06.013+0000] {processor.py:183} INFO - Processing /opt/airflow/dags/dag_equipment_sensors.py took 0.375 seconds
[2024-04-14T20:21:36.125+0000] {processor.py:161} INFO - Started process (PID=2363) to work on /opt/airflow/dags/dag_equipment_sensors.py
[2024-04-14T20:21:36.126+0000] {processor.py:830} INFO - Processing file /opt/airflow/dags/dag_equipment_sensors.py for tasks to queue
[2024-04-14T20:21:36.127+0000] {logging_mixin.py:188} INFO - [2024-04-14T20:21:36.127+0000] {dagbag.py:540} INFO - Filling up the DagBag from /opt/airflow/dags/dag_equipment_sensors.py
[2024-04-14T20:21:36.423+0000] {processor.py:840} INFO - DAG(s) 'extract_and_load_equipment_sensors' retrieved from /opt/airflow/dags/dag_equipment_sensors.py
[2024-04-14T20:21:36.439+0000] {logging_mixin.py:188} INFO - [2024-04-14T20:21:36.438+0000] {dag.py:3096} INFO - Sync 1 DAGs
[2024-04-14T20:21:36.457+0000] {logging_mixin.py:188} INFO - [2024-04-14T20:21:36.457+0000] {dag.py:3954} INFO - Setting next_dagrun for extract_and_load_equipment_sensors to 2022-01-01 00:00:00+00:00, run_after=2022-01-02 00:00:00+00:00
[2024-04-14T20:21:36.473+0000] {processor.py:183} INFO - Processing /opt/airflow/dags/dag_equipment_sensors.py took 0.353 seconds
[2024-04-14T20:22:06.534+0000] {processor.py:161} INFO - Started process (PID=2427) to work on /opt/airflow/dags/dag_equipment_sensors.py
[2024-04-14T20:22:06.534+0000] {processor.py:830} INFO - Processing file /opt/airflow/dags/dag_equipment_sensors.py for tasks to queue
[2024-04-14T20:22:06.536+0000] {logging_mixin.py:188} INFO - [2024-04-14T20:22:06.536+0000] {dagbag.py:540} INFO - Filling up the DagBag from /opt/airflow/dags/dag_equipment_sensors.py
[2024-04-14T20:22:06.854+0000] {processor.py:840} INFO - DAG(s) 'extract_and_load_equipment_sensors' retrieved from /opt/airflow/dags/dag_equipment_sensors.py
[2024-04-14T20:22:06.870+0000] {logging_mixin.py:188} INFO - [2024-04-14T20:22:06.870+0000] {dag.py:3096} INFO - Sync 1 DAGs
[2024-04-14T20:22:06.890+0000] {logging_mixin.py:188} INFO - [2024-04-14T20:22:06.890+0000] {dag.py:3954} INFO - Setting next_dagrun for extract_and_load_equipment_sensors to 2022-01-01 00:00:00+00:00, run_after=2022-01-02 00:00:00+00:00
[2024-04-14T20:22:06.910+0000] {processor.py:183} INFO - Processing /opt/airflow/dags/dag_equipment_sensors.py took 0.380 seconds
[2024-04-14T20:22:37.236+0000] {processor.py:161} INFO - Started process (PID=2493) to work on /opt/airflow/dags/dag_equipment_sensors.py
[2024-04-14T20:22:37.237+0000] {processor.py:830} INFO - Processing file /opt/airflow/dags/dag_equipment_sensors.py for tasks to queue
[2024-04-14T20:22:37.238+0000] {logging_mixin.py:188} INFO - [2024-04-14T20:22:37.238+0000] {dagbag.py:540} INFO - Filling up the DagBag from /opt/airflow/dags/dag_equipment_sensors.py
[2024-04-14T20:22:37.540+0000] {processor.py:840} INFO - DAG(s) 'extract_and_load_equipment_sensors' retrieved from /opt/airflow/dags/dag_equipment_sensors.py
[2024-04-14T20:22:37.555+0000] {logging_mixin.py:188} INFO - [2024-04-14T20:22:37.555+0000] {dag.py:3096} INFO - Sync 1 DAGs
[2024-04-14T20:22:37.572+0000] {logging_mixin.py:188} INFO - [2024-04-14T20:22:37.572+0000] {dag.py:3954} INFO - Setting next_dagrun for extract_and_load_equipment_sensors to 2022-01-01 00:00:00+00:00, run_after=2022-01-02 00:00:00+00:00
[2024-04-14T20:22:37.589+0000] {processor.py:183} INFO - Processing /opt/airflow/dags/dag_equipment_sensors.py took 0.358 seconds
[2024-04-14T20:23:07.871+0000] {processor.py:161} INFO - Started process (PID=2557) to work on /opt/airflow/dags/dag_equipment_sensors.py
[2024-04-14T20:23:07.872+0000] {processor.py:830} INFO - Processing file /opt/airflow/dags/dag_equipment_sensors.py for tasks to queue
[2024-04-14T20:23:07.873+0000] {logging_mixin.py:188} INFO - [2024-04-14T20:23:07.873+0000] {dagbag.py:540} INFO - Filling up the DagBag from /opt/airflow/dags/dag_equipment_sensors.py
[2024-04-14T20:23:08.162+0000] {processor.py:840} INFO - DAG(s) 'extract_and_load_equipment_sensors' retrieved from /opt/airflow/dags/dag_equipment_sensors.py
[2024-04-14T20:23:08.181+0000] {logging_mixin.py:188} INFO - [2024-04-14T20:23:08.181+0000] {dag.py:3096} INFO - Sync 1 DAGs
[2024-04-14T20:23:08.202+0000] {logging_mixin.py:188} INFO - [2024-04-14T20:23:08.202+0000] {dag.py:3954} INFO - Setting next_dagrun for extract_and_load_equipment_sensors to 2022-01-01 00:00:00+00:00, run_after=2022-01-02 00:00:00+00:00
[2024-04-14T20:23:08.219+0000] {processor.py:183} INFO - Processing /opt/airflow/dags/dag_equipment_sensors.py took 0.353 seconds
[2024-04-14T20:23:38.481+0000] {processor.py:161} INFO - Started process (PID=2621) to work on /opt/airflow/dags/dag_equipment_sensors.py
[2024-04-14T20:23:38.482+0000] {processor.py:830} INFO - Processing file /opt/airflow/dags/dag_equipment_sensors.py for tasks to queue
[2024-04-14T20:23:38.483+0000] {logging_mixin.py:188} INFO - [2024-04-14T20:23:38.483+0000] {dagbag.py:540} INFO - Filling up the DagBag from /opt/airflow/dags/dag_equipment_sensors.py
[2024-04-14T20:23:38.799+0000] {processor.py:840} INFO - DAG(s) 'extract_and_load_equipment_sensors' retrieved from /opt/airflow/dags/dag_equipment_sensors.py
[2024-04-14T20:23:38.814+0000] {logging_mixin.py:188} INFO - [2024-04-14T20:23:38.814+0000] {dag.py:3096} INFO - Sync 1 DAGs
[2024-04-14T20:23:38.833+0000] {logging_mixin.py:188} INFO - [2024-04-14T20:23:38.832+0000] {dag.py:3954} INFO - Setting next_dagrun for extract_and_load_equipment_sensors to 2022-01-01 00:00:00+00:00, run_after=2022-01-02 00:00:00+00:00
[2024-04-14T20:23:38.849+0000] {processor.py:183} INFO - Processing /opt/airflow/dags/dag_equipment_sensors.py took 0.373 seconds
[2024-04-14T20:24:09.006+0000] {processor.py:161} INFO - Started process (PID=2685) to work on /opt/airflow/dags/dag_equipment_sensors.py
[2024-04-14T20:24:09.006+0000] {processor.py:830} INFO - Processing file /opt/airflow/dags/dag_equipment_sensors.py for tasks to queue
[2024-04-14T20:24:09.008+0000] {logging_mixin.py:188} INFO - [2024-04-14T20:24:09.008+0000] {dagbag.py:540} INFO - Filling up the DagBag from /opt/airflow/dags/dag_equipment_sensors.py
[2024-04-14T20:24:09.288+0000] {processor.py:840} INFO - DAG(s) 'extract_and_load_equipment_sensors' retrieved from /opt/airflow/dags/dag_equipment_sensors.py
[2024-04-14T20:24:09.302+0000] {logging_mixin.py:188} INFO - [2024-04-14T20:24:09.301+0000] {dag.py:3096} INFO - Sync 1 DAGs
[2024-04-14T20:24:09.317+0000] {logging_mixin.py:188} INFO - [2024-04-14T20:24:09.317+0000] {dag.py:3954} INFO - Setting next_dagrun for extract_and_load_equipment_sensors to 2022-01-01 00:00:00+00:00, run_after=2022-01-02 00:00:00+00:00
[2024-04-14T20:24:09.335+0000] {processor.py:183} INFO - Processing /opt/airflow/dags/dag_equipment_sensors.py took 0.333 seconds
[2024-04-14T20:24:39.589+0000] {processor.py:161} INFO - Started process (PID=2749) to work on /opt/airflow/dags/dag_equipment_sensors.py
[2024-04-14T20:24:39.590+0000] {processor.py:830} INFO - Processing file /opt/airflow/dags/dag_equipment_sensors.py for tasks to queue
[2024-04-14T20:24:39.591+0000] {logging_mixin.py:188} INFO - [2024-04-14T20:24:39.591+0000] {dagbag.py:540} INFO - Filling up the DagBag from /opt/airflow/dags/dag_equipment_sensors.py
[2024-04-14T20:24:39.894+0000] {processor.py:840} INFO - DAG(s) 'extract_and_load_equipment_sensors' retrieved from /opt/airflow/dags/dag_equipment_sensors.py
[2024-04-14T20:24:39.909+0000] {logging_mixin.py:188} INFO - [2024-04-14T20:24:39.909+0000] {dag.py:3096} INFO - Sync 1 DAGs
[2024-04-14T20:24:39.927+0000] {logging_mixin.py:188} INFO - [2024-04-14T20:24:39.927+0000] {dag.py:3954} INFO - Setting next_dagrun for extract_and_load_equipment_sensors to 2022-01-01 00:00:00+00:00, run_after=2022-01-02 00:00:00+00:00
[2024-04-14T20:24:39.944+0000] {processor.py:183} INFO - Processing /opt/airflow/dags/dag_equipment_sensors.py took 0.359 seconds
[2024-04-14T20:25:10.211+0000] {processor.py:161} INFO - Started process (PID=2813) to work on /opt/airflow/dags/dag_equipment_sensors.py
[2024-04-14T20:25:10.212+0000] {processor.py:830} INFO - Processing file /opt/airflow/dags/dag_equipment_sensors.py for tasks to queue
[2024-04-14T20:25:10.213+0000] {logging_mixin.py:188} INFO - [2024-04-14T20:25:10.213+0000] {dagbag.py:540} INFO - Filling up the DagBag from /opt/airflow/dags/dag_equipment_sensors.py
[2024-04-14T20:25:10.572+0000] {processor.py:840} INFO - DAG(s) 'extract_and_load_equipment_sensors' retrieved from /opt/airflow/dags/dag_equipment_sensors.py
[2024-04-14T20:25:10.588+0000] {logging_mixin.py:188} INFO - [2024-04-14T20:25:10.588+0000] {dag.py:3096} INFO - Sync 1 DAGs
[2024-04-14T20:25:10.605+0000] {logging_mixin.py:188} INFO - [2024-04-14T20:25:10.605+0000] {dag.py:3954} INFO - Setting next_dagrun for extract_and_load_equipment_sensors to 2022-01-01 00:00:00+00:00, run_after=2022-01-02 00:00:00+00:00
[2024-04-14T20:25:10.622+0000] {processor.py:183} INFO - Processing /opt/airflow/dags/dag_equipment_sensors.py took 0.416 seconds
[2024-04-14T20:25:40.762+0000] {processor.py:161} INFO - Started process (PID=2877) to work on /opt/airflow/dags/dag_equipment_sensors.py
[2024-04-14T20:25:40.762+0000] {processor.py:830} INFO - Processing file /opt/airflow/dags/dag_equipment_sensors.py for tasks to queue
[2024-04-14T20:25:40.764+0000] {logging_mixin.py:188} INFO - [2024-04-14T20:25:40.764+0000] {dagbag.py:540} INFO - Filling up the DagBag from /opt/airflow/dags/dag_equipment_sensors.py
[2024-04-14T20:25:41.053+0000] {processor.py:840} INFO - DAG(s) 'extract_and_load_equipment_sensors' retrieved from /opt/airflow/dags/dag_equipment_sensors.py
[2024-04-14T20:25:41.069+0000] {logging_mixin.py:188} INFO - [2024-04-14T20:25:41.068+0000] {dag.py:3096} INFO - Sync 1 DAGs
[2024-04-14T20:25:41.086+0000] {logging_mixin.py:188} INFO - [2024-04-14T20:25:41.086+0000] {dag.py:3954} INFO - Setting next_dagrun for extract_and_load_equipment_sensors to 2022-01-01 00:00:00+00:00, run_after=2022-01-02 00:00:00+00:00
[2024-04-14T20:25:41.104+0000] {processor.py:183} INFO - Processing /opt/airflow/dags/dag_equipment_sensors.py took 0.346 seconds
[2024-04-14T20:26:11.177+0000] {processor.py:161} INFO - Started process (PID=2943) to work on /opt/airflow/dags/dag_equipment_sensors.py
[2024-04-14T20:26:11.178+0000] {processor.py:830} INFO - Processing file /opt/airflow/dags/dag_equipment_sensors.py for tasks to queue
[2024-04-14T20:26:11.180+0000] {logging_mixin.py:188} INFO - [2024-04-14T20:26:11.180+0000] {dagbag.py:540} INFO - Filling up the DagBag from /opt/airflow/dags/dag_equipment_sensors.py
[2024-04-14T20:26:11.478+0000] {processor.py:840} INFO - DAG(s) 'extract_and_load_equipment_sensors' retrieved from /opt/airflow/dags/dag_equipment_sensors.py
[2024-04-14T20:26:11.492+0000] {logging_mixin.py:188} INFO - [2024-04-14T20:26:11.492+0000] {dag.py:3096} INFO - Sync 1 DAGs
[2024-04-14T20:26:11.508+0000] {logging_mixin.py:188} INFO - [2024-04-14T20:26:11.508+0000] {dag.py:3954} INFO - Setting next_dagrun for extract_and_load_equipment_sensors to 2022-01-01 00:00:00+00:00, run_after=2022-01-02 00:00:00+00:00
[2024-04-14T20:26:11.525+0000] {processor.py:183} INFO - Processing /opt/airflow/dags/dag_equipment_sensors.py took 0.352 seconds
[2024-04-14T20:26:41.717+0000] {processor.py:161} INFO - Started process (PID=3007) to work on /opt/airflow/dags/dag_equipment_sensors.py
[2024-04-14T20:26:41.718+0000] {processor.py:830} INFO - Processing file /opt/airflow/dags/dag_equipment_sensors.py for tasks to queue
[2024-04-14T20:26:41.719+0000] {logging_mixin.py:188} INFO - [2024-04-14T20:26:41.719+0000] {dagbag.py:540} INFO - Filling up the DagBag from /opt/airflow/dags/dag_equipment_sensors.py
[2024-04-14T20:26:42.046+0000] {processor.py:840} INFO - DAG(s) 'extract_and_load_equipment_sensors' retrieved from /opt/airflow/dags/dag_equipment_sensors.py
[2024-04-14T20:26:42.061+0000] {logging_mixin.py:188} INFO - [2024-04-14T20:26:42.061+0000] {dag.py:3096} INFO - Sync 1 DAGs
[2024-04-14T20:26:42.079+0000] {logging_mixin.py:188} INFO - [2024-04-14T20:26:42.078+0000] {dag.py:3954} INFO - Setting next_dagrun for extract_and_load_equipment_sensors to 2022-01-01 00:00:00+00:00, run_after=2022-01-02 00:00:00+00:00
[2024-04-14T20:26:42.095+0000] {processor.py:183} INFO - Processing /opt/airflow/dags/dag_equipment_sensors.py took 0.384 seconds
[2024-04-14T20:27:12.264+0000] {processor.py:161} INFO - Started process (PID=3071) to work on /opt/airflow/dags/dag_equipment_sensors.py
[2024-04-14T20:27:12.265+0000] {processor.py:830} INFO - Processing file /opt/airflow/dags/dag_equipment_sensors.py for tasks to queue
[2024-04-14T20:27:12.268+0000] {logging_mixin.py:188} INFO - [2024-04-14T20:27:12.267+0000] {dagbag.py:540} INFO - Filling up the DagBag from /opt/airflow/dags/dag_equipment_sensors.py
[2024-04-14T20:27:12.591+0000] {processor.py:840} INFO - DAG(s) 'extract_and_load_equipment_sensors' retrieved from /opt/airflow/dags/dag_equipment_sensors.py
[2024-04-14T20:27:12.608+0000] {logging_mixin.py:188} INFO - [2024-04-14T20:27:12.607+0000] {dag.py:3096} INFO - Sync 1 DAGs
[2024-04-14T20:27:12.625+0000] {logging_mixin.py:188} INFO - [2024-04-14T20:27:12.625+0000] {dag.py:3954} INFO - Setting next_dagrun for extract_and_load_equipment_sensors to 2022-01-01 00:00:00+00:00, run_after=2022-01-02 00:00:00+00:00
[2024-04-14T20:27:12.643+0000] {processor.py:183} INFO - Processing /opt/airflow/dags/dag_equipment_sensors.py took 0.384 seconds
[2024-04-14T20:27:42.774+0000] {processor.py:161} INFO - Started process (PID=3135) to work on /opt/airflow/dags/dag_equipment_sensors.py
[2024-04-14T20:27:42.774+0000] {processor.py:830} INFO - Processing file /opt/airflow/dags/dag_equipment_sensors.py for tasks to queue
[2024-04-14T20:27:42.776+0000] {logging_mixin.py:188} INFO - [2024-04-14T20:27:42.776+0000] {dagbag.py:540} INFO - Filling up the DagBag from /opt/airflow/dags/dag_equipment_sensors.py
[2024-04-14T20:27:43.079+0000] {processor.py:840} INFO - DAG(s) 'extract_and_load_equipment_sensors' retrieved from /opt/airflow/dags/dag_equipment_sensors.py
[2024-04-14T20:27:43.094+0000] {logging_mixin.py:188} INFO - [2024-04-14T20:27:43.093+0000] {dag.py:3096} INFO - Sync 1 DAGs
[2024-04-14T20:27:43.112+0000] {logging_mixin.py:188} INFO - [2024-04-14T20:27:43.112+0000] {dag.py:3954} INFO - Setting next_dagrun for extract_and_load_equipment_sensors to 2022-01-01 00:00:00+00:00, run_after=2022-01-02 00:00:00+00:00
[2024-04-14T20:27:43.129+0000] {processor.py:183} INFO - Processing /opt/airflow/dags/dag_equipment_sensors.py took 0.360 seconds
[2024-04-14T20:28:13.254+0000] {processor.py:161} INFO - Started process (PID=3199) to work on /opt/airflow/dags/dag_equipment_sensors.py
[2024-04-14T20:28:13.255+0000] {processor.py:830} INFO - Processing file /opt/airflow/dags/dag_equipment_sensors.py for tasks to queue
[2024-04-14T20:28:13.257+0000] {logging_mixin.py:188} INFO - [2024-04-14T20:28:13.256+0000] {dagbag.py:540} INFO - Filling up the DagBag from /opt/airflow/dags/dag_equipment_sensors.py
[2024-04-14T20:28:13.647+0000] {processor.py:840} INFO - DAG(s) 'extract_and_load_equipment_sensors' retrieved from /opt/airflow/dags/dag_equipment_sensors.py
[2024-04-14T20:28:13.665+0000] {logging_mixin.py:188} INFO - [2024-04-14T20:28:13.665+0000] {dag.py:3096} INFO - Sync 1 DAGs
[2024-04-14T20:28:13.694+0000] {logging_mixin.py:188} INFO - [2024-04-14T20:28:13.693+0000] {dag.py:3954} INFO - Setting next_dagrun for extract_and_load_equipment_sensors to 2022-01-01 00:00:00+00:00, run_after=2022-01-02 00:00:00+00:00
[2024-04-14T20:28:13.728+0000] {processor.py:183} INFO - Processing /opt/airflow/dags/dag_equipment_sensors.py took 0.479 seconds
[2024-04-14T20:28:44.032+0000] {processor.py:161} INFO - Started process (PID=3267) to work on /opt/airflow/dags/dag_equipment_sensors.py
[2024-04-14T20:28:44.033+0000] {processor.py:830} INFO - Processing file /opt/airflow/dags/dag_equipment_sensors.py for tasks to queue
[2024-04-14T20:28:44.034+0000] {logging_mixin.py:188} INFO - [2024-04-14T20:28:44.034+0000] {dagbag.py:540} INFO - Filling up the DagBag from /opt/airflow/dags/dag_equipment_sensors.py
[2024-04-14T20:28:44.343+0000] {processor.py:840} INFO - DAG(s) 'extract_and_load_equipment_sensors' retrieved from /opt/airflow/dags/dag_equipment_sensors.py
[2024-04-14T20:28:44.362+0000] {logging_mixin.py:188} INFO - [2024-04-14T20:28:44.362+0000] {dag.py:3096} INFO - Sync 1 DAGs
[2024-04-14T20:28:44.383+0000] {logging_mixin.py:188} INFO - [2024-04-14T20:28:44.383+0000] {dag.py:3954} INFO - Setting next_dagrun for extract_and_load_equipment_sensors to 2022-01-01 00:00:00+00:00, run_after=2022-01-02 00:00:00+00:00
[2024-04-14T20:28:44.403+0000] {processor.py:183} INFO - Processing /opt/airflow/dags/dag_equipment_sensors.py took 0.376 seconds
[2024-04-14T20:29:14.469+0000] {processor.py:161} INFO - Started process (PID=3336) to work on /opt/airflow/dags/dag_equipment_sensors.py
[2024-04-14T20:29:14.470+0000] {processor.py:830} INFO - Processing file /opt/airflow/dags/dag_equipment_sensors.py for tasks to queue
[2024-04-14T20:29:14.472+0000] {logging_mixin.py:188} INFO - [2024-04-14T20:29:14.472+0000] {dagbag.py:540} INFO - Filling up the DagBag from /opt/airflow/dags/dag_equipment_sensors.py
[2024-04-14T20:29:14.768+0000] {processor.py:840} INFO - DAG(s) 'extract_and_load_equipment_sensors' retrieved from /opt/airflow/dags/dag_equipment_sensors.py
[2024-04-14T20:29:14.798+0000] {logging_mixin.py:188} INFO - [2024-04-14T20:29:14.797+0000] {dag.py:3096} INFO - Sync 1 DAGs
[2024-04-14T20:29:14.817+0000] {logging_mixin.py:188} INFO - [2024-04-14T20:29:14.816+0000] {dag.py:3954} INFO - Setting next_dagrun for extract_and_load_equipment_sensors to 2022-01-01 00:00:00+00:00, run_after=2022-01-02 00:00:00+00:00
[2024-04-14T20:29:14.840+0000] {processor.py:183} INFO - Processing /opt/airflow/dags/dag_equipment_sensors.py took 0.377 seconds
[2024-04-14T20:29:45.028+0000] {processor.py:161} INFO - Started process (PID=3400) to work on /opt/airflow/dags/dag_equipment_sensors.py
[2024-04-14T20:29:45.029+0000] {processor.py:830} INFO - Processing file /opt/airflow/dags/dag_equipment_sensors.py for tasks to queue
[2024-04-14T20:29:45.030+0000] {logging_mixin.py:188} INFO - [2024-04-14T20:29:45.030+0000] {dagbag.py:540} INFO - Filling up the DagBag from /opt/airflow/dags/dag_equipment_sensors.py
[2024-04-14T20:29:45.363+0000] {processor.py:840} INFO - DAG(s) 'extract_and_load_equipment_sensors' retrieved from /opt/airflow/dags/dag_equipment_sensors.py
[2024-04-14T20:29:45.381+0000] {logging_mixin.py:188} INFO - [2024-04-14T20:29:45.380+0000] {dag.py:3096} INFO - Sync 1 DAGs
[2024-04-14T20:29:45.402+0000] {logging_mixin.py:188} INFO - [2024-04-14T20:29:45.402+0000] {dag.py:3954} INFO - Setting next_dagrun for extract_and_load_equipment_sensors to 2022-01-01 00:00:00+00:00, run_after=2022-01-02 00:00:00+00:00
[2024-04-14T20:29:45.421+0000] {processor.py:183} INFO - Processing /opt/airflow/dags/dag_equipment_sensors.py took 0.398 seconds
[2024-04-14T20:30:15.697+0000] {processor.py:161} INFO - Started process (PID=3478) to work on /opt/airflow/dags/dag_equipment_sensors.py
[2024-04-14T20:30:15.698+0000] {processor.py:830} INFO - Processing file /opt/airflow/dags/dag_equipment_sensors.py for tasks to queue
[2024-04-14T20:30:15.700+0000] {logging_mixin.py:188} INFO - [2024-04-14T20:30:15.700+0000] {dagbag.py:540} INFO - Filling up the DagBag from /opt/airflow/dags/dag_equipment_sensors.py
[2024-04-14T20:30:16.140+0000] {processor.py:840} INFO - DAG(s) 'extract_and_load_equipment_sensors' retrieved from /opt/airflow/dags/dag_equipment_sensors.py
[2024-04-14T20:30:16.160+0000] {logging_mixin.py:188} INFO - [2024-04-14T20:30:16.159+0000] {dag.py:3096} INFO - Sync 1 DAGs
[2024-04-14T20:30:16.184+0000] {logging_mixin.py:188} INFO - [2024-04-14T20:30:16.184+0000] {dag.py:3954} INFO - Setting next_dagrun for extract_and_load_equipment_sensors to 2022-01-01 00:00:00+00:00, run_after=2022-01-02 00:00:00+00:00
[2024-04-14T20:30:16.238+0000] {processor.py:183} INFO - Processing /opt/airflow/dags/dag_equipment_sensors.py took 0.546 seconds
[2024-04-14T20:30:46.295+0000] {processor.py:161} INFO - Started process (PID=3542) to work on /opt/airflow/dags/dag_equipment_sensors.py
[2024-04-14T20:30:46.296+0000] {processor.py:830} INFO - Processing file /opt/airflow/dags/dag_equipment_sensors.py for tasks to queue
[2024-04-14T20:30:46.297+0000] {logging_mixin.py:188} INFO - [2024-04-14T20:30:46.297+0000] {dagbag.py:540} INFO - Filling up the DagBag from /opt/airflow/dags/dag_equipment_sensors.py
[2024-04-14T20:30:46.604+0000] {processor.py:840} INFO - DAG(s) 'extract_and_load_equipment_sensors' retrieved from /opt/airflow/dags/dag_equipment_sensors.py
[2024-04-14T20:30:46.618+0000] {logging_mixin.py:188} INFO - [2024-04-14T20:30:46.618+0000] {dag.py:3096} INFO - Sync 1 DAGs
[2024-04-14T20:30:46.635+0000] {logging_mixin.py:188} INFO - [2024-04-14T20:30:46.635+0000] {dag.py:3954} INFO - Setting next_dagrun for extract_and_load_equipment_sensors to 2022-01-01 00:00:00+00:00, run_after=2022-01-02 00:00:00+00:00
[2024-04-14T20:30:46.652+0000] {processor.py:183} INFO - Processing /opt/airflow/dags/dag_equipment_sensors.py took 0.362 seconds
[2024-04-14T20:31:16.840+0000] {processor.py:161} INFO - Started process (PID=3606) to work on /opt/airflow/dags/dag_equipment_sensors.py
[2024-04-14T20:31:16.841+0000] {processor.py:830} INFO - Processing file /opt/airflow/dags/dag_equipment_sensors.py for tasks to queue
[2024-04-14T20:31:16.843+0000] {logging_mixin.py:188} INFO - [2024-04-14T20:31:16.842+0000] {dagbag.py:540} INFO - Filling up the DagBag from /opt/airflow/dags/dag_equipment_sensors.py
[2024-04-14T20:31:17.142+0000] {processor.py:840} INFO - DAG(s) 'extract_and_load_equipment_sensors' retrieved from /opt/airflow/dags/dag_equipment_sensors.py
[2024-04-14T20:31:17.158+0000] {logging_mixin.py:188} INFO - [2024-04-14T20:31:17.157+0000] {dag.py:3096} INFO - Sync 1 DAGs
[2024-04-14T20:31:17.174+0000] {logging_mixin.py:188} INFO - [2024-04-14T20:31:17.174+0000] {dag.py:3954} INFO - Setting next_dagrun for extract_and_load_equipment_sensors to 2022-01-01 00:00:00+00:00, run_after=2022-01-02 00:00:00+00:00
[2024-04-14T20:31:17.191+0000] {processor.py:183} INFO - Processing /opt/airflow/dags/dag_equipment_sensors.py took 0.355 seconds
[2024-04-14T20:31:47.234+0000] {processor.py:161} INFO - Started process (PID=3670) to work on /opt/airflow/dags/dag_equipment_sensors.py
[2024-04-14T20:31:47.235+0000] {processor.py:830} INFO - Processing file /opt/airflow/dags/dag_equipment_sensors.py for tasks to queue
[2024-04-14T20:31:47.236+0000] {logging_mixin.py:188} INFO - [2024-04-14T20:31:47.236+0000] {dagbag.py:540} INFO - Filling up the DagBag from /opt/airflow/dags/dag_equipment_sensors.py
[2024-04-14T20:31:47.546+0000] {processor.py:840} INFO - DAG(s) 'extract_and_load_equipment_sensors' retrieved from /opt/airflow/dags/dag_equipment_sensors.py
[2024-04-14T20:31:47.561+0000] {logging_mixin.py:188} INFO - [2024-04-14T20:31:47.561+0000] {dag.py:3096} INFO - Sync 1 DAGs
[2024-04-14T20:31:47.580+0000] {logging_mixin.py:188} INFO - [2024-04-14T20:31:47.580+0000] {dag.py:3954} INFO - Setting next_dagrun for extract_and_load_equipment_sensors to 2022-01-01 00:00:00+00:00, run_after=2022-01-02 00:00:00+00:00
[2024-04-14T20:31:47.599+0000] {processor.py:183} INFO - Processing /opt/airflow/dags/dag_equipment_sensors.py took 0.370 seconds
[2024-04-14T20:32:17.807+0000] {processor.py:161} INFO - Started process (PID=3734) to work on /opt/airflow/dags/dag_equipment_sensors.py
[2024-04-14T20:32:17.808+0000] {processor.py:830} INFO - Processing file /opt/airflow/dags/dag_equipment_sensors.py for tasks to queue
[2024-04-14T20:32:17.809+0000] {logging_mixin.py:188} INFO - [2024-04-14T20:32:17.809+0000] {dagbag.py:540} INFO - Filling up the DagBag from /opt/airflow/dags/dag_equipment_sensors.py
[2024-04-14T20:32:18.104+0000] {processor.py:840} INFO - DAG(s) 'extract_and_load_equipment_sensors' retrieved from /opt/airflow/dags/dag_equipment_sensors.py
[2024-04-14T20:32:18.120+0000] {logging_mixin.py:188} INFO - [2024-04-14T20:32:18.120+0000] {dag.py:3096} INFO - Sync 1 DAGs
[2024-04-14T20:32:18.136+0000] {logging_mixin.py:188} INFO - [2024-04-14T20:32:18.136+0000] {dag.py:3954} INFO - Setting next_dagrun for extract_and_load_equipment_sensors to 2022-01-01 00:00:00+00:00, run_after=2022-01-02 00:00:00+00:00
[2024-04-14T20:32:18.154+0000] {processor.py:183} INFO - Processing /opt/airflow/dags/dag_equipment_sensors.py took 0.352 seconds
[2024-04-14T20:32:48.216+0000] {processor.py:161} INFO - Started process (PID=3798) to work on /opt/airflow/dags/dag_equipment_sensors.py
[2024-04-14T20:32:48.217+0000] {processor.py:830} INFO - Processing file /opt/airflow/dags/dag_equipment_sensors.py for tasks to queue
[2024-04-14T20:32:48.218+0000] {logging_mixin.py:188} INFO - [2024-04-14T20:32:48.218+0000] {dagbag.py:540} INFO - Filling up the DagBag from /opt/airflow/dags/dag_equipment_sensors.py
[2024-04-14T20:32:48.521+0000] {processor.py:840} INFO - DAG(s) 'extract_and_load_equipment_sensors' retrieved from /opt/airflow/dags/dag_equipment_sensors.py
[2024-04-14T20:32:48.536+0000] {logging_mixin.py:188} INFO - [2024-04-14T20:32:48.536+0000] {dag.py:3096} INFO - Sync 1 DAGs
[2024-04-14T20:32:48.553+0000] {logging_mixin.py:188} INFO - [2024-04-14T20:32:48.553+0000] {dag.py:3954} INFO - Setting next_dagrun for extract_and_load_equipment_sensors to 2022-01-01 00:00:00+00:00, run_after=2022-01-02 00:00:00+00:00
[2024-04-14T20:32:48.569+0000] {processor.py:183} INFO - Processing /opt/airflow/dags/dag_equipment_sensors.py took 0.358 seconds
[2024-04-14T20:33:18.809+0000] {processor.py:161} INFO - Started process (PID=3862) to work on /opt/airflow/dags/dag_equipment_sensors.py
[2024-04-14T20:33:18.810+0000] {processor.py:830} INFO - Processing file /opt/airflow/dags/dag_equipment_sensors.py for tasks to queue
[2024-04-14T20:33:18.811+0000] {logging_mixin.py:188} INFO - [2024-04-14T20:33:18.811+0000] {dagbag.py:540} INFO - Filling up the DagBag from /opt/airflow/dags/dag_equipment_sensors.py
[2024-04-14T20:33:19.132+0000] {processor.py:840} INFO - DAG(s) 'extract_and_load_equipment_sensors' retrieved from /opt/airflow/dags/dag_equipment_sensors.py
[2024-04-14T20:33:19.153+0000] {logging_mixin.py:188} INFO - [2024-04-14T20:33:19.152+0000] {dag.py:3096} INFO - Sync 1 DAGs
[2024-04-14T20:33:19.172+0000] {logging_mixin.py:188} INFO - [2024-04-14T20:33:19.172+0000] {dag.py:3954} INFO - Setting next_dagrun for extract_and_load_equipment_sensors to 2022-01-01 00:00:00+00:00, run_after=2022-01-02 00:00:00+00:00
[2024-04-14T20:33:19.188+0000] {processor.py:183} INFO - Processing /opt/airflow/dags/dag_equipment_sensors.py took 0.383 seconds
[2024-04-14T20:33:49.350+0000] {processor.py:161} INFO - Started process (PID=3930) to work on /opt/airflow/dags/dag_equipment_sensors.py
[2024-04-14T20:33:49.351+0000] {processor.py:830} INFO - Processing file /opt/airflow/dags/dag_equipment_sensors.py for tasks to queue
[2024-04-14T20:33:49.353+0000] {logging_mixin.py:188} INFO - [2024-04-14T20:33:49.353+0000] {dagbag.py:540} INFO - Filling up the DagBag from /opt/airflow/dags/dag_equipment_sensors.py
[2024-04-14T20:33:49.659+0000] {processor.py:840} INFO - DAG(s) 'extract_and_load_equipment_sensors' retrieved from /opt/airflow/dags/dag_equipment_sensors.py
[2024-04-14T20:33:49.674+0000] {logging_mixin.py:188} INFO - [2024-04-14T20:33:49.674+0000] {dag.py:3096} INFO - Sync 1 DAGs
[2024-04-14T20:33:49.693+0000] {logging_mixin.py:188} INFO - [2024-04-14T20:33:49.692+0000] {dag.py:3954} INFO - Setting next_dagrun for extract_and_load_equipment_sensors to 2022-01-01 00:00:00+00:00, run_after=2022-01-02 00:00:00+00:00
[2024-04-14T20:33:49.712+0000] {processor.py:183} INFO - Processing /opt/airflow/dags/dag_equipment_sensors.py took 0.366 seconds
[2024-04-14T20:34:19.833+0000] {processor.py:161} INFO - Started process (PID=3994) to work on /opt/airflow/dags/dag_equipment_sensors.py
[2024-04-14T20:34:19.834+0000] {processor.py:830} INFO - Processing file /opt/airflow/dags/dag_equipment_sensors.py for tasks to queue
[2024-04-14T20:34:19.835+0000] {logging_mixin.py:188} INFO - [2024-04-14T20:34:19.835+0000] {dagbag.py:540} INFO - Filling up the DagBag from /opt/airflow/dags/dag_equipment_sensors.py
[2024-04-14T20:34:20.126+0000] {processor.py:840} INFO - DAG(s) 'extract_and_load_equipment_sensors' retrieved from /opt/airflow/dags/dag_equipment_sensors.py
[2024-04-14T20:34:20.141+0000] {logging_mixin.py:188} INFO - [2024-04-14T20:34:20.140+0000] {dag.py:3096} INFO - Sync 1 DAGs
[2024-04-14T20:34:20.158+0000] {logging_mixin.py:188} INFO - [2024-04-14T20:34:20.158+0000] {dag.py:3954} INFO - Setting next_dagrun for extract_and_load_equipment_sensors to 2022-01-01 00:00:00+00:00, run_after=2022-01-02 00:00:00+00:00
[2024-04-14T20:34:20.175+0000] {processor.py:183} INFO - Processing /opt/airflow/dags/dag_equipment_sensors.py took 0.346 seconds
[2024-04-14T20:34:50.872+0000] {processor.py:161} INFO - Started process (PID=4058) to work on /opt/airflow/dags/dag_equipment_sensors.py
[2024-04-14T20:34:50.873+0000] {processor.py:830} INFO - Processing file /opt/airflow/dags/dag_equipment_sensors.py for tasks to queue
[2024-04-14T20:34:50.875+0000] {logging_mixin.py:188} INFO - [2024-04-14T20:34:50.874+0000] {dagbag.py:540} INFO - Filling up the DagBag from /opt/airflow/dags/dag_equipment_sensors.py
[2024-04-14T20:34:51.193+0000] {processor.py:840} INFO - DAG(s) 'extract_and_load_equipment_sensors' retrieved from /opt/airflow/dags/dag_equipment_sensors.py
[2024-04-14T20:34:51.208+0000] {logging_mixin.py:188} INFO - [2024-04-14T20:34:51.208+0000] {dag.py:3096} INFO - Sync 1 DAGs
[2024-04-14T20:34:51.225+0000] {logging_mixin.py:188} INFO - [2024-04-14T20:34:51.225+0000] {dag.py:3954} INFO - Setting next_dagrun for extract_and_load_equipment_sensors to 2022-01-01 00:00:00+00:00, run_after=2022-01-02 00:00:00+00:00
[2024-04-14T20:34:51.243+0000] {processor.py:183} INFO - Processing /opt/airflow/dags/dag_equipment_sensors.py took 0.375 seconds
[2024-04-14T20:35:21.431+0000] {processor.py:161} INFO - Started process (PID=4122) to work on /opt/airflow/dags/dag_equipment_sensors.py
[2024-04-14T20:35:21.432+0000] {processor.py:830} INFO - Processing file /opt/airflow/dags/dag_equipment_sensors.py for tasks to queue
[2024-04-14T20:35:21.433+0000] {logging_mixin.py:188} INFO - [2024-04-14T20:35:21.433+0000] {dagbag.py:540} INFO - Filling up the DagBag from /opt/airflow/dags/dag_equipment_sensors.py
[2024-04-14T20:35:21.734+0000] {processor.py:840} INFO - DAG(s) 'extract_and_load_equipment_sensors' retrieved from /opt/airflow/dags/dag_equipment_sensors.py
[2024-04-14T20:35:21.750+0000] {logging_mixin.py:188} INFO - [2024-04-14T20:35:21.749+0000] {dag.py:3096} INFO - Sync 1 DAGs
[2024-04-14T20:35:21.766+0000] {logging_mixin.py:188} INFO - [2024-04-14T20:35:21.766+0000] {dag.py:3954} INFO - Setting next_dagrun for extract_and_load_equipment_sensors to 2022-01-01 00:00:00+00:00, run_after=2022-01-02 00:00:00+00:00
[2024-04-14T20:35:21.783+0000] {processor.py:183} INFO - Processing /opt/airflow/dags/dag_equipment_sensors.py took 0.356 seconds
[2024-04-14T20:35:51.867+0000] {processor.py:161} INFO - Started process (PID=4190) to work on /opt/airflow/dags/dag_equipment_sensors.py
[2024-04-14T20:35:51.868+0000] {processor.py:830} INFO - Processing file /opt/airflow/dags/dag_equipment_sensors.py for tasks to queue
[2024-04-14T20:35:51.869+0000] {logging_mixin.py:188} INFO - [2024-04-14T20:35:51.869+0000] {dagbag.py:540} INFO - Filling up the DagBag from /opt/airflow/dags/dag_equipment_sensors.py
[2024-04-14T20:35:52.209+0000] {processor.py:840} INFO - DAG(s) 'extract_and_load_equipment_sensors' retrieved from /opt/airflow/dags/dag_equipment_sensors.py
[2024-04-14T20:35:52.223+0000] {logging_mixin.py:188} INFO - [2024-04-14T20:35:52.223+0000] {dag.py:3096} INFO - Sync 1 DAGs
[2024-04-14T20:35:52.239+0000] {logging_mixin.py:188} INFO - [2024-04-14T20:35:52.239+0000] {dag.py:3954} INFO - Setting next_dagrun for extract_and_load_equipment_sensors to 2022-01-01 00:00:00+00:00, run_after=2022-01-02 00:00:00+00:00
[2024-04-14T20:35:52.257+0000] {processor.py:183} INFO - Processing /opt/airflow/dags/dag_equipment_sensors.py took 0.395 seconds
[2024-04-14T20:36:22.800+0000] {processor.py:161} INFO - Started process (PID=4257) to work on /opt/airflow/dags/dag_equipment_sensors.py
[2024-04-14T20:36:22.801+0000] {processor.py:830} INFO - Processing file /opt/airflow/dags/dag_equipment_sensors.py for tasks to queue
[2024-04-14T20:36:22.802+0000] {logging_mixin.py:188} INFO - [2024-04-14T20:36:22.802+0000] {dagbag.py:540} INFO - Filling up the DagBag from /opt/airflow/dags/dag_equipment_sensors.py
[2024-04-14T20:36:23.097+0000] {processor.py:840} INFO - DAG(s) 'extract_and_load_equipment_sensors' retrieved from /opt/airflow/dags/dag_equipment_sensors.py
[2024-04-14T20:36:23.113+0000] {logging_mixin.py:188} INFO - [2024-04-14T20:36:23.113+0000] {dag.py:3096} INFO - Sync 1 DAGs
[2024-04-14T20:36:23.130+0000] {logging_mixin.py:188} INFO - [2024-04-14T20:36:23.130+0000] {dag.py:3954} INFO - Setting next_dagrun for extract_and_load_equipment_sensors to 2022-01-01 00:00:00+00:00, run_after=2022-01-02 00:00:00+00:00
[2024-04-14T20:36:23.146+0000] {processor.py:183} INFO - Processing /opt/airflow/dags/dag_equipment_sensors.py took 0.351 seconds
[2024-04-14T20:36:53.509+0000] {processor.py:161} INFO - Started process (PID=4321) to work on /opt/airflow/dags/dag_equipment_sensors.py
[2024-04-14T20:36:53.510+0000] {processor.py:830} INFO - Processing file /opt/airflow/dags/dag_equipment_sensors.py for tasks to queue
[2024-04-14T20:36:53.512+0000] {logging_mixin.py:188} INFO - [2024-04-14T20:36:53.512+0000] {dagbag.py:540} INFO - Filling up the DagBag from /opt/airflow/dags/dag_equipment_sensors.py
[2024-04-14T20:36:53.826+0000] {processor.py:840} INFO - DAG(s) 'extract_and_load_equipment_sensors' retrieved from /opt/airflow/dags/dag_equipment_sensors.py
[2024-04-14T20:36:53.843+0000] {logging_mixin.py:188} INFO - [2024-04-14T20:36:53.843+0000] {dag.py:3096} INFO - Sync 1 DAGs
[2024-04-14T20:36:54.015+0000] {logging_mixin.py:188} INFO - [2024-04-14T20:36:54.015+0000] {dag.py:3954} INFO - Setting next_dagrun for extract_and_load_equipment_sensors to 2022-01-01 00:00:00+00:00, run_after=2022-01-02 00:00:00+00:00
[2024-04-14T20:36:54.031+0000] {processor.py:183} INFO - Processing /opt/airflow/dags/dag_equipment_sensors.py took 0.526 seconds
[2024-04-14T20:37:24.187+0000] {processor.py:161} INFO - Started process (PID=4385) to work on /opt/airflow/dags/dag_equipment_sensors.py
[2024-04-14T20:37:24.188+0000] {processor.py:830} INFO - Processing file /opt/airflow/dags/dag_equipment_sensors.py for tasks to queue
[2024-04-14T20:37:24.189+0000] {logging_mixin.py:188} INFO - [2024-04-14T20:37:24.189+0000] {dagbag.py:540} INFO - Filling up the DagBag from /opt/airflow/dags/dag_equipment_sensors.py
[2024-04-14T20:37:24.504+0000] {processor.py:840} INFO - DAG(s) 'extract_and_load_equipment_sensors' retrieved from /opt/airflow/dags/dag_equipment_sensors.py
[2024-04-14T20:37:24.519+0000] {logging_mixin.py:188} INFO - [2024-04-14T20:37:24.518+0000] {dag.py:3096} INFO - Sync 1 DAGs
[2024-04-14T20:37:24.536+0000] {logging_mixin.py:188} INFO - [2024-04-14T20:37:24.536+0000] {dag.py:3954} INFO - Setting next_dagrun for extract_and_load_equipment_sensors to 2022-01-01 00:00:00+00:00, run_after=2022-01-02 00:00:00+00:00
[2024-04-14T20:37:24.556+0000] {processor.py:183} INFO - Processing /opt/airflow/dags/dag_equipment_sensors.py took 0.374 seconds
[2024-04-14T20:37:54.793+0000] {processor.py:161} INFO - Started process (PID=4452) to work on /opt/airflow/dags/dag_equipment_sensors.py
[2024-04-14T20:37:54.795+0000] {processor.py:830} INFO - Processing file /opt/airflow/dags/dag_equipment_sensors.py for tasks to queue
[2024-04-14T20:37:54.797+0000] {logging_mixin.py:188} INFO - [2024-04-14T20:37:54.797+0000] {dagbag.py:540} INFO - Filling up the DagBag from /opt/airflow/dags/dag_equipment_sensors.py
[2024-04-14T20:37:55.149+0000] {processor.py:840} INFO - DAG(s) 'extract_and_load_equipment_sensors' retrieved from /opt/airflow/dags/dag_equipment_sensors.py
[2024-04-14T20:37:55.165+0000] {logging_mixin.py:188} INFO - [2024-04-14T20:37:55.164+0000] {dag.py:3096} INFO - Sync 1 DAGs
[2024-04-14T20:37:55.182+0000] {logging_mixin.py:188} INFO - [2024-04-14T20:37:55.182+0000] {dag.py:3954} INFO - Setting next_dagrun for extract_and_load_equipment_sensors to 2022-01-01 00:00:00+00:00, run_after=2022-01-02 00:00:00+00:00
[2024-04-14T20:37:55.201+0000] {processor.py:183} INFO - Processing /opt/airflow/dags/dag_equipment_sensors.py took 0.413 seconds
[2024-04-14T20:38:25.700+0000] {processor.py:161} INFO - Started process (PID=4519) to work on /opt/airflow/dags/dag_equipment_sensors.py
[2024-04-14T20:38:25.701+0000] {processor.py:830} INFO - Processing file /opt/airflow/dags/dag_equipment_sensors.py for tasks to queue
[2024-04-14T20:38:25.702+0000] {logging_mixin.py:188} INFO - [2024-04-14T20:38:25.702+0000] {dagbag.py:540} INFO - Filling up the DagBag from /opt/airflow/dags/dag_equipment_sensors.py
[2024-04-14T20:38:26.012+0000] {processor.py:840} INFO - DAG(s) 'extract_and_load_equipment_sensors' retrieved from /opt/airflow/dags/dag_equipment_sensors.py
[2024-04-14T20:38:26.032+0000] {logging_mixin.py:188} INFO - [2024-04-14T20:38:26.031+0000] {dag.py:3096} INFO - Sync 1 DAGs
[2024-04-14T20:38:26.331+0000] {logging_mixin.py:188} INFO - [2024-04-14T20:38:26.330+0000] {dag.py:3954} INFO - Setting next_dagrun for extract_and_load_equipment_sensors to 2022-01-01 00:00:00+00:00, run_after=2022-01-02 00:00:00+00:00
[2024-04-14T20:38:26.351+0000] {processor.py:183} INFO - Processing /opt/airflow/dags/dag_equipment_sensors.py took 0.658 seconds
[2024-04-14T20:38:56.943+0000] {processor.py:161} INFO - Started process (PID=4583) to work on /opt/airflow/dags/dag_equipment_sensors.py
[2024-04-14T20:38:56.944+0000] {processor.py:830} INFO - Processing file /opt/airflow/dags/dag_equipment_sensors.py for tasks to queue
[2024-04-14T20:38:56.946+0000] {logging_mixin.py:188} INFO - [2024-04-14T20:38:56.946+0000] {dagbag.py:540} INFO - Filling up the DagBag from /opt/airflow/dags/dag_equipment_sensors.py
[2024-04-14T20:38:57.254+0000] {processor.py:840} INFO - DAG(s) 'extract_and_load_equipment_sensors' retrieved from /opt/airflow/dags/dag_equipment_sensors.py
[2024-04-14T20:38:57.270+0000] {logging_mixin.py:188} INFO - [2024-04-14T20:38:57.269+0000] {dag.py:3096} INFO - Sync 1 DAGs
[2024-04-14T20:38:57.450+0000] {logging_mixin.py:188} INFO - [2024-04-14T20:38:57.450+0000] {dag.py:3954} INFO - Setting next_dagrun for extract_and_load_equipment_sensors to 2022-01-01 00:00:00+00:00, run_after=2022-01-02 00:00:00+00:00
[2024-04-14T20:38:57.465+0000] {processor.py:183} INFO - Processing /opt/airflow/dags/dag_equipment_sensors.py took 0.528 seconds
[2024-04-14T20:39:27.849+0000] {processor.py:161} INFO - Started process (PID=4647) to work on /opt/airflow/dags/dag_equipment_sensors.py
[2024-04-14T20:39:27.850+0000] {processor.py:830} INFO - Processing file /opt/airflow/dags/dag_equipment_sensors.py for tasks to queue
[2024-04-14T20:39:27.851+0000] {logging_mixin.py:188} INFO - [2024-04-14T20:39:27.851+0000] {dagbag.py:540} INFO - Filling up the DagBag from /opt/airflow/dags/dag_equipment_sensors.py
[2024-04-14T20:39:28.371+0000] {processor.py:840} INFO - DAG(s) 'extract_and_load_equipment_sensors' retrieved from /opt/airflow/dags/dag_equipment_sensors.py
[2024-04-14T20:39:28.384+0000] {logging_mixin.py:188} INFO - [2024-04-14T20:39:28.384+0000] {dag.py:3096} INFO - Sync 1 DAGs
[2024-04-14T20:39:28.401+0000] {logging_mixin.py:188} INFO - [2024-04-14T20:39:28.400+0000] {dag.py:3954} INFO - Setting next_dagrun for extract_and_load_equipment_sensors to 2022-01-01 00:00:00+00:00, run_after=2022-01-02 00:00:00+00:00
[2024-04-14T20:39:28.417+0000] {processor.py:183} INFO - Processing /opt/airflow/dags/dag_equipment_sensors.py took 0.573 seconds
[2024-04-14T20:39:59.320+0000] {processor.py:161} INFO - Started process (PID=4711) to work on /opt/airflow/dags/dag_equipment_sensors.py
[2024-04-14T20:39:59.321+0000] {processor.py:830} INFO - Processing file /opt/airflow/dags/dag_equipment_sensors.py for tasks to queue
[2024-04-14T20:39:59.322+0000] {logging_mixin.py:188} INFO - [2024-04-14T20:39:59.322+0000] {dagbag.py:540} INFO - Filling up the DagBag from /opt/airflow/dags/dag_equipment_sensors.py
[2024-04-14T20:39:59.794+0000] {processor.py:840} INFO - DAG(s) 'extract_and_load_equipment_sensors' retrieved from /opt/airflow/dags/dag_equipment_sensors.py
[2024-04-14T20:39:59.807+0000] {logging_mixin.py:188} INFO - [2024-04-14T20:39:59.806+0000] {dag.py:3096} INFO - Sync 1 DAGs
[2024-04-14T20:39:59.827+0000] {logging_mixin.py:188} INFO - [2024-04-14T20:39:59.827+0000] {dag.py:3954} INFO - Setting next_dagrun for extract_and_load_equipment_sensors to 2022-01-01 00:00:00+00:00, run_after=2022-01-02 00:00:00+00:00
[2024-04-14T20:39:59.843+0000] {processor.py:183} INFO - Processing /opt/airflow/dags/dag_equipment_sensors.py took 0.528 seconds
[2024-04-14T20:40:30.035+0000] {processor.py:161} INFO - Started process (PID=4775) to work on /opt/airflow/dags/dag_equipment_sensors.py
[2024-04-14T20:40:30.036+0000] {processor.py:830} INFO - Processing file /opt/airflow/dags/dag_equipment_sensors.py for tasks to queue
[2024-04-14T20:40:30.037+0000] {logging_mixin.py:188} INFO - [2024-04-14T20:40:30.037+0000] {dagbag.py:540} INFO - Filling up the DagBag from /opt/airflow/dags/dag_equipment_sensors.py
[2024-04-14T20:40:30.339+0000] {processor.py:840} INFO - DAG(s) 'extract_and_load_equipment_sensors' retrieved from /opt/airflow/dags/dag_equipment_sensors.py
[2024-04-14T20:40:30.354+0000] {logging_mixin.py:188} INFO - [2024-04-14T20:40:30.354+0000] {dag.py:3096} INFO - Sync 1 DAGs
[2024-04-14T20:40:30.574+0000] {logging_mixin.py:188} INFO - [2024-04-14T20:40:30.573+0000] {dag.py:3954} INFO - Setting next_dagrun for extract_and_load_equipment_sensors to 2022-01-01 00:00:00+00:00, run_after=2022-01-02 00:00:00+00:00
[2024-04-14T20:40:30.599+0000] {processor.py:183} INFO - Processing /opt/airflow/dags/dag_equipment_sensors.py took 0.569 seconds
[2024-04-14T20:41:01.411+0000] {processor.py:161} INFO - Started process (PID=4839) to work on /opt/airflow/dags/dag_equipment_sensors.py
[2024-04-14T20:41:01.412+0000] {processor.py:830} INFO - Processing file /opt/airflow/dags/dag_equipment_sensors.py for tasks to queue
[2024-04-14T20:41:01.414+0000] {logging_mixin.py:188} INFO - [2024-04-14T20:41:01.413+0000] {dagbag.py:540} INFO - Filling up the DagBag from /opt/airflow/dags/dag_equipment_sensors.py
[2024-04-14T20:41:01.882+0000] {processor.py:840} INFO - DAG(s) 'extract_and_load_equipment_sensors' retrieved from /opt/airflow/dags/dag_equipment_sensors.py
[2024-04-14T20:41:01.898+0000] {logging_mixin.py:188} INFO - [2024-04-14T20:41:01.897+0000] {dag.py:3096} INFO - Sync 1 DAGs
[2024-04-14T20:41:01.916+0000] {logging_mixin.py:188} INFO - [2024-04-14T20:41:01.916+0000] {dag.py:3954} INFO - Setting next_dagrun for extract_and_load_equipment_sensors to 2022-01-01 00:00:00+00:00, run_after=2022-01-02 00:00:00+00:00
[2024-04-14T20:41:01.935+0000] {processor.py:183} INFO - Processing /opt/airflow/dags/dag_equipment_sensors.py took 0.529 seconds
[2024-04-14T20:41:32.776+0000] {processor.py:161} INFO - Started process (PID=4903) to work on /opt/airflow/dags/dag_equipment_sensors.py
[2024-04-14T20:41:32.777+0000] {processor.py:830} INFO - Processing file /opt/airflow/dags/dag_equipment_sensors.py for tasks to queue
[2024-04-14T20:41:32.778+0000] {logging_mixin.py:188} INFO - [2024-04-14T20:41:32.778+0000] {dagbag.py:540} INFO - Filling up the DagBag from /opt/airflow/dags/dag_equipment_sensors.py
[2024-04-14T20:41:33.247+0000] {processor.py:840} INFO - DAG(s) 'extract_and_load_equipment_sensors' retrieved from /opt/airflow/dags/dag_equipment_sensors.py
[2024-04-14T20:41:33.261+0000] {logging_mixin.py:188} INFO - [2024-04-14T20:41:33.260+0000] {dag.py:3096} INFO - Sync 1 DAGs
[2024-04-14T20:41:33.276+0000] {logging_mixin.py:188} INFO - [2024-04-14T20:41:33.276+0000] {dag.py:3954} INFO - Setting next_dagrun for extract_and_load_equipment_sensors to 2022-01-01 00:00:00+00:00, run_after=2022-01-02 00:00:00+00:00
[2024-04-14T20:41:33.292+0000] {processor.py:183} INFO - Processing /opt/airflow/dags/dag_equipment_sensors.py took 0.521 seconds
[2024-04-14T20:42:03.552+0000] {processor.py:161} INFO - Started process (PID=4976) to work on /opt/airflow/dags/dag_equipment_sensors.py
[2024-04-14T20:42:03.554+0000] {processor.py:830} INFO - Processing file /opt/airflow/dags/dag_equipment_sensors.py for tasks to queue
[2024-04-14T20:42:03.556+0000] {logging_mixin.py:188} INFO - [2024-04-14T20:42:03.555+0000] {dagbag.py:540} INFO - Filling up the DagBag from /opt/airflow/dags/dag_equipment_sensors.py
[2024-04-14T20:42:03.930+0000] {processor.py:840} INFO - DAG(s) 'extract_and_load_equipment_sensors' retrieved from /opt/airflow/dags/dag_equipment_sensors.py
[2024-04-14T20:42:04.492+0000] {logging_mixin.py:188} INFO - [2024-04-14T20:42:04.492+0000] {dag.py:3096} INFO - Sync 1 DAGs
[2024-04-14T20:42:04.508+0000] {logging_mixin.py:188} INFO - [2024-04-14T20:42:04.508+0000] {dag.py:3954} INFO - Setting next_dagrun for extract_and_load_equipment_sensors to 2022-01-01 00:00:00+00:00, run_after=2022-01-02 00:00:00+00:00
[2024-04-14T20:42:04.524+0000] {processor.py:183} INFO - Processing /opt/airflow/dags/dag_equipment_sensors.py took 0.978 seconds
[2024-04-14T20:42:34.792+0000] {processor.py:161} INFO - Started process (PID=5046) to work on /opt/airflow/dags/dag_equipment_sensors.py
[2024-04-14T20:42:34.793+0000] {processor.py:830} INFO - Processing file /opt/airflow/dags/dag_equipment_sensors.py for tasks to queue
[2024-04-14T20:42:34.795+0000] {logging_mixin.py:188} INFO - [2024-04-14T20:42:34.795+0000] {dagbag.py:540} INFO - Filling up the DagBag from /opt/airflow/dags/dag_equipment_sensors.py
[2024-04-14T20:42:35.373+0000] {processor.py:840} INFO - DAG(s) 'extract_and_load_equipment_sensors' retrieved from /opt/airflow/dags/dag_equipment_sensors.py
[2024-04-14T20:42:35.388+0000] {logging_mixin.py:188} INFO - [2024-04-14T20:42:35.388+0000] {dag.py:3096} INFO - Sync 1 DAGs
[2024-04-14T20:42:35.407+0000] {logging_mixin.py:188} INFO - [2024-04-14T20:42:35.406+0000] {dag.py:3954} INFO - Setting next_dagrun for extract_and_load_equipment_sensors to 2022-01-01 00:00:00+00:00, run_after=2022-01-02 00:00:00+00:00
[2024-04-14T20:42:35.424+0000] {processor.py:183} INFO - Processing /opt/airflow/dags/dag_equipment_sensors.py took 0.637 seconds
[2024-04-14T20:43:05.805+0000] {processor.py:161} INFO - Started process (PID=5110) to work on /opt/airflow/dags/dag_equipment_sensors.py
[2024-04-14T20:43:05.806+0000] {processor.py:830} INFO - Processing file /opt/airflow/dags/dag_equipment_sensors.py for tasks to queue
[2024-04-14T20:43:05.807+0000] {logging_mixin.py:188} INFO - [2024-04-14T20:43:05.807+0000] {dagbag.py:540} INFO - Filling up the DagBag from /opt/airflow/dags/dag_equipment_sensors.py
[2024-04-14T20:43:06.262+0000] {processor.py:840} INFO - DAG(s) 'extract_and_load_equipment_sensors' retrieved from /opt/airflow/dags/dag_equipment_sensors.py
[2024-04-14T20:43:06.276+0000] {logging_mixin.py:188} INFO - [2024-04-14T20:43:06.276+0000] {dag.py:3096} INFO - Sync 1 DAGs
[2024-04-14T20:43:06.291+0000] {logging_mixin.py:188} INFO - [2024-04-14T20:43:06.291+0000] {dag.py:3954} INFO - Setting next_dagrun for extract_and_load_equipment_sensors to 2022-01-01 00:00:00+00:00, run_after=2022-01-02 00:00:00+00:00
[2024-04-14T20:43:06.309+0000] {processor.py:183} INFO - Processing /opt/airflow/dags/dag_equipment_sensors.py took 0.508 seconds
[2024-04-14T20:43:36.712+0000] {processor.py:161} INFO - Started process (PID=5174) to work on /opt/airflow/dags/dag_equipment_sensors.py
[2024-04-14T20:43:36.712+0000] {processor.py:830} INFO - Processing file /opt/airflow/dags/dag_equipment_sensors.py for tasks to queue
[2024-04-14T20:43:36.714+0000] {logging_mixin.py:188} INFO - [2024-04-14T20:43:36.714+0000] {dagbag.py:540} INFO - Filling up the DagBag from /opt/airflow/dags/dag_equipment_sensors.py
[2024-04-14T20:43:37.196+0000] {processor.py:840} INFO - DAG(s) 'extract_and_load_equipment_sensors' retrieved from /opt/airflow/dags/dag_equipment_sensors.py
[2024-04-14T20:43:37.211+0000] {logging_mixin.py:188} INFO - [2024-04-14T20:43:37.210+0000] {dag.py:3096} INFO - Sync 1 DAGs
[2024-04-14T20:43:37.229+0000] {logging_mixin.py:188} INFO - [2024-04-14T20:43:37.229+0000] {dag.py:3954} INFO - Setting next_dagrun for extract_and_load_equipment_sensors to 2022-01-01 00:00:00+00:00, run_after=2022-01-02 00:00:00+00:00
[2024-04-14T20:43:37.248+0000] {processor.py:183} INFO - Processing /opt/airflow/dags/dag_equipment_sensors.py took 0.542 seconds
[2024-04-14T20:44:07.781+0000] {processor.py:161} INFO - Started process (PID=5238) to work on /opt/airflow/dags/dag_equipment_sensors.py
[2024-04-14T20:44:07.782+0000] {processor.py:830} INFO - Processing file /opt/airflow/dags/dag_equipment_sensors.py for tasks to queue
[2024-04-14T20:44:07.783+0000] {logging_mixin.py:188} INFO - [2024-04-14T20:44:07.783+0000] {dagbag.py:540} INFO - Filling up the DagBag from /opt/airflow/dags/dag_equipment_sensors.py
[2024-04-14T20:44:08.291+0000] {processor.py:840} INFO - DAG(s) 'extract_and_load_equipment_sensors' retrieved from /opt/airflow/dags/dag_equipment_sensors.py
[2024-04-14T20:44:08.306+0000] {logging_mixin.py:188} INFO - [2024-04-14T20:44:08.305+0000] {dag.py:3096} INFO - Sync 1 DAGs
[2024-04-14T20:44:08.322+0000] {logging_mixin.py:188} INFO - [2024-04-14T20:44:08.322+0000] {dag.py:3954} INFO - Setting next_dagrun for extract_and_load_equipment_sensors to 2022-01-01 00:00:00+00:00, run_after=2022-01-02 00:00:00+00:00
[2024-04-14T20:44:08.338+0000] {processor.py:183} INFO - Processing /opt/airflow/dags/dag_equipment_sensors.py took 0.563 seconds
[2024-04-14T20:44:38.786+0000] {processor.py:161} INFO - Started process (PID=5302) to work on /opt/airflow/dags/dag_equipment_sensors.py
[2024-04-14T20:44:38.787+0000] {processor.py:830} INFO - Processing file /opt/airflow/dags/dag_equipment_sensors.py for tasks to queue
[2024-04-14T20:44:38.789+0000] {logging_mixin.py:188} INFO - [2024-04-14T20:44:38.788+0000] {dagbag.py:540} INFO - Filling up the DagBag from /opt/airflow/dags/dag_equipment_sensors.py
[2024-04-14T20:44:39.280+0000] {processor.py:840} INFO - DAG(s) 'extract_and_load_equipment_sensors' retrieved from /opt/airflow/dags/dag_equipment_sensors.py
[2024-04-14T20:44:39.293+0000] {logging_mixin.py:188} INFO - [2024-04-14T20:44:39.292+0000] {dag.py:3096} INFO - Sync 1 DAGs
[2024-04-14T20:44:39.310+0000] {logging_mixin.py:188} INFO - [2024-04-14T20:44:39.310+0000] {dag.py:3954} INFO - Setting next_dagrun for extract_and_load_equipment_sensors to 2022-01-01 00:00:00+00:00, run_after=2022-01-02 00:00:00+00:00
[2024-04-14T20:44:39.327+0000] {processor.py:183} INFO - Processing /opt/airflow/dags/dag_equipment_sensors.py took 0.545 seconds
[2024-04-14T20:45:09.369+0000] {processor.py:161} INFO - Started process (PID=5366) to work on /opt/airflow/dags/dag_equipment_sensors.py
[2024-04-14T20:45:09.369+0000] {processor.py:830} INFO - Processing file /opt/airflow/dags/dag_equipment_sensors.py for tasks to queue
[2024-04-14T20:45:09.371+0000] {logging_mixin.py:188} INFO - [2024-04-14T20:45:09.371+0000] {dagbag.py:540} INFO - Filling up the DagBag from /opt/airflow/dags/dag_equipment_sensors.py
[2024-04-14T20:45:09.837+0000] {processor.py:840} INFO - DAG(s) 'extract_and_load_equipment_sensors' retrieved from /opt/airflow/dags/dag_equipment_sensors.py
[2024-04-14T20:45:09.852+0000] {logging_mixin.py:188} INFO - [2024-04-14T20:45:09.851+0000] {dag.py:3096} INFO - Sync 1 DAGs
[2024-04-14T20:45:09.868+0000] {logging_mixin.py:188} INFO - [2024-04-14T20:45:09.868+0000] {dag.py:3954} INFO - Setting next_dagrun for extract_and_load_equipment_sensors to 2022-01-01 00:00:00+00:00, run_after=2022-01-02 00:00:00+00:00
[2024-04-14T20:45:09.883+0000] {processor.py:183} INFO - Processing /opt/airflow/dags/dag_equipment_sensors.py took 0.518 seconds
[2024-04-14T20:45:40.161+0000] {processor.py:161} INFO - Started process (PID=5430) to work on /opt/airflow/dags/dag_equipment_sensors.py
[2024-04-14T20:45:40.162+0000] {processor.py:830} INFO - Processing file /opt/airflow/dags/dag_equipment_sensors.py for tasks to queue
[2024-04-14T20:45:40.163+0000] {logging_mixin.py:188} INFO - [2024-04-14T20:45:40.163+0000] {dagbag.py:540} INFO - Filling up the DagBag from /opt/airflow/dags/dag_equipment_sensors.py
[2024-04-14T20:45:40.698+0000] {processor.py:840} INFO - DAG(s) 'extract_and_load_equipment_sensors' retrieved from /opt/airflow/dags/dag_equipment_sensors.py
[2024-04-14T20:45:40.712+0000] {logging_mixin.py:188} INFO - [2024-04-14T20:45:40.711+0000] {dag.py:3096} INFO - Sync 1 DAGs
[2024-04-14T20:45:40.728+0000] {logging_mixin.py:188} INFO - [2024-04-14T20:45:40.728+0000] {dag.py:3954} INFO - Setting next_dagrun for extract_and_load_equipment_sensors to 2022-01-01 00:00:00+00:00, run_after=2022-01-02 00:00:00+00:00
[2024-04-14T20:45:40.745+0000] {processor.py:183} INFO - Processing /opt/airflow/dags/dag_equipment_sensors.py took 0.589 seconds
[2024-04-14T20:46:10.911+0000] {processor.py:161} INFO - Started process (PID=5494) to work on /opt/airflow/dags/dag_equipment_sensors.py
[2024-04-14T20:46:10.912+0000] {processor.py:830} INFO - Processing file /opt/airflow/dags/dag_equipment_sensors.py for tasks to queue
[2024-04-14T20:46:10.913+0000] {logging_mixin.py:188} INFO - [2024-04-14T20:46:10.913+0000] {dagbag.py:540} INFO - Filling up the DagBag from /opt/airflow/dags/dag_equipment_sensors.py
[2024-04-14T20:46:11.418+0000] {processor.py:840} INFO - DAG(s) 'extract_and_load_equipment_sensors' retrieved from /opt/airflow/dags/dag_equipment_sensors.py
[2024-04-14T20:46:11.433+0000] {logging_mixin.py:188} INFO - [2024-04-14T20:46:11.432+0000] {dag.py:3096} INFO - Sync 1 DAGs
[2024-04-14T20:46:11.450+0000] {logging_mixin.py:188} INFO - [2024-04-14T20:46:11.449+0000] {dag.py:3954} INFO - Setting next_dagrun for extract_and_load_equipment_sensors to 2022-01-01 00:00:00+00:00, run_after=2022-01-02 00:00:00+00:00
[2024-04-14T20:46:11.467+0000] {processor.py:183} INFO - Processing /opt/airflow/dags/dag_equipment_sensors.py took 0.561 seconds
[2024-04-14T20:46:41.772+0000] {processor.py:161} INFO - Started process (PID=5558) to work on /opt/airflow/dags/dag_equipment_sensors.py
[2024-04-14T20:46:41.773+0000] {processor.py:830} INFO - Processing file /opt/airflow/dags/dag_equipment_sensors.py for tasks to queue
[2024-04-14T20:46:41.774+0000] {logging_mixin.py:188} INFO - [2024-04-14T20:46:41.774+0000] {dagbag.py:540} INFO - Filling up the DagBag from /opt/airflow/dags/dag_equipment_sensors.py
[2024-04-14T20:46:42.263+0000] {processor.py:840} INFO - DAG(s) 'extract_and_load_equipment_sensors' retrieved from /opt/airflow/dags/dag_equipment_sensors.py
[2024-04-14T20:46:42.280+0000] {logging_mixin.py:188} INFO - [2024-04-14T20:46:42.279+0000] {dag.py:3096} INFO - Sync 1 DAGs
[2024-04-14T20:46:42.296+0000] {logging_mixin.py:188} INFO - [2024-04-14T20:46:42.296+0000] {dag.py:3954} INFO - Setting next_dagrun for extract_and_load_equipment_sensors to 2022-01-01 00:00:00+00:00, run_after=2022-01-02 00:00:00+00:00
[2024-04-14T20:46:42.312+0000] {processor.py:183} INFO - Processing /opt/airflow/dags/dag_equipment_sensors.py took 0.545 seconds
[2024-04-14T20:47:12.552+0000] {processor.py:161} INFO - Started process (PID=5622) to work on /opt/airflow/dags/dag_equipment_sensors.py
[2024-04-14T20:47:12.553+0000] {processor.py:830} INFO - Processing file /opt/airflow/dags/dag_equipment_sensors.py for tasks to queue
[2024-04-14T20:47:12.554+0000] {logging_mixin.py:188} INFO - [2024-04-14T20:47:12.554+0000] {dagbag.py:540} INFO - Filling up the DagBag from /opt/airflow/dags/dag_equipment_sensors.py
[2024-04-14T20:47:13.093+0000] {processor.py:840} INFO - DAG(s) 'extract_and_load_equipment_sensors' retrieved from /opt/airflow/dags/dag_equipment_sensors.py
[2024-04-14T20:47:13.123+0000] {logging_mixin.py:188} INFO - [2024-04-14T20:47:13.122+0000] {dag.py:3096} INFO - Sync 1 DAGs
[2024-04-14T20:47:13.154+0000] {logging_mixin.py:188} INFO - [2024-04-14T20:47:13.154+0000] {dag.py:3954} INFO - Setting next_dagrun for extract_and_load_equipment_sensors to 2022-01-01 00:00:00+00:00, run_after=2022-01-02 00:00:00+00:00
[2024-04-14T20:47:13.178+0000] {processor.py:183} INFO - Processing /opt/airflow/dags/dag_equipment_sensors.py took 0.631 seconds
[2024-04-14T20:47:43.468+0000] {processor.py:161} INFO - Started process (PID=5686) to work on /opt/airflow/dags/dag_equipment_sensors.py
[2024-04-14T20:47:43.469+0000] {processor.py:830} INFO - Processing file /opt/airflow/dags/dag_equipment_sensors.py for tasks to queue
[2024-04-14T20:47:43.471+0000] {logging_mixin.py:188} INFO - [2024-04-14T20:47:43.471+0000] {dagbag.py:540} INFO - Filling up the DagBag from /opt/airflow/dags/dag_equipment_sensors.py
[2024-04-14T20:47:43.982+0000] {processor.py:840} INFO - DAG(s) 'extract_and_load_equipment_sensors' retrieved from /opt/airflow/dags/dag_equipment_sensors.py
[2024-04-14T20:47:43.999+0000] {logging_mixin.py:188} INFO - [2024-04-14T20:47:43.998+0000] {dag.py:3096} INFO - Sync 1 DAGs
[2024-04-14T20:47:44.016+0000] {logging_mixin.py:188} INFO - [2024-04-14T20:47:44.016+0000] {dag.py:3954} INFO - Setting next_dagrun for extract_and_load_equipment_sensors to 2022-01-01 00:00:00+00:00, run_after=2022-01-02 00:00:00+00:00
[2024-04-14T20:47:44.037+0000] {processor.py:183} INFO - Processing /opt/airflow/dags/dag_equipment_sensors.py took 0.575 seconds
[2024-04-14T20:48:14.161+0000] {processor.py:161} INFO - Started process (PID=5750) to work on /opt/airflow/dags/dag_equipment_sensors.py
[2024-04-14T20:48:14.162+0000] {processor.py:830} INFO - Processing file /opt/airflow/dags/dag_equipment_sensors.py for tasks to queue
[2024-04-14T20:48:14.163+0000] {logging_mixin.py:188} INFO - [2024-04-14T20:48:14.163+0000] {dagbag.py:540} INFO - Filling up the DagBag from /opt/airflow/dags/dag_equipment_sensors.py
[2024-04-14T20:48:14.644+0000] {processor.py:840} INFO - DAG(s) 'extract_and_load_equipment_sensors' retrieved from /opt/airflow/dags/dag_equipment_sensors.py
[2024-04-14T20:48:14.658+0000] {logging_mixin.py:188} INFO - [2024-04-14T20:48:14.658+0000] {dag.py:3096} INFO - Sync 1 DAGs
[2024-04-14T20:48:14.672+0000] {logging_mixin.py:188} INFO - [2024-04-14T20:48:14.672+0000] {dag.py:3954} INFO - Setting next_dagrun for extract_and_load_equipment_sensors to 2022-01-01 00:00:00+00:00, run_after=2022-01-02 00:00:00+00:00
[2024-04-14T20:48:14.687+0000] {processor.py:183} INFO - Processing /opt/airflow/dags/dag_equipment_sensors.py took 0.531 seconds
[2024-04-14T20:48:45.201+0000] {processor.py:161} INFO - Started process (PID=5814) to work on /opt/airflow/dags/dag_equipment_sensors.py
[2024-04-14T20:48:45.202+0000] {processor.py:830} INFO - Processing file /opt/airflow/dags/dag_equipment_sensors.py for tasks to queue
[2024-04-14T20:48:45.203+0000] {logging_mixin.py:188} INFO - [2024-04-14T20:48:45.203+0000] {dagbag.py:540} INFO - Filling up the DagBag from /opt/airflow/dags/dag_equipment_sensors.py
[2024-04-14T20:48:45.707+0000] {processor.py:840} INFO - DAG(s) 'extract_and_load_equipment_sensors' retrieved from /opt/airflow/dags/dag_equipment_sensors.py
[2024-04-14T20:48:45.722+0000] {logging_mixin.py:188} INFO - [2024-04-14T20:48:45.722+0000] {dag.py:3096} INFO - Sync 1 DAGs
[2024-04-14T20:48:45.740+0000] {logging_mixin.py:188} INFO - [2024-04-14T20:48:45.740+0000] {dag.py:3954} INFO - Setting next_dagrun for extract_and_load_equipment_sensors to 2022-01-01 00:00:00+00:00, run_after=2022-01-02 00:00:00+00:00
[2024-04-14T20:48:45.757+0000] {processor.py:183} INFO - Processing /opt/airflow/dags/dag_equipment_sensors.py took 0.561 seconds
[2024-04-14T20:49:15.945+0000] {processor.py:161} INFO - Started process (PID=5878) to work on /opt/airflow/dags/dag_equipment_sensors.py
[2024-04-14T20:49:15.946+0000] {processor.py:830} INFO - Processing file /opt/airflow/dags/dag_equipment_sensors.py for tasks to queue
[2024-04-14T20:49:15.947+0000] {logging_mixin.py:188} INFO - [2024-04-14T20:49:15.947+0000] {dagbag.py:540} INFO - Filling up the DagBag from /opt/airflow/dags/dag_equipment_sensors.py
[2024-04-14T20:49:16.534+0000] {processor.py:840} INFO - DAG(s) 'extract_and_load_equipment_sensors' retrieved from /opt/airflow/dags/dag_equipment_sensors.py
[2024-04-14T20:49:16.567+0000] {logging_mixin.py:188} INFO - [2024-04-14T20:49:16.567+0000] {dag.py:3096} INFO - Sync 1 DAGs
[2024-04-14T20:49:16.601+0000] {logging_mixin.py:188} INFO - [2024-04-14T20:49:16.601+0000] {dag.py:3954} INFO - Setting next_dagrun for extract_and_load_equipment_sensors to 2022-01-01 00:00:00+00:00, run_after=2022-01-02 00:00:00+00:00
[2024-04-14T20:49:16.619+0000] {processor.py:183} INFO - Processing /opt/airflow/dags/dag_equipment_sensors.py took 0.679 seconds
[2024-04-14T20:49:47.081+0000] {processor.py:161} INFO - Started process (PID=5942) to work on /opt/airflow/dags/dag_equipment_sensors.py
[2024-04-14T20:49:47.082+0000] {processor.py:830} INFO - Processing file /opt/airflow/dags/dag_equipment_sensors.py for tasks to queue
[2024-04-14T20:49:47.083+0000] {logging_mixin.py:188} INFO - [2024-04-14T20:49:47.083+0000] {dagbag.py:540} INFO - Filling up the DagBag from /opt/airflow/dags/dag_equipment_sensors.py
[2024-04-14T20:49:47.600+0000] {processor.py:840} INFO - DAG(s) 'extract_and_load_equipment_sensors' retrieved from /opt/airflow/dags/dag_equipment_sensors.py
[2024-04-14T20:49:47.615+0000] {logging_mixin.py:188} INFO - [2024-04-14T20:49:47.614+0000] {dag.py:3096} INFO - Sync 1 DAGs
[2024-04-14T20:49:47.630+0000] {logging_mixin.py:188} INFO - [2024-04-14T20:49:47.630+0000] {dag.py:3954} INFO - Setting next_dagrun for extract_and_load_equipment_sensors to 2022-01-01 00:00:00+00:00, run_after=2022-01-02 00:00:00+00:00
[2024-04-14T20:49:47.646+0000] {processor.py:183} INFO - Processing /opt/airflow/dags/dag_equipment_sensors.py took 0.570 seconds
[2024-04-14T20:50:18.397+0000] {processor.py:161} INFO - Started process (PID=6015) to work on /opt/airflow/dags/dag_equipment_sensors.py
[2024-04-14T20:50:18.398+0000] {processor.py:830} INFO - Processing file /opt/airflow/dags/dag_equipment_sensors.py for tasks to queue
[2024-04-14T20:50:18.399+0000] {logging_mixin.py:188} INFO - [2024-04-14T20:50:18.399+0000] {dagbag.py:540} INFO - Filling up the DagBag from /opt/airflow/dags/dag_equipment_sensors.py
[2024-04-14T20:50:18.899+0000] {processor.py:840} INFO - DAG(s) 'extract_and_load_equipment_sensors' retrieved from /opt/airflow/dags/dag_equipment_sensors.py
[2024-04-14T20:50:18.914+0000] {logging_mixin.py:188} INFO - [2024-04-14T20:50:18.913+0000] {dag.py:3096} INFO - Sync 1 DAGs
[2024-04-14T20:50:18.929+0000] {logging_mixin.py:188} INFO - [2024-04-14T20:50:18.929+0000] {dag.py:3954} INFO - Setting next_dagrun for extract_and_load_equipment_sensors to 2022-01-01 00:00:00+00:00, run_after=2022-01-02 00:00:00+00:00
[2024-04-14T20:50:18.946+0000] {processor.py:183} INFO - Processing /opt/airflow/dags/dag_equipment_sensors.py took 0.554 seconds
[2024-04-14T20:50:49.147+0000] {processor.py:161} INFO - Started process (PID=6079) to work on /opt/airflow/dags/dag_equipment_sensors.py
[2024-04-14T20:50:49.148+0000] {processor.py:830} INFO - Processing file /opt/airflow/dags/dag_equipment_sensors.py for tasks to queue
[2024-04-14T20:50:49.150+0000] {logging_mixin.py:188} INFO - [2024-04-14T20:50:49.149+0000] {dagbag.py:540} INFO - Filling up the DagBag from /opt/airflow/dags/dag_equipment_sensors.py
[2024-04-14T20:50:49.650+0000] {processor.py:840} INFO - DAG(s) 'extract_and_load_equipment_sensors' retrieved from /opt/airflow/dags/dag_equipment_sensors.py
[2024-04-14T20:50:49.664+0000] {logging_mixin.py:188} INFO - [2024-04-14T20:50:49.663+0000] {dag.py:3096} INFO - Sync 1 DAGs
[2024-04-14T20:50:49.681+0000] {logging_mixin.py:188} INFO - [2024-04-14T20:50:49.681+0000] {dag.py:3954} INFO - Setting next_dagrun for extract_and_load_equipment_sensors to 2022-01-01 00:00:00+00:00, run_after=2022-01-02 00:00:00+00:00
[2024-04-14T20:50:49.697+0000] {processor.py:183} INFO - Processing /opt/airflow/dags/dag_equipment_sensors.py took 0.555 seconds
[2024-04-14T20:51:20.141+0000] {processor.py:161} INFO - Started process (PID=6143) to work on /opt/airflow/dags/dag_equipment_sensors.py
[2024-04-14T20:51:20.142+0000] {processor.py:830} INFO - Processing file /opt/airflow/dags/dag_equipment_sensors.py for tasks to queue
[2024-04-14T20:51:20.144+0000] {logging_mixin.py:188} INFO - [2024-04-14T20:51:20.143+0000] {dagbag.py:540} INFO - Filling up the DagBag from /opt/airflow/dags/dag_equipment_sensors.py
[2024-04-14T20:51:20.609+0000] {processor.py:840} INFO - DAG(s) 'extract_and_load_equipment_sensors' retrieved from /opt/airflow/dags/dag_equipment_sensors.py
[2024-04-14T20:51:20.622+0000] {logging_mixin.py:188} INFO - [2024-04-14T20:51:20.621+0000] {dag.py:3096} INFO - Sync 1 DAGs
[2024-04-14T20:51:20.637+0000] {logging_mixin.py:188} INFO - [2024-04-14T20:51:20.637+0000] {dag.py:3954} INFO - Setting next_dagrun for extract_and_load_equipment_sensors to 2022-01-01 00:00:00+00:00, run_after=2022-01-02 00:00:00+00:00
[2024-04-14T20:51:20.653+0000] {processor.py:183} INFO - Processing /opt/airflow/dags/dag_equipment_sensors.py took 0.516 seconds
[2024-04-14T20:51:50.891+0000] {processor.py:161} INFO - Started process (PID=6207) to work on /opt/airflow/dags/dag_equipment_sensors.py
[2024-04-14T20:51:50.892+0000] {processor.py:830} INFO - Processing file /opt/airflow/dags/dag_equipment_sensors.py for tasks to queue
[2024-04-14T20:51:50.894+0000] {logging_mixin.py:188} INFO - [2024-04-14T20:51:50.893+0000] {dagbag.py:540} INFO - Filling up the DagBag from /opt/airflow/dags/dag_equipment_sensors.py
[2024-04-14T20:51:51.385+0000] {processor.py:840} INFO - DAG(s) 'extract_and_load_equipment_sensors' retrieved from /opt/airflow/dags/dag_equipment_sensors.py
[2024-04-14T20:51:51.398+0000] {logging_mixin.py:188} INFO - [2024-04-14T20:51:51.397+0000] {dag.py:3096} INFO - Sync 1 DAGs
[2024-04-14T20:51:51.413+0000] {logging_mixin.py:188} INFO - [2024-04-14T20:51:51.413+0000] {dag.py:3954} INFO - Setting next_dagrun for extract_and_load_equipment_sensors to 2022-01-01 00:00:00+00:00, run_after=2022-01-02 00:00:00+00:00
[2024-04-14T20:51:51.429+0000] {processor.py:183} INFO - Processing /opt/airflow/dags/dag_equipment_sensors.py took 0.543 seconds
[2024-04-14T20:52:21.666+0000] {processor.py:161} INFO - Started process (PID=6271) to work on /opt/airflow/dags/dag_equipment_sensors.py
[2024-04-14T20:52:21.667+0000] {processor.py:830} INFO - Processing file /opt/airflow/dags/dag_equipment_sensors.py for tasks to queue
[2024-04-14T20:52:21.669+0000] {logging_mixin.py:188} INFO - [2024-04-14T20:52:21.669+0000] {dagbag.py:540} INFO - Filling up the DagBag from /opt/airflow/dags/dag_equipment_sensors.py
[2024-04-14T20:52:22.154+0000] {processor.py:840} INFO - DAG(s) 'extract_and_load_equipment_sensors' retrieved from /opt/airflow/dags/dag_equipment_sensors.py
[2024-04-14T20:52:22.168+0000] {logging_mixin.py:188} INFO - [2024-04-14T20:52:22.168+0000] {dag.py:3096} INFO - Sync 1 DAGs
[2024-04-14T20:52:22.183+0000] {logging_mixin.py:188} INFO - [2024-04-14T20:52:22.183+0000] {dag.py:3954} INFO - Setting next_dagrun for extract_and_load_equipment_sensors to 2022-01-01 00:00:00+00:00, run_after=2022-01-02 00:00:00+00:00
[2024-04-14T20:52:22.199+0000] {processor.py:183} INFO - Processing /opt/airflow/dags/dag_equipment_sensors.py took 0.537 seconds
[2024-04-14T20:52:52.399+0000] {processor.py:161} INFO - Started process (PID=6335) to work on /opt/airflow/dags/dag_equipment_sensors.py
[2024-04-14T20:52:52.400+0000] {processor.py:830} INFO - Processing file /opt/airflow/dags/dag_equipment_sensors.py for tasks to queue
[2024-04-14T20:52:52.401+0000] {logging_mixin.py:188} INFO - [2024-04-14T20:52:52.401+0000] {dagbag.py:540} INFO - Filling up the DagBag from /opt/airflow/dags/dag_equipment_sensors.py
[2024-04-14T20:52:53.090+0000] {processor.py:840} INFO - DAG(s) 'extract_and_load_equipment_sensors' retrieved from /opt/airflow/dags/dag_equipment_sensors.py
[2024-04-14T20:52:53.104+0000] {logging_mixin.py:188} INFO - [2024-04-14T20:52:53.104+0000] {dag.py:3096} INFO - Sync 1 DAGs
[2024-04-14T20:52:53.123+0000] {logging_mixin.py:188} INFO - [2024-04-14T20:52:53.123+0000] {dag.py:3954} INFO - Setting next_dagrun for extract_and_load_equipment_sensors to 2022-01-01 00:00:00+00:00, run_after=2022-01-02 00:00:00+00:00
[2024-04-14T20:52:53.139+0000] {processor.py:183} INFO - Processing /opt/airflow/dags/dag_equipment_sensors.py took 0.745 seconds
[2024-04-14T20:53:23.591+0000] {processor.py:161} INFO - Started process (PID=6399) to work on /opt/airflow/dags/dag_equipment_sensors.py
[2024-04-14T20:53:23.592+0000] {processor.py:830} INFO - Processing file /opt/airflow/dags/dag_equipment_sensors.py for tasks to queue
[2024-04-14T20:53:23.593+0000] {logging_mixin.py:188} INFO - [2024-04-14T20:53:23.593+0000] {dagbag.py:540} INFO - Filling up the DagBag from /opt/airflow/dags/dag_equipment_sensors.py
[2024-04-14T20:53:24.084+0000] {processor.py:840} INFO - DAG(s) 'extract_and_load_equipment_sensors' retrieved from /opt/airflow/dags/dag_equipment_sensors.py
[2024-04-14T20:53:24.098+0000] {logging_mixin.py:188} INFO - [2024-04-14T20:53:24.098+0000] {dag.py:3096} INFO - Sync 1 DAGs
[2024-04-14T20:53:24.116+0000] {logging_mixin.py:188} INFO - [2024-04-14T20:53:24.116+0000] {dag.py:3954} INFO - Setting next_dagrun for extract_and_load_equipment_sensors to 2022-01-01 00:00:00+00:00, run_after=2022-01-02 00:00:00+00:00
[2024-04-14T20:53:24.137+0000] {processor.py:183} INFO - Processing /opt/airflow/dags/dag_equipment_sensors.py took 0.553 seconds
[2024-04-14T20:59:01.884+0000] {processor.py:161} INFO - Started process (PID=46) to work on /opt/airflow/dags/dag_equipment_sensors.py
[2024-04-14T20:59:01.886+0000] {processor.py:830} INFO - Processing file /opt/airflow/dags/dag_equipment_sensors.py for tasks to queue
[2024-04-14T20:59:01.888+0000] {logging_mixin.py:188} INFO - [2024-04-14T20:59:01.888+0000] {dagbag.py:540} INFO - Filling up the DagBag from /opt/airflow/dags/dag_equipment_sensors.py
[2024-04-14T20:59:02.992+0000] {processor.py:840} INFO - DAG(s) 'extract_and_load_equipment_sensors' retrieved from /opt/airflow/dags/dag_equipment_sensors.py
[2024-04-14T20:59:03.238+0000] {logging_mixin.py:188} INFO - [2024-04-14T20:59:03.238+0000] {dag.py:3096} INFO - Sync 1 DAGs
[2024-04-14T20:59:03.266+0000] {logging_mixin.py:188} INFO - [2024-04-14T20:59:03.266+0000] {dag.py:3954} INFO - Setting next_dagrun for extract_and_load_equipment_sensors to 2022-01-01 00:00:00+00:00, run_after=2022-01-02 00:00:00+00:00
[2024-04-14T20:59:03.294+0000] {processor.py:183} INFO - Processing /opt/airflow/dags/dag_equipment_sensors.py took 1.418 seconds
[2024-04-14T20:59:33.872+0000] {processor.py:161} INFO - Started process (PID=110) to work on /opt/airflow/dags/dag_equipment_sensors.py
[2024-04-14T20:59:33.873+0000] {processor.py:830} INFO - Processing file /opt/airflow/dags/dag_equipment_sensors.py for tasks to queue
[2024-04-14T20:59:33.876+0000] {logging_mixin.py:188} INFO - [2024-04-14T20:59:33.875+0000] {dagbag.py:540} INFO - Filling up the DagBag from /opt/airflow/dags/dag_equipment_sensors.py
[2024-04-14T20:59:35.613+0000] {processor.py:840} INFO - DAG(s) 'extract_and_load_equipment_sensors' retrieved from /opt/airflow/dags/dag_equipment_sensors.py
[2024-04-14T20:59:35.639+0000] {logging_mixin.py:188} INFO - [2024-04-14T20:59:35.639+0000] {dag.py:3096} INFO - Sync 1 DAGs
[2024-04-14T20:59:35.670+0000] {logging_mixin.py:188} INFO - [2024-04-14T20:59:35.670+0000] {dag.py:3954} INFO - Setting next_dagrun for extract_and_load_equipment_sensors to 2022-01-01 00:00:00+00:00, run_after=2022-01-02 00:00:00+00:00
[2024-04-14T20:59:35.702+0000] {processor.py:183} INFO - Processing /opt/airflow/dags/dag_equipment_sensors.py took 1.836 seconds
[2024-04-14T21:00:05.925+0000] {processor.py:161} INFO - Started process (PID=174) to work on /opt/airflow/dags/dag_equipment_sensors.py
[2024-04-14T21:00:05.927+0000] {processor.py:830} INFO - Processing file /opt/airflow/dags/dag_equipment_sensors.py for tasks to queue
[2024-04-14T21:00:05.929+0000] {logging_mixin.py:188} INFO - [2024-04-14T21:00:05.929+0000] {dagbag.py:540} INFO - Filling up the DagBag from /opt/airflow/dags/dag_equipment_sensors.py
[2024-04-14T21:00:06.651+0000] {processor.py:840} INFO - DAG(s) 'extract_and_load_equipment_sensors' retrieved from /opt/airflow/dags/dag_equipment_sensors.py
[2024-04-14T21:00:06.666+0000] {logging_mixin.py:188} INFO - [2024-04-14T21:00:06.665+0000] {dag.py:3096} INFO - Sync 1 DAGs
[2024-04-14T21:00:06.684+0000] {logging_mixin.py:188} INFO - [2024-04-14T21:00:06.684+0000] {dag.py:3954} INFO - Setting next_dagrun for extract_and_load_equipment_sensors to 2022-01-01 00:00:00+00:00, run_after=2022-01-02 00:00:00+00:00
[2024-04-14T21:00:06.707+0000] {processor.py:183} INFO - Processing /opt/airflow/dags/dag_equipment_sensors.py took 0.788 seconds
[2024-04-14T21:00:37.023+0000] {processor.py:161} INFO - Started process (PID=238) to work on /opt/airflow/dags/dag_equipment_sensors.py
[2024-04-14T21:00:37.024+0000] {processor.py:830} INFO - Processing file /opt/airflow/dags/dag_equipment_sensors.py for tasks to queue
[2024-04-14T21:00:37.027+0000] {logging_mixin.py:188} INFO - [2024-04-14T21:00:37.027+0000] {dagbag.py:540} INFO - Filling up the DagBag from /opt/airflow/dags/dag_equipment_sensors.py
[2024-04-14T21:00:38.102+0000] {processor.py:840} INFO - DAG(s) 'extract_and_load_equipment_sensors' retrieved from /opt/airflow/dags/dag_equipment_sensors.py
[2024-04-14T21:00:38.125+0000] {logging_mixin.py:188} INFO - [2024-04-14T21:00:38.124+0000] {dag.py:3096} INFO - Sync 1 DAGs
[2024-04-14T21:00:38.151+0000] {logging_mixin.py:188} INFO - [2024-04-14T21:00:38.150+0000] {dag.py:3954} INFO - Setting next_dagrun for extract_and_load_equipment_sensors to 2022-01-01 00:00:00+00:00, run_after=2022-01-02 00:00:00+00:00
[2024-04-14T21:00:38.174+0000] {processor.py:183} INFO - Processing /opt/airflow/dags/dag_equipment_sensors.py took 1.161 seconds
[2024-04-14T21:01:08.852+0000] {processor.py:161} INFO - Started process (PID=303) to work on /opt/airflow/dags/dag_equipment_sensors.py
[2024-04-14T21:01:08.855+0000] {processor.py:830} INFO - Processing file /opt/airflow/dags/dag_equipment_sensors.py for tasks to queue
[2024-04-14T21:01:08.864+0000] {logging_mixin.py:188} INFO - [2024-04-14T21:01:08.863+0000] {dagbag.py:540} INFO - Filling up the DagBag from /opt/airflow/dags/dag_equipment_sensors.py
[2024-04-14T21:01:10.725+0000] {processor.py:840} INFO - DAG(s) 'extract_and_load_equipment_sensors' retrieved from /opt/airflow/dags/dag_equipment_sensors.py
[2024-04-14T21:01:10.773+0000] {logging_mixin.py:188} INFO - [2024-04-14T21:01:10.771+0000] {dag.py:3096} INFO - Sync 1 DAGs
[2024-04-14T21:01:10.848+0000] {logging_mixin.py:188} INFO - [2024-04-14T21:01:10.848+0000] {dag.py:3954} INFO - Setting next_dagrun for extract_and_load_equipment_sensors to 2022-01-01 00:00:00+00:00, run_after=2022-01-02 00:00:00+00:00
[2024-04-14T21:01:10.893+0000] {processor.py:183} INFO - Processing /opt/airflow/dags/dag_equipment_sensors.py took 2.066 seconds
[2024-04-14T21:01:41.056+0000] {processor.py:161} INFO - Started process (PID=367) to work on /opt/airflow/dags/dag_equipment_sensors.py
[2024-04-14T21:01:41.057+0000] {processor.py:830} INFO - Processing file /opt/airflow/dags/dag_equipment_sensors.py for tasks to queue
[2024-04-14T21:01:41.061+0000] {logging_mixin.py:188} INFO - [2024-04-14T21:01:41.060+0000] {dagbag.py:540} INFO - Filling up the DagBag from /opt/airflow/dags/dag_equipment_sensors.py
[2024-04-14T21:01:41.921+0000] {processor.py:840} INFO - DAG(s) 'extract_and_load_equipment_sensors' retrieved from /opt/airflow/dags/dag_equipment_sensors.py
[2024-04-14T21:01:41.939+0000] {logging_mixin.py:188} INFO - [2024-04-14T21:01:41.939+0000] {dag.py:3096} INFO - Sync 1 DAGs
[2024-04-14T21:01:41.959+0000] {logging_mixin.py:188} INFO - [2024-04-14T21:01:41.958+0000] {dag.py:3954} INFO - Setting next_dagrun for extract_and_load_equipment_sensors to 2022-01-01 00:00:00+00:00, run_after=2022-01-02 00:00:00+00:00
[2024-04-14T21:01:41.979+0000] {processor.py:183} INFO - Processing /opt/airflow/dags/dag_equipment_sensors.py took 0.933 seconds
[2024-04-14T21:02:12.339+0000] {processor.py:161} INFO - Started process (PID=431) to work on /opt/airflow/dags/dag_equipment_sensors.py
[2024-04-14T21:02:12.343+0000] {processor.py:830} INFO - Processing file /opt/airflow/dags/dag_equipment_sensors.py for tasks to queue
[2024-04-14T21:02:12.357+0000] {logging_mixin.py:188} INFO - [2024-04-14T21:02:12.356+0000] {dagbag.py:540} INFO - Filling up the DagBag from /opt/airflow/dags/dag_equipment_sensors.py
[2024-04-14T21:02:14.889+0000] {processor.py:840} INFO - DAG(s) 'extract_and_load_equipment_sensors' retrieved from /opt/airflow/dags/dag_equipment_sensors.py
[2024-04-14T21:02:14.938+0000] {logging_mixin.py:188} INFO - [2024-04-14T21:02:14.935+0000] {dag.py:3096} INFO - Sync 1 DAGs
[2024-04-14T21:02:15.014+0000] {logging_mixin.py:188} INFO - [2024-04-14T21:02:15.013+0000] {dag.py:3954} INFO - Setting next_dagrun for extract_and_load_equipment_sensors to 2022-01-01 00:00:00+00:00, run_after=2022-01-02 00:00:00+00:00
[2024-04-14T21:02:15.072+0000] {processor.py:183} INFO - Processing /opt/airflow/dags/dag_equipment_sensors.py took 2.748 seconds
[2024-04-14T21:02:45.199+0000] {processor.py:161} INFO - Started process (PID=495) to work on /opt/airflow/dags/dag_equipment_sensors.py
[2024-04-14T21:02:45.201+0000] {processor.py:830} INFO - Processing file /opt/airflow/dags/dag_equipment_sensors.py for tasks to queue
[2024-04-14T21:02:45.202+0000] {logging_mixin.py:188} INFO - [2024-04-14T21:02:45.202+0000] {dagbag.py:540} INFO - Filling up the DagBag from /opt/airflow/dags/dag_equipment_sensors.py
[2024-04-14T21:02:45.958+0000] {processor.py:840} INFO - DAG(s) 'extract_and_load_equipment_sensors' retrieved from /opt/airflow/dags/dag_equipment_sensors.py
[2024-04-14T21:02:45.974+0000] {logging_mixin.py:188} INFO - [2024-04-14T21:02:45.974+0000] {dag.py:3096} INFO - Sync 1 DAGs
[2024-04-14T21:02:45.993+0000] {logging_mixin.py:188} INFO - [2024-04-14T21:02:45.993+0000] {dag.py:3954} INFO - Setting next_dagrun for extract_and_load_equipment_sensors to 2022-01-01 00:00:00+00:00, run_after=2022-01-02 00:00:00+00:00
[2024-04-14T21:02:46.011+0000] {processor.py:183} INFO - Processing /opt/airflow/dags/dag_equipment_sensors.py took 0.817 seconds
[2024-04-14T21:03:16.151+0000] {processor.py:161} INFO - Started process (PID=560) to work on /opt/airflow/dags/dag_equipment_sensors.py
[2024-04-14T21:03:16.152+0000] {processor.py:830} INFO - Processing file /opt/airflow/dags/dag_equipment_sensors.py for tasks to queue
[2024-04-14T21:03:16.154+0000] {logging_mixin.py:188} INFO - [2024-04-14T21:03:16.154+0000] {dagbag.py:540} INFO - Filling up the DagBag from /opt/airflow/dags/dag_equipment_sensors.py
[2024-04-14T21:03:16.758+0000] {processor.py:840} INFO - DAG(s) 'extract_and_load_equipment_sensors' retrieved from /opt/airflow/dags/dag_equipment_sensors.py
[2024-04-14T21:03:16.776+0000] {logging_mixin.py:188} INFO - [2024-04-14T21:03:16.776+0000] {dag.py:3096} INFO - Sync 1 DAGs
[2024-04-14T21:03:16.797+0000] {logging_mixin.py:188} INFO - [2024-04-14T21:03:16.797+0000] {dag.py:3954} INFO - Setting next_dagrun for extract_and_load_equipment_sensors to 2022-01-01 00:00:00+00:00, run_after=2022-01-02 00:00:00+00:00
[2024-04-14T21:03:16.815+0000] {processor.py:183} INFO - Processing /opt/airflow/dags/dag_equipment_sensors.py took 0.669 seconds
[2024-04-14T21:03:47.013+0000] {processor.py:161} INFO - Started process (PID=624) to work on /opt/airflow/dags/dag_equipment_sensors.py
[2024-04-14T21:03:47.013+0000] {processor.py:830} INFO - Processing file /opt/airflow/dags/dag_equipment_sensors.py for tasks to queue
[2024-04-14T21:03:47.015+0000] {logging_mixin.py:188} INFO - [2024-04-14T21:03:47.015+0000] {dagbag.py:540} INFO - Filling up the DagBag from /opt/airflow/dags/dag_equipment_sensors.py
[2024-04-14T21:03:47.575+0000] {processor.py:840} INFO - DAG(s) 'extract_and_load_equipment_sensors' retrieved from /opt/airflow/dags/dag_equipment_sensors.py
[2024-04-14T21:03:47.592+0000] {logging_mixin.py:188} INFO - [2024-04-14T21:03:47.592+0000] {dag.py:3096} INFO - Sync 1 DAGs
[2024-04-14T21:03:47.616+0000] {logging_mixin.py:188} INFO - [2024-04-14T21:03:47.616+0000] {dag.py:3954} INFO - Setting next_dagrun for extract_and_load_equipment_sensors to 2022-01-01 00:00:00+00:00, run_after=2022-01-02 00:00:00+00:00
[2024-04-14T21:03:47.635+0000] {processor.py:183} INFO - Processing /opt/airflow/dags/dag_equipment_sensors.py took 0.627 seconds
[2024-04-14T23:57:11.313+0000] {processor.py:161} INFO - Started process (PID=39) to work on /opt/airflow/dags/dag_equipment_sensors.py
[2024-04-14T23:57:11.317+0000] {processor.py:830} INFO - Processing file /opt/airflow/dags/dag_equipment_sensors.py for tasks to queue
[2024-04-14T23:57:11.322+0000] {logging_mixin.py:188} INFO - [2024-04-14T23:57:11.321+0000] {dagbag.py:540} INFO - Filling up the DagBag from /opt/airflow/dags/dag_equipment_sensors.py
[2024-04-14T23:57:13.603+0000] {processor.py:840} INFO - DAG(s) 'extract_and_load_equipment_sensors' retrieved from /opt/airflow/dags/dag_equipment_sensors.py
[2024-04-14T23:57:13.671+0000] {logging_mixin.py:188} INFO - [2024-04-14T23:57:13.670+0000] {dag.py:3096} INFO - Sync 1 DAGs
[2024-04-14T23:57:13.723+0000] {logging_mixin.py:188} INFO - [2024-04-14T23:57:13.723+0000] {dag.py:3954} INFO - Setting next_dagrun for extract_and_load_equipment_sensors to 2022-01-01 00:00:00+00:00, run_after=2022-01-02 00:00:00+00:00
[2024-04-14T23:57:13.774+0000] {processor.py:183} INFO - Processing /opt/airflow/dags/dag_equipment_sensors.py took 2.482 seconds
[2024-04-14T23:57:44.210+0000] {processor.py:161} INFO - Started process (PID=103) to work on /opt/airflow/dags/dag_equipment_sensors.py
[2024-04-14T23:57:44.211+0000] {processor.py:830} INFO - Processing file /opt/airflow/dags/dag_equipment_sensors.py for tasks to queue
[2024-04-14T23:57:44.213+0000] {logging_mixin.py:188} INFO - [2024-04-14T23:57:44.213+0000] {dagbag.py:540} INFO - Filling up the DagBag from /opt/airflow/dags/dag_equipment_sensors.py
[2024-04-14T23:57:44.950+0000] {processor.py:840} INFO - DAG(s) 'extract_and_load_equipment_sensors' retrieved from /opt/airflow/dags/dag_equipment_sensors.py
[2024-04-14T23:57:44.973+0000] {logging_mixin.py:188} INFO - [2024-04-14T23:57:44.972+0000] {dag.py:3096} INFO - Sync 1 DAGs
[2024-04-14T23:57:45.009+0000] {logging_mixin.py:188} INFO - [2024-04-14T23:57:45.008+0000] {dag.py:3954} INFO - Setting next_dagrun for extract_and_load_equipment_sensors to 2022-01-01 00:00:00+00:00, run_after=2022-01-02 00:00:00+00:00
[2024-04-14T23:57:45.047+0000] {processor.py:183} INFO - Processing /opt/airflow/dags/dag_equipment_sensors.py took 0.843 seconds
[2024-04-14T23:58:15.408+0000] {processor.py:161} INFO - Started process (PID=173) to work on /opt/airflow/dags/dag_equipment_sensors.py
[2024-04-14T23:58:15.408+0000] {processor.py:830} INFO - Processing file /opt/airflow/dags/dag_equipment_sensors.py for tasks to queue
[2024-04-14T23:58:15.410+0000] {logging_mixin.py:188} INFO - [2024-04-14T23:58:15.409+0000] {dagbag.py:540} INFO - Filling up the DagBag from /opt/airflow/dags/dag_equipment_sensors.py
[2024-04-14T23:58:15.834+0000] {processor.py:840} INFO - DAG(s) 'extract_and_load_equipment_sensors' retrieved from /opt/airflow/dags/dag_equipment_sensors.py
[2024-04-14T23:58:15.847+0000] {logging_mixin.py:188} INFO - [2024-04-14T23:58:15.846+0000] {dag.py:3096} INFO - Sync 1 DAGs
[2024-04-14T23:58:15.862+0000] {logging_mixin.py:188} INFO - [2024-04-14T23:58:15.862+0000] {dag.py:3954} INFO - Setting next_dagrun for extract_and_load_equipment_sensors to 2022-01-01 00:00:00+00:00, run_after=2022-01-02 00:00:00+00:00
[2024-04-14T23:58:15.877+0000] {processor.py:183} INFO - Processing /opt/airflow/dags/dag_equipment_sensors.py took 0.474 seconds
[2024-04-14T23:58:46.051+0000] {processor.py:161} INFO - Started process (PID=237) to work on /opt/airflow/dags/dag_equipment_sensors.py
[2024-04-14T23:58:46.052+0000] {processor.py:830} INFO - Processing file /opt/airflow/dags/dag_equipment_sensors.py for tasks to queue
[2024-04-14T23:58:46.053+0000] {logging_mixin.py:188} INFO - [2024-04-14T23:58:46.053+0000] {dagbag.py:540} INFO - Filling up the DagBag from /opt/airflow/dags/dag_equipment_sensors.py
[2024-04-14T23:58:46.512+0000] {processor.py:840} INFO - DAG(s) 'extract_and_load_equipment_sensors' retrieved from /opt/airflow/dags/dag_equipment_sensors.py
[2024-04-14T23:58:46.524+0000] {logging_mixin.py:188} INFO - [2024-04-14T23:58:46.524+0000] {dag.py:3096} INFO - Sync 1 DAGs
[2024-04-14T23:58:46.541+0000] {logging_mixin.py:188} INFO - [2024-04-14T23:58:46.541+0000] {dag.py:3954} INFO - Setting next_dagrun for extract_and_load_equipment_sensors to 2022-01-01 00:00:00+00:00, run_after=2022-01-02 00:00:00+00:00
[2024-04-14T23:58:46.558+0000] {processor.py:183} INFO - Processing /opt/airflow/dags/dag_equipment_sensors.py took 0.510 seconds
[2024-04-14T23:59:16.841+0000] {processor.py:161} INFO - Started process (PID=301) to work on /opt/airflow/dags/dag_equipment_sensors.py
[2024-04-14T23:59:16.842+0000] {processor.py:830} INFO - Processing file /opt/airflow/dags/dag_equipment_sensors.py for tasks to queue
[2024-04-14T23:59:16.843+0000] {logging_mixin.py:188} INFO - [2024-04-14T23:59:16.843+0000] {dagbag.py:540} INFO - Filling up the DagBag from /opt/airflow/dags/dag_equipment_sensors.py
[2024-04-14T23:59:17.262+0000] {processor.py:840} INFO - DAG(s) 'extract_and_load_equipment_sensors' retrieved from /opt/airflow/dags/dag_equipment_sensors.py
[2024-04-14T23:59:17.274+0000] {logging_mixin.py:188} INFO - [2024-04-14T23:59:17.273+0000] {dag.py:3096} INFO - Sync 1 DAGs
[2024-04-14T23:59:17.289+0000] {logging_mixin.py:188} INFO - [2024-04-14T23:59:17.289+0000] {dag.py:3954} INFO - Setting next_dagrun for extract_and_load_equipment_sensors to 2022-01-01 00:00:00+00:00, run_after=2022-01-02 00:00:00+00:00
[2024-04-14T23:59:17.308+0000] {processor.py:183} INFO - Processing /opt/airflow/dags/dag_equipment_sensors.py took 0.470 seconds
[2024-04-14T23:59:47.353+0000] {processor.py:161} INFO - Started process (PID=365) to work on /opt/airflow/dags/dag_equipment_sensors.py
[2024-04-14T23:59:47.354+0000] {processor.py:830} INFO - Processing file /opt/airflow/dags/dag_equipment_sensors.py for tasks to queue
[2024-04-14T23:59:47.355+0000] {logging_mixin.py:188} INFO - [2024-04-14T23:59:47.355+0000] {dagbag.py:540} INFO - Filling up the DagBag from /opt/airflow/dags/dag_equipment_sensors.py
[2024-04-14T23:59:47.815+0000] {processor.py:840} INFO - DAG(s) 'extract_and_load_equipment_sensors' retrieved from /opt/airflow/dags/dag_equipment_sensors.py
[2024-04-14T23:59:47.828+0000] {logging_mixin.py:188} INFO - [2024-04-14T23:59:47.828+0000] {dag.py:3096} INFO - Sync 1 DAGs
[2024-04-14T23:59:47.844+0000] {logging_mixin.py:188} INFO - [2024-04-14T23:59:47.844+0000] {dag.py:3954} INFO - Setting next_dagrun for extract_and_load_equipment_sensors to 2022-01-01 00:00:00+00:00, run_after=2022-01-02 00:00:00+00:00
[2024-04-14T23:59:47.860+0000] {processor.py:183} INFO - Processing /opt/airflow/dags/dag_equipment_sensors.py took 0.511 seconds
