[2024-04-15T00:11:40.374+0000] {local_task_job_runner.py:120} INFO - ::group::Pre task execution logs
[2024-04-15T00:11:40.406+0000] {taskinstance.py:2073} INFO - Dependencies all met for dep_context=non-requeueable deps ti=<TaskInstance: extract_and_load_equipment_sensors.transform_data scheduled__2023-06-07T00:00:00+00:00 [queued]>
[2024-04-15T00:11:40.419+0000] {taskinstance.py:2073} INFO - Dependencies all met for dep_context=requeueable deps ti=<TaskInstance: extract_and_load_equipment_sensors.transform_data scheduled__2023-06-07T00:00:00+00:00 [queued]>
[2024-04-15T00:11:40.420+0000] {taskinstance.py:2303} INFO - Starting attempt 1 of 1
[2024-04-15T00:11:40.447+0000] {taskinstance.py:2327} INFO - Executing <Task(PythonOperator): transform_data> on 2023-06-07 00:00:00+00:00
[2024-04-15T00:11:40.463+0000] {warnings.py:110} WARNING - /home/***/.local/lib/python3.12/site-packages/***/task/task_runner/standard_task_runner.py:61: DeprecationWarning: This process (pid=4685) is multi-threaded, use of fork() may lead to deadlocks in the child.
  pid = os.fork()

[2024-04-15T00:11:40.466+0000] {standard_task_runner.py:63} INFO - Started process 4723 to run task
[2024-04-15T00:11:40.466+0000] {standard_task_runner.py:90} INFO - Running: ['***', 'tasks', 'run', 'extract_and_load_equipment_sensors', 'transform_data', 'scheduled__2023-06-07T00:00:00+00:00', '--job-id', '1399', '--raw', '--subdir', 'DAGS_FOLDER/dag_equipment_sensors.py', '--cfg-path', '/tmp/tmpi5999fya']
[2024-04-15T00:11:40.470+0000] {standard_task_runner.py:91} INFO - Job 1399: Subtask transform_data
[2024-04-15T00:11:40.562+0000] {task_command.py:426} INFO - Running <TaskInstance: extract_and_load_equipment_sensors.transform_data scheduled__2023-06-07T00:00:00+00:00 [running]> on host cb5b33b73a08
[2024-04-15T00:11:40.781+0000] {taskinstance.py:2644} INFO - Exporting env vars: AIRFLOW_CTX_DAG_OWNER='***' AIRFLOW_CTX_DAG_ID='extract_and_load_equipment_sensors' AIRFLOW_CTX_TASK_ID='transform_data' AIRFLOW_CTX_EXECUTION_DATE='2023-06-07T00:00:00+00:00' AIRFLOW_CTX_TRY_NUMBER='1' AIRFLOW_CTX_DAG_RUN_ID='scheduled__2023-06-07T00:00:00+00:00'
[2024-04-15T00:11:40.789+0000] {taskinstance.py:430} INFO - ::endgroup::
[2024-04-15T00:11:40.821+0000] {warnings.py:110} WARNING - /opt/***/dags/dag_equipment_sensors.py:19: SettingWithCopyWarning: 
A value is trying to be set on a copy of a slice from a DataFrame

See the caveats in the documentation: https://pandas.pydata.org/pandas-docs/stable/user_guide/indexing.html#returning-a-view-versus-a-copy
  df.drop('item', axis=1, inplace=True)

[2024-04-15T00:11:40.822+0000] {python.py:237} INFO - Done. Returned value was:       equipment_id sensor_id
1                1      4275
2                2      5212
3                3      7381
4                4       396
5                5      1645
...            ...       ...
9996            14      7672
9997             1      1302
9998             2       434
9999             3      5440
10000            4      3653

[10000 rows x 2 columns]
[2024-04-15T00:11:40.832+0000] {taskinstance.py:441} INFO - ::group::Post task execution logs
[2024-04-15T00:11:40.964+0000] {taskinstance.py:1205} INFO - Marking task as SUCCESS. dag_id=extract_and_load_equipment_sensors, task_id=transform_data, execution_date=20230607T000000, start_date=20240415T001140, end_date=20240415T001140
[2024-04-15T00:11:41.071+0000] {local_task_job_runner.py:240} INFO - Task exited with return code 0
[2024-04-15T00:11:41.224+0000] {taskinstance.py:3482} INFO - 0 downstream tasks scheduled from follow-on schedule check
[2024-04-15T00:11:41.237+0000] {local_task_job_runner.py:222} INFO - ::endgroup::
