[2024-04-15T00:16:25.165+0000] {local_task_job_runner.py:120} INFO - ::group::Pre task execution logs
[2024-04-15T00:16:25.209+0000] {taskinstance.py:2073} INFO - Dependencies all met for dep_context=non-requeueable deps ti=<TaskInstance: extract_and_load_equipment_sensors.extract_data scheduled__2024-03-13T00:00:00+00:00 [queued]>
[2024-04-15T00:16:25.223+0000] {taskinstance.py:2073} INFO - Dependencies all met for dep_context=requeueable deps ti=<TaskInstance: extract_and_load_equipment_sensors.extract_data scheduled__2024-03-13T00:00:00+00:00 [queued]>
[2024-04-15T00:16:25.225+0000] {taskinstance.py:2303} INFO - Starting attempt 1 of 1
[2024-04-15T00:16:25.247+0000] {taskinstance.py:2327} INFO - Executing <Task(PythonOperator): extract_data> on 2024-03-13 00:00:00+00:00
[2024-04-15T00:16:25.262+0000] {warnings.py:110} WARNING - /home/***/.local/lib/python3.12/site-packages/***/task/task_runner/standard_task_runner.py:61: DeprecationWarning: This process (pid=7628) is multi-threaded, use of fork() may lead to deadlocks in the child.
  pid = os.fork()

[2024-04-15T00:16:25.263+0000] {standard_task_runner.py:63} INFO - Started process 7675 to run task
[2024-04-15T00:16:25.263+0000] {standard_task_runner.py:90} INFO - Running: ['***', 'tasks', 'run', 'extract_and_load_equipment_sensors', 'extract_data', 'scheduled__2024-03-13T00:00:00+00:00', '--job-id', '2211', '--raw', '--subdir', 'DAGS_FOLDER/dag_equipment_sensors.py', '--cfg-path', '/tmp/tmp40cz13ze']
[2024-04-15T00:16:25.265+0000] {standard_task_runner.py:91} INFO - Job 2211: Subtask extract_data
[2024-04-15T00:16:25.332+0000] {task_command.py:426} INFO - Running <TaskInstance: extract_and_load_equipment_sensors.extract_data scheduled__2024-03-13T00:00:00+00:00 [running]> on host cb5b33b73a08
[2024-04-15T00:16:25.478+0000] {taskinstance.py:2644} INFO - Exporting env vars: AIRFLOW_CTX_DAG_OWNER='***' AIRFLOW_CTX_DAG_ID='extract_and_load_equipment_sensors' AIRFLOW_CTX_TASK_ID='extract_data' AIRFLOW_CTX_EXECUTION_DATE='2024-03-13T00:00:00+00:00' AIRFLOW_CTX_TRY_NUMBER='1' AIRFLOW_CTX_DAG_RUN_ID='scheduled__2024-03-13T00:00:00+00:00'
[2024-04-15T00:16:25.481+0000] {taskinstance.py:430} INFO - ::endgroup::
[2024-04-15T00:16:25.513+0000] {python.py:237} INFO - Done. Returned value was:                          item
0      equipment_id,sensor_id
1                      1,4275
2                      2,5212
3                      3,7381
4                       4,396
...                       ...
9996                  14,7672
9997                   1,1302
9998                    2,434
9999                   3,5440
10000                  4,3653

[10001 rows x 1 columns]
[2024-04-15T00:16:25.529+0000] {taskinstance.py:441} INFO - ::group::Post task execution logs
[2024-04-15T00:16:25.614+0000] {taskinstance.py:1205} INFO - Marking task as SUCCESS. dag_id=extract_and_load_equipment_sensors, task_id=extract_data, execution_date=20240313T000000, start_date=20240415T001625, end_date=20240415T001625
[2024-04-15T00:16:25.722+0000] {local_task_job_runner.py:240} INFO - Task exited with return code 0
[2024-04-15T00:16:25.766+0000] {taskinstance.py:3482} INFO - 1 downstream tasks scheduled from follow-on schedule check
[2024-04-15T00:16:25.774+0000] {local_task_job_runner.py:222} INFO - ::endgroup::
