[2024-04-15T00:13:54.894+0000] {local_task_job_runner.py:120} INFO - ::group::Pre task execution logs
[2024-04-15T00:13:54.927+0000] {taskinstance.py:2073} INFO - Dependencies all met for dep_context=non-requeueable deps ti=<TaskInstance: extract_and_load_equipment_sensors.transform_data scheduled__2023-10-20T00:00:00+00:00 [queued]>
[2024-04-15T00:13:54.943+0000] {taskinstance.py:2073} INFO - Dependencies all met for dep_context=requeueable deps ti=<TaskInstance: extract_and_load_equipment_sensors.transform_data scheduled__2023-10-20T00:00:00+00:00 [queued]>
[2024-04-15T00:13:54.944+0000] {taskinstance.py:2303} INFO - Starting attempt 1 of 1
[2024-04-15T00:13:54.970+0000] {taskinstance.py:2327} INFO - Executing <Task(PythonOperator): transform_data> on 2023-10-20 00:00:00+00:00
[2024-04-15T00:13:54.984+0000] {warnings.py:110} WARNING - /home/***/.local/lib/python3.12/site-packages/***/task/task_runner/standard_task_runner.py:61: DeprecationWarning: This process (pid=6118) is multi-threaded, use of fork() may lead to deadlocks in the child.
  pid = os.fork()

[2024-04-15T00:13:54.987+0000] {standard_task_runner.py:63} INFO - Started process 6149 to run task
[2024-04-15T00:13:54.987+0000] {standard_task_runner.py:90} INFO - Running: ['***', 'tasks', 'run', 'extract_and_load_equipment_sensors', 'transform_data', 'scheduled__2023-10-20T00:00:00+00:00', '--job-id', '1786', '--raw', '--subdir', 'DAGS_FOLDER/dag_equipment_sensors.py', '--cfg-path', '/tmp/tmp0g5dbre5']
[2024-04-15T00:13:54.988+0000] {standard_task_runner.py:91} INFO - Job 1786: Subtask transform_data
[2024-04-15T00:13:55.068+0000] {task_command.py:426} INFO - Running <TaskInstance: extract_and_load_equipment_sensors.transform_data scheduled__2023-10-20T00:00:00+00:00 [running]> on host cb5b33b73a08
[2024-04-15T00:13:55.264+0000] {taskinstance.py:2644} INFO - Exporting env vars: AIRFLOW_CTX_DAG_OWNER='***' AIRFLOW_CTX_DAG_ID='extract_and_load_equipment_sensors' AIRFLOW_CTX_TASK_ID='transform_data' AIRFLOW_CTX_EXECUTION_DATE='2023-10-20T00:00:00+00:00' AIRFLOW_CTX_TRY_NUMBER='1' AIRFLOW_CTX_DAG_RUN_ID='scheduled__2023-10-20T00:00:00+00:00'
[2024-04-15T00:13:55.266+0000] {taskinstance.py:430} INFO - ::endgroup::
[2024-04-15T00:13:55.298+0000] {warnings.py:110} WARNING - /opt/***/dags/dag_equipment_sensors.py:19: SettingWithCopyWarning: 
A value is trying to be set on a copy of a slice from a DataFrame

See the caveats in the documentation: https://pandas.pydata.org/pandas-docs/stable/user_guide/indexing.html#returning-a-view-versus-a-copy
  df.drop('item', axis=1, inplace=True)

[2024-04-15T00:13:55.299+0000] {python.py:237} INFO - Done. Returned value was:       equipment_id sensor_id
1                1      4275
2                2      5212
3                3      7381
4                4       396
5                5      1645
...            ...       ...
9996            14      7672
9997             1      1302
9998             2       434
9999             3      5440
10000            4      3653

[10000 rows x 2 columns]
[2024-04-15T00:13:55.310+0000] {taskinstance.py:441} INFO - ::group::Post task execution logs
[2024-04-15T00:13:55.397+0000] {taskinstance.py:1205} INFO - Marking task as SUCCESS. dag_id=extract_and_load_equipment_sensors, task_id=transform_data, execution_date=20231020T000000, start_date=20240415T001354, end_date=20240415T001355
[2024-04-15T00:13:55.447+0000] {local_task_job_runner.py:240} INFO - Task exited with return code 0
[2024-04-15T00:13:55.481+0000] {taskinstance.py:3482} INFO - 1 downstream tasks scheduled from follow-on schedule check
[2024-04-15T00:13:55.488+0000] {local_task_job_runner.py:222} INFO - ::endgroup::
