[2024-04-15T00:15:47.419+0000] {local_task_job_runner.py:120} INFO - ::group::Pre task execution logs
[2024-04-15T00:15:47.448+0000] {taskinstance.py:2073} INFO - Dependencies all met for dep_context=non-requeueable deps ti=<TaskInstance: extract_and_load_equipment_sensors.extract_data scheduled__2024-02-02T00:00:00+00:00 [queued]>
[2024-04-15T00:15:47.460+0000] {taskinstance.py:2073} INFO - Dependencies all met for dep_context=requeueable deps ti=<TaskInstance: extract_and_load_equipment_sensors.extract_data scheduled__2024-02-02T00:00:00+00:00 [queued]>
[2024-04-15T00:15:47.467+0000] {taskinstance.py:2303} INFO - Starting attempt 1 of 1
[2024-04-15T00:15:47.495+0000] {taskinstance.py:2327} INFO - Executing <Task(PythonOperator): extract_data> on 2024-02-02 00:00:00+00:00
[2024-04-15T00:15:47.509+0000] {warnings.py:110} WARNING - /home/***/.local/lib/python3.12/site-packages/***/task/task_runner/standard_task_runner.py:61: DeprecationWarning: This process (pid=7234) is multi-threaded, use of fork() may lead to deadlocks in the child.
  pid = os.fork()

[2024-04-15T00:15:47.511+0000] {standard_task_runner.py:63} INFO - Started process 7260 to run task
[2024-04-15T00:15:47.512+0000] {standard_task_runner.py:90} INFO - Running: ['***', 'tasks', 'run', 'extract_and_load_equipment_sensors', 'extract_data', 'scheduled__2024-02-02T00:00:00+00:00', '--job-id', '2098', '--raw', '--subdir', 'DAGS_FOLDER/dag_equipment_sensors.py', '--cfg-path', '/tmp/tmp3723dm3i']
[2024-04-15T00:15:47.514+0000] {standard_task_runner.py:91} INFO - Job 2098: Subtask extract_data
[2024-04-15T00:15:47.601+0000] {task_command.py:426} INFO - Running <TaskInstance: extract_and_load_equipment_sensors.extract_data scheduled__2024-02-02T00:00:00+00:00 [running]> on host cb5b33b73a08
[2024-04-15T00:15:47.769+0000] {taskinstance.py:2644} INFO - Exporting env vars: AIRFLOW_CTX_DAG_OWNER='***' AIRFLOW_CTX_DAG_ID='extract_and_load_equipment_sensors' AIRFLOW_CTX_TASK_ID='extract_data' AIRFLOW_CTX_EXECUTION_DATE='2024-02-02T00:00:00+00:00' AIRFLOW_CTX_TRY_NUMBER='1' AIRFLOW_CTX_DAG_RUN_ID='scheduled__2024-02-02T00:00:00+00:00'
[2024-04-15T00:15:47.771+0000] {taskinstance.py:430} INFO - ::endgroup::
[2024-04-15T00:15:47.792+0000] {python.py:237} INFO - Done. Returned value was:                          item
0      equipment_id,sensor_id
1                      1,4275
2                      2,5212
3                      3,7381
4                       4,396
...                       ...
9996                  14,7672
9997                   1,1302
9998                    2,434
9999                   3,5440
10000                  4,3653

[10001 rows x 1 columns]
[2024-04-15T00:15:47.807+0000] {taskinstance.py:441} INFO - ::group::Post task execution logs
[2024-04-15T00:15:47.882+0000] {taskinstance.py:1205} INFO - Marking task as SUCCESS. dag_id=extract_and_load_equipment_sensors, task_id=extract_data, execution_date=20240202T000000, start_date=20240415T001547, end_date=20240415T001547
[2024-04-15T00:15:47.929+0000] {local_task_job_runner.py:240} INFO - Task exited with return code 0
[2024-04-15T00:15:47.965+0000] {taskinstance.py:3482} INFO - 1 downstream tasks scheduled from follow-on schedule check
[2024-04-15T00:15:47.971+0000] {local_task_job_runner.py:222} INFO - ::endgroup::
