[2024-04-14T20:38:43.379+0000] {local_task_job_runner.py:120} INFO - ::group::Pre task execution logs
[2024-04-14T20:38:43.396+0000] {taskinstance.py:2073} INFO - Dependencies all met for dep_context=non-requeueable deps ti=<TaskInstance: extract_and_load_equipment.extract_task manual__2024-04-14T20:38:41.700964+00:00 [queued]>
[2024-04-14T20:38:43.402+0000] {taskinstance.py:2073} INFO - Dependencies all met for dep_context=requeueable deps ti=<TaskInstance: extract_and_load_equipment.extract_task manual__2024-04-14T20:38:41.700964+00:00 [queued]>
[2024-04-14T20:38:43.403+0000] {taskinstance.py:2303} INFO - Starting attempt 1 of 1
[2024-04-14T20:38:43.415+0000] {taskinstance.py:2327} INFO - Executing <Task(PythonOperator): extract_task> on 2024-04-14 20:38:41.700964+00:00
[2024-04-14T20:38:43.423+0000] {warnings.py:110} WARNING - /home/***/.local/lib/python3.12/site-packages/***/task/task_runner/standard_task_runner.py:61: DeprecationWarning: This process (pid=600) is multi-threaded, use of fork() may lead to deadlocks in the child.
  pid = os.fork()

[2024-04-14T20:38:43.424+0000] {standard_task_runner.py:63} INFO - Started process 602 to run task
[2024-04-14T20:38:43.424+0000] {standard_task_runner.py:90} INFO - Running: ['***', 'tasks', 'run', 'extract_and_load_equipment', 'extract_task', 'manual__2024-04-14T20:38:41.700964+00:00', '--job-id', '21', '--raw', '--subdir', 'DAGS_FOLDER/dag_equipment.py', '--cfg-path', '/tmp/tmpycm2ngi6']
[2024-04-14T20:38:43.425+0000] {standard_task_runner.py:91} INFO - Job 21: Subtask extract_task
[2024-04-14T20:38:43.472+0000] {task_command.py:426} INFO - Running <TaskInstance: extract_and_load_equipment.extract_task manual__2024-04-14T20:38:41.700964+00:00 [running]> on host d0408c96e778
[2024-04-14T20:38:43.558+0000] {taskinstance.py:2644} INFO - Exporting env vars: AIRFLOW_CTX_DAG_OWNER='***' AIRFLOW_CTX_DAG_ID='extract_and_load_equipment' AIRFLOW_CTX_TASK_ID='extract_task' AIRFLOW_CTX_EXECUTION_DATE='2024-04-14T20:38:41.700964+00:00' AIRFLOW_CTX_TRY_NUMBER='1' AIRFLOW_CTX_DAG_RUN_ID='manual__2024-04-14T20:38:41.700964+00:00'
[2024-04-14T20:38:43.559+0000] {taskinstance.py:430} INFO - ::endgroup::
[2024-04-14T20:38:43.560+0000] {logging_mixin.py:188} INFO - /opt/***/dados/equipment.json
[2024-04-14T20:38:43.581+0000] {warnings.py:110} WARNING - /opt/***/dags/dag_equipment.py:15: UserWarning: pandas only supports SQLAlchemy connectable (engine/connection) or database string URI or sqlite3 DBAPI2 connection. Other DBAPI2 objects are not tested. Please consider using SQLAlchemy.
  df.to_sql(name='equipment_teste_***',con=conn, if_exists='append', index=False)

[2024-04-14T20:38:43.582+0000] {taskinstance.py:441} INFO - ::group::Post task execution logs
[2024-04-14T20:38:43.583+0000] {taskinstance.py:2890} ERROR - Task failed with exception
Traceback (most recent call last):
  File "/home/airflow/.local/lib/python3.12/site-packages/airflow/models/taskinstance.py", line 465, in _execute_task
    result = _execute_callable(context=context, **execute_callable_kwargs)
             ^^^^^^^^^^^^^^^^^^^^^^^^^^^^^^^^^^^^^^^^^^^^^^^^^^^^^^^^^^^^^
  File "/home/airflow/.local/lib/python3.12/site-packages/airflow/models/taskinstance.py", line 432, in _execute_callable
    return execute_callable(context=context, **execute_callable_kwargs)
           ^^^^^^^^^^^^^^^^^^^^^^^^^^^^^^^^^^^^^^^^^^^^^^^^^^^^^^^^^^^^
  File "/home/airflow/.local/lib/python3.12/site-packages/airflow/models/baseoperator.py", line 400, in wrapper
    return func(self, *args, **kwargs)
           ^^^^^^^^^^^^^^^^^^^^^^^^^^^
  File "/home/airflow/.local/lib/python3.12/site-packages/airflow/operators/python.py", line 235, in execute
    return_value = self.execute_callable()
                   ^^^^^^^^^^^^^^^^^^^^^^^
  File "/home/airflow/.local/lib/python3.12/site-packages/airflow/operators/python.py", line 252, in execute_callable
    return self.python_callable(*self.op_args, **self.op_kwargs)
           ^^^^^^^^^^^^^^^^^^^^^^^^^^^^^^^^^^^^^^^^^^^^^^^^^^^^^
  File "/opt/airflow/dags/dag_equipment.py", line 15, in extract_to_dataframe
    df.to_sql(name='equipment_teste_airflow',con=conn, if_exists='append', index=False)
  File "/home/airflow/.local/lib/python3.12/site-packages/pandas/util/_decorators.py", line 333, in wrapper
    return func(*args, **kwargs)
           ^^^^^^^^^^^^^^^^^^^^^
  File "/home/airflow/.local/lib/python3.12/site-packages/pandas/core/generic.py", line 3087, in to_sql
    return sql.to_sql(
           ^^^^^^^^^^^
  File "/home/airflow/.local/lib/python3.12/site-packages/pandas/io/sql.py", line 842, in to_sql
    return pandas_sql.to_sql(
           ^^^^^^^^^^^^^^^^^^
  File "/home/airflow/.local/lib/python3.12/site-packages/pandas/io/sql.py", line 2850, in to_sql
    table.create()
  File "/home/airflow/.local/lib/python3.12/site-packages/pandas/io/sql.py", line 984, in create
    if self.exists():
       ^^^^^^^^^^^^^
  File "/home/airflow/.local/lib/python3.12/site-packages/pandas/io/sql.py", line 970, in exists
    return self.pd_sql.has_table(self.name, self.schema)
           ^^^^^^^^^^^^^^^^^^^^^^^^^^^^^^^^^^^^^^^^^^^^^
  File "/home/airflow/.local/lib/python3.12/site-packages/pandas/io/sql.py", line 2865, in has_table
    return len(self.execute(query, [name]).fetchall()) > 0
               ^^^^^^^^^^^^^^^^^^^^^^^^^^^
  File "/home/airflow/.local/lib/python3.12/site-packages/pandas/io/sql.py", line 2672, in execute
    cur = self.con.cursor()
          ^^^^^^^^^^^^^^^
AttributeError: 'MySQL' object has no attribute 'cursor'
[2024-04-14T20:38:43.604+0000] {taskinstance.py:1205} INFO - Marking task as FAILED. dag_id=extract_and_load_equipment, task_id=extract_task, execution_date=20240414T203841, start_date=20240414T203843, end_date=20240414T203843
[2024-04-14T20:38:43.616+0000] {standard_task_runner.py:110} ERROR - Failed to execute job 21 for task extract_task ('MySQL' object has no attribute 'cursor'; 602)
[2024-04-14T20:38:43.638+0000] {local_task_job_runner.py:240} INFO - Task exited with return code 1
[2024-04-14T20:38:43.651+0000] {taskinstance.py:3482} INFO - 0 downstream tasks scheduled from follow-on schedule check
[2024-04-14T20:38:43.654+0000] {local_task_job_runner.py:222} INFO - ::endgroup::
