[2024-04-15T00:11:29.876+0000] {local_task_job_runner.py:120} INFO - ::group::Pre task execution logs
[2024-04-15T00:11:29.908+0000] {taskinstance.py:2073} INFO - Dependencies all met for dep_context=non-requeueable deps ti=<TaskInstance: extract_and_load_equipment_sensors.load_to_mysql scheduled__2023-05-30T00:00:00+00:00 [queued]>
[2024-04-15T00:11:29.921+0000] {taskinstance.py:2073} INFO - Dependencies all met for dep_context=requeueable deps ti=<TaskInstance: extract_and_load_equipment_sensors.load_to_mysql scheduled__2023-05-30T00:00:00+00:00 [queued]>
[2024-04-15T00:11:29.922+0000] {taskinstance.py:2303} INFO - Starting attempt 1 of 1
[2024-04-15T00:11:29.939+0000] {taskinstance.py:2327} INFO - Executing <Task(PythonOperator): load_to_mysql> on 2023-05-30 00:00:00+00:00
[2024-04-15T00:11:29.951+0000] {warnings.py:110} WARNING - /home/***/.local/lib/python3.12/site-packages/***/task/task_runner/standard_task_runner.py:61: DeprecationWarning: This process (pid=4612) is multi-threaded, use of fork() may lead to deadlocks in the child.
  pid = os.fork()

[2024-04-15T00:11:29.953+0000] {standard_task_runner.py:63} INFO - Started process 4632 to run task
[2024-04-15T00:11:29.953+0000] {standard_task_runner.py:90} INFO - Running: ['***', 'tasks', 'run', 'extract_and_load_equipment_sensors', 'load_to_mysql', 'scheduled__2023-05-30T00:00:00+00:00', '--job-id', '1377', '--raw', '--subdir', 'DAGS_FOLDER/dag_equipment_sensors.py', '--cfg-path', '/tmp/tmp31rh2ar1']
[2024-04-15T00:11:29.954+0000] {standard_task_runner.py:91} INFO - Job 1377: Subtask load_to_mysql
[2024-04-15T00:11:29.997+0000] {task_command.py:426} INFO - Running <TaskInstance: extract_and_load_equipment_sensors.load_to_mysql scheduled__2023-05-30T00:00:00+00:00 [running]> on host cb5b33b73a08
[2024-04-15T00:11:30.099+0000] {taskinstance.py:2644} INFO - Exporting env vars: AIRFLOW_CTX_DAG_OWNER='***' AIRFLOW_CTX_DAG_ID='extract_and_load_equipment_sensors' AIRFLOW_CTX_TASK_ID='load_to_mysql' AIRFLOW_CTX_EXECUTION_DATE='2023-05-30T00:00:00+00:00' AIRFLOW_CTX_TRY_NUMBER='1' AIRFLOW_CTX_DAG_RUN_ID='scheduled__2023-05-30T00:00:00+00:00'
[2024-04-15T00:11:30.101+0000] {taskinstance.py:430} INFO - ::endgroup::
[2024-04-15T00:11:30.114+0000] {logging_mixin.py:188} INFO - Using URI string without sqlalchemy installed.
[2024-04-15T00:11:30.116+0000] {python.py:237} INFO - Done. Returned value was: None
[2024-04-15T00:11:30.118+0000] {taskinstance.py:441} INFO - ::group::Post task execution logs
[2024-04-15T00:11:30.126+0000] {taskinstance.py:1205} INFO - Marking task as SUCCESS. dag_id=extract_and_load_equipment_sensors, task_id=load_to_mysql, execution_date=20230530T000000, start_date=20240415T001129, end_date=20240415T001130
[2024-04-15T00:11:30.167+0000] {local_task_job_runner.py:240} INFO - Task exited with return code 0
[2024-04-15T00:11:30.181+0000] {taskinstance.py:3482} INFO - 0 downstream tasks scheduled from follow-on schedule check
[2024-04-15T00:11:30.187+0000] {local_task_job_runner.py:222} INFO - ::endgroup::
