[2024-04-15T00:10:56.381+0000] {local_task_job_runner.py:120} INFO - ::group::Pre task execution logs
[2024-04-15T00:10:56.431+0000] {taskinstance.py:2073} INFO - Dependencies all met for dep_context=non-requeueable deps ti=<TaskInstance: extract_and_load_equipment_sensors.load_to_mysql scheduled__2023-04-17T00:00:00+00:00 [queued]>
[2024-04-15T00:10:56.450+0000] {taskinstance.py:2073} INFO - Dependencies all met for dep_context=requeueable deps ti=<TaskInstance: extract_and_load_equipment_sensors.load_to_mysql scheduled__2023-04-17T00:00:00+00:00 [queued]>
[2024-04-15T00:10:56.451+0000] {taskinstance.py:2303} INFO - Starting attempt 1 of 1
[2024-04-15T00:10:56.478+0000] {taskinstance.py:2327} INFO - Executing <Task(PythonOperator): load_to_mysql> on 2023-04-17 00:00:00+00:00
[2024-04-15T00:10:56.500+0000] {warnings.py:110} WARNING - /home/***/.local/lib/python3.12/site-packages/***/task/task_runner/standard_task_runner.py:61: DeprecationWarning: This process (pid=4207) is multi-threaded, use of fork() may lead to deadlocks in the child.
  pid = os.fork()

[2024-04-15T00:10:56.503+0000] {standard_task_runner.py:63} INFO - Started process 4254 to run task
[2024-04-15T00:10:56.509+0000] {standard_task_runner.py:90} INFO - Running: ['***', 'tasks', 'run', 'extract_and_load_equipment_sensors', 'load_to_mysql', 'scheduled__2023-04-17T00:00:00+00:00', '--job-id', '1266', '--raw', '--subdir', 'DAGS_FOLDER/dag_equipment_sensors.py', '--cfg-path', '/tmp/tmpdi0e_2dc']
[2024-04-15T00:10:56.510+0000] {standard_task_runner.py:91} INFO - Job 1266: Subtask load_to_mysql
[2024-04-15T00:10:56.613+0000] {task_command.py:426} INFO - Running <TaskInstance: extract_and_load_equipment_sensors.load_to_mysql scheduled__2023-04-17T00:00:00+00:00 [running]> on host cb5b33b73a08
[2024-04-15T00:10:56.830+0000] {taskinstance.py:2644} INFO - Exporting env vars: AIRFLOW_CTX_DAG_OWNER='***' AIRFLOW_CTX_DAG_ID='extract_and_load_equipment_sensors' AIRFLOW_CTX_TASK_ID='load_to_mysql' AIRFLOW_CTX_EXECUTION_DATE='2023-04-17T00:00:00+00:00' AIRFLOW_CTX_TRY_NUMBER='1' AIRFLOW_CTX_DAG_RUN_ID='scheduled__2023-04-17T00:00:00+00:00'
[2024-04-15T00:10:56.831+0000] {taskinstance.py:430} INFO - ::endgroup::
[2024-04-15T00:10:56.862+0000] {logging_mixin.py:188} INFO - Using URI string without sqlalchemy installed.
[2024-04-15T00:10:56.863+0000] {python.py:237} INFO - Done. Returned value was: None
[2024-04-15T00:10:56.867+0000] {taskinstance.py:441} INFO - ::group::Post task execution logs
[2024-04-15T00:10:56.887+0000] {taskinstance.py:1205} INFO - Marking task as SUCCESS. dag_id=extract_and_load_equipment_sensors, task_id=load_to_mysql, execution_date=20230417T000000, start_date=20240415T001056, end_date=20240415T001056
[2024-04-15T00:10:56.940+0000] {local_task_job_runner.py:240} INFO - Task exited with return code 0
[2024-04-15T00:10:56.967+0000] {taskinstance.py:3482} INFO - 0 downstream tasks scheduled from follow-on schedule check
[2024-04-15T00:10:56.990+0000] {local_task_job_runner.py:222} INFO - ::endgroup::
