[2024-04-15T00:06:37.547+0000] {local_task_job_runner.py:120} INFO - ::group::Pre task execution logs
[2024-04-15T00:06:37.572+0000] {taskinstance.py:2073} INFO - Dependencies all met for dep_context=non-requeueable deps ti=<TaskInstance: extract_and_load_equipment_sensors.transform_data scheduled__2022-08-13T00:00:00+00:00 [queued]>
[2024-04-15T00:06:37.582+0000] {taskinstance.py:2073} INFO - Dependencies all met for dep_context=requeueable deps ti=<TaskInstance: extract_and_load_equipment_sensors.transform_data scheduled__2022-08-13T00:00:00+00:00 [queued]>
[2024-04-15T00:06:37.583+0000] {taskinstance.py:2303} INFO - Starting attempt 1 of 1
[2024-04-15T00:06:37.602+0000] {taskinstance.py:2327} INFO - Executing <Task(PythonOperator): transform_data> on 2022-08-13 00:00:00+00:00
[2024-04-15T00:06:37.614+0000] {warnings.py:110} WARNING - /home/***/.local/lib/python3.12/site-packages/***/task/task_runner/standard_task_runner.py:61: DeprecationWarning: This process (pid=1638) is multi-threaded, use of fork() may lead to deadlocks in the child.
  pid = os.fork()

[2024-04-15T00:06:37.616+0000] {standard_task_runner.py:63} INFO - Started process 1664 to run task
[2024-04-15T00:06:37.616+0000] {standard_task_runner.py:90} INFO - Running: ['***', 'tasks', 'run', 'extract_and_load_equipment_sensors', 'transform_data', 'scheduled__2022-08-13T00:00:00+00:00', '--job-id', '563', '--raw', '--subdir', 'DAGS_FOLDER/dag_equipment_sensors.py', '--cfg-path', '/tmp/tmpptns8scb']
[2024-04-15T00:06:37.617+0000] {standard_task_runner.py:91} INFO - Job 563: Subtask transform_data
[2024-04-15T00:06:37.665+0000] {task_command.py:426} INFO - Running <TaskInstance: extract_and_load_equipment_sensors.transform_data scheduled__2022-08-13T00:00:00+00:00 [running]> on host cb5b33b73a08
[2024-04-15T00:06:37.765+0000] {taskinstance.py:2644} INFO - Exporting env vars: AIRFLOW_CTX_DAG_OWNER='***' AIRFLOW_CTX_DAG_ID='extract_and_load_equipment_sensors' AIRFLOW_CTX_TASK_ID='transform_data' AIRFLOW_CTX_EXECUTION_DATE='2022-08-13T00:00:00+00:00' AIRFLOW_CTX_TRY_NUMBER='1' AIRFLOW_CTX_DAG_RUN_ID='scheduled__2022-08-13T00:00:00+00:00'
[2024-04-15T00:06:37.767+0000] {taskinstance.py:430} INFO - ::endgroup::
[2024-04-15T00:06:37.782+0000] {warnings.py:110} WARNING - /opt/***/dags/dag_equipment_sensors.py:17: SettingWithCopyWarning: 
A value is trying to be set on a copy of a slice from a DataFrame

See the caveats in the documentation: https://pandas.pydata.org/pandas-docs/stable/user_guide/indexing.html#returning-a-view-versus-a-copy
  df.drop('item', axis=1, inplace=True)

[2024-04-15T00:06:37.783+0000] {python.py:237} INFO - Done. Returned value was:       equipment_id sensor_id
1                1      4275
2                2      5212
3                3      7381
4                4       396
5                5      1645
...            ...       ...
9996            14      7672
9997             1      1302
9998             2       434
9999             3      5440
10000            4      3653

[10000 rows x 2 columns]
[2024-04-15T00:06:37.789+0000] {taskinstance.py:441} INFO - ::group::Post task execution logs
[2024-04-15T00:06:37.835+0000] {taskinstance.py:1205} INFO - Marking task as SUCCESS. dag_id=extract_and_load_equipment_sensors, task_id=transform_data, execution_date=20220813T000000, start_date=20240415T000637, end_date=20240415T000637
[2024-04-15T00:06:37.870+0000] {local_task_job_runner.py:240} INFO - Task exited with return code 0
[2024-04-15T00:06:37.889+0000] {taskinstance.py:3482} INFO - 1 downstream tasks scheduled from follow-on schedule check
[2024-04-15T00:06:37.893+0000] {local_task_job_runner.py:222} INFO - ::endgroup::
