[2024-04-15T00:11:42.120+0000] {local_task_job_runner.py:120} INFO - ::group::Pre task execution logs
[2024-04-15T00:11:42.157+0000] {taskinstance.py:2073} INFO - Dependencies all met for dep_context=non-requeueable deps ti=<TaskInstance: extract_and_load_equipment_sensors.transform_data scheduled__2023-06-12T00:00:00+00:00 [queued]>
[2024-04-15T00:11:42.175+0000] {taskinstance.py:2073} INFO - Dependencies all met for dep_context=requeueable deps ti=<TaskInstance: extract_and_load_equipment_sensors.transform_data scheduled__2023-06-12T00:00:00+00:00 [queued]>
[2024-04-15T00:11:42.176+0000] {taskinstance.py:2303} INFO - Starting attempt 1 of 1
[2024-04-15T00:11:42.218+0000] {taskinstance.py:2327} INFO - Executing <Task(PythonOperator): transform_data> on 2023-06-12 00:00:00+00:00
[2024-04-15T00:11:42.240+0000] {warnings.py:110} WARNING - /home/***/.local/lib/python3.12/site-packages/***/task/task_runner/standard_task_runner.py:61: DeprecationWarning: This process (pid=4705) is multi-threaded, use of fork() may lead to deadlocks in the child.
  pid = os.fork()

[2024-04-15T00:11:42.243+0000] {standard_task_runner.py:63} INFO - Started process 4752 to run task
[2024-04-15T00:11:42.248+0000] {standard_task_runner.py:90} INFO - Running: ['***', 'tasks', 'run', 'extract_and_load_equipment_sensors', 'transform_data', 'scheduled__2023-06-12T00:00:00+00:00', '--job-id', '1406', '--raw', '--subdir', 'DAGS_FOLDER/dag_equipment_sensors.py', '--cfg-path', '/tmp/tmp90f_y7ny']
[2024-04-15T00:11:42.250+0000] {standard_task_runner.py:91} INFO - Job 1406: Subtask transform_data
[2024-04-15T00:11:42.390+0000] {task_command.py:426} INFO - Running <TaskInstance: extract_and_load_equipment_sensors.transform_data scheduled__2023-06-12T00:00:00+00:00 [running]> on host cb5b33b73a08
[2024-04-15T00:11:42.663+0000] {taskinstance.py:2644} INFO - Exporting env vars: AIRFLOW_CTX_DAG_OWNER='***' AIRFLOW_CTX_DAG_ID='extract_and_load_equipment_sensors' AIRFLOW_CTX_TASK_ID='transform_data' AIRFLOW_CTX_EXECUTION_DATE='2023-06-12T00:00:00+00:00' AIRFLOW_CTX_TRY_NUMBER='1' AIRFLOW_CTX_DAG_RUN_ID='scheduled__2023-06-12T00:00:00+00:00'
[2024-04-15T00:11:42.665+0000] {taskinstance.py:430} INFO - ::endgroup::
[2024-04-15T00:11:42.693+0000] {warnings.py:110} WARNING - /opt/***/dags/dag_equipment_sensors.py:19: SettingWithCopyWarning: 
A value is trying to be set on a copy of a slice from a DataFrame

See the caveats in the documentation: https://pandas.pydata.org/pandas-docs/stable/user_guide/indexing.html#returning-a-view-versus-a-copy
  df.drop('item', axis=1, inplace=True)

[2024-04-15T00:11:42.694+0000] {python.py:237} INFO - Done. Returned value was:       equipment_id sensor_id
1                1      4275
2                2      5212
3                3      7381
4                4       396
5                5      1645
...            ...       ...
9996            14      7672
9997             1      1302
9998             2       434
9999             3      5440
10000            4      3653

[10000 rows x 2 columns]
[2024-04-15T00:11:42.704+0000] {taskinstance.py:441} INFO - ::group::Post task execution logs
[2024-04-15T00:11:42.804+0000] {taskinstance.py:1205} INFO - Marking task as SUCCESS. dag_id=extract_and_load_equipment_sensors, task_id=transform_data, execution_date=20230612T000000, start_date=20240415T001142, end_date=20240415T001142
[2024-04-15T00:11:42.876+0000] {local_task_job_runner.py:240} INFO - Task exited with return code 0
[2024-04-15T00:11:42.907+0000] {taskinstance.py:3482} INFO - 1 downstream tasks scheduled from follow-on schedule check
[2024-04-15T00:11:42.917+0000] {local_task_job_runner.py:222} INFO - ::endgroup::
