[2024-04-15T00:40:06.914+0000] {local_task_job_runner.py:120} INFO - ::group::Pre task execution logs
[2024-04-15T00:40:06.933+0000] {taskinstance.py:2073} INFO - Dependencies all met for dep_context=non-requeueable deps ti=<TaskInstance: extract_and_load_equipment.load_task manual__2024-04-15T00:40:02.548557+00:00 [queued]>
[2024-04-15T00:40:06.943+0000] {taskinstance.py:2073} INFO - Dependencies all met for dep_context=requeueable deps ti=<TaskInstance: extract_and_load_equipment.load_task manual__2024-04-15T00:40:02.548557+00:00 [queued]>
[2024-04-15T00:40:06.943+0000] {taskinstance.py:2303} INFO - Starting attempt 1 of 1
[2024-04-15T00:40:06.962+0000] {taskinstance.py:2327} INFO - Executing <Task(PythonOperator): load_task> on 2024-04-15 00:40:02.548557+00:00
[2024-04-15T00:40:06.976+0000] {warnings.py:110} WARNING - /home/***/.local/lib/python3.12/site-packages/***/task/task_runner/standard_task_runner.py:61: DeprecationWarning: This process (pid=273) is multi-threaded, use of fork() may lead to deadlocks in the child.
  pid = os.fork()

[2024-04-15T00:40:06.978+0000] {standard_task_runner.py:63} INFO - Started process 275 to run task
[2024-04-15T00:40:06.977+0000] {standard_task_runner.py:90} INFO - Running: ['***', 'tasks', 'run', 'extract_and_load_equipment', 'load_task', 'manual__2024-04-15T00:40:02.548557+00:00', '--job-id', '2342', '--raw', '--subdir', 'DAGS_FOLDER/dag_equipment.py', '--cfg-path', '/tmp/tmpa0m7ehcy']
[2024-04-15T00:40:06.979+0000] {standard_task_runner.py:91} INFO - Job 2342: Subtask load_task
[2024-04-15T00:40:07.019+0000] {task_command.py:426} INFO - Running <TaskInstance: extract_and_load_equipment.load_task manual__2024-04-15T00:40:02.548557+00:00 [running]> on host 5844c8608a80
[2024-04-15T00:40:07.093+0000] {taskinstance.py:2644} INFO - Exporting env vars: AIRFLOW_CTX_DAG_OWNER='***' AIRFLOW_CTX_DAG_ID='extract_and_load_equipment' AIRFLOW_CTX_TASK_ID='load_task' AIRFLOW_CTX_EXECUTION_DATE='2024-04-15T00:40:02.548557+00:00' AIRFLOW_CTX_TRY_NUMBER='1' AIRFLOW_CTX_DAG_RUN_ID='manual__2024-04-15T00:40:02.548557+00:00'
[2024-04-15T00:40:07.094+0000] {taskinstance.py:430} INFO - ::endgroup::
[2024-04-15T00:40:07.258+0000] {logging_mixin.py:188} INFO - DataFrame inserido na tabela equipment_teste_***
[2024-04-15T00:40:07.259+0000] {python.py:237} INFO - Done. Returned value was: None
[2024-04-15T00:40:07.260+0000] {taskinstance.py:441} INFO - ::group::Post task execution logs
[2024-04-15T00:40:07.270+0000] {taskinstance.py:1205} INFO - Marking task as SUCCESS. dag_id=extract_and_load_equipment, task_id=load_task, execution_date=20240415T004002, start_date=20240415T004006, end_date=20240415T004007
[2024-04-15T00:40:07.312+0000] {local_task_job_runner.py:240} INFO - Task exited with return code 0
[2024-04-15T00:40:07.331+0000] {taskinstance.py:3482} INFO - 0 downstream tasks scheduled from follow-on schedule check
[2024-04-15T00:40:07.335+0000] {local_task_job_runner.py:222} INFO - ::endgroup::
