[2024-04-14T20:32:46.720+0000] {local_task_job_runner.py:120} INFO - ::group::Pre task execution logs
[2024-04-14T20:32:46.738+0000] {taskinstance.py:2073} INFO - Dependencies all met for dep_context=non-requeueable deps ti=<TaskInstance: get_all_tables_from_db.get_all_tables_task manual__2024-04-14T20:32:44.561952+00:00 [queued]>
[2024-04-14T20:32:46.744+0000] {taskinstance.py:2073} INFO - Dependencies all met for dep_context=requeueable deps ti=<TaskInstance: get_all_tables_from_db.get_all_tables_task manual__2024-04-14T20:32:44.561952+00:00 [queued]>
[2024-04-14T20:32:46.745+0000] {taskinstance.py:2303} INFO - Starting attempt 1 of 1
[2024-04-14T20:32:46.758+0000] {taskinstance.py:2327} INFO - Executing <Task(PythonOperator): get_all_tables_task> on 2024-04-14 20:32:44.561952+00:00
[2024-04-14T20:32:46.766+0000] {warnings.py:110} WARNING - /home/***/.local/lib/python3.12/site-packages/***/task/task_runner/standard_task_runner.py:61: DeprecationWarning: This process (pid=514) is multi-threaded, use of fork() may lead to deadlocks in the child.
  pid = os.fork()

[2024-04-14T20:32:46.767+0000] {standard_task_runner.py:90} INFO - Running: ['***', 'tasks', 'run', 'get_all_tables_from_db', 'get_all_tables_task', 'manual__2024-04-14T20:32:44.561952+00:00', '--job-id', '18', '--raw', '--subdir', 'DAGS_FOLDER/dag_teste.py', '--cfg-path', '/tmp/tmpv804hvz_']
[2024-04-14T20:32:46.768+0000] {standard_task_runner.py:63} INFO - Started process 516 to run task
[2024-04-14T20:32:46.768+0000] {standard_task_runner.py:91} INFO - Job 18: Subtask get_all_tables_task
[2024-04-14T20:32:46.805+0000] {task_command.py:426} INFO - Running <TaskInstance: get_all_tables_from_db.get_all_tables_task manual__2024-04-14T20:32:44.561952+00:00 [running]> on host d0408c96e778
[2024-04-14T20:32:46.871+0000] {taskinstance.py:2644} INFO - Exporting env vars: AIRFLOW_CTX_DAG_OWNER='***' AIRFLOW_CTX_DAG_ID='get_all_tables_from_db' AIRFLOW_CTX_TASK_ID='get_all_tables_task' AIRFLOW_CTX_EXECUTION_DATE='2024-04-14T20:32:44.561952+00:00' AIRFLOW_CTX_TRY_NUMBER='1' AIRFLOW_CTX_DAG_RUN_ID='manual__2024-04-14T20:32:44.561952+00:00'
[2024-04-14T20:32:46.872+0000] {taskinstance.py:430} INFO - ::endgroup::
[2024-04-14T20:32:46.897+0000] {logging_mixin.py:188} INFO - Tabelas:
[2024-04-14T20:32:46.897+0000] {logging_mixin.py:188} INFO - equipment
[2024-04-14T20:32:46.898+0000] {logging_mixin.py:188} INFO - equipment_failure_sensors
[2024-04-14T20:32:46.898+0000] {logging_mixin.py:188} INFO - equipment_sensors
[2024-04-14T20:32:46.898+0000] {logging_mixin.py:188} INFO - equipment_teste_***
[2024-04-14T20:32:46.899+0000] {python.py:237} INFO - Done. Returned value was: None
[2024-04-14T20:32:46.899+0000] {taskinstance.py:441} INFO - ::group::Post task execution logs
[2024-04-14T20:32:46.906+0000] {taskinstance.py:1205} INFO - Marking task as SUCCESS. dag_id=get_all_tables_from_db, task_id=get_all_tables_task, execution_date=20240414T203244, start_date=20240414T203246, end_date=20240414T203246
[2024-04-14T20:32:46.941+0000] {local_task_job_runner.py:240} INFO - Task exited with return code 0
[2024-04-14T20:32:46.955+0000] {taskinstance.py:3482} INFO - 0 downstream tasks scheduled from follow-on schedule check
[2024-04-14T20:32:46.958+0000] {local_task_job_runner.py:222} INFO - ::endgroup::
