[2024-04-15T00:10:24.112+0000] {local_task_job_runner.py:120} INFO - ::group::Pre task execution logs
[2024-04-15T00:10:24.143+0000] {taskinstance.py:2073} INFO - Dependencies all met for dep_context=non-requeueable deps ti=<TaskInstance: extract_and_load_equipment_sensors.load_to_mysql scheduled__2023-03-15T00:00:00+00:00 [queued]>
[2024-04-15T00:10:24.158+0000] {taskinstance.py:2073} INFO - Dependencies all met for dep_context=requeueable deps ti=<TaskInstance: extract_and_load_equipment_sensors.load_to_mysql scheduled__2023-03-15T00:00:00+00:00 [queued]>
[2024-04-15T00:10:24.159+0000] {taskinstance.py:2303} INFO - Starting attempt 1 of 1
[2024-04-15T00:10:24.181+0000] {taskinstance.py:2327} INFO - Executing <Task(PythonOperator): load_to_mysql> on 2023-03-15 00:00:00+00:00
[2024-04-15T00:10:24.196+0000] {warnings.py:110} WARNING - /home/***/.local/lib/python3.12/site-packages/***/task/task_runner/standard_task_runner.py:61: DeprecationWarning: This process (pid=3850) is multi-threaded, use of fork() may lead to deadlocks in the child.
  pid = os.fork()

[2024-04-15T00:10:24.198+0000] {standard_task_runner.py:63} INFO - Started process 3890 to run task
[2024-04-15T00:10:24.198+0000] {standard_task_runner.py:90} INFO - Running: ['***', 'tasks', 'run', 'extract_and_load_equipment_sensors', 'load_to_mysql', 'scheduled__2023-03-15T00:00:00+00:00', '--job-id', '1165', '--raw', '--subdir', 'DAGS_FOLDER/dag_equipment_sensors.py', '--cfg-path', '/tmp/tmpsdvtxxl0']
[2024-04-15T00:10:24.200+0000] {standard_task_runner.py:91} INFO - Job 1165: Subtask load_to_mysql
[2024-04-15T00:10:24.282+0000] {task_command.py:426} INFO - Running <TaskInstance: extract_and_load_equipment_sensors.load_to_mysql scheduled__2023-03-15T00:00:00+00:00 [running]> on host cb5b33b73a08
[2024-04-15T00:10:24.466+0000] {taskinstance.py:2644} INFO - Exporting env vars: AIRFLOW_CTX_DAG_OWNER='***' AIRFLOW_CTX_DAG_ID='extract_and_load_equipment_sensors' AIRFLOW_CTX_TASK_ID='load_to_mysql' AIRFLOW_CTX_EXECUTION_DATE='2023-03-15T00:00:00+00:00' AIRFLOW_CTX_TRY_NUMBER='1' AIRFLOW_CTX_DAG_RUN_ID='scheduled__2023-03-15T00:00:00+00:00'
[2024-04-15T00:10:24.469+0000] {taskinstance.py:430} INFO - ::endgroup::
[2024-04-15T00:10:24.494+0000] {logging_mixin.py:188} INFO - Using URI string without sqlalchemy installed.
[2024-04-15T00:10:24.496+0000] {python.py:237} INFO - Done. Returned value was: None
[2024-04-15T00:10:24.499+0000] {taskinstance.py:441} INFO - ::group::Post task execution logs
[2024-04-15T00:10:24.526+0000] {taskinstance.py:1205} INFO - Marking task as SUCCESS. dag_id=extract_and_load_equipment_sensors, task_id=load_to_mysql, execution_date=20230315T000000, start_date=20240415T001024, end_date=20240415T001024
[2024-04-15T00:10:24.614+0000] {local_task_job_runner.py:240} INFO - Task exited with return code 0
[2024-04-15T00:10:24.653+0000] {taskinstance.py:3482} INFO - 0 downstream tasks scheduled from follow-on schedule check
[2024-04-15T00:10:24.661+0000] {local_task_job_runner.py:222} INFO - ::endgroup::
