[2024-04-14T20:44:49.185+0000] {local_task_job_runner.py:120} INFO - ::group::Pre task execution logs
[2024-04-14T20:44:49.203+0000] {taskinstance.py:2073} INFO - Dependencies all met for dep_context=non-requeueable deps ti=<TaskInstance: extract_and_load_equipment.extract_task manual__2024-04-14T20:44:47.240650+00:00 [queued]>
[2024-04-14T20:44:49.209+0000] {taskinstance.py:2073} INFO - Dependencies all met for dep_context=requeueable deps ti=<TaskInstance: extract_and_load_equipment.extract_task manual__2024-04-14T20:44:47.240650+00:00 [queued]>
[2024-04-14T20:44:49.210+0000] {taskinstance.py:2303} INFO - Starting attempt 1 of 1
[2024-04-14T20:44:49.223+0000] {taskinstance.py:2327} INFO - Executing <Task(PythonOperator): extract_task> on 2024-04-14 20:44:47.240650+00:00
[2024-04-14T20:44:49.231+0000] {warnings.py:110} WARNING - /home/***/.local/lib/python3.12/site-packages/***/task/task_runner/standard_task_runner.py:61: DeprecationWarning: This process (pid=693) is multi-threaded, use of fork() may lead to deadlocks in the child.
  pid = os.fork()

[2024-04-14T20:44:49.232+0000] {standard_task_runner.py:63} INFO - Started process 695 to run task
[2024-04-14T20:44:49.232+0000] {standard_task_runner.py:90} INFO - Running: ['***', 'tasks', 'run', 'extract_and_load_equipment', 'extract_task', 'manual__2024-04-14T20:44:47.240650+00:00', '--job-id', '24', '--raw', '--subdir', 'DAGS_FOLDER/dag_equipment.py', '--cfg-path', '/tmp/tmpa8zdfl8s']
[2024-04-14T20:44:49.233+0000] {standard_task_runner.py:91} INFO - Job 24: Subtask extract_task
[2024-04-14T20:44:49.269+0000] {task_command.py:426} INFO - Running <TaskInstance: extract_and_load_equipment.extract_task manual__2024-04-14T20:44:47.240650+00:00 [running]> on host d0408c96e778
[2024-04-14T20:44:49.341+0000] {taskinstance.py:2644} INFO - Exporting env vars: AIRFLOW_CTX_DAG_OWNER='***' AIRFLOW_CTX_DAG_ID='extract_and_load_equipment' AIRFLOW_CTX_TASK_ID='extract_task' AIRFLOW_CTX_EXECUTION_DATE='2024-04-14T20:44:47.240650+00:00' AIRFLOW_CTX_TRY_NUMBER='1' AIRFLOW_CTX_DAG_RUN_ID='manual__2024-04-14T20:44:47.240650+00:00'
[2024-04-14T20:44:49.342+0000] {taskinstance.py:430} INFO - ::endgroup::
[2024-04-14T20:44:49.343+0000] {logging_mixin.py:188} INFO - /opt/***/dados/equipment.json
[2024-04-14T20:44:49.363+0000] {logging_mixin.py:188} INFO - Using URI string without sqlalchemy installed.
[2024-04-14T20:44:49.364+0000] {logging_mixin.py:188} INFO - Um total de 14 registros foram carregados na tabela equipment_teste_***
[2024-04-14T20:44:49.365+0000] {python.py:237} INFO - Done. Returned value was: None
[2024-04-14T20:44:49.367+0000] {taskinstance.py:441} INFO - ::group::Post task execution logs
[2024-04-14T20:44:49.377+0000] {taskinstance.py:1205} INFO - Marking task as SUCCESS. dag_id=extract_and_load_equipment, task_id=extract_task, execution_date=20240414T204447, start_date=20240414T204449, end_date=20240414T204449
[2024-04-14T20:44:49.406+0000] {local_task_job_runner.py:240} INFO - Task exited with return code 0
[2024-04-14T20:44:49.419+0000] {taskinstance.py:3482} INFO - 0 downstream tasks scheduled from follow-on schedule check
[2024-04-14T20:44:49.422+0000] {local_task_job_runner.py:222} INFO - ::endgroup::
