[2024-04-15T00:08:33.658+0000] {local_task_job_runner.py:120} INFO - ::group::Pre task execution logs
[2024-04-15T00:08:33.687+0000] {taskinstance.py:2073} INFO - Dependencies all met for dep_context=non-requeueable deps ti=<TaskInstance: extract_and_load_equipment_sensors.load_to_mysql scheduled__2022-11-30T00:00:00+00:00 [queued]>
[2024-04-15T00:08:33.700+0000] {taskinstance.py:2073} INFO - Dependencies all met for dep_context=requeueable deps ti=<TaskInstance: extract_and_load_equipment_sensors.load_to_mysql scheduled__2022-11-30T00:00:00+00:00 [queued]>
[2024-04-15T00:08:33.701+0000] {taskinstance.py:2303} INFO - Starting attempt 1 of 1
[2024-04-15T00:08:33.796+0000] {taskinstance.py:2327} INFO - Executing <Task(PythonOperator): load_to_mysql> on 2022-11-30 00:00:00+00:00
[2024-04-15T00:08:33.809+0000] {warnings.py:110} WARNING - /home/***/.local/lib/python3.12/site-packages/***/task/task_runner/standard_task_runner.py:61: DeprecationWarning: This process (pid=2869) is multi-threaded, use of fork() may lead to deadlocks in the child.
  pid = os.fork()

[2024-04-15T00:08:33.812+0000] {standard_task_runner.py:63} INFO - Started process 2909 to run task
[2024-04-15T00:08:33.813+0000] {standard_task_runner.py:90} INFO - Running: ['***', 'tasks', 'run', 'extract_and_load_equipment_sensors', 'load_to_mysql', 'scheduled__2022-11-30T00:00:00+00:00', '--job-id', '909', '--raw', '--subdir', 'DAGS_FOLDER/dag_equipment_sensors.py', '--cfg-path', '/tmp/tmpjj5_mduw']
[2024-04-15T00:08:33.814+0000] {standard_task_runner.py:91} INFO - Job 909: Subtask load_to_mysql
[2024-04-15T00:08:33.878+0000] {task_command.py:426} INFO - Running <TaskInstance: extract_and_load_equipment_sensors.load_to_mysql scheduled__2022-11-30T00:00:00+00:00 [running]> on host cb5b33b73a08
[2024-04-15T00:08:34.026+0000] {taskinstance.py:2644} INFO - Exporting env vars: AIRFLOW_CTX_DAG_OWNER='***' AIRFLOW_CTX_DAG_ID='extract_and_load_equipment_sensors' AIRFLOW_CTX_TASK_ID='load_to_mysql' AIRFLOW_CTX_EXECUTION_DATE='2022-11-30T00:00:00+00:00' AIRFLOW_CTX_TRY_NUMBER='1' AIRFLOW_CTX_DAG_RUN_ID='scheduled__2022-11-30T00:00:00+00:00'
[2024-04-15T00:08:34.028+0000] {taskinstance.py:430} INFO - ::endgroup::
[2024-04-15T00:08:34.054+0000] {warnings.py:110} WARNING - /opt/***/dags/classes/load.py:31: UserWarning: pandas only supports SQLAlchemy connectable (engine/connection) or database string URI or sqlite3 DBAPI2 connection. Other DBAPI2 objects are not tested. Please consider using SQLAlchemy.
  df.to_sql(table_name, con=self.engine, schema=schema, if_exists='append', index=False)

[2024-04-15T00:08:34.056+0000] {logging_mixin.py:188} INFO - Erro ao inserir DataFrame na tabela equipment_sensors: 'Engine' object has no attribute 'cursor'
[2024-04-15T00:08:34.057+0000] {python.py:237} INFO - Done. Returned value was: None
[2024-04-15T00:08:34.060+0000] {taskinstance.py:441} INFO - ::group::Post task execution logs
[2024-04-15T00:08:34.072+0000] {taskinstance.py:1205} INFO - Marking task as SUCCESS. dag_id=extract_and_load_equipment_sensors, task_id=load_to_mysql, execution_date=20221130T000000, start_date=20240415T000833, end_date=20240415T000834
[2024-04-15T00:08:34.108+0000] {local_task_job_runner.py:240} INFO - Task exited with return code 0
[2024-04-15T00:08:34.127+0000] {taskinstance.py:3482} INFO - 0 downstream tasks scheduled from follow-on schedule check
[2024-04-15T00:08:34.132+0000] {local_task_job_runner.py:222} INFO - ::endgroup::
