[2024-04-15T00:07:40.084+0000] {local_task_job_runner.py:120} INFO - ::group::Pre task execution logs
[2024-04-15T00:07:40.129+0000] {taskinstance.py:2073} INFO - Dependencies all met for dep_context=non-requeueable deps ti=<TaskInstance: extract_and_load_equipment_sensors.load_to_mysql scheduled__2022-10-04T00:00:00+00:00 [queued]>
[2024-04-15T00:07:40.153+0000] {taskinstance.py:2073} INFO - Dependencies all met for dep_context=requeueable deps ti=<TaskInstance: extract_and_load_equipment_sensors.load_to_mysql scheduled__2022-10-04T00:00:00+00:00 [queued]>
[2024-04-15T00:07:40.160+0000] {taskinstance.py:2303} INFO - Starting attempt 1 of 1
[2024-04-15T00:07:40.192+0000] {taskinstance.py:2327} INFO - Executing <Task(PythonOperator): load_to_mysql> on 2022-10-04 00:00:00+00:00
[2024-04-15T00:07:40.212+0000] {warnings.py:110} WARNING - /home/***/.local/lib/python3.12/site-packages/***/task/task_runner/standard_task_runner.py:61: DeprecationWarning: This process (pid=2296) is multi-threaded, use of fork() may lead to deadlocks in the child.
  pid = os.fork()

[2024-04-15T00:07:40.214+0000] {standard_task_runner.py:63} INFO - Started process 2339 to run task
[2024-04-15T00:07:40.214+0000] {standard_task_runner.py:90} INFO - Running: ['***', 'tasks', 'run', 'extract_and_load_equipment_sensors', 'load_to_mysql', 'scheduled__2022-10-04T00:00:00+00:00', '--job-id', '748', '--raw', '--subdir', 'DAGS_FOLDER/dag_equipment_sensors.py', '--cfg-path', '/tmp/tmpyy8hgc3w']
[2024-04-15T00:07:40.216+0000] {standard_task_runner.py:91} INFO - Job 748: Subtask load_to_mysql
[2024-04-15T00:07:40.303+0000] {task_command.py:426} INFO - Running <TaskInstance: extract_and_load_equipment_sensors.load_to_mysql scheduled__2022-10-04T00:00:00+00:00 [running]> on host cb5b33b73a08
[2024-04-15T00:07:40.473+0000] {taskinstance.py:2644} INFO - Exporting env vars: AIRFLOW_CTX_DAG_OWNER='***' AIRFLOW_CTX_DAG_ID='extract_and_load_equipment_sensors' AIRFLOW_CTX_TASK_ID='load_to_mysql' AIRFLOW_CTX_EXECUTION_DATE='2022-10-04T00:00:00+00:00' AIRFLOW_CTX_TRY_NUMBER='1' AIRFLOW_CTX_DAG_RUN_ID='scheduled__2022-10-04T00:00:00+00:00'
[2024-04-15T00:07:40.479+0000] {taskinstance.py:430} INFO - ::endgroup::
[2024-04-15T00:07:40.514+0000] {warnings.py:110} WARNING - /opt/***/dags/classes/load.py:31: UserWarning: pandas only supports SQLAlchemy connectable (engine/connection) or database string URI or sqlite3 DBAPI2 connection. Other DBAPI2 objects are not tested. Please consider using SQLAlchemy.
  df.to_sql(table_name, con=self.engine, schema=schema, if_exists='append', index=False)

[2024-04-15T00:07:40.522+0000] {logging_mixin.py:188} INFO - Erro ao inserir DataFrame na tabela equipment_sensors: 'Engine' object has no attribute 'cursor'
[2024-04-15T00:07:40.525+0000] {python.py:237} INFO - Done. Returned value was: None
[2024-04-15T00:07:40.529+0000] {taskinstance.py:441} INFO - ::group::Post task execution logs
[2024-04-15T00:07:40.551+0000] {taskinstance.py:1205} INFO - Marking task as SUCCESS. dag_id=extract_and_load_equipment_sensors, task_id=load_to_mysql, execution_date=20221004T000000, start_date=20240415T000740, end_date=20240415T000740
[2024-04-15T00:07:40.633+0000] {local_task_job_runner.py:240} INFO - Task exited with return code 0
[2024-04-15T00:07:40.857+0000] {taskinstance.py:3482} INFO - 0 downstream tasks scheduled from follow-on schedule check
[2024-04-15T00:07:40.873+0000] {local_task_job_runner.py:222} INFO - ::endgroup::
