[2024-04-15T00:16:49.793+0000] {local_task_job_runner.py:120} INFO - ::group::Pre task execution logs
[2024-04-15T00:16:49.825+0000] {taskinstance.py:2073} INFO - Dependencies all met for dep_context=non-requeueable deps ti=<TaskInstance: extract_and_load_equipment_sensors.extract_data scheduled__2024-03-30T00:00:00+00:00 [queued]>
[2024-04-15T00:16:49.839+0000] {taskinstance.py:2073} INFO - Dependencies all met for dep_context=requeueable deps ti=<TaskInstance: extract_and_load_equipment_sensors.extract_data scheduled__2024-03-30T00:00:00+00:00 [queued]>
[2024-04-15T00:16:49.840+0000] {taskinstance.py:2303} INFO - Starting attempt 1 of 1
[2024-04-15T00:16:49.863+0000] {taskinstance.py:2327} INFO - Executing <Task(PythonOperator): extract_data> on 2024-03-30 00:00:00+00:00
[2024-04-15T00:16:49.876+0000] {warnings.py:110} WARNING - /home/***/.local/lib/python3.12/site-packages/***/task/task_runner/standard_task_runner.py:61: DeprecationWarning: This process (pid=7913) is multi-threaded, use of fork() may lead to deadlocks in the child.
  pid = os.fork()

[2024-04-15T00:16:49.878+0000] {standard_task_runner.py:63} INFO - Started process 7930 to run task
[2024-04-15T00:16:49.878+0000] {standard_task_runner.py:90} INFO - Running: ['***', 'tasks', 'run', 'extract_and_load_equipment_sensors', 'extract_data', 'scheduled__2024-03-30T00:00:00+00:00', '--job-id', '2284', '--raw', '--subdir', 'DAGS_FOLDER/dag_equipment_sensors.py', '--cfg-path', '/tmp/tmpey0c3vi5']
[2024-04-15T00:16:49.880+0000] {standard_task_runner.py:91} INFO - Job 2284: Subtask extract_data
[2024-04-15T00:16:49.959+0000] {task_command.py:426} INFO - Running <TaskInstance: extract_and_load_equipment_sensors.extract_data scheduled__2024-03-30T00:00:00+00:00 [running]> on host cb5b33b73a08
[2024-04-15T00:16:50.110+0000] {taskinstance.py:2644} INFO - Exporting env vars: AIRFLOW_CTX_DAG_OWNER='***' AIRFLOW_CTX_DAG_ID='extract_and_load_equipment_sensors' AIRFLOW_CTX_TASK_ID='extract_data' AIRFLOW_CTX_EXECUTION_DATE='2024-03-30T00:00:00+00:00' AIRFLOW_CTX_TRY_NUMBER='1' AIRFLOW_CTX_DAG_RUN_ID='scheduled__2024-03-30T00:00:00+00:00'
[2024-04-15T00:16:50.113+0000] {taskinstance.py:430} INFO - ::endgroup::
[2024-04-15T00:16:50.135+0000] {python.py:237} INFO - Done. Returned value was:                          item
0      equipment_id,sensor_id
1                      1,4275
2                      2,5212
3                      3,7381
4                       4,396
...                       ...
9996                  14,7672
9997                   1,1302
9998                    2,434
9999                   3,5440
10000                  4,3653

[10001 rows x 1 columns]
[2024-04-15T00:16:50.148+0000] {taskinstance.py:441} INFO - ::group::Post task execution logs
[2024-04-15T00:16:50.219+0000] {taskinstance.py:1205} INFO - Marking task as SUCCESS. dag_id=extract_and_load_equipment_sensors, task_id=extract_data, execution_date=20240330T000000, start_date=20240415T001649, end_date=20240415T001650
[2024-04-15T00:16:50.296+0000] {local_task_job_runner.py:240} INFO - Task exited with return code 0
[2024-04-15T00:16:50.337+0000] {taskinstance.py:3482} INFO - 1 downstream tasks scheduled from follow-on schedule check
[2024-04-15T00:16:50.345+0000] {local_task_job_runner.py:222} INFO - ::endgroup::
