[2024-04-14T19:16:48.013+0000] {local_task_job_runner.py:120} INFO - ::group::Pre task execution logs
[2024-04-14T19:16:48.032+0000] {taskinstance.py:2073} INFO - Dependencies all met for dep_context=non-requeueable deps ti=<TaskInstance: get_all_tables_from_db.get_all_tables_task manual__2024-04-14T19:16:46.510654+00:00 [queued]>
[2024-04-14T19:16:48.038+0000] {taskinstance.py:2073} INFO - Dependencies all met for dep_context=requeueable deps ti=<TaskInstance: get_all_tables_from_db.get_all_tables_task manual__2024-04-14T19:16:46.510654+00:00 [queued]>
[2024-04-14T19:16:48.038+0000] {taskinstance.py:2303} INFO - Starting attempt 1 of 1
[2024-04-14T19:16:48.050+0000] {taskinstance.py:2327} INFO - Executing <Task(PythonOperator): get_all_tables_task> on 2024-04-14 19:16:46.510654+00:00
[2024-04-14T19:16:48.058+0000] {warnings.py:110} WARNING - /home/***/.local/lib/python3.12/site-packages/***/task/task_runner/standard_task_runner.py:61: DeprecationWarning: This process (pid=375) is multi-threaded, use of fork() may lead to deadlocks in the child.
  pid = os.fork()

[2024-04-14T19:16:48.059+0000] {standard_task_runner.py:63} INFO - Started process 377 to run task
[2024-04-14T19:16:48.059+0000] {standard_task_runner.py:90} INFO - Running: ['***', 'tasks', 'run', 'get_all_tables_from_db', 'get_all_tables_task', 'manual__2024-04-14T19:16:46.510654+00:00', '--job-id', '10', '--raw', '--subdir', 'DAGS_FOLDER/dag_teste.py', '--cfg-path', '/tmp/tmp_2vphn6b']
[2024-04-14T19:16:48.060+0000] {standard_task_runner.py:91} INFO - Job 10: Subtask get_all_tables_task
[2024-04-14T19:16:48.097+0000] {task_command.py:426} INFO - Running <TaskInstance: get_all_tables_from_db.get_all_tables_task manual__2024-04-14T19:16:46.510654+00:00 [running]> on host 96fabfb48c01
[2024-04-14T19:16:48.171+0000] {taskinstance.py:2644} INFO - Exporting env vars: AIRFLOW_CTX_DAG_OWNER='***' AIRFLOW_CTX_DAG_ID='get_all_tables_from_db' AIRFLOW_CTX_TASK_ID='get_all_tables_task' AIRFLOW_CTX_EXECUTION_DATE='2024-04-14T19:16:46.510654+00:00' AIRFLOW_CTX_TRY_NUMBER='1' AIRFLOW_CTX_DAG_RUN_ID='manual__2024-04-14T19:16:46.510654+00:00'
[2024-04-14T19:16:48.172+0000] {taskinstance.py:430} INFO - ::endgroup::
[2024-04-14T19:16:48.172+0000] {logging_mixin.py:188} INFO - mysql://carlos:teste_2024@127.0.0.1:3306/challenge
[2024-04-14T19:16:48.191+0000] {logging_mixin.py:188} INFO - Tabelas:
[2024-04-14T19:16:48.191+0000] {logging_mixin.py:188} INFO - equipment
[2024-04-14T19:16:48.191+0000] {logging_mixin.py:188} INFO - equipment_failure_sensors
[2024-04-14T19:16:48.192+0000] {logging_mixin.py:188} INFO - equipment_sensors
[2024-04-14T19:16:48.192+0000] {python.py:237} INFO - Done. Returned value was: None
[2024-04-14T19:16:48.192+0000] {taskinstance.py:441} INFO - ::group::Post task execution logs
[2024-04-14T19:16:48.200+0000] {taskinstance.py:1205} INFO - Marking task as SUCCESS. dag_id=get_all_tables_from_db, task_id=get_all_tables_task, execution_date=20240414T191646, start_date=20240414T191648, end_date=20240414T191648
[2024-04-14T19:16:48.233+0000] {local_task_job_runner.py:240} INFO - Task exited with return code 0
[2024-04-14T19:16:48.247+0000] {taskinstance.py:3482} INFO - 0 downstream tasks scheduled from follow-on schedule check
[2024-04-14T19:16:48.251+0000] {local_task_job_runner.py:222} INFO - ::endgroup::
